###############################################################################
#
# IAR ANSI C/C++ Compiler V8.30.1.114/W32 for ARM         31/Aug/2018  16:56:52
# Copyright 1999-2018 IAR Systems AB.
#
#    Cpu mode     =  thumb
#    Endian       =  little
#    Source file  =  
#        C:\Users\xsk19940910\Desktop\flightController-1\flightController-1\program\lib\common\io.c
#    Command line =  
#        -f C:\Users\XSK199~1\AppData\Local\Temp\EW6A8D.tmp
#        (C:\Users\xsk19940910\Desktop\flightController-1\flightController-1\program\lib\common\io.c
#        -D K60 -D USE_K60F15 -D ARM_MATH_CM4 -D __FPU_PRESENT=1 -D
#        __FPU_USED=1 -lCN
#        C:\Users\xsk19940910\Desktop\flightController-1\flightController-1\program\iar\FLASH\List
#        -lB
#        C:\Users\xsk19940910\Desktop\flightController-1\flightController-1\program\iar\FLASH\List
#        -o
#        C:\Users\xsk19940910\Desktop\flightController-1\flightController-1\program\iar\FLASH\Obj
#        --no_cse --no_unroll --no_inline --no_code_motion --no_tbaa
#        --no_clustering --no_scheduling --debug --endian=little
#        --cpu=Cortex-M4 -e --fpu=VFPv4_sp --dlib_config
#        D:\iar\arm\inc\c\DLib_Config_Full.h -I
#        C:\Users\xsk19940910\Desktop\flightController-1\flightController-1\program\iar\..\app\
#        -I
#        C:\Users\xsk19940910\Desktop\flightController-1\flightController-1\program\iar\..\app\Sensor\
#        -I
#        C:\Users\xsk19940910\Desktop\flightController-1\flightController-1\program\iar\..\lib\CPU\
#        -I
#        C:\Users\xsk19940910\Desktop\flightController-1\flightController-1\program\iar\..\lib\common\
#        -I
#        C:\Users\xsk19940910\Desktop\flightController-1\flightController-1\program\iar\..\lib\LPLD\
#        -I
#        C:\Users\xsk19940910\Desktop\flightController-1\flightController-1\program\iar\..\lib\LPLD\HW\
#        -I
#        C:\Users\xsk19940910\Desktop\flightController-1\flightController-1\program\iar\..\lib\LPLD\DEV\
#        -I
#        C:\Users\xsk19940910\Desktop\flightController-1\flightController-1\program\iar\..\lib\LPLD\FUNC\
#        -I
#        C:\Users\xsk19940910\Desktop\flightController-1\flightController-1\program\iar\..\lib\uCOS-II\Ports\
#        -I
#        C:\Users\xsk19940910\Desktop\flightController-1\flightController-1\program\iar\..\lib\uCOS-II\Source\
#        -I
#        C:\Users\xsk19940910\Desktop\flightController-1\flightController-1\program\iar\..\lib\FatFs\
#        -I
#        C:\Users\xsk19940910\Desktop\flightController-1\flightController-1\program\iar\..\lib\FatFs\option\
#        -I
#        C:\Users\xsk19940910\Desktop\flightController-1\flightController-1\program\iar\..\lib\USB\common\
#        -I
#        C:\Users\xsk19940910\Desktop\flightController-1\flightController-1\program\iar\..\lib\USB\driver\
#        -I
#        C:\Users\xsk19940910\Desktop\flightController-1\flightController-1\program\iar\..\lib\USB\descriptor\
#        -I
#        C:\Users\xsk19940910\Desktop\flightController-1\flightController-1\program\iar\..\lib\USB\class\
#        -On --c++ -I D:\iar\arm\CMSIS\Core\Include\ -I
#        D:\iar\arm\CMSIS\DSP\Include\ -D ARM_MATH_CM4)
#    Locale       =  C
#    List file    =  
#        C:\Users\xsk19940910\Desktop\flightController-1\flightController-1\program\iar\FLASH\List\io.lst
#    Object file  =  
#        C:\Users\xsk19940910\Desktop\flightController-1\flightController-1\program\iar\FLASH\Obj\io.o
#
###############################################################################

C:\Users\xsk19940910\Desktop\flightController-1\flightController-1\program\lib\common\io.c
      1          /**
      2           * @file io.c
      3           * @version 3.01[By LPLD]
      4           * @date 2013-11-4
      5           * @brief 串行输入/输出函数
      6           *
      7           * 更改建议:不建议修改
      8           *
      9           * TERMINAL_PORT为串口号，在用户工程的k60_card.h中定义
     10           *
     11           * 版权所有:北京拉普兰德电子技术有限公司
     12           * http://www.lpld.cn
     13           * mail:support@lpld.cn
     14           *
     15           * @par
     16           * 本代码由拉普兰德[LPLD]开发并维护，并向所有使用者开放源代码。
     17           * 开发者可以随意修使用或改源代码。但本段及以上注释应予以保留。
     18           * 不得更改或删除原版权所有者姓名，二次开发者可以加注二次版权所有者。
     19           * 但应在遵守此协议的基础上，开放源代码、不得出售代码本身。
     20           * 拉普兰德不负责由于使用本代码所带来的任何事故、法律责任或相关不良影响。
     21           * 拉普兰德无义务解释、说明本代码的具体原理、功能、实现方法。
     22           * 除非拉普兰德[LPLD]授权，开发者不得将本代码用于商业产品。
     23           */
     24          
     25          #include "common.h"
     26          #include "UART.h"
     27          
     28          /********************************************************************/

   \                                 In section .text, align 2, keep-with-next
     29          char in_char (void)
     30          {
   \                     in_char: (+1)
   \        0x0   0xB580             PUSH     {R7,LR}
     31          	return UART_GetChar(TERM_PORT);
   \        0x2   0x....             LDR.N    R0,??DataTable2  ;; 0x400ea000
   \        0x4   0x.... 0x....      BL       UART_GetChar
   \        0x8   0xB2C0             UXTB     R0,R0            ;; ZeroExt  R0,R0,#+24,#+24
   \                     ??in_char_0: (+1)
   \        0xA   0xBD02             POP      {R1,PC}          ;; return
     32          }
     33          /********************************************************************/

   \                                 In section .text, align 2, keep-with-next
     34          void out_char (char ch)
     35          {
   \                     out_char: (+1)
   \        0x0   0xB510             PUSH     {R4,LR}
   \        0x2   0x0004             MOVS     R4,R0
     36          	UART_PutChar(TERM_PORT, ch);
   \        0x4   0x0021             MOVS     R1,R4
   \        0x6   0xB2C9             UXTB     R1,R1            ;; ZeroExt  R1,R1,#+24,#+24
   \        0x8   0x....             LDR.N    R0,??DataTable2  ;; 0x400ea000
   \        0xA   0x.... 0x....      BL       UART_PutChar
     37          }
   \                     ??out_char_0: (+1)
   \        0xE   0xBD10             POP      {R4,PC}          ;; return
     38          /********************************************************************/

   \                                 In section .text, align 2, keep-with-next
     39          int32 char_present (void)
     40          {
   \                     char_present: (+1)
   \        0x0   0xB580             PUSH     {R7,LR}
     41          	return UART_GetChar_Present(TERM_PORT);
   \        0x2   0x....             LDR.N    R0,??DataTable2  ;; 0x400ea000
   \        0x4   0x.... 0x....      BL       UART_GetChar_Present
   \                     ??char_present_0: (+1)
   \        0x8   0xBD02             POP      {R1,PC}          ;; return
     42          }

   \                                 In section .text, align 4, keep-with-next
   \                     ??DataTable2:
   \        0x0   0x400E'A000        DC32     0x400ea000
     43          /********************************************************************/

   Maximum stack usage in bytes:

   .cstack Function
   ------- --------
       8   char_present
         8   -> UART_GetChar_Present
       8   in_char
         8   -> UART_GetChar
       8   out_char
         8   -> UART_PutChar


   Section sizes:

   Bytes  Function/Label
   -----  --------------
       4  ??DataTable2
      10  char_present
      12  in_char
      16  out_char
      24  -- Other

 
 24 bytes in section .ARM.exidx
 42 bytes in section .text
 
 42 bytes of CODE  memory
 24 bytes of CONST memory

Errors: none
Warnings: none
