###############################################################################
#
# IAR ANSI C/C++ Compiler V8.11.2.13589/W32 for ARM       18/Jun/2018  19:47:53
# Copyright 1999-2017 IAR Systems AB.
#
#    Cpu mode     =  thumb
#    Endian       =  little
#    Source file  =  
#        C:\Users\xsk19940910\Desktop\flightController-1\flightController-1\program\app\control.c
#    Command line =  
#        -f C:\Users\XSK199~1\AppData\Local\Temp\EWC23.tmp
#        (C:\Users\xsk19940910\Desktop\flightController-1\flightController-1\program\app\control.c
#        -D K60 -D USE_K60F15 -D ARM_MATH_CM4 -D __FPU_PRESENT=1 -D
#        __FPU_USED=1 -lCN
#        C:\Users\xsk19940910\Desktop\flightController-1\flightController-1\program\iar\RAM\List
#        -lB
#        C:\Users\xsk19940910\Desktop\flightController-1\flightController-1\program\iar\RAM\List
#        -o
#        C:\Users\xsk19940910\Desktop\flightController-1\flightController-1\program\iar\RAM\Obj
#        --no_cse --no_unroll --no_inline --no_code_motion --no_tbaa
#        --no_clustering --no_scheduling --debug --endian=little
#        --cpu=Cortex-M4 -e --fpu=VFPv4_sp --dlib_config
#        D:\iar\arm\INC\c\DLib_Config_Normal.h -I
#        C:\Users\xsk19940910\Desktop\flightController-1\flightController-1\program\iar\..\app\
#        -I
#        C:\Users\xsk19940910\Desktop\flightController-1\flightController-1\program\iar\..\app\Sensor\
#        -I
#        C:\Users\xsk19940910\Desktop\flightController-1\flightController-1\program\iar\..\lib\CPU\
#        -I
#        C:\Users\xsk19940910\Desktop\flightController-1\flightController-1\program\iar\..\lib\common\
#        -I
#        C:\Users\xsk19940910\Desktop\flightController-1\flightController-1\program\iar\..\lib\LPLD\
#        -I
#        C:\Users\xsk19940910\Desktop\flightController-1\flightController-1\program\iar\..\lib\LPLD\HW\
#        -I
#        C:\Users\xsk19940910\Desktop\flightController-1\flightController-1\program\iar\..\lib\LPLD\DEV\
#        -I
#        C:\Users\xsk19940910\Desktop\flightController-1\flightController-1\program\iar\..\lib\LPLD\FUNC\
#        -I
#        C:\Users\xsk19940910\Desktop\flightController-1\flightController-1\program\iar\..\lib\uCOS-II\Ports\
#        -I
#        C:\Users\xsk19940910\Desktop\flightController-1\flightController-1\program\iar\..\lib\uCOS-II\Source\
#        -I
#        C:\Users\xsk19940910\Desktop\flightController-1\flightController-1\program\iar\..\lib\FatFs\
#        -I
#        C:\Users\xsk19940910\Desktop\flightController-1\flightController-1\program\iar\..\lib\FatFs\option\
#        -I
#        C:\Users\xsk19940910\Desktop\flightController-1\flightController-1\program\iar\..\lib\USB\common\
#        -I
#        C:\Users\xsk19940910\Desktop\flightController-1\flightController-1\program\iar\..\lib\USB\driver\
#        -I
#        C:\Users\xsk19940910\Desktop\flightController-1\flightController-1\program\iar\..\lib\USB\descriptor\
#        -I
#        C:\Users\xsk19940910\Desktop\flightController-1\flightController-1\program\iar\..\lib\USB\class\
#        -On --c++ -I D:\iar\arm\CMSIS\Include\ -D ARM_MATH_CM4)
#    Locale       =  C
#    List file    =  
#        C:\Users\xsk19940910\Desktop\flightController-1\flightController-1\program\iar\RAM\List\control.lst
#    Object file  =  
#        C:\Users\xsk19940910\Desktop\flightController-1\flightController-1\program\iar\RAM\Obj\control.o
#
###############################################################################

C:\Users\xsk19940910\Desktop\flightController-1\flightController-1\program\app\control.c
      1          #include "control.h"
      2          
      3          

   \                                 In section .text, align 4, keep-with-next
      4          void control_position()
      5          {
   \                     _Z16control_positionv: (+1)
   \   00000000   0xB580             PUSH     {R7,LR}
      6            command->position.z = dis_set_hight;
   \   00000002   0x.... 0x....      LDR.W    R0,??DataTable4
   \   00000006   0xED90 0x0A00      VLDR     S0,[R0, #0]
   \   0000000A   0x.... 0x....      LDR.W    R0,??DataTable4_1
   \   0000000E   0x6800             LDR      R0,[R0, #+0]
   \   00000010   0x3038             ADDS     R0,R0,#+56
   \   00000012   0x.... 0x....      BL       _ZN17CoordinateElementaSEf
      7            command->position.z.calculateD(t);
   \   00000016   0x.... 0x....      LDR.W    R0,??DataTable4_2
   \   0000001A   0x6801             LDR      R1,[R0, #+0]
   \   0000001C   0x.... 0x....      LDR.W    R0,??DataTable4_1
   \   00000020   0x6800             LDR      R0,[R0, #+0]
   \   00000022   0x3038             ADDS     R0,R0,#+56
   \   00000024   0x.... 0x....      BL       _ZN17CoordinateElement10calculateDEi
      8            
      9            positionZ.referance = command->position.z;
   \   00000028   0x.... 0x....      LDR.W    R0,??DataTable4_1
   \   0000002C   0x6800             LDR      R0,[R0, #+0]
   \   0000002E   0x3038             ADDS     R0,R0,#+56
   \   00000030   0x.... 0x....      BL       _ZN17CoordinateElementcvfEv
   \   00000034   0x.... 0x....      LDR.W    R0,??DataTable4_3
   \   00000038   0xED80 0x0A00      VSTR     S0,[R0, #0]
     10            positionX.referance = command->position.x;
   \   0000003C   0x.... 0x....      LDR.W    R0,??DataTable4_1
   \   00000040   0x6800             LDR      R0,[R0, #+0]
   \   00000042   0x.... 0x....      BL       _ZN17CoordinateElementcvfEv
   \   00000046   0x.... 0x....      LDR.W    R0,??DataTable4_4
   \   0000004A   0xED80 0x0A00      VSTR     S0,[R0, #0]
     11            positionY.referance = command->position.y;
   \   0000004E   0x.... 0x....      LDR.W    R0,??DataTable4_1
   \   00000052   0x6800             LDR      R0,[R0, #+0]
   \   00000054   0x301C             ADDS     R0,R0,#+28
   \   00000056   0x.... 0x....      BL       _ZN17CoordinateElementcvfEv
   \   0000005A   0x.... 0x....      LDR.W    R0,??DataTable4_5
   \   0000005E   0xED80 0x0A00      VSTR     S0,[R0, #0]
     12            
     13            positionZ.P = positionZ.referance - EKF_AHRS->fusion.position.z; //Ultrasound->dis LidarLite->position.z
   \   00000062   0x.... 0x....      LDR.W    R0,??DataTable4_6
   \   00000066   0x6800             LDR      R0,[R0, #+0]
   \   00000068   0x30DC             ADDS     R0,R0,#+220
   \   0000006A   0x.... 0x....      BL       _ZN17CoordinateElementcvfEv
   \   0000006E   0x.... 0x....      LDR.W    R0,??DataTable4_3
   \   00000072   0xEDD0 0x0A00      VLDR     S1,[R0, #0]
   \   00000076   0xEE30 0x0AC0      VSUB.F32 S0,S1,S0
   \   0000007A   0x.... 0x....      LDR.W    R0,??DataTable4_3
   \   0000007E   0xED80 0x0A10      VSTR     S0,[R0, #+64]
     14          #if SENSOR_NVIDIATX1 == SENSOR_USED
     15            positionX.P = positionX.referance - NvidiaTX1->position.x;
     16            positionY.P = positionY.referance - NvidiaTX1->position.y;
     17            positionX.feedback = -NvidiaTX1->position.x;
     18            positionY.feedback = -NvidiaTX1->position.y;
     19            positionX.D = -NvidiaTX1->vel.x;
     20            positionY.D = -NvidiaTX1->vel.y;
     21          #else
     22            positionX.P = positionX.referance - EKF_AHRS->fusion.position.x;
   \   00000082   0x.... 0x....      LDR.W    R0,??DataTable4_6
   \   00000086   0x6800             LDR      R0,[R0, #+0]
   \   00000088   0x30A4             ADDS     R0,R0,#+164
   \   0000008A   0x.... 0x....      BL       _ZN17CoordinateElementcvfEv
   \   0000008E   0x.... 0x....      LDR.W    R0,??DataTable4_4
   \   00000092   0xEDD0 0x0A00      VLDR     S1,[R0, #0]
   \   00000096   0xEE30 0x0AC0      VSUB.F32 S0,S1,S0
   \   0000009A   0x.... 0x....      LDR.W    R0,??DataTable4_4
   \   0000009E   0xED80 0x0A10      VSTR     S0,[R0, #+64]
     23            positionY.P = positionY.referance - EKF_AHRS->fusion.position.y;
   \   000000A2   0x.... 0x....      LDR.W    R0,??DataTable4_6
   \   000000A6   0x6800             LDR      R0,[R0, #+0]
   \   000000A8   0x30C0             ADDS     R0,R0,#+192
   \   000000AA   0x.... 0x....      BL       _ZN17CoordinateElementcvfEv
   \   000000AE   0x.... 0x....      LDR.W    R0,??DataTable4_5
   \   000000B2   0xEDD0 0x0A00      VLDR     S1,[R0, #0]
   \   000000B6   0xEE30 0x0AC0      VSUB.F32 S0,S1,S0
   \   000000BA   0x.... 0x....      LDR.W    R0,??DataTable4_5
   \   000000BE   0xED80 0x0A10      VSTR     S0,[R0, #+64]
     24            positionX.feedback = -EKF_AHRS->fusion.position.x;
   \   000000C2   0x.... 0x....      LDR.W    R0,??DataTable4_6
   \   000000C6   0x6800             LDR      R0,[R0, #+0]
   \   000000C8   0x30A4             ADDS     R0,R0,#+164
   \   000000CA   0x.... 0x....      BL       _ZN17CoordinateElementcvfEv
   \   000000CE   0x.... 0x....      LDR.W    R0,??DataTable4_4
   \   000000D2   0xEEB1 0x0A40      VNEG.F32 S0,S0
   \   000000D6   0xED80 0x0A01      VSTR     S0,[R0, #+4]
     25            positionY.feedback = -EKF_AHRS->fusion.position.y;
   \   000000DA   0x.... 0x....      LDR.W    R0,??DataTable4_6
   \   000000DE   0x6800             LDR      R0,[R0, #+0]
   \   000000E0   0x30C0             ADDS     R0,R0,#+192
   \   000000E2   0x.... 0x....      BL       _ZN17CoordinateElementcvfEv
   \   000000E6   0x.... 0x....      LDR.W    R0,??DataTable4_5
   \   000000EA   0xEEB1 0x0A40      VNEG.F32 S0,S0
   \   000000EE   0xED80 0x0A01      VSTR     S0,[R0, #+4]
     26            positionX.D = -EKF_AHRS->fusion.vel.x;
   \   000000F2   0x.... 0x....      LDR.W    R0,??DataTable4_6
   \   000000F6   0x6800             LDR      R0,[R0, #+0]
   \   000000F8   0x3050             ADDS     R0,R0,#+80
   \   000000FA   0x.... 0x....      BL       _ZN17CoordinateElementcvfEv
   \   000000FE   0x.... 0x....      LDR.W    R0,??DataTable4_4
   \   00000102   0xEEB1 0x0A40      VNEG.F32 S0,S0
   \   00000106   0xED80 0x0A12      VSTR     S0,[R0, #+72]
     27            positionY.D = -EKF_AHRS->fusion.vel.y;
   \   0000010A   0x.... 0x....      LDR.W    R0,??DataTable4_6
   \   0000010E   0x6800             LDR      R0,[R0, #+0]
   \   00000110   0x306C             ADDS     R0,R0,#+108
   \   00000112   0x.... 0x....      BL       _ZN17CoordinateElementcvfEv
   \   00000116   0x.... 0x....      LDR.W    R0,??DataTable4_5
   \   0000011A   0xEEB1 0x0A40      VNEG.F32 S0,S0
   \   0000011E   0xED80 0x0A12      VSTR     S0,[R0, #+72]
     28          #endif
     29            positionZ.feedback = -EKF_AHRS->fusion.position.z; //Ultrasound->dis
   \   00000122   0x.... 0x....      LDR.W    R0,??DataTable4_6
   \   00000126   0x6800             LDR      R0,[R0, #+0]
   \   00000128   0x30DC             ADDS     R0,R0,#+220
   \   0000012A   0x.... 0x....      BL       _ZN17CoordinateElementcvfEv
   \   0000012E   0x.... 0x....      LDR.W    R0,??DataTable4_3
   \   00000132   0xEEB1 0x0A40      VNEG.F32 S0,S0
   \   00000136   0xED80 0x0A01      VSTR     S0,[R0, #+4]
     30            positionZ.D = command->position.z.D * 1 - EKF_AHRS->fusion.vel.z; //Ultrasound->vel_CF LidarLite->vel_z_CF
   \   0000013A   0x.... 0x....      LDR.W    R0,??DataTable4_6
   \   0000013E   0x6800             LDR      R0,[R0, #+0]
   \   00000140   0x3088             ADDS     R0,R0,#+136
   \   00000142   0x.... 0x....      BL       _ZN17CoordinateElementcvfEv
   \   00000146   0x.... 0x....      LDR.W    R0,??DataTable4_1
   \   0000014A   0x6800             LDR      R0,[R0, #+0]
   \   0000014C   0xEDD0 0x0A11      VLDR     S1,[R0, #+68]
   \   00000150   0xEEB7 0x1A00      VMOV.F32 S2,#1.0
   \   00000154   0xEE60 0x0A81      VMUL.F32 S1,S1,S2
   \   00000158   0xEE30 0x0AC0      VSUB.F32 S0,S1,S0
   \   0000015C   0x.... 0x....      LDR.W    R0,??DataTable4_3
   \   00000160   0xED80 0x0A12      VSTR     S0,[R0, #+72]
     31            //calculateD_full(&positionZ);
     32            
     33            calculateI(&positionZ);
   \   00000164   0x.... 0x....      LDR.W    R0,??DataTable4_3
   \   00000168   0x.... 0x....      BL       _Z10calculateIP14PID_Controller
     34            calculateI(&positionX);
   \   0000016C   0x.... 0x....      LDR.W    R0,??DataTable4_4
   \   00000170   0x.... 0x....      BL       _Z10calculateIP14PID_Controller
     35            calculateI(&positionY);
   \   00000174   0x.... 0x....      LDR.W    R0,??DataTable4_5
   \   00000178   0x.... 0x....      BL       _Z10calculateIP14PID_Controller
     36            
     37            useConstantKpKiKd(&positionZ);
   \   0000017C   0x.... 0x....      LDR.W    R0,??DataTable4_3
   \   00000180   0x.... 0x....      BL       _Z17useConstantKpKiKdP14PID_Controller
     38            useConstantKpKiKd(&positionX);
   \   00000184   0x.... 0x....      LDR.W    R0,??DataTable4_4
   \   00000188   0x.... 0x....      BL       _Z17useConstantKpKiKdP14PID_Controller
     39            useConstantKpKiKd(&positionY);
   \   0000018C   0x.... 0x....      LDR.W    R0,??DataTable4_5
   \   00000190   0x.... 0x....      BL       _Z17useConstantKpKiKdP14PID_Controller
     40            
     41            PID_controler(&positionZ);
   \   00000194   0x.... 0x....      LDR.W    R0,??DataTable4_3
   \   00000198   0x.... 0x....      BL       _Z13PID_controlerP14PID_Controller
     42            PID_controler(&positionX);
   \   0000019C   0x.... 0x....      LDR.W    R0,??DataTable4_4
   \   000001A0   0x.... 0x....      BL       _Z13PID_controlerP14PID_Controller
     43            PID_controler(&positionY);
   \   000001A4   0x.... 0x....      LDR.W    R0,??DataTable4_5
   \   000001A8   0x.... 0x....      BL       _Z13PID_controlerP14PID_Controller
     44            
     45          /****************************************************/
     46            positionX_vel.referance = positionX.output;//EVB.Pitch / 500.0f;
   \   000001AC   0x.... 0x....      LDR.W    R0,??DataTable4_4
   \   000001B0   0x6880             LDR      R0,[R0, #+8]
   \   000001B2   0x.... 0x....      LDR.W    R1,??DataTable4_7
   \   000001B6   0x6008             STR      R0,[R1, #+0]
     47            if(positionX_vel.referance > 0.4)
   \   000001B8   0x.... 0x....      LDR.W    R0,??DataTable4_7
   \   000001BC   0xED90 0x0A00      VLDR     S0,[R0, #0]
   \   000001C0   0xEDDF 0x....      VLDR.W   S1,??DataTable0  ;; 0x3ecccccd
   \   000001C4   0xEEB4 0x0A60      VCMP.F32 S0,S1
   \   000001C8   0xEEF1 0xFA10      FMSTAT   
   \   000001CC   0xDB04             BLT.N    ??control_position_0
     48            {
     49              positionX_vel.referance = 0.4;
   \   000001CE   0x.... 0x....      LDR.W    R0,??DataTable4_7
   \   000001D2   0x....             LDR.N    R1,??DataTable0  ;; 0x3ecccccd
   \   000001D4   0x6001             STR      R1,[R0, #+0]
   \   000001D6   0xE00F             B.N      ??control_position_1
     50            }
     51            else if(positionX_vel.referance < -0.4)
   \                     ??control_position_0: (+1)
   \   000001D8   0x.... 0x....      LDR.W    R0,??DataTable4_7
   \   000001DC   0xED90 0x0A00      VLDR     S0,[R0, #0]
   \   000001E0   0xEDDF 0x....      VLDR.W   S1,??DataTable0_1  ;; 0xbecccccc
   \   000001E4   0xEEB4 0x0A60      VCMP.F32 S0,S1
   \   000001E8   0xEEF1 0xFA10      FMSTAT   
   \   000001EC   0xD504             BPL.N    ??control_position_1
     52            {
     53              positionX_vel.referance = -0.4;
   \   000001EE   0x.... 0x....      LDR.W    R0,??DataTable4_7
   \   000001F2   0x.... 0x....      LDR.W    R1,??DataTable4_8  ;; 0xbecccccd
   \   000001F6   0x6001             STR      R1,[R0, #+0]
     54            }
     55            positionX_vel.P = positionX_vel.referance - EKF_AHRS->fusion.vel.x;
   \                     ??control_position_1: (+1)
   \   000001F8   0x.... 0x....      LDR.W    R0,??DataTable4_6
   \   000001FC   0x6800             LDR      R0,[R0, #+0]
   \   000001FE   0x3050             ADDS     R0,R0,#+80
   \   00000200   0x.... 0x....      BL       _ZN17CoordinateElementcvfEv
   \   00000204   0x.... 0x....      LDR.W    R0,??DataTable4_7
   \   00000208   0xEDD0 0x0A00      VLDR     S1,[R0, #0]
   \   0000020C   0xEE30 0x0AC0      VSUB.F32 S0,S1,S0
   \   00000210   0x.... 0x....      LDR.W    R0,??DataTable4_7
   \   00000214   0xED80 0x0A10      VSTR     S0,[R0, #+64]
     56            positionX_vel.feedback = -EKF_AHRS->fusion.vel.x;
   \   00000218   0x.... 0x....      LDR.W    R0,??DataTable4_6
   \   0000021C   0x6800             LDR      R0,[R0, #+0]
   \   0000021E   0x3050             ADDS     R0,R0,#+80
   \   00000220   0x.... 0x....      BL       _ZN17CoordinateElementcvfEv
   \   00000224   0x.... 0x....      LDR.W    R0,??DataTable4_7
   \   00000228   0xEEB1 0x0A40      VNEG.F32 S0,S0
   \   0000022C   0xED80 0x0A01      VSTR     S0,[R0, #+4]
     57            positionX_vel.D = -EKF_AHRS->fusion.vel.x.D;//-IMU_acc_E.x;
   \   00000230   0x.... 0x....      LDR.W    R0,??DataTable4_6
   \   00000234   0x6800             LDR      R0,[R0, #+0]
   \   00000236   0xED90 0x0A17      VLDR     S0,[R0, #+92]
   \   0000023A   0xEEB1 0x0A40      VNEG.F32 S0,S0
   \   0000023E   0x.... 0x....      LDR.W    R0,??DataTable4_7
   \   00000242   0xED80 0x0A12      VSTR     S0,[R0, #+72]
     58            calculateI(&positionX_vel);
   \   00000246   0x.... 0x....      LDR.W    R0,??DataTable4_7
   \   0000024A   0x.... 0x....      BL       _Z10calculateIP14PID_Controller
     59            useConstantKpKiKd(&positionX_vel);
   \   0000024E   0x.... 0x....      LDR.W    R0,??DataTable4_7
   \   00000252   0x.... 0x....      BL       _Z17useConstantKpKiKdP14PID_Controller
     60            PID_controler(&positionX_vel);
   \   00000256   0x.... 0x....      LDR.W    R0,??DataTable4_7
   \   0000025A   0x.... 0x....      BL       _Z13PID_controlerP14PID_Controller
     61            
     62            positionY_vel.referance = positionY.output; //EVB.Roll / 500.0f;
   \   0000025E   0x.... 0x....      LDR.W    R0,??DataTable4_5
   \   00000262   0x6880             LDR      R0,[R0, #+8]
   \   00000264   0x.... 0x....      LDR.W    R1,??DataTable4_9
   \   00000268   0x6008             STR      R0,[R1, #+0]
     63            if(positionY_vel.referance > 0.4)
   \   0000026A   0x.... 0x....      LDR.W    R0,??DataTable4_9
   \   0000026E   0xED90 0x0A00      VLDR     S0,[R0, #0]
   \   00000272   0xEDDF 0x....      VLDR.W   S1,??DataTable0  ;; 0x3ecccccd
   \   00000276   0xEEB4 0x0A60      VCMP.F32 S0,S1
   \   0000027A   0xEEF1 0xFA10      FMSTAT   
   \   0000027E   0xDB04             BLT.N    ??control_position_2
     64            {
     65              positionY_vel.referance = 0.4;
   \   00000280   0x.... 0x....      LDR.W    R0,??DataTable4_9
   \   00000284   0x....             LDR.N    R1,??DataTable0  ;; 0x3ecccccd
   \   00000286   0x6001             STR      R1,[R0, #+0]
   \   00000288   0xE00F             B.N      ??control_position_3
     66            }
     67            else if(positionY_vel.referance < -0.4)
   \                     ??control_position_2: (+1)
   \   0000028A   0x.... 0x....      LDR.W    R0,??DataTable4_9
   \   0000028E   0xED90 0x0A00      VLDR     S0,[R0, #0]
   \   00000292   0xEDDF 0x....      VLDR.W   S1,??DataTable0_1  ;; 0xbecccccc
   \   00000296   0xEEB4 0x0A60      VCMP.F32 S0,S1
   \   0000029A   0xEEF1 0xFA10      FMSTAT   
   \   0000029E   0xD504             BPL.N    ??control_position_3
     68            {
     69              positionY_vel.referance = -0.4;
   \   000002A0   0x.... 0x....      LDR.W    R0,??DataTable4_9
   \   000002A4   0x.... 0x....      LDR.W    R1,??DataTable4_8  ;; 0xbecccccd
   \   000002A8   0x6001             STR      R1,[R0, #+0]
     70            }
     71            positionY_vel.P = positionY_vel.referance - EKF_AHRS->fusion.vel.y;
   \                     ??control_position_3: (+1)
   \   000002AA   0x.... 0x....      LDR.W    R0,??DataTable4_6
   \   000002AE   0x6800             LDR      R0,[R0, #+0]
   \   000002B0   0x306C             ADDS     R0,R0,#+108
   \   000002B2   0x.... 0x....      BL       _ZN17CoordinateElementcvfEv
   \   000002B6   0x.... 0x....      LDR.W    R0,??DataTable4_9
   \   000002BA   0xEDD0 0x0A00      VLDR     S1,[R0, #0]
   \   000002BE   0xEE30 0x0AC0      VSUB.F32 S0,S1,S0
   \   000002C2   0x.... 0x....      LDR.W    R0,??DataTable4_9
   \   000002C6   0xED80 0x0A10      VSTR     S0,[R0, #+64]
     72            positionY_vel.feedback = -EKF_AHRS->fusion.vel.y;
   \   000002CA   0x.... 0x....      LDR.W    R0,??DataTable4_6
   \   000002CE   0x6800             LDR      R0,[R0, #+0]
   \   000002D0   0x306C             ADDS     R0,R0,#+108
   \   000002D2   0x.... 0x....      BL       _ZN17CoordinateElementcvfEv
   \   000002D6   0x.... 0x....      LDR.W    R0,??DataTable4_9
   \   000002DA   0xEEB1 0x0A40      VNEG.F32 S0,S0
   \   000002DE   0xED80 0x0A01      VSTR     S0,[R0, #+4]
     73            positionY_vel.D = EKF_AHRS->fusion.vel.y.D;//-IMU_acc_E.y;
   \   000002E2   0x.... 0x....      LDR.W    R0,??DataTable4_9
   \   000002E6   0x.... 0x....      LDR.W    R1,??DataTable4_6
   \   000002EA   0x6809             LDR      R1,[R1, #+0]
   \   000002EC   0x6F89             LDR      R1,[R1, #+120]
   \   000002EE   0x6481             STR      R1,[R0, #+72]
     74            calculateI(&positionY_vel);
   \   000002F0   0x.... 0x....      LDR.W    R0,??DataTable4_9
   \   000002F4   0x.... 0x....      BL       _Z10calculateIP14PID_Controller
     75            useConstantKpKiKd(&positionY_vel);
   \   000002F8   0x.... 0x....      LDR.W    R0,??DataTable4_9
   \   000002FC   0x.... 0x....      BL       _Z17useConstantKpKiKdP14PID_Controller
     76            PID_controler(&positionY_vel);
   \   00000300   0x.... 0x....      LDR.W    R0,??DataTable4_9
   \   00000304   0x.... 0x....      BL       _Z13PID_controlerP14PID_Controller
     77            
     78            positionZ_vel.referance = positionZ.output;
   \   00000308   0x.... 0x....      LDR.W    R0,??DataTable4_3
   \   0000030C   0x6880             LDR      R0,[R0, #+8]
   \   0000030E   0x.... 0x....      LDR.W    R1,??DataTable4_10
   \   00000312   0x6008             STR      R0,[R1, #+0]
     79            positionZ_vel.P = positionZ_vel.referance - EKF_AHRS->fusion.vel.z;
   \   00000314   0x.... 0x....      LDR.W    R0,??DataTable4_6
   \   00000318   0x6800             LDR      R0,[R0, #+0]
   \   0000031A   0x3088             ADDS     R0,R0,#+136
   \   0000031C   0x.... 0x....      BL       _ZN17CoordinateElementcvfEv
   \   00000320   0x.... 0x....      LDR.W    R0,??DataTable4_10
   \   00000324   0xEDD0 0x0A00      VLDR     S1,[R0, #0]
   \   00000328   0xEE30 0x0AC0      VSUB.F32 S0,S1,S0
   \   0000032C   0x.... 0x....      LDR.W    R0,??DataTable4_10
   \   00000330   0xED80 0x0A10      VSTR     S0,[R0, #+64]
     80            positionZ_vel.feedback = -EKF_AHRS->fusion.vel.z;
   \   00000334   0x.... 0x....      LDR.W    R0,??DataTable4_6
   \   00000338   0x6800             LDR      R0,[R0, #+0]
   \   0000033A   0x3088             ADDS     R0,R0,#+136
   \   0000033C   0x.... 0x....      BL       _ZN17CoordinateElementcvfEv
   \   00000340   0x.... 0x....      LDR.W    R0,??DataTable4_10
   \   00000344   0xEEB1 0x0A40      VNEG.F32 S0,S0
   \   00000348   0xED80 0x0A01      VSTR     S0,[R0, #+4]
     81            //positionZ_vel.D = -LidarLite->vel.z.D;//-IMU_acc_E.z;
     82            calculateD_full(&positionZ_vel);
   \   0000034C   0x.... 0x....      LDR.W    R0,??DataTable4_10
   \   00000350   0x.... 0x....      BL       _Z15calculateD_fullP14PID_Controller
     83            
     84            calculateI(&positionZ_vel);
   \   00000354   0x.... 0x....      LDR.W    R0,??DataTable4_10
   \   00000358   0x.... 0x....      BL       _Z10calculateIP14PID_Controller
     85            useConstantKpKiKd(&positionZ_vel);
   \   0000035C   0x.... 0x....      LDR.W    R0,??DataTable4_10
   \   00000360   0x.... 0x....      BL       _Z17useConstantKpKiKdP14PID_Controller
     86            PID_controler(&positionZ_vel);
   \   00000364   0x.... 0x....      LDR.W    R0,??DataTable4_10
   \   00000368   0x.... 0x....      BL       _Z13PID_controlerP14PID_Controller
     87          }
   \                     ??control_position_4: (+1)
   \   0000036C   0xBD01             POP      {R0,PC}          ;; return
     88          

   \                                 In section .text, align 4, keep-with-next
     89          void control_angle()
     90          { 
   \                     _Z13control_anglev: (+1)
   \   00000000   0xB510             PUSH     {R4,LR}
     91            int deltaYaw = EVB.Yaw;
   \   00000002   0x.... 0x....      LDR.W    R0,??DataTable4_11
   \   00000006   0xF8D0 0x06F0      LDR      R0,[R0, #+1776]
     92            if(deltaYaw > 200)
   \   0000000A   0x28C9             CMP      R0,#+201
   \   0000000C   0xDB02             BLT.N    ??control_angle_0
     93            {
     94              deltaYaw-=200;
   \   0000000E   0x38C8             SUBS     R0,R0,#+200
   \   00000010   0x0004             MOVS     R4,R0
   \   00000012   0xE006             B.N      ??control_angle_1
     95            }
     96            else if(deltaYaw < -200)
   \                     ??control_angle_0: (+1)
   \   00000014   0xF110 0x0FC8      CMN      R0,#+200
   \   00000018   0xDA02             BGE.N    ??control_angle_2
     97            {
     98              deltaYaw+=200;
   \   0000001A   0x30C8             ADDS     R0,R0,#+200
   \   0000001C   0x0004             MOVS     R4,R0
   \   0000001E   0xE000             B.N      ??control_angle_1
     99            }
    100            else
    101            {
    102              deltaYaw = 0;
   \                     ??control_angle_2: (+1)
   \   00000020   0x2400             MOVS     R4,#+0
    103            }
    104            if(deltaYaw > 400)  deltaYaw = 400;
   \                     ??control_angle_1: (+1)
   \   00000022   0xF240 0x1091      MOVW     R0,#+401
   \   00000026   0x4284             CMP      R4,R0
   \   00000028   0xDB02             BLT.N    ??control_angle_3
   \   0000002A   0xF44F 0x70C8      MOV      R0,#+400
   \   0000002E   0x0004             MOVS     R4,R0
    105            if(deltaYaw < -400) deltaYaw =-400;
   \                     ??control_angle_3: (+1)
   \   00000030   0xF514 0x7FC8      CMN      R4,#+400
   \   00000034   0xDA02             BGE.N    ??control_angle_4
   \   00000036   0x.... 0x....      LDR.W    R0,??DataTable4_12  ;; 0xfffffe70
   \   0000003A   0x0004             MOVS     R4,R0
    106             
    107            if(flightMode->currentState_PositionMode == 1)
   \                     ??control_angle_4: (+1)
   \   0000003C   0x.... 0x....      LDR.W    R0,??DataTable4_13
   \   00000040   0x6800             LDR      R0,[R0, #+0]
   \   00000042   0x6E40             LDR      R0,[R0, #+100]
   \   00000044   0x2801             CMP      R0,#+1
   \   00000046   0xD118             BNE.N    ??control_angle_5
    108            {
    109              angleX.referance = positionY_vel.output * 10;//EVB.Roll;//   测试y轴数据使用 positionY_vel.output*10; //乘10因为遥控器角度要乘10
   \   00000048   0x.... 0x....      LDR.W    R0,??DataTable4_9
   \   0000004C   0xED90 0x0A02      VLDR     S0,[R0, #+8]
   \   00000050   0xEEF2 0x0A04      VMOV.F32 S1,#10.0
   \   00000054   0xEE20 0x0A20      VMUL.F32 S0,S0,S1
   \   00000058   0x.... 0x....      LDR.W    R0,??DataTable4_14
   \   0000005C   0xED80 0x0A00      VSTR     S0,[R0, #0]
    110              angleY.referance = positionX_vel.output * 10;
   \   00000060   0x.... 0x....      LDR.W    R0,??DataTable4_7
   \   00000064   0xED90 0x0A02      VLDR     S0,[R0, #+8]
   \   00000068   0xEEF2 0x0A04      VMOV.F32 S1,#10.0
   \   0000006C   0xEE20 0x0A20      VMUL.F32 S0,S0,S1
   \   00000070   0x.... 0x....      LDR.W    R0,??DataTable4_15
   \   00000074   0xED80 0x0A00      VSTR     S0,[R0, #0]
   \   00000078   0xE013             B.N      ??control_angle_6
    111            }
    112            else
    113            {
    114              angleX.referance = EVB.Roll;
   \                     ??control_angle_5: (+1)
   \   0000007A   0x.... 0x....      LDR.W    R0,??DataTable4_16
   \   0000007E   0xED90 0x0A00      VLDR     S0,[R0, #0]
   \   00000082   0xEEB8 0x0AC0      VCVT.F32.S32 S0,S0
   \   00000086   0x.... 0x....      LDR.W    R0,??DataTable4_14
   \   0000008A   0xED80 0x0A00      VSTR     S0,[R0, #0]
    115              angleY.referance = EVB.Pitch;
   \   0000008E   0x.... 0x....      LDR.W    R0,??DataTable4_17
   \   00000092   0xED90 0x0A00      VLDR     S0,[R0, #0]
   \   00000096   0xEEB8 0x0AC0      VCVT.F32.S32 S0,S0
   \   0000009A   0x.... 0x....      LDR.W    R0,??DataTable4_15
   \   0000009E   0xED80 0x0A00      VSTR     S0,[R0, #0]
    116            }
    117            angleZ.referance -= (float)deltaYaw / 5000; 
   \                     ??control_angle_6: (+1)
   \   000000A2   0xEE00 0x4A10      VMOV     S0,R4
   \   000000A6   0xEEB8 0x0AC0      VCVT.F32.S32 S0,S0
   \   000000AA   0xEDDF 0x....      VLDR.W   S1,??DataTable1  ;; 0x459c4000
   \   000000AE   0xEE80 0x0A20      VDIV.F32 S0,S0,S1
   \   000000B2   0x.... 0x....      LDR.W    R0,??DataTable4_18
   \   000000B6   0xEDD0 0x0A00      VLDR     S1,[R0, #0]
   \   000000BA   0xEE30 0x0AC0      VSUB.F32 S0,S1,S0
   \   000000BE   0x.... 0x....      LDR.W    R0,??DataTable4_18
   \   000000C2   0xED80 0x0A00      VSTR     S0,[R0, #0]
    118            
    119            if(angleZ.referance > 360.0f) angleZ.referance -= 360.0f;
   \   000000C6   0x.... 0x....      LDR.W    R0,??DataTable4_18
   \   000000CA   0xED90 0x0A00      VLDR     S0,[R0, #0]
   \   000000CE   0xEDDF 0x....      VLDR.W   S1,??DataTable2  ;; 0x43b40001
   \   000000D2   0xEEB4 0x0A60      VCMP.F32 S0,S1
   \   000000D6   0xEEF1 0xFA10      FMSTAT   
   \   000000DA   0xDB0B             BLT.N    ??control_angle_7
   \   000000DC   0x.... 0x....      LDR.W    R0,??DataTable4_18
   \   000000E0   0xED90 0x0A00      VLDR     S0,[R0, #0]
   \   000000E4   0xEDDF 0x....      VLDR.W   S1,??DataTable2_1  ;; 0xc3b40000
   \   000000E8   0xEE30 0x0A20      VADD.F32 S0,S0,S1
   \   000000EC   0x.... 0x....      LDR.W    R0,??DataTable4_18
   \   000000F0   0xED80 0x0A00      VSTR     S0,[R0, #0]
    120            if(angleZ.referance < -360.0f) angleZ.referance += 360.0f;
   \                     ??control_angle_7: (+1)
   \   000000F4   0x.... 0x....      LDR.W    R0,??DataTable4_18
   \   000000F8   0xED90 0x0A00      VLDR     S0,[R0, #0]
   \   000000FC   0xEDDF 0x....      VLDR.W   S1,??DataTable2_1  ;; 0xc3b40000
   \   00000100   0xEEB4 0x0A60      VCMP.F32 S0,S1
   \   00000104   0xEEF1 0xFA10      FMSTAT   
   \   00000108   0xD50B             BPL.N    ??control_angle_8
   \   0000010A   0x.... 0x....      LDR.W    R0,??DataTable4_18
   \   0000010E   0xED90 0x0A00      VLDR     S0,[R0, #0]
   \   00000112   0xEDDF 0x....      VLDR.W   S1,??DataTable2_2  ;; 0x43b40000
   \   00000116   0xEE30 0x0A20      VADD.F32 S0,S0,S1
   \   0000011A   0x.... 0x....      LDR.W    R0,??DataTable4_18
   \   0000011E   0xED80 0x0A00      VSTR     S0,[R0, #0]
    121          
    122           
    123            angleX.P = angleX.referance - roll1*10;
   \                     ??control_angle_8: (+1)
   \   00000122   0x.... 0x....      LDR.W    R0,??DataTable4_19
   \   00000126   0xED90 0x0A00      VLDR     S0,[R0, #0]
   \   0000012A   0xEEF2 0x0A04      VMOV.F32 S1,#10.0
   \   0000012E   0x.... 0x....      LDR.W    R0,??DataTable4_14
   \   00000132   0xED90 0x1A00      VLDR     S2,[R0, #0]
   \   00000136   0xEE00 0x1A60      VMLS.F32 S2,S0,S1
   \   0000013A   0x.... 0x....      LDR.W    R0,??DataTable4_14
   \   0000013E   0xED80 0x1A10      VSTR     S2,[R0, #+64]
    124            angleY.P = angleY.referance - pitch1*10;
   \   00000142   0x.... 0x....      LDR.W    R0,??DataTable4_20
   \   00000146   0xED90 0x0A00      VLDR     S0,[R0, #0]
   \   0000014A   0xEEF2 0x0A04      VMOV.F32 S1,#10.0
   \   0000014E   0x.... 0x....      LDR.W    R0,??DataTable4_15
   \   00000152   0xED90 0x1A00      VLDR     S2,[R0, #0]
   \   00000156   0xEE00 0x1A60      VMLS.F32 S2,S0,S1
   \   0000015A   0x.... 0x....      LDR.W    R0,??DataTable4_15
   \   0000015E   0xED80 0x1A10      VSTR     S2,[R0, #+64]
    125            angleZ.P = angleZ.referance - yaw1;
   \   00000162   0x.... 0x....      LDR.W    R0,??DataTable4_18
   \   00000166   0xED90 0x0A00      VLDR     S0,[R0, #0]
   \   0000016A   0x.... 0x....      LDR.W    R0,??DataTable4_21
   \   0000016E   0xEDD0 0x0A00      VLDR     S1,[R0, #0]
   \   00000172   0xEE30 0x0A60      VSUB.F32 S0,S0,S1
   \   00000176   0x.... 0x....      LDR.W    R0,??DataTable4_18
   \   0000017A   0xED80 0x0A10      VSTR     S0,[R0, #+64]
    126            
    127            if(angleZ.P > 180)
   \   0000017E   0x.... 0x....      LDR.W    R0,??DataTable4_18
   \   00000182   0xED90 0x0A10      VLDR     S0,[R0, #+64]
   \   00000186   0xEDDF 0x....      VLDR.W   S1,??DataTable2_3  ;; 0x43340001
   \   0000018A   0xEEB4 0x0A60      VCMP.F32 S0,S1
   \   0000018E   0xEEF1 0xFA10      FMSTAT   
   \   00000192   0xDB0C             BLT.N    ??control_angle_9
    128            {
    129              angleZ.P -= 360;
   \   00000194   0x.... 0x....      LDR.W    R0,??DataTable4_18
   \   00000198   0xED90 0x0A10      VLDR     S0,[R0, #+64]
   \   0000019C   0xEDDF 0x....      VLDR.W   S1,??DataTable2_1  ;; 0xc3b40000
   \   000001A0   0xEE30 0x0A20      VADD.F32 S0,S0,S1
   \   000001A4   0x.... 0x....      LDR.W    R0,??DataTable4_18
   \   000001A8   0xED80 0x0A10      VSTR     S0,[R0, #+64]
   \   000001AC   0xE016             B.N      ??control_angle_10
    130            }
    131            else if(angleZ.P < -180)
   \                     ??control_angle_9: (+1)
   \   000001AE   0x.... 0x....      LDR.W    R0,??DataTable4_18
   \   000001B2   0xED90 0x0A10      VLDR     S0,[R0, #+64]
   \   000001B6   0xEDDF 0x....      VLDR.W   S1,??DataTable2_4  ;; 0xc3340000
   \   000001BA   0xEEB4 0x0A60      VCMP.F32 S0,S1
   \   000001BE   0xEEF1 0xFA10      FMSTAT   
   \   000001C2   0xD50B             BPL.N    ??control_angle_10
    132            {
    133              angleZ.P += 360;
   \   000001C4   0x.... 0x....      LDR.W    R0,??DataTable4_18
   \   000001C8   0xED90 0x0A10      VLDR     S0,[R0, #+64]
   \   000001CC   0xEDDF 0x....      VLDR.W   S1,??DataTable2_2  ;; 0x43b40000
   \   000001D0   0xEE30 0x0A20      VADD.F32 S0,S0,S1
   \   000001D4   0x.... 0x....      LDR.W    R0,??DataTable4_18
   \   000001D8   0xED80 0x0A10      VSTR     S0,[R0, #+64]
    134            }
    135            
    136            angleX.D = -MPU6000.gyro_x_f * 10;
   \                     ??control_angle_10: (+1)
   \   000001DC   0x.... 0x....      LDR.W    R0,??DataTable4_22
   \   000001E0   0xED90 0x0A12      VLDR     S0,[R0, #+72]
   \   000001E4   0xEEB1 0x0A40      VNEG.F32 S0,S0
   \   000001E8   0xEEF2 0x0A04      VMOV.F32 S1,#10.0
   \   000001EC   0xEE20 0x0A20      VMUL.F32 S0,S0,S1
   \   000001F0   0x.... 0x....      LDR.W    R0,??DataTable4_14
   \   000001F4   0xED80 0x0A12      VSTR     S0,[R0, #+72]
    137            angleY.D = -MPU6000.gyro_y_f * 10;
   \   000001F8   0x.... 0x....      LDR.W    R0,??DataTable4_22
   \   000001FC   0xED90 0x0A13      VLDR     S0,[R0, #+76]
   \   00000200   0xEEB1 0x0A40      VNEG.F32 S0,S0
   \   00000204   0xEEF2 0x0A04      VMOV.F32 S1,#10.0
   \   00000208   0xEE20 0x0A20      VMUL.F32 S0,S0,S1
   \   0000020C   0x.... 0x....      LDR.W    R0,??DataTable4_15
   \   00000210   0xED80 0x0A12      VSTR     S0,[R0, #+72]
    138            angleZ.D = -MPU6000.gyro_z_f;
   \   00000214   0x.... 0x....      LDR.W    R0,??DataTable4_18
   \   00000218   0x.... 0x....      LDR.W    R1,??DataTable4_22
   \   0000021C   0xED91 0x0A14      VLDR     S0,[R1, #+80]
   \   00000220   0xEEB1 0x0A40      VNEG.F32 S0,S0
   \   00000224   0xED80 0x0A12      VSTR     S0,[R0, #+72]
    139          
    140            calculateI(&angleX);
   \   00000228   0x.... 0x....      LDR.W    R0,??DataTable4_14
   \   0000022C   0x.... 0x....      BL       _Z10calculateIP14PID_Controller
    141            calculateI(&angleY);
   \   00000230   0x.... 0x....      LDR.W    R0,??DataTable4_15
   \   00000234   0x.... 0x....      BL       _Z10calculateIP14PID_Controller
    142            calculateI(&angleZ);
   \   00000238   0x.... 0x....      LDR.W    R0,??DataTable4_18
   \   0000023C   0x.... 0x....      BL       _Z10calculateIP14PID_Controller
    143             
    144            fuzzyPID(&angleX);
   \   00000240   0x.... 0x....      LDR.W    R0,??DataTable4_14
   \   00000244   0x.... 0x....      BL       _Z8fuzzyPIDP14PID_Controller
    145            fuzzyPID(&angleY);
   \   00000248   0x.... 0x....      LDR.W    R0,??DataTable4_15
   \   0000024C   0x.... 0x....      BL       _Z8fuzzyPIDP14PID_Controller
    146            fuzzyPID(&angleZ);
   \   00000250   0x.... 0x....      LDR.W    R0,??DataTable4_18
   \   00000254   0x.... 0x....      BL       _Z8fuzzyPIDP14PID_Controller
    147          
    148            
    149            useConstantKpKiKd(&angleX);
   \   00000258   0x.... 0x....      LDR.W    R0,??DataTable4_14
   \   0000025C   0x.... 0x....      BL       _Z17useConstantKpKiKdP14PID_Controller
    150            useConstantKpKiKd(&angleY);
   \   00000260   0x.... 0x....      LDR.W    R0,??DataTable4_15
   \   00000264   0x.... 0x....      BL       _Z17useConstantKpKiKdP14PID_Controller
    151            useConstantKpKiKd(&angleZ);
   \   00000268   0x.... 0x....      LDR.W    R0,??DataTable4_18
   \   0000026C   0x.... 0x....      BL       _Z17useConstantKpKiKdP14PID_Controller
    152            
    153            PID_controler(&angleX);
   \   00000270   0x.... 0x....      LDR.W    R0,??DataTable4_14
   \   00000274   0x.... 0x....      BL       _Z13PID_controlerP14PID_Controller
    154            PID_controler(&angleY);
   \   00000278   0x.... 0x....      LDR.W    R0,??DataTable4_15
   \   0000027C   0x.... 0x....      BL       _Z13PID_controlerP14PID_Controller
    155            PID_controler(&angleZ);
   \   00000280   0x.... 0x....      LDR.W    R0,??DataTable4_18
   \   00000284   0x.... 0x....      BL       _Z13PID_controlerP14PID_Controller
    156          }
   \                     ??control_angle_11: (+1)
   \   00000288   0xBD10             POP      {R4,PC}          ;; return
    157          
    158          

   \                                 In section .text, align 2, keep-with-next
    159          void control_gyro()
    160          {
   \                     _Z12control_gyrov: (+1)
   \   00000000   0xB580             PUSH     {R7,LR}
    161            gyroX.referance = angleX.output;
   \   00000002   0x.... 0x....      LDR.W    R0,??DataTable4_14
   \   00000006   0x6880             LDR      R0,[R0, #+8]
   \   00000008   0x.... 0x....      LDR.W    R1,??DataTable4_23
   \   0000000C   0x6008             STR      R0,[R1, #+0]
    162            gyroY.referance = angleY.output;
   \   0000000E   0x.... 0x....      LDR.W    R0,??DataTable4_15
   \   00000012   0x6880             LDR      R0,[R0, #+8]
   \   00000014   0x.... 0x....      LDR.W    R1,??DataTable4_24
   \   00000018   0x6008             STR      R0,[R1, #+0]
    163            gyroZ.referance = angleZ.output;
   \   0000001A   0x.... 0x....      LDR.W    R0,??DataTable4_18
   \   0000001E   0x6880             LDR      R0,[R0, #+8]
   \   00000020   0x.... 0x....      LDR.W    R1,??DataTable4_25
   \   00000024   0x6008             STR      R0,[R1, #+0]
    164            
    165            
    166            gyroX.feedback = - MPU6000.gyro_x_f * 10;
   \   00000026   0x.... 0x....      LDR.W    R0,??DataTable4_22
   \   0000002A   0xED90 0x0A12      VLDR     S0,[R0, #+72]
   \   0000002E   0xEEB1 0x0A40      VNEG.F32 S0,S0
   \   00000032   0xEEF2 0x0A04      VMOV.F32 S1,#10.0
   \   00000036   0xEE20 0x0A20      VMUL.F32 S0,S0,S1
   \   0000003A   0x.... 0x....      LDR.W    R0,??DataTable4_23
   \   0000003E   0xED80 0x0A01      VSTR     S0,[R0, #+4]
    167            gyroY.feedback = - MPU6000.gyro_y_f * 10;
   \   00000042   0x.... 0x....      LDR.W    R0,??DataTable4_22
   \   00000046   0xED90 0x0A13      VLDR     S0,[R0, #+76]
   \   0000004A   0xEEB1 0x0A40      VNEG.F32 S0,S0
   \   0000004E   0xEEF2 0x0A04      VMOV.F32 S1,#10.0
   \   00000052   0xEE20 0x0A20      VMUL.F32 S0,S0,S1
   \   00000056   0x.... 0x....      LDR.W    R0,??DataTable4_24
   \   0000005A   0xED80 0x0A01      VSTR     S0,[R0, #+4]
    168            gyroZ.feedback =   MPU6000.gyro_z_f;
   \   0000005E   0x.... 0x....      LDR.W    R0,??DataTable4_25
   \   00000062   0x.... 0x....      LDR.W    R1,??DataTable4_22
   \   00000066   0x6D09             LDR      R1,[R1, #+80]
   \   00000068   0x6041             STR      R1,[R0, #+4]
    169               
    170          
    171            gyroX.P  = gyroX.referance - MPU6000.gyro_x_f*10;
   \   0000006A   0x.... 0x....      LDR.W    R0,??DataTable4_22
   \   0000006E   0xED90 0x0A12      VLDR     S0,[R0, #+72]
   \   00000072   0xEEF2 0x0A04      VMOV.F32 S1,#10.0
   \   00000076   0x.... 0x....      LDR.W    R0,??DataTable4_23
   \   0000007A   0xED90 0x1A00      VLDR     S2,[R0, #0]
   \   0000007E   0xEE00 0x1A60      VMLS.F32 S2,S0,S1
   \   00000082   0x.... 0x....      LDR.W    R0,??DataTable4_23
   \   00000086   0xED80 0x1A10      VSTR     S2,[R0, #+64]
    172            gyroY.P  = gyroY.referance - MPU6000.gyro_y_f*10;
   \   0000008A   0x.... 0x....      LDR.W    R0,??DataTable4_22
   \   0000008E   0xED90 0x0A13      VLDR     S0,[R0, #+76]
   \   00000092   0xEEF2 0x0A04      VMOV.F32 S1,#10.0
   \   00000096   0x.... 0x....      LDR.W    R0,??DataTable4_24
   \   0000009A   0xED90 0x1A00      VLDR     S2,[R0, #0]
   \   0000009E   0xEE00 0x1A60      VMLS.F32 S2,S0,S1
   \   000000A2   0x.... 0x....      LDR.W    R0,??DataTable4_24
   \   000000A6   0xED80 0x1A10      VSTR     S2,[R0, #+64]
    173            gyroZ.P  = gyroZ.referance - MPU6000.gyro_z_f;
   \   000000AA   0x.... 0x....      LDR.W    R0,??DataTable4_25
   \   000000AE   0xED90 0x0A00      VLDR     S0,[R0, #0]
   \   000000B2   0x.... 0x....      LDR.W    R0,??DataTable4_22
   \   000000B6   0xEDD0 0x0A14      VLDR     S1,[R0, #+80]
   \   000000BA   0xEE30 0x0A60      VSUB.F32 S0,S0,S1
   \   000000BE   0x.... 0x....      LDR.W    R0,??DataTable4_25
   \   000000C2   0xED80 0x0A10      VSTR     S0,[R0, #+64]
    174            
    175            //Diffa.getresult(gyroY.feedback/10, -8000, 8000, 20);
    176            
    177            calculateD_partial(&gyroX);
   \   000000C6   0x.... 0x....      LDR.W    R0,??DataTable4_23
   \   000000CA   0x.... 0x....      BL       _Z18calculateD_partialP14PID_Controller
    178            calculateD_partial(&gyroY);
   \   000000CE   0x.... 0x....      LDR.W    R0,??DataTable4_24
   \   000000D2   0x.... 0x....      BL       _Z18calculateD_partialP14PID_Controller
    179            calculateD_partial(&gyroZ);
   \   000000D6   0x.... 0x....      LDR.W    R0,??DataTable4_25
   \   000000DA   0x.... 0x....      BL       _Z18calculateD_partialP14PID_Controller
    180            
    181            
    182            calculateI(&gyroX);
   \   000000DE   0x.... 0x....      LDR.W    R0,??DataTable4_23
   \   000000E2   0x.... 0x....      BL       _Z10calculateIP14PID_Controller
    183            calculateI(&gyroY);
   \   000000E6   0x.... 0x....      LDR.W    R0,??DataTable4_24
   \   000000EA   0x.... 0x....      BL       _Z10calculateIP14PID_Controller
    184            calculateI(&gyroZ);
   \   000000EE   0x.... 0x....      LDR.W    R0,??DataTable4_25
   \   000000F2   0x.... 0x....      BL       _Z10calculateIP14PID_Controller
    185            
    186            
    187            fuzzyPID(&gyroX);
   \   000000F6   0x.... 0x....      LDR.W    R0,??DataTable4_23
   \   000000FA   0x.... 0x....      BL       _Z8fuzzyPIDP14PID_Controller
    188            fuzzyPID(&gyroY);
   \   000000FE   0x.... 0x....      LDR.W    R0,??DataTable4_24
   \   00000102   0x.... 0x....      BL       _Z8fuzzyPIDP14PID_Controller
    189            fuzzyPID(&gyroZ);
   \   00000106   0x.... 0x....      LDR.W    R0,??DataTable4_25
   \   0000010A   0x.... 0x....      BL       _Z8fuzzyPIDP14PID_Controller
    190             
    191            useConstantKpKiKd(&gyroX);
   \   0000010E   0x.... 0x....      LDR.W    R0,??DataTable4_23
   \   00000112   0x.... 0x....      BL       _Z17useConstantKpKiKdP14PID_Controller
    192            useConstantKpKiKd(&gyroY);
   \   00000116   0x.... 0x....      LDR.W    R0,??DataTable4_24
   \   0000011A   0x.... 0x....      BL       _Z17useConstantKpKiKdP14PID_Controller
    193            useConstantKpKiKd(&gyroZ);
   \   0000011E   0x.... 0x....      LDR.W    R0,??DataTable4_25
   \   00000122   0x.... 0x....      BL       _Z17useConstantKpKiKdP14PID_Controller
    194          
    195             
    196            PID_controler(&gyroX);
   \   00000126   0x.... 0x....      LDR.W    R0,??DataTable4_23
   \   0000012A   0x.... 0x....      BL       _Z13PID_controlerP14PID_Controller
    197            PID_controler(&gyroY);
   \   0000012E   0x.... 0x....      LDR.W    R0,??DataTable4_24
   \   00000132   0x.... 0x....      BL       _Z13PID_controlerP14PID_Controller
    198            PID_controler(&gyroZ);
   \   00000136   0x.... 0x....      LDR.W    R0,??DataTable4_25
   \   0000013A   0x.... 0x....      BL       _Z13PID_controlerP14PID_Controller
    199           
    200          }
   \                     ??control_gyro_0: (+1)
   \   0000013E   0xBD01             POP      {R0,PC}          ;; return
    201          
    202          
    203          

   \                                 In section .bss, align 4
    204          float compensation;
   \                     compensation:
   \   00000000                      DS8 4
    205          

   \                                 In section .text, align 4, keep-with-next
    206          void rotor_out() 
    207          {
   \                     _Z9rotor_outv: (+1)
   \   00000000   0xB580             PUSH     {R7,LR}
   \   00000002   0xED2D 0x8B04      VPUSH    {D8-D9}
    208            compensation = ControlOutput_ZChannel;
   \   00000006   0x.... 0x....      LDR.W    R0,??DataTable4_26
   \   0000000A   0x.... 0x....      LDR.W    R1,??DataTable4_27
   \   0000000E   0x6809             LDR      R1,[R1, #+0]
   \   00000010   0x6001             STR      R1,[R0, #+0]
    209            
    210            float roll0 = abs(roll1), pitch0 = abs(pitch1);
   \   00000012   0x.... 0x....      LDR.W    R0,??DataTable4_19
   \   00000016   0xED90 0x0A00      VLDR     S0,[R0, #0]
   \   0000001A   0xEEB0 0x8AC0      VABS.F32 S16,S0
   \   0000001E   0x.... 0x....      LDR.W    R0,??DataTable4_20
   \   00000022   0xEDD0 0x0A00      VLDR     S1,[R0, #0]
   \   00000026   0xEEF0 0x8AE0      VABS.F32 S17,S1
    211            if(roll0 > 25) roll0 = 25;
   \   0000002A   0xED9F 0x1ABF      VLDR.W   S2,??rotor_out_0  ;; 0x41c80001
   \   0000002E   0xEEB4 0x8A41      VCMP.F32 S16,S2
   \   00000032   0xEEF1 0xFA10      FMSTAT   
   \   00000036   0xDB03             BLT.N    ??rotor_out_1
   \   00000038   0xEEB3 0x0A09      VMOV.F32 S0,#25.0
   \   0000003C   0xEEB0 0x8A40      VMOV.F32 S16,S0
    212            if(pitch0 > 25) pitch0 = 25;
   \                     ??rotor_out_1: (+1)
   \   00000040   0xED9F 0x0AB9      VLDR.W   S0,??rotor_out_0  ;; 0x41c80001
   \   00000044   0xEEF4 0x8A40      VCMP.F32 S17,S0
   \   00000048   0xEEF1 0xFA10      FMSTAT   
   \   0000004C   0xDB03             BLT.N    ??rotor_out_2
   \   0000004E   0xEEB3 0x0A09      VMOV.F32 S0,#25.0
   \   00000052   0xEEF0 0x8A40      VMOV.F32 S17,S0
    213            
    214            compensation /= arm_cos_f32(roll0/57.3);
   \                     ??rotor_out_2: (+1)
   \   00000056   0xEE18 0x0A10      VMOV     R0,S16
   \   0000005A   0x.... 0x....      BL       __aeabi_f2d
   \   0000005E   0xF05F 0x3266      MOVS     R2,#+1717986918
   \   00000062   0x.... 0x....      LDR.W    R3,??DataTable4_28  ;; 0x404ca666
   \   00000066   0x.... 0x....      BL       __aeabi_ddiv
   \   0000006A   0x.... 0x....      BL       __aeabi_d2f
   \   0000006E   0xEE00 0x0A10      VMOV     S0,R0
   \   00000072   0x.... 0x....      BL       arm_cos_f32
   \   00000076   0x.... 0x....      LDR.W    R0,??DataTable4_26
   \   0000007A   0xEDD0 0x0A00      VLDR     S1,[R0, #0]
   \   0000007E   0xEE80 0x0A80      VDIV.F32 S0,S1,S0
   \   00000082   0x.... 0x....      LDR.W    R0,??DataTable4_26
   \   00000086   0xED80 0x0A00      VSTR     S0,[R0, #0]
    215            compensation /= arm_cos_f32(pitch0/57.3);
   \   0000008A   0xEE18 0x0A90      VMOV     R0,S17
   \   0000008E   0x.... 0x....      BL       __aeabi_f2d
   \   00000092   0xF05F 0x3266      MOVS     R2,#+1717986918
   \   00000096   0x.... 0x....      LDR.W    R3,??DataTable4_28  ;; 0x404ca666
   \   0000009A   0x.... 0x....      BL       __aeabi_ddiv
   \   0000009E   0x.... 0x....      BL       __aeabi_d2f
   \   000000A2   0xEE00 0x0A10      VMOV     S0,R0
   \   000000A6   0x.... 0x....      BL       arm_cos_f32
   \   000000AA   0x.... 0x....      LDR.W    R0,??DataTable4_26
   \   000000AE   0xEDD0 0x0A00      VLDR     S1,[R0, #0]
   \   000000B2   0xEE80 0x0A80      VDIV.F32 S0,S1,S0
   \   000000B6   0x.... 0x....      LDR.W    R0,??DataTable4_26
   \   000000BA   0xED80 0x0A00      VSTR     S0,[R0, #0]
    216            
    217            float k = 0;
   \   000000BE   0xED9F 0x....      VLDR.W   S18,??DataTable3  ;; 0x0
    218            controlOutput.r1 = controlOutput.r1 * k + (compensation - gyroX.output + gyroY.output + gyroZ.output) * (1 - k);
   \   000000C2   0x.... 0x....      LDR.W    R0,??DataTable4_29
   \   000000C6   0xED90 0x0A00      VLDR     S0,[R0, #0]
   \   000000CA   0xEE20 0x0A09      VMUL.F32 S0,S0,S18
   \   000000CE   0x.... 0x....      LDR.W    R0,??DataTable4_26
   \   000000D2   0xEDD0 0x0A00      VLDR     S1,[R0, #0]
   \   000000D6   0x....             LDR.N    R0,??DataTable4_23
   \   000000D8   0xED90 0x1A02      VLDR     S2,[R0, #+8]
   \   000000DC   0xEE70 0x0AC1      VSUB.F32 S1,S1,S2
   \   000000E0   0x....             LDR.N    R0,??DataTable4_24
   \   000000E2   0xED90 0x1A02      VLDR     S2,[R0, #+8]
   \   000000E6   0xEE70 0x0A81      VADD.F32 S1,S1,S2
   \   000000EA   0x....             LDR.N    R0,??DataTable4_25
   \   000000EC   0xED90 0x1A02      VLDR     S2,[R0, #+8]
   \   000000F0   0xEE70 0x0A81      VADD.F32 S1,S1,S2
   \   000000F4   0xEEB7 0x1A00      VMOV.F32 S2,#1.0
   \   000000F8   0xEE31 0x1A49      VSUB.F32 S2,S2,S18
   \   000000FC   0xEE00 0x0A81      VMLA.F32 S0,S1,S2
   \   00000100   0x....             LDR.N    R0,??DataTable4_29
   \   00000102   0xED80 0x0A00      VSTR     S0,[R0, #0]
    219            controlOutput.r2 = controlOutput.r2 * k + (compensation - gyroX.output - gyroY.output - gyroZ.output) * (1 - k);
   \   00000106   0x....             LDR.N    R0,??DataTable4_29
   \   00000108   0xED90 0x0A01      VLDR     S0,[R0, #+4]
   \   0000010C   0xEE20 0x0A09      VMUL.F32 S0,S0,S18
   \   00000110   0x....             LDR.N    R0,??DataTable4_26
   \   00000112   0xEDD0 0x0A00      VLDR     S1,[R0, #0]
   \   00000116   0x....             LDR.N    R0,??DataTable4_23
   \   00000118   0xED90 0x1A02      VLDR     S2,[R0, #+8]
   \   0000011C   0xEE70 0x0AC1      VSUB.F32 S1,S1,S2
   \   00000120   0x....             LDR.N    R0,??DataTable4_24
   \   00000122   0xED90 0x1A02      VLDR     S2,[R0, #+8]
   \   00000126   0xEE70 0x0AC1      VSUB.F32 S1,S1,S2
   \   0000012A   0x....             LDR.N    R0,??DataTable4_25
   \   0000012C   0xED90 0x1A02      VLDR     S2,[R0, #+8]
   \   00000130   0xEE70 0x0AC1      VSUB.F32 S1,S1,S2
   \   00000134   0xEEB7 0x1A00      VMOV.F32 S2,#1.0
   \   00000138   0xEE31 0x1A49      VSUB.F32 S2,S2,S18
   \   0000013C   0xEE00 0x0A81      VMLA.F32 S0,S1,S2
   \   00000140   0x....             LDR.N    R0,??DataTable4_29
   \   00000142   0xED80 0x0A01      VSTR     S0,[R0, #+4]
    220            controlOutput.r3 = controlOutput.r3 * k + (compensation + gyroX.output - gyroY.output + gyroZ.output) * (1 - k);
   \   00000146   0x....             LDR.N    R0,??DataTable4_29
   \   00000148   0xED90 0x0A02      VLDR     S0,[R0, #+8]
   \   0000014C   0xEE20 0x0A09      VMUL.F32 S0,S0,S18
   \   00000150   0x....             LDR.N    R0,??DataTable4_26
   \   00000152   0xEDD0 0x0A00      VLDR     S1,[R0, #0]
   \   00000156   0x....             LDR.N    R0,??DataTable4_23
   \   00000158   0xED90 0x1A02      VLDR     S2,[R0, #+8]
   \   0000015C   0xEE70 0x0A81      VADD.F32 S1,S1,S2
   \   00000160   0x....             LDR.N    R0,??DataTable4_24
   \   00000162   0xED90 0x1A02      VLDR     S2,[R0, #+8]
   \   00000166   0xEE70 0x0AC1      VSUB.F32 S1,S1,S2
   \   0000016A   0x....             LDR.N    R0,??DataTable4_25
   \   0000016C   0xED90 0x1A02      VLDR     S2,[R0, #+8]
   \   00000170   0xEE70 0x0A81      VADD.F32 S1,S1,S2
   \   00000174   0xEEB7 0x1A00      VMOV.F32 S2,#1.0
   \   00000178   0xEE31 0x1A49      VSUB.F32 S2,S2,S18
   \   0000017C   0xEE00 0x0A81      VMLA.F32 S0,S1,S2
   \   00000180   0x....             LDR.N    R0,??DataTable4_29
   \   00000182   0xED80 0x0A02      VSTR     S0,[R0, #+8]
    221            controlOutput.r4 = controlOutput.r4 * k + (compensation + gyroX.output + gyroY.output - gyroZ.output) * (1 - k);
   \   00000186   0x....             LDR.N    R0,??DataTable4_29
   \   00000188   0xED90 0x0A03      VLDR     S0,[R0, #+12]
   \   0000018C   0xEE20 0x0A09      VMUL.F32 S0,S0,S18
   \   00000190   0x....             LDR.N    R0,??DataTable4_26
   \   00000192   0xEDD0 0x0A00      VLDR     S1,[R0, #0]
   \   00000196   0x....             LDR.N    R0,??DataTable4_23
   \   00000198   0xED90 0x1A02      VLDR     S2,[R0, #+8]
   \   0000019C   0xEE70 0x0A81      VADD.F32 S1,S1,S2
   \   000001A0   0x....             LDR.N    R0,??DataTable4_24
   \   000001A2   0xED90 0x1A02      VLDR     S2,[R0, #+8]
   \   000001A6   0xEE70 0x0A81      VADD.F32 S1,S1,S2
   \   000001AA   0x....             LDR.N    R0,??DataTable4_25
   \   000001AC   0xED90 0x1A02      VLDR     S2,[R0, #+8]
   \   000001B0   0xEE70 0x0AC1      VSUB.F32 S1,S1,S2
   \   000001B4   0xEEB7 0x1A00      VMOV.F32 S2,#1.0
   \   000001B8   0xEE31 0x1A49      VSUB.F32 S2,S2,S18
   \   000001BC   0xEE00 0x0A81      VMLA.F32 S0,S1,S2
   \   000001C0   0x....             LDR.N    R0,??DataTable4_29
   \   000001C2   0xED80 0x0A03      VSTR     S0,[R0, #+12]
    222            
    223          //  controlOutput.r1 = 0;
    224          //  controlOutput.r2 = 0;
    225          //  controlOutput.r3 = 0;
    226          //  controlOutput.r4 = 0;
    227          
    228            if(0)
    229            {
    230              controlOutput.r1 = -angleX.referance + angleY.referance;
    231              controlOutput.r2 = -angleX.referance - angleY.referance;
    232              controlOutput.r3 = angleX.referance  - angleY.referance;
    233              controlOutput.r4 = angleX.referance  + angleY.referance;
    234            }
    235            
    236            roror1 = (int)(fanIniSpd + controlOutput.r1 * 4);
   \   000001C6   0x....             LDR.N    R0,??DataTable4_30
   \   000001C8   0xED90 0x0A00      VLDR     S0,[R0, #0]
   \   000001CC   0xEEB8 0x0AC0      VCVT.F32.S32 S0,S0
   \   000001D0   0x....             LDR.N    R0,??DataTable4_29
   \   000001D2   0xEDD0 0x0A00      VLDR     S1,[R0, #0]
   \   000001D6   0xEEB1 0x1A00      VMOV.F32 S2,#4.0
   \   000001DA   0xEE00 0x0A81      VMLA.F32 S0,S1,S2
   \   000001DE   0xEEBD 0x0AC0      VCVT.S32.F32 S0,S0
   \   000001E2   0x....             LDR.N    R0,??DataTable4_31
   \   000001E4   0xED80 0x0A00      VSTR     S0,[R0, #0]
    237            roror2 = (int)(fanIniSpd + controlOutput.r2 * 4);
   \   000001E8   0x....             LDR.N    R0,??DataTable4_30
   \   000001EA   0xED90 0x0A00      VLDR     S0,[R0, #0]
   \   000001EE   0xEEB8 0x0AC0      VCVT.F32.S32 S0,S0
   \   000001F2   0x....             LDR.N    R0,??DataTable4_29
   \   000001F4   0xEDD0 0x0A01      VLDR     S1,[R0, #+4]
   \   000001F8   0xEEB1 0x1A00      VMOV.F32 S2,#4.0
   \   000001FC   0xEE00 0x0A81      VMLA.F32 S0,S1,S2
   \   00000200   0xEEBD 0x0AC0      VCVT.S32.F32 S0,S0
   \   00000204   0x....             LDR.N    R0,??DataTable4_32
   \   00000206   0xED80 0x0A00      VSTR     S0,[R0, #0]
    238            roror3 = (int)(fanIniSpd + controlOutput.r3 * 4);
   \   0000020A   0x....             LDR.N    R0,??DataTable4_30
   \   0000020C   0xED90 0x0A00      VLDR     S0,[R0, #0]
   \   00000210   0xEEB8 0x0AC0      VCVT.F32.S32 S0,S0
   \   00000214   0x....             LDR.N    R0,??DataTable4_29
   \   00000216   0xEDD0 0x0A02      VLDR     S1,[R0, #+8]
   \   0000021A   0xEEB1 0x1A00      VMOV.F32 S2,#4.0
   \   0000021E   0xEE00 0x0A81      VMLA.F32 S0,S1,S2
   \   00000222   0xEEBD 0x0AC0      VCVT.S32.F32 S0,S0
   \   00000226   0x....             LDR.N    R0,??DataTable4_33
   \   00000228   0xED80 0x0A00      VSTR     S0,[R0, #0]
    239            roror4 = (int)(fanIniSpd + controlOutput.r4 * 4);
   \   0000022C   0x....             LDR.N    R0,??DataTable4_30
   \   0000022E   0xED90 0x0A00      VLDR     S0,[R0, #0]
   \   00000232   0xEEB8 0x0AC0      VCVT.F32.S32 S0,S0
   \   00000236   0x....             LDR.N    R0,??DataTable4_29
   \   00000238   0xEDD0 0x0A03      VLDR     S1,[R0, #+12]
   \   0000023C   0xEEB1 0x1A00      VMOV.F32 S2,#4.0
   \   00000240   0xEE00 0x0A81      VMLA.F32 S0,S1,S2
   \   00000244   0xEEBD 0x0AC0      VCVT.S32.F32 S0,S0
   \   00000248   0x....             LDR.N    R0,??DataTable4_34
   \   0000024A   0xED80 0x0A00      VSTR     S0,[R0, #0]
    240            
    241            if(EVB.MotorSwitch == 0)
   \   0000024E   0x....             LDR.N    R0,??DataTable4_11
   \   00000250   0xF8D0 0x0700      LDR      R0,[R0, #+1792]
   \   00000254   0x2800             CMP      R0,#+0
   \   00000256   0xD10F             BNE.N    ??rotor_out_3
    242            {
    243              roror1 = 3200;
   \   00000258   0xF44F 0x6048      MOV      R0,#+3200
   \   0000025C   0x....             LDR.N    R1,??DataTable4_31
   \   0000025E   0x6008             STR      R0,[R1, #+0]
    244              roror2 = 3200;
   \   00000260   0xF44F 0x6048      MOV      R0,#+3200
   \   00000264   0x....             LDR.N    R1,??DataTable4_32
   \   00000266   0x6008             STR      R0,[R1, #+0]
    245              roror3 = 3200;
   \   00000268   0xF44F 0x6048      MOV      R0,#+3200
   \   0000026C   0x....             LDR.N    R1,??DataTable4_33
   \   0000026E   0x6008             STR      R0,[R1, #+0]
    246              roror4 = 3200;
   \   00000270   0xF44F 0x6048      MOV      R0,#+3200
   \   00000274   0x....             LDR.N    R1,??DataTable4_34
   \   00000276   0x6008             STR      R0,[R1, #+0]
    247            }
    248            else
    249            {
    250            }
    251            
    252            #if THIS_PLANE == QAV250
    253            static int motor_max = 6200;
    254            static int motor_min = 3200;
    255            #else
    256            static int motor_max = 8000;
    257            static int motor_min = 4150;
    258            #endif
    259          
    260              
    261              if(roror1 > motor_max)
   \                     ??rotor_out_3: (+1)
   \   00000278   0x....             LDR.N    R0,??DataTable4_35
   \   0000027A   0x6800             LDR      R0,[R0, #+0]
   \   0000027C   0x....             LDR.N    R1,??DataTable4_31
   \   0000027E   0x6809             LDR      R1,[R1, #+0]
   \   00000280   0x4288             CMP      R0,R1
   \   00000282   0xDA03             BGE.N    ??rotor_out_4
    262              {
    263                roror1 = motor_max;
   \   00000284   0x....             LDR.N    R0,??DataTable4_35
   \   00000286   0x6800             LDR      R0,[R0, #+0]
   \   00000288   0x....             LDR.N    R1,??DataTable4_31
   \   0000028A   0x6008             STR      R0,[R1, #+0]
    264              }  
    265              if(roror2 > motor_max)
   \                     ??rotor_out_4: (+1)
   \   0000028C   0x....             LDR.N    R0,??DataTable4_35
   \   0000028E   0x6800             LDR      R0,[R0, #+0]
   \   00000290   0x....             LDR.N    R1,??DataTable4_32
   \   00000292   0x6809             LDR      R1,[R1, #+0]
   \   00000294   0x4288             CMP      R0,R1
   \   00000296   0xDA03             BGE.N    ??rotor_out_5
    266              {
    267                roror2 = motor_max;
   \   00000298   0x....             LDR.N    R0,??DataTable4_35
   \   0000029A   0x6800             LDR      R0,[R0, #+0]
   \   0000029C   0x....             LDR.N    R1,??DataTable4_32
   \   0000029E   0x6008             STR      R0,[R1, #+0]
    268              }
    269              if(roror3 > motor_max)
   \                     ??rotor_out_5: (+1)
   \   000002A0   0x....             LDR.N    R0,??DataTable4_35
   \   000002A2   0x6800             LDR      R0,[R0, #+0]
   \   000002A4   0x....             LDR.N    R1,??DataTable4_33
   \   000002A6   0x6809             LDR      R1,[R1, #+0]
   \   000002A8   0x4288             CMP      R0,R1
   \   000002AA   0xDA03             BGE.N    ??rotor_out_6
    270              {
    271                roror3 = motor_max;
   \   000002AC   0x....             LDR.N    R0,??DataTable4_35
   \   000002AE   0x6800             LDR      R0,[R0, #+0]
   \   000002B0   0x....             LDR.N    R1,??DataTable4_33
   \   000002B2   0x6008             STR      R0,[R1, #+0]
    272              }
    273              if(roror4 > motor_max)
   \                     ??rotor_out_6: (+1)
   \   000002B4   0x....             LDR.N    R0,??DataTable4_35
   \   000002B6   0x6800             LDR      R0,[R0, #+0]
   \   000002B8   0x....             LDR.N    R1,??DataTable4_34
   \   000002BA   0x6809             LDR      R1,[R1, #+0]
   \   000002BC   0x4288             CMP      R0,R1
   \   000002BE   0xDA03             BGE.N    ??rotor_out_7
    274              {
    275                roror4 = motor_max;
   \   000002C0   0x....             LDR.N    R0,??DataTable4_35
   \   000002C2   0x6800             LDR      R0,[R0, #+0]
   \   000002C4   0x....             LDR.N    R1,??DataTable4_34
   \   000002C6   0x6008             STR      R0,[R1, #+0]
    276              }
    277              
    278              if(roror1 < motor_min)
   \                     ??rotor_out_7: (+1)
   \   000002C8   0x....             LDR.N    R0,??DataTable4_31
   \   000002CA   0x6800             LDR      R0,[R0, #+0]
   \   000002CC   0x....             LDR.N    R1,??DataTable4_36
   \   000002CE   0x6809             LDR      R1,[R1, #+0]
   \   000002D0   0x4288             CMP      R0,R1
   \   000002D2   0xDA03             BGE.N    ??rotor_out_8
    279              {
    280                roror1 = motor_min;
   \   000002D4   0x....             LDR.N    R0,??DataTable4_36
   \   000002D6   0x6800             LDR      R0,[R0, #+0]
   \   000002D8   0x....             LDR.N    R1,??DataTable4_31
   \   000002DA   0x6008             STR      R0,[R1, #+0]
    281              }  
    282              if(roror2 < motor_min)
   \                     ??rotor_out_8: (+1)
   \   000002DC   0x....             LDR.N    R0,??DataTable4_32
   \   000002DE   0x6800             LDR      R0,[R0, #+0]
   \   000002E0   0x....             LDR.N    R1,??DataTable4_36
   \   000002E2   0x6809             LDR      R1,[R1, #+0]
   \   000002E4   0x4288             CMP      R0,R1
   \   000002E6   0xDA03             BGE.N    ??rotor_out_9
    283              {
    284                roror2 = motor_min;
   \   000002E8   0x....             LDR.N    R0,??DataTable4_36
   \   000002EA   0x6800             LDR      R0,[R0, #+0]
   \   000002EC   0x....             LDR.N    R1,??DataTable4_32
   \   000002EE   0x6008             STR      R0,[R1, #+0]
    285              }
    286              if(roror3 < motor_min)
   \                     ??rotor_out_9: (+1)
   \   000002F0   0x....             LDR.N    R0,??DataTable4_33
   \   000002F2   0x6800             LDR      R0,[R0, #+0]
   \   000002F4   0x....             LDR.N    R1,??DataTable4_36
   \   000002F6   0x6809             LDR      R1,[R1, #+0]
   \   000002F8   0x4288             CMP      R0,R1
   \   000002FA   0xDA03             BGE.N    ??rotor_out_10
    287              {
    288                roror3 = motor_min;
   \   000002FC   0x....             LDR.N    R0,??DataTable4_36
   \   000002FE   0x6800             LDR      R0,[R0, #+0]
   \   00000300   0x....             LDR.N    R1,??DataTable4_33
   \   00000302   0x6008             STR      R0,[R1, #+0]
    289              }
    290              if(roror4 < motor_min)
   \                     ??rotor_out_10: (+1)
   \   00000304   0x....             LDR.N    R0,??DataTable4_34
   \   00000306   0x6800             LDR      R0,[R0, #+0]
   \   00000308   0x....             LDR.N    R1,??DataTable4_36
   \   0000030A   0x6809             LDR      R1,[R1, #+0]
   \   0000030C   0x4288             CMP      R0,R1
   \   0000030E   0xDA03             BGE.N    ??rotor_out_11
    291              {
    292                roror4 = motor_min;
   \   00000310   0x....             LDR.N    R0,??DataTable4_36
   \   00000312   0x6800             LDR      R0,[R0, #+0]
   \   00000314   0x....             LDR.N    R1,??DataTable4_34
   \   00000316   0x6008             STR      R0,[R1, #+0]
    293              }
    294            if(0)
    295            {
    296              roror1 = fanIniSpd;
    297              roror2 = fanIniSpd;
    298              roror3 = fanIniSpd;
    299              roror4 = fanIniSpd;
    300            }
    301              FTM_PWM_ChangeDuty(FTM3, FTM_Ch0, roror1);
   \                     ??rotor_out_11: (+1)
   \   00000318   0x....             LDR.N    R0,??DataTable4_31
   \   0000031A   0x6802             LDR      R2,[R0, #+0]
   \   0000031C   0x2100             MOVS     R1,#+0
   \   0000031E   0x....             LDR.N    R0,??DataTable4_37  ;; 0x400b9000
   \   00000320   0x.... 0x....      BL       FTM_PWM_ChangeDuty
    302              FTM_PWM_ChangeDuty(FTM3, FTM_Ch1, roror2);  
   \   00000324   0x....             LDR.N    R0,??DataTable4_32
   \   00000326   0xE001             B.N      ??rotor_out_12
   \                     ??rotor_out_0:
   \   00000328   0x41C80001         DC32     0x41c80001
   \                     ??rotor_out_12: (+1)
   \   0000032C   0x6802             LDR      R2,[R0, #+0]
   \   0000032E   0x2101             MOVS     R1,#+1
   \   00000330   0x....             LDR.N    R0,??DataTable4_37  ;; 0x400b9000
   \   00000332   0x.... 0x....      BL       FTM_PWM_ChangeDuty
    303              FTM_PWM_ChangeDuty(FTM3, FTM_Ch2, roror3);
   \   00000336   0x....             LDR.N    R0,??DataTable4_33
   \   00000338   0x6802             LDR      R2,[R0, #+0]
   \   0000033A   0x2102             MOVS     R1,#+2
   \   0000033C   0x....             LDR.N    R0,??DataTable4_37  ;; 0x400b9000
   \   0000033E   0x.... 0x....      BL       FTM_PWM_ChangeDuty
    304              FTM_PWM_ChangeDuty(FTM3, FTM_Ch3, roror4);
   \   00000342   0x....             LDR.N    R0,??DataTable4_34
   \   00000344   0x6802             LDR      R2,[R0, #+0]
   \   00000346   0x2103             MOVS     R1,#+3
   \   00000348   0x....             LDR.N    R0,??DataTable4_37  ;; 0x400b9000
   \   0000034A   0x.... 0x....      BL       FTM_PWM_ChangeDuty
    305              
    306          //    FTM_PWM_ChangeDuty(FTM3, FTM_Ch4, limiter(3500, 7500, EVB.ConstSpd * 10 + 3500));
    307          //    FTM_PWM_ChangeDuty(FTM3, FTM_Ch5, limiter(2000, 7500, EVB.Pitch * 10 + 8000));  
    308          //    FTM_PWM_ChangeDuty(FTM3, FTM_Ch6, limiter(2500, 5500, EVB.Roll * 10 + 8500));
    309            //  FTM_PWM_ChangeDuty(FTM3, FTM_Ch7, limiter());
    310                   
    311          
    312              
    313          }
   \                     ??rotor_out_13: (+1)
   \   0000034E   0xECBD 0x8B04      VPOP     {D8-D9}
   \   00000352   0xBD01             POP      {R0,PC}          ;; return

   \                                 In section .data, align 4
   \                     `rotor_out()::motor_max`:
   \   00000000   0x00001F40         DC32 8000

   \                                 In section .data, align 4
   \                     `rotor_out()::motor_min`:
   \   00000000   0x00001036         DC32 4150
    314          
    315          template<typename T>
    316          T limiter(T lowerLimit, T upperLimit, T data)
    317          {
    318            if(data > upperLimit)
    319            {
    320              data = upperLimit;
    321            }
    322            else if(data < lowerLimit)
    323            {
    324              data = lowerLimit;
    325            }
    326            return data;
    327          }
    328          

   \                                 In section .text, align 2, keep-with-next
    329          void fan_ini()
    330          {
   \                     _Z7fan_iniv: (+1)
   \   00000000   0xB580             PUSH     {R7,LR}
    331          #if THIS_PLANE == QAV250
    332            FTM_PWM_ChangeDuty(FTM3, FTM_Ch0, 4000);
    333            FTM_PWM_ChangeDuty(FTM3, FTM_Ch1, 4000);
    334            FTM_PWM_ChangeDuty(FTM3, FTM_Ch2, 4000);
    335            FTM_PWM_ChangeDuty(FTM3, FTM_Ch3, 4000);
    336          #else
    337            FTM_PWM_ChangeDuty(FTM3, FTM_Ch0, 4000);
   \   00000002   0xF44F 0x627A      MOV      R2,#+4000
   \   00000006   0x2100             MOVS     R1,#+0
   \   00000008   0x....             LDR.N    R0,??DataTable4_37  ;; 0x400b9000
   \   0000000A   0x.... 0x....      BL       FTM_PWM_ChangeDuty
    338            FTM_PWM_ChangeDuty(FTM3, FTM_Ch1, 4000);
   \   0000000E   0xF44F 0x627A      MOV      R2,#+4000
   \   00000012   0x2101             MOVS     R1,#+1
   \   00000014   0x....             LDR.N    R0,??DataTable4_37  ;; 0x400b9000
   \   00000016   0x.... 0x....      BL       FTM_PWM_ChangeDuty
    339            FTM_PWM_ChangeDuty(FTM3, FTM_Ch2, 4000);
   \   0000001A   0xF44F 0x627A      MOV      R2,#+4000
   \   0000001E   0x2102             MOVS     R1,#+2
   \   00000020   0x....             LDR.N    R0,??DataTable4_37  ;; 0x400b9000
   \   00000022   0x.... 0x....      BL       FTM_PWM_ChangeDuty
    340            FTM_PWM_ChangeDuty(FTM3, FTM_Ch3, 4000);
   \   00000026   0xF44F 0x627A      MOV      R2,#+4000
   \   0000002A   0x2103             MOVS     R1,#+3
   \   0000002C   0x....             LDR.N    R0,??DataTable4_37  ;; 0x400b9000
   \   0000002E   0x.... 0x....      BL       FTM_PWM_ChangeDuty
    341          #endif
    342          }
   \                     ??fan_ini_0: (+1)
   \   00000032   0xBD01             POP      {R0,PC}          ;; return
    343          
    344          //int abs(int value)
    345          //{
    346          //  if(value>=0)
    347          //    return value;
    348          //  else
    349          //    return -value;
    350          //
    351          //}
    352          

   \                                 In section .text, align 2, keep-with-next
    353          int max(int a, int b)
    354          {
    355            return a>b?a:b;
   \                     _Z3maxii: (+1)
   \   00000000   0x4281             CMP      R1,R0
   \   00000002   0xDB00             BLT.N    ??max_0
   \                     ??max_1: (+1)
   \   00000004   0x0008             MOVS     R0,R1
   \                     ??max_0: (+1)
   \   00000006   0x4770             BX       LR               ;; return
    356          }

   \                                 In section .text, align 4, keep-with-next
   \                     ??DataTable0:
   \   00000000   0x3ECCCCCD         DC32     0x3ecccccd

   \                                 In section .text, align 4, keep-with-next
   \                     ??DataTable0_1:
   \   00000000   0xBECCCCCC         DC32     0xbecccccc

   \                                 In section .text, align 4, keep-with-next
   \                     ??DataTable1:
   \   00000000   0x459C4000         DC32     0x459c4000

   \                                 In section .text, align 4, keep-with-next
   \                     ??DataTable2:
   \   00000000   0x43B40001         DC32     0x43b40001

   \                                 In section .text, align 4, keep-with-next
   \                     ??DataTable2_1:
   \   00000000   0xC3B40000         DC32     0xc3b40000

   \                                 In section .text, align 4, keep-with-next
   \                     ??DataTable2_2:
   \   00000000   0x43B40000         DC32     0x43b40000

   \                                 In section .text, align 4, keep-with-next
   \                     ??DataTable2_3:
   \   00000000   0x43340001         DC32     0x43340001

   \                                 In section .text, align 4, keep-with-next
   \                     ??DataTable2_4:
   \   00000000   0xC3340000         DC32     0xc3340000

   \                                 In section .text, align 4, keep-with-next
   \                     ??DataTable3:
   \   00000000   0x00000000         DC32     0x0

   \                                 In section .text, align 4, keep-with-next
   \                     ??DataTable4:
   \   00000000   0x........         DC32     dis_set_hight

   \                                 In section .text, align 4, keep-with-next
   \                     ??DataTable4_1:
   \   00000000   0x........         DC32     command

   \                                 In section .text, align 4, keep-with-next
   \                     ??DataTable4_2:
   \   00000000   0x........         DC32     t

   \                                 In section .text, align 4, keep-with-next
   \                     ??DataTable4_3:
   \   00000000   0x........         DC32     positionZ

   \                                 In section .text, align 4, keep-with-next
   \                     ??DataTable4_4:
   \   00000000   0x........         DC32     positionX

   \                                 In section .text, align 4, keep-with-next
   \                     ??DataTable4_5:
   \   00000000   0x........         DC32     positionY

   \                                 In section .text, align 4, keep-with-next
   \                     ??DataTable4_6:
   \   00000000   0x........         DC32     EKF_AHRS

   \                                 In section .text, align 4, keep-with-next
   \                     ??DataTable4_7:
   \   00000000   0x........         DC32     positionX_vel

   \                                 In section .text, align 4, keep-with-next
   \                     ??DataTable4_8:
   \   00000000   0xBECCCCCD         DC32     0xbecccccd

   \                                 In section .text, align 4, keep-with-next
   \                     ??DataTable4_9:
   \   00000000   0x........         DC32     positionY_vel

   \                                 In section .text, align 4, keep-with-next
   \                     ??DataTable4_10:
   \   00000000   0x........         DC32     positionZ_vel

   \                                 In section .text, align 4, keep-with-next
   \                     ??DataTable4_11:
   \   00000000   0x........         DC32     EVB

   \                                 In section .text, align 4, keep-with-next
   \                     ??DataTable4_12:
   \   00000000   0xFFFFFE70         DC32     0xfffffe70

   \                                 In section .text, align 4, keep-with-next
   \                     ??DataTable4_13:
   \   00000000   0x........         DC32     flightMode

   \                                 In section .text, align 4, keep-with-next
   \                     ??DataTable4_14:
   \   00000000   0x........         DC32     angleX

   \                                 In section .text, align 4, keep-with-next
   \                     ??DataTable4_15:
   \   00000000   0x........         DC32     angleY

   \                                 In section .text, align 4, keep-with-next
   \                     ??DataTable4_16:
   \   00000000   0x........         DC32     EVB+0x6F4

   \                                 In section .text, align 4, keep-with-next
   \                     ??DataTable4_17:
   \   00000000   0x........         DC32     EVB+0x6F8

   \                                 In section .text, align 4, keep-with-next
   \                     ??DataTable4_18:
   \   00000000   0x........         DC32     angleZ

   \                                 In section .text, align 4, keep-with-next
   \                     ??DataTable4_19:
   \   00000000   0x........         DC32     roll1

   \                                 In section .text, align 4, keep-with-next
   \                     ??DataTable4_20:
   \   00000000   0x........         DC32     pitch1

   \                                 In section .text, align 4, keep-with-next
   \                     ??DataTable4_21:
   \   00000000   0x........         DC32     yaw1

   \                                 In section .text, align 4, keep-with-next
   \                     ??DataTable4_22:
   \   00000000   0x........         DC32     MPU6000

   \                                 In section .text, align 4, keep-with-next
   \                     ??DataTable4_23:
   \   00000000   0x........         DC32     gyroX

   \                                 In section .text, align 4, keep-with-next
   \                     ??DataTable4_24:
   \   00000000   0x........         DC32     gyroY

   \                                 In section .text, align 4, keep-with-next
   \                     ??DataTable4_25:
   \   00000000   0x........         DC32     gyroZ

   \                                 In section .text, align 4, keep-with-next
   \                     ??DataTable4_26:
   \   00000000   0x........         DC32     compensation

   \                                 In section .text, align 4, keep-with-next
   \                     ??DataTable4_27:
   \   00000000   0x........         DC32     ControlOutput_ZChannel

   \                                 In section .text, align 4, keep-with-next
   \                     ??DataTable4_28:
   \   00000000   0x404CA666         DC32     0x404ca666

   \                                 In section .text, align 4, keep-with-next
   \                     ??DataTable4_29:
   \   00000000   0x........         DC32     controlOutput

   \                                 In section .text, align 4, keep-with-next
   \                     ??DataTable4_30:
   \   00000000   0x........         DC32     fanIniSpd

   \                                 In section .text, align 4, keep-with-next
   \                     ??DataTable4_31:
   \   00000000   0x........         DC32     roror1

   \                                 In section .text, align 4, keep-with-next
   \                     ??DataTable4_32:
   \   00000000   0x........         DC32     roror2

   \                                 In section .text, align 4, keep-with-next
   \                     ??DataTable4_33:
   \   00000000   0x........         DC32     roror3

   \                                 In section .text, align 4, keep-with-next
   \                     ??DataTable4_34:
   \   00000000   0x........         DC32     roror4

   \                                 In section .text, align 4, keep-with-next
   \                     ??DataTable4_35:
   \   00000000   0x........         DC32     `rotor_out()::motor_max`

   \                                 In section .text, align 4, keep-with-next
   \                     ??DataTable4_36:
   \   00000000   0x........         DC32     `rotor_out()::motor_min`

   \                                 In section .text, align 4, keep-with-next
   \                     ??DataTable4_37:
   \   00000000   0x400B9000         DC32     0x400b9000
    357          
    358          
    359          

   Maximum stack usage in bytes:

   .cstack Function
   ------- --------
       8   control_angle()
         8   -> PID_controler(PID_Controller *)
         8   -> calculateI(PID_Controller *)
         8   -> fuzzyPID(PID_Controller *)
         8   -> useConstantKpKiKd(PID_Controller *)
       8   control_gyro()
         8   -> PID_controler(PID_Controller *)
         8   -> calculateD_partial(PID_Controller *)
         8   -> calculateI(PID_Controller *)
         8   -> fuzzyPID(PID_Controller *)
         8   -> useConstantKpKiKd(PID_Controller *)
       8   control_position()
         8   -> CoordinateElement::calculateD(int)
         8   -> CoordinateElement::operator float()
         8   -> CoordinateElement::operator=(float)
         8   -> PID_controler(PID_Controller *)
         8   -> calculateD_full(PID_Controller *)
         8   -> calculateI(PID_Controller *)
         8   -> useConstantKpKiKd(PID_Controller *)
       8   fan_ini()
         8   -> FTM_PWM_ChangeDuty
       0   max(int, int)
      24   rotor_out()
        24   -> FTM_PWM_ChangeDuty
        24   -> __aeabi_d2f
        24   -> __aeabi_ddiv
        24   -> __aeabi_f2d
        24   -> arm_cos_f32


   Section sizes:

   Bytes  Function/Label
   -----  --------------
       4  ??DataTable0
       4  ??DataTable0_1
       4  ??DataTable1
       4  ??DataTable2
       4  ??DataTable2_1
       4  ??DataTable2_2
       4  ??DataTable2_3
       4  ??DataTable2_4
       4  ??DataTable3
       4  ??DataTable4
       4  ??DataTable4_1
       4  ??DataTable4_10
       4  ??DataTable4_11
       4  ??DataTable4_12
       4  ??DataTable4_13
       4  ??DataTable4_14
       4  ??DataTable4_15
       4  ??DataTable4_16
       4  ??DataTable4_17
       4  ??DataTable4_18
       4  ??DataTable4_19
       4  ??DataTable4_2
       4  ??DataTable4_20
       4  ??DataTable4_21
       4  ??DataTable4_22
       4  ??DataTable4_23
       4  ??DataTable4_24
       4  ??DataTable4_25
       4  ??DataTable4_26
       4  ??DataTable4_27
       4  ??DataTable4_28
       4  ??DataTable4_29
       4  ??DataTable4_3
       4  ??DataTable4_30
       4  ??DataTable4_31
       4  ??DataTable4_32
       4  ??DataTable4_33
       4  ??DataTable4_34
       4  ??DataTable4_35
       4  ??DataTable4_36
       4  ??DataTable4_37
       4  ??DataTable4_4
       4  ??DataTable4_5
       4  ??DataTable4_6
       4  ??DataTable4_7
       4  ??DataTable4_8
       4  ??DataTable4_9
       4  compensation
     650  control_angle()
     320  control_gyro()
     878  control_position()
      52  fan_ini()
       8  max(int, int)
       4  motor_max
       4  motor_min
     852  rotor_out()
      52  -- Other

 
    40 bytes in section .ARM.exidx
    12 bytes in section .ARM.extab
     4 bytes in section .bss
     8 bytes in section .data
 2 948 bytes in section .text
 
 2 948 bytes of CODE  memory
    52 bytes of CONST memory
    12 bytes of DATA  memory

Errors: none
Warnings: none
