###############################################################################
#
# IAR ANSI C/C++ Compiler V8.11.2.13589/W32 for ARM       18/Jun/2018  19:47:55
# Copyright 1999-2017 IAR Systems AB.
#
#    Cpu mode     =  thumb
#    Endian       =  little
#    Source file  =  
#        C:\Users\xsk19940910\Desktop\flightController-1\flightController-1\program\app\Ftm1.c
#    Command line =  
#        -f C:\Users\XSK199~1\AppData\Local\Temp\EW1417.tmp
#        (C:\Users\xsk19940910\Desktop\flightController-1\flightController-1\program\app\Ftm1.c
#        -D K60 -D USE_K60F15 -D ARM_MATH_CM4 -D __FPU_PRESENT=1 -D
#        __FPU_USED=1 -lCN
#        C:\Users\xsk19940910\Desktop\flightController-1\flightController-1\program\iar\RAM\List
#        -lB
#        C:\Users\xsk19940910\Desktop\flightController-1\flightController-1\program\iar\RAM\List
#        -o
#        C:\Users\xsk19940910\Desktop\flightController-1\flightController-1\program\iar\RAM\Obj
#        --no_cse --no_unroll --no_inline --no_code_motion --no_tbaa
#        --no_clustering --no_scheduling --debug --endian=little
#        --cpu=Cortex-M4 -e --fpu=VFPv4_sp --dlib_config
#        D:\iar\arm\INC\c\DLib_Config_Normal.h -I
#        C:\Users\xsk19940910\Desktop\flightController-1\flightController-1\program\iar\..\app\
#        -I
#        C:\Users\xsk19940910\Desktop\flightController-1\flightController-1\program\iar\..\app\Sensor\
#        -I
#        C:\Users\xsk19940910\Desktop\flightController-1\flightController-1\program\iar\..\lib\CPU\
#        -I
#        C:\Users\xsk19940910\Desktop\flightController-1\flightController-1\program\iar\..\lib\common\
#        -I
#        C:\Users\xsk19940910\Desktop\flightController-1\flightController-1\program\iar\..\lib\LPLD\
#        -I
#        C:\Users\xsk19940910\Desktop\flightController-1\flightController-1\program\iar\..\lib\LPLD\HW\
#        -I
#        C:\Users\xsk19940910\Desktop\flightController-1\flightController-1\program\iar\..\lib\LPLD\DEV\
#        -I
#        C:\Users\xsk19940910\Desktop\flightController-1\flightController-1\program\iar\..\lib\LPLD\FUNC\
#        -I
#        C:\Users\xsk19940910\Desktop\flightController-1\flightController-1\program\iar\..\lib\uCOS-II\Ports\
#        -I
#        C:\Users\xsk19940910\Desktop\flightController-1\flightController-1\program\iar\..\lib\uCOS-II\Source\
#        -I
#        C:\Users\xsk19940910\Desktop\flightController-1\flightController-1\program\iar\..\lib\FatFs\
#        -I
#        C:\Users\xsk19940910\Desktop\flightController-1\flightController-1\program\iar\..\lib\FatFs\option\
#        -I
#        C:\Users\xsk19940910\Desktop\flightController-1\flightController-1\program\iar\..\lib\USB\common\
#        -I
#        C:\Users\xsk19940910\Desktop\flightController-1\flightController-1\program\iar\..\lib\USB\driver\
#        -I
#        C:\Users\xsk19940910\Desktop\flightController-1\flightController-1\program\iar\..\lib\USB\descriptor\
#        -I
#        C:\Users\xsk19940910\Desktop\flightController-1\flightController-1\program\iar\..\lib\USB\class\
#        -On --c++ -I D:\iar\arm\CMSIS\Include\ -D ARM_MATH_CM4)
#    Locale       =  C
#    List file    =  
#        C:\Users\xsk19940910\Desktop\flightController-1\flightController-1\program\iar\RAM\List\Ftm1.lst
#    Object file  =  
#        C:\Users\xsk19940910\Desktop\flightController-1\flightController-1\program\iar\RAM\Obj\Ftm1.o
#
###############################################################################

C:\Users\xsk19940910\Desktop\flightController-1\flightController-1\program\app\Ftm1.c
      1          
      2          #include "Ftm1.h"

   \                                 In section .text, align 2
   \   __interwork __softfp uint8 GPIO_Input_b(GPIO_Type *, uint8)
   \                     GPIO_Input_b: (+1)
   \   00000000   0x6900             LDR      R0,[R0, #+16]
   \   00000002   0x40C8             LSRS     R0,R0,R1
   \   00000004   0xF010 0x0001      ANDS     R0,R0,#0x1
   \   00000008   0x4770             BX       LR               ;; return

   \                                 In section .text, align 2
   \   __interwork __softfp boolean FTM_IsCHnF(FTM_Type *, FtmChnEnum)
   \                     FTM_IsCHnF: (+1)
   \   00000000   0xB2C9             UXTB     R1,R1            ;; ZeroExt  R1,R1,#+24,#+24
   \   00000002   0xEB00 0x00C1      ADD      R0,R0,R1, LSL #+3
   \   00000006   0x68C0             LDR      R0,[R0, #+12]
   \   00000008   0xF3C0 0x10C0      UBFX     R0,R0,#+7,#+1
   \   0000000C   0xB2C0             UXTB     R0,R0            ;; ZeroExt  R0,R0,#+24,#+24
   \   0000000E   0x4770             BX       LR               ;; return

   \                                 In section .text, align 2
   \   __interwork __softfp uint16 FTM_GetChVal(FTM_Type *, FtmChnEnum)
   \                     FTM_GetChVal: (+1)
   \   00000000   0xB2C9             UXTB     R1,R1            ;; ZeroExt  R1,R1,#+24,#+24
   \   00000002   0xEB00 0x00C1      ADD      R0,R0,R1, LSL #+3
   \   00000006   0x6900             LDR      R0,[R0, #+16]
   \   00000008   0xB280             UXTH     R0,R0            ;; ZeroExt  R0,R0,#+16,#+16
   \   0000000A   0x4770             BX       LR               ;; return

   \                                 In section .text, align 2
   \   __interwork __softfp void FTM_ClearCHnF(FTM_Type *, FtmChnEnum)
   \                     FTM_ClearCHnF: (+1)
   \   00000000   0xB2C9             UXTB     R1,R1            ;; ZeroExt  R1,R1,#+24,#+24
   \   00000002   0xEB00 0x02C1      ADD      R2,R0,R1, LSL #+3
   \   00000006   0x68D2             LDR      R2,[R2, #+12]
   \   00000008   0xF032 0x0280      BICS     R2,R2,#0x80
   \   0000000C   0xB2C9             UXTB     R1,R1            ;; ZeroExt  R1,R1,#+24,#+24
   \   0000000E   0xEB00 0x03C1      ADD      R3,R0,R1, LSL #+3
   \   00000012   0x60DA             STR      R2,[R3, #+12]
   \   00000014   0x4770             BX       LR               ;; return
      3          extern "C"{
      4            #include "GPIO.h"

   \                                 In section .bss, align 4
      5          static int Remote_Leftknob,Remote_Roll,accelerator,rotate,Remote_Throttle,rotaryknob,Remote_Yaw,
   \                     Remote_Leftknob:
   \   00000000                      DS8 4

   \                                 In section .bss, align 4
   \                     Remote_Roll:
   \   00000000                      DS8 4

   \                                 In section .bss, align 4
   \                     accelerator:
   \   00000000                      DS8 4

   \                                 In section .bss, align 4
   \                     rotate:
   \   00000000                      DS8 4

   \                                 In section .bss, align 4
   \                     Remote_Throttle:
   \   00000000                      DS8 4

   \                                 In section .bss, align 4
   \                     rotaryknob:
   \   00000000                      DS8 4

   \                                 In section .bss, align 4
   \                     Remote_Yaw:
   \   00000000                      DS8 4

   \                                 In section .bss, align 4
      6                          Remote_Pitch,old0,old1,old2,old3,old4,old5,old6,old7;
   \                     Remote_Pitch:
   \   00000000                      DS8 4

   \                                 In section .bss, align 4
   \                     old0:
   \   00000000                      DS8 4

   \                                 In section .bss, align 4
   \                     old1:
   \   00000000                      DS8 4

   \                                 In section .bss, align 4
   \                     old2:
   \   00000000                      DS8 4

   \                                 In section .bss, align 4
   \                     old3:
   \   00000000                      DS8 4

   \                                 In section .bss, align 4
   \                     old4:
   \   00000000                      DS8 4

   \                                 In section .bss, align 4
   \                     old5:
   \   00000000                      DS8 4

   \                                 In section .bss, align 4
   \                     old6:
   \   00000000                      DS8 4

   \                                 In section .bss, align 4
   \                     old7:
   \   00000000                      DS8 4

   \                                 In section .bss, align 4
      7          FTM_InitTypeDef ftm_init_structure1;
   \                     ftm_init_structure1:
   \   00000000                      DS8 28

   \                                 In section .bss, align 4
      8          uint32 cnt1,cnt11,cnt12,cnt0,cnt01,cnt02,cnt2,cnt21,cnt22,cnt3,cnt31,cnt32,cnt4,cnt41,cnt42,cnt5,cnt51,cnt52,cnt6,cnt61,cnt62,cnt7,cnt71,cnt72;
   \                     cnt1:
   \   00000000                      DS8 4

   \                                 In section .bss, align 4
   \                     cnt11:
   \   00000000                      DS8 4

   \                                 In section .bss, align 4
   \                     cnt12:
   \   00000000                      DS8 4

   \                                 In section .bss, align 4
   \                     cnt0:
   \   00000000                      DS8 4

   \                                 In section .bss, align 4
   \                     cnt01:
   \   00000000                      DS8 4

   \                                 In section .bss, align 4
   \                     cnt02:
   \   00000000                      DS8 4

   \                                 In section .bss, align 4
   \                     cnt2:
   \   00000000                      DS8 4

   \                                 In section .bss, align 4
   \                     cnt21:
   \   00000000                      DS8 4

   \                                 In section .bss, align 4
   \                     cnt22:
   \   00000000                      DS8 4

   \                                 In section .bss, align 4
   \                     cnt3:
   \   00000000                      DS8 4

   \                                 In section .bss, align 4
   \                     cnt31:
   \   00000000                      DS8 4

   \                                 In section .bss, align 4
   \                     cnt32:
   \   00000000                      DS8 4

   \                                 In section .bss, align 4
   \                     cnt4:
   \   00000000                      DS8 4

   \                                 In section .bss, align 4
   \                     cnt41:
   \   00000000                      DS8 4

   \                                 In section .bss, align 4
   \                     cnt42:
   \   00000000                      DS8 4

   \                                 In section .bss, align 4
   \                     cnt5:
   \   00000000                      DS8 4

   \                                 In section .bss, align 4
   \                     cnt51:
   \   00000000                      DS8 4

   \                                 In section .bss, align 4
   \                     cnt52:
   \   00000000                      DS8 4

   \                                 In section .bss, align 4
   \                     cnt6:
   \   00000000                      DS8 4

   \                                 In section .bss, align 4
   \                     cnt61:
   \   00000000                      DS8 4

   \                                 In section .bss, align 4
   \                     cnt62:
   \   00000000                      DS8 4

   \                                 In section .bss, align 4
   \                     cnt7:
   \   00000000                      DS8 4

   \                                 In section .bss, align 4
   \                     cnt71:
   \   00000000                      DS8 4

   \                                 In section .bss, align 4
   \                     cnt72:
   \   00000000                      DS8 4

   \                                 In section .text, align 4, keep-with-next
      9          void ic_isr(void)	
     10          {
   \                     ic_isr: (+1)
   \   00000000   0xB580             PUSH     {R7,LR}
     11            
     12            if(FTM_IsCHnF(FTM0, FTM_Ch0))	
   \   00000002   0x2100             MOVS     R1,#+0
   \   00000004   0xF8DF 0x0628      LDR.W    R0,??ic_isr_0    ;; 0x40038000
   \   00000008   0x.... 0x....      BL       FTM_IsCHnF
   \   0000000C   0x2800             CMP      R0,#+0
   \   0000000E   0xD001             BEQ.N    ??ic_isr_1
   \   00000010   0x2001             MOVS     R0,#+1
   \   00000012   0xE000             B.N      ??ic_isr_2
   \                     ??ic_isr_1: (+1)
   \   00000014   0x2000             MOVS     R0,#+0
   \                     ??ic_isr_2: (+1)
   \   00000016   0xB2C0             UXTB     R0,R0            ;; ZeroExt  R0,R0,#+24,#+24
   \   00000018   0x2800             CMP      R0,#+0
   \   0000001A   0xD065             BEQ.N    ??ic_isr_3
     13            {
     14              //cnt1=FTM_GetChVal(FTM0, FTM_Ch0);
     15              //GPIO_Init(gpio_init_structure1);
     16              cnt0=GPIO_Input_b(PTC,1);
   \   0000001C   0x2101             MOVS     R1,#+1
   \   0000001E   0xF8DF 0x0614      LDR.W    R0,??ic_isr_0+0x4  ;; 0x400ff080
   \   00000022   0x.... 0x....      BL       GPIO_Input_b
   \   00000026   0xF8DF 0x1610      LDR.W    R1,??ic_isr_0+0x8
   \   0000002A   0x6008             STR      R0,[R1, #+0]
     17             
     18              if(cnt0==1)
   \   0000002C   0xF8DF 0x0608      LDR.W    R0,??ic_isr_0+0x8
   \   00000030   0x6800             LDR      R0,[R0, #+0]
   \   00000032   0x2801             CMP      R0,#+1
   \   00000034   0xD108             BNE.N    ??ic_isr_4
     19              {
     20                cnt01=FTM_GetChVal(FTM0, FTM_Ch0); 
   \   00000036   0x2100             MOVS     R1,#+0
   \   00000038   0xF8DF 0x05F4      LDR.W    R0,??ic_isr_0    ;; 0x40038000
   \   0000003C   0x.... 0x....      BL       FTM_GetChVal
   \   00000040   0xF8DF 0x15F8      LDR.W    R1,??ic_isr_0+0xC
   \   00000044   0x6008             STR      R0,[R1, #+0]
   \   00000046   0xE00C             B.N      ??ic_isr_5
     21              }
     22              else if(cnt0==0)
   \                     ??ic_isr_4: (+1)
   \   00000048   0xF8DF 0x05EC      LDR.W    R0,??ic_isr_0+0x8
   \   0000004C   0x6800             LDR      R0,[R0, #+0]
   \   0000004E   0x2800             CMP      R0,#+0
   \   00000050   0xD107             BNE.N    ??ic_isr_5
     23              {
     24                cnt02=FTM_GetChVal(FTM0, FTM_Ch0); 
   \   00000052   0x2100             MOVS     R1,#+0
   \   00000054   0xF8DF 0x05D8      LDR.W    R0,??ic_isr_0    ;; 0x40038000
   \   00000058   0x.... 0x....      BL       FTM_GetChVal
   \   0000005C   0xF8DF 0x15E0      LDR.W    R1,??ic_isr_0+0x10
   \   00000060   0x6008             STR      R0,[R1, #+0]
     25              }
     26              if(cnt02>=cnt01)
   \                     ??ic_isr_5: (+1)
   \   00000062   0xF8DF 0x05DC      LDR.W    R0,??ic_isr_0+0x10
   \   00000066   0x6800             LDR      R0,[R0, #+0]
   \   00000068   0xF8DF 0x15D0      LDR.W    R1,??ic_isr_0+0xC
   \   0000006C   0x6809             LDR      R1,[R1, #+0]
   \   0000006E   0x4288             CMP      R0,R1
   \   00000070   0xD334             BCC.N    ??ic_isr_6
     27              {
     28                Remote_Leftknob=cnt02-cnt01;
   \   00000072   0xF8DF 0x05CC      LDR.W    R0,??ic_isr_0+0x10
   \   00000076   0x6801             LDR      R1,[R0, #+0]
   \   00000078   0xF8DF 0x05C0      LDR.W    R0,??ic_isr_0+0xC
   \   0000007C   0x6800             LDR      R0,[R0, #+0]
   \   0000007E   0x1A09             SUBS     R1,R1,R0
   \   00000080   0xF8DF 0x05C0      LDR.W    R0,??ic_isr_0+0x14
   \   00000084   0x6001             STR      R1,[R0, #+0]
     29                if(Remote_Leftknob>1000)Remote_Leftknob=old0;
   \   00000086   0xF8DF 0x05BC      LDR.W    R0,??ic_isr_0+0x14
   \   0000008A   0x6800             LDR      R0,[R0, #+0]
   \   0000008C   0xF240 0x31E9      MOVW     R1,#+1001
   \   00000090   0x4288             CMP      R0,R1
   \   00000092   0xDB05             BLT.N    ??ic_isr_7
   \   00000094   0xF8DF 0x05B0      LDR.W    R0,??ic_isr_0+0x18
   \   00000098   0x6800             LDR      R0,[R0, #+0]
   \   0000009A   0xF8DF 0x15A8      LDR.W    R1,??ic_isr_0+0x14
   \   0000009E   0x6008             STR      R0,[R1, #+0]
     30                old0=Remote_Leftknob;
   \                     ??ic_isr_7: (+1)
   \   000000A0   0xF8DF 0x05A0      LDR.W    R0,??ic_isr_0+0x14
   \   000000A4   0x6800             LDR      R0,[R0, #+0]
   \   000000A6   0xF8DF 0x15A0      LDR.W    R1,??ic_isr_0+0x18
   \   000000AA   0x6008             STR      R0,[R1, #+0]
     31                
     32                Remote_Leftknob -= 700;
   \   000000AC   0xF8DF 0x0594      LDR.W    R0,??ic_isr_0+0x14
   \   000000B0   0x6800             LDR      R0,[R0, #+0]
   \   000000B2   0xF5B0 0x702F      SUBS     R0,R0,#+700
   \   000000B6   0xF8DF 0x158C      LDR.W    R1,??ic_isr_0+0x14
   \   000000BA   0x6008             STR      R0,[R1, #+0]
     33                Remote_Leftknob *= 3.157;
   \   000000BC   0xF8DF 0x0584      LDR.W    R0,??ic_isr_0+0x14
   \   000000C0   0x6800             LDR      R0,[R0, #+0]
   \   000000C2   0x.... 0x....      BL       __aeabi_i2d
   \   000000C6   0xF8DF 0x2584      LDR.W    R2,??ic_isr_0+0x1C  ;; 0x374bc6a8
   \   000000CA   0xF8DF 0x3584      LDR.W    R3,??ic_isr_0+0x20  ;; 0x40094189
   \   000000CE   0x.... 0x....      BL       __aeabi_dmul
   \   000000D2   0x.... 0x....      BL       __aeabi_d2iz
   \   000000D6   0xF8DF 0x156C      LDR.W    R1,??ic_isr_0+0x14
   \   000000DA   0x6008             STR      R0,[R1, #+0]
     34              }
     35              /*
     36              duty=cnt-cnt1;
     37              cyc=cnt-cnt2;
     38              cnt2=cnt1;
     39              cnt1=cnt;*/
     40              //Freq0=(g_bus_clock/FTM_GetClkDiv(FTM0))/cnt; 	
     41              //FTM_ClearCounter(FTM0);	
     42              FTM_ClearCHnF(FTM0, FTM_Ch0); 	
   \                     ??ic_isr_6: (+1)
   \   000000DC   0x2100             MOVS     R1,#+0
   \   000000DE   0xF8DF 0x0550      LDR.W    R0,??ic_isr_0    ;; 0x40038000
   \   000000E2   0x.... 0x....      BL       FTM_ClearCHnF
   \   000000E6   0xE2A1             B.N      ??ic_isr_8
     43            }	
     44             else if(FTM_IsCHnF(FTM0, FTM_Ch1))	
   \                     ??ic_isr_3: (+1)
   \   000000E8   0x2101             MOVS     R1,#+1
   \   000000EA   0xF8DF 0x0544      LDR.W    R0,??ic_isr_0    ;; 0x40038000
   \   000000EE   0x.... 0x....      BL       FTM_IsCHnF
   \   000000F2   0x2800             CMP      R0,#+0
   \   000000F4   0xD001             BEQ.N    ??ic_isr_9
   \   000000F6   0x2001             MOVS     R0,#+1
   \   000000F8   0xE000             B.N      ??ic_isr_10
   \                     ??ic_isr_9: (+1)
   \   000000FA   0x2000             MOVS     R0,#+0
   \                     ??ic_isr_10: (+1)
   \   000000FC   0xB2C0             UXTB     R0,R0            ;; ZeroExt  R0,R0,#+24,#+24
   \   000000FE   0x2800             CMP      R0,#+0
   \   00000100   0xD065             BEQ.N    ??ic_isr_11
     45            {
     46              cnt1=GPIO_Input_b(PTC,2);
   \   00000102   0x2102             MOVS     R1,#+2
   \   00000104   0xF8DF 0x052C      LDR.W    R0,??ic_isr_0+0x4  ;; 0x400ff080
   \   00000108   0x.... 0x....      BL       GPIO_Input_b
   \   0000010C   0xF8DF 0x1544      LDR.W    R1,??ic_isr_0+0x24
   \   00000110   0x6008             STR      R0,[R1, #+0]
     47              if(cnt1==1)
   \   00000112   0xF8DF 0x0540      LDR.W    R0,??ic_isr_0+0x24
   \   00000116   0x6800             LDR      R0,[R0, #+0]
   \   00000118   0x2801             CMP      R0,#+1
   \   0000011A   0xD108             BNE.N    ??ic_isr_12
     48              {
     49                cnt11=FTM_GetChVal(FTM0, FTM_Ch1); 
   \   0000011C   0x2101             MOVS     R1,#+1
   \   0000011E   0xF8DF 0x0510      LDR.W    R0,??ic_isr_0    ;; 0x40038000
   \   00000122   0x.... 0x....      BL       FTM_GetChVal
   \   00000126   0xF8DF 0x1530      LDR.W    R1,??ic_isr_0+0x28
   \   0000012A   0x6008             STR      R0,[R1, #+0]
   \   0000012C   0xE00C             B.N      ??ic_isr_13
     50              }
     51              else if(cnt1==0)
   \                     ??ic_isr_12: (+1)
   \   0000012E   0xF8DF 0x0524      LDR.W    R0,??ic_isr_0+0x24
   \   00000132   0x6800             LDR      R0,[R0, #+0]
   \   00000134   0x2800             CMP      R0,#+0
   \   00000136   0xD107             BNE.N    ??ic_isr_13
     52              {
     53                cnt12=FTM_GetChVal(FTM0, FTM_Ch1); 
   \   00000138   0x2101             MOVS     R1,#+1
   \   0000013A   0xF8DF 0x04F4      LDR.W    R0,??ic_isr_0    ;; 0x40038000
   \   0000013E   0x.... 0x....      BL       FTM_GetChVal
   \   00000142   0xF8DF 0x1518      LDR.W    R1,??ic_isr_0+0x2C
   \   00000146   0x6008             STR      R0,[R1, #+0]
     54              }
     55              if(cnt12>=cnt11) 
   \                     ??ic_isr_13: (+1)
   \   00000148   0xF8DF 0x0510      LDR.W    R0,??ic_isr_0+0x2C
   \   0000014C   0x6800             LDR      R0,[R0, #+0]
   \   0000014E   0xF8DF 0x1508      LDR.W    R1,??ic_isr_0+0x28
   \   00000152   0x6809             LDR      R1,[R1, #+0]
   \   00000154   0x4288             CMP      R0,R1
   \   00000156   0xD334             BCC.N    ??ic_isr_14
     56              {
     57                Remote_Roll=cnt12-cnt11;
   \   00000158   0xF8DF 0x0500      LDR.W    R0,??ic_isr_0+0x2C
   \   0000015C   0x6801             LDR      R1,[R0, #+0]
   \   0000015E   0xF8DF 0x04F8      LDR.W    R0,??ic_isr_0+0x28
   \   00000162   0x6800             LDR      R0,[R0, #+0]
   \   00000164   0x1A09             SUBS     R1,R1,R0
   \   00000166   0xF8DF 0x04F8      LDR.W    R0,??ic_isr_0+0x30
   \   0000016A   0x6001             STR      R1,[R0, #+0]
     58                if(Remote_Roll>1000)Remote_Roll=old1;
   \   0000016C   0xF8DF 0x04F0      LDR.W    R0,??ic_isr_0+0x30
   \   00000170   0x6800             LDR      R0,[R0, #+0]
   \   00000172   0xF240 0x31E9      MOVW     R1,#+1001
   \   00000176   0x4288             CMP      R0,R1
   \   00000178   0xDB05             BLT.N    ??ic_isr_15
   \   0000017A   0xF8DF 0x04E8      LDR.W    R0,??ic_isr_0+0x34
   \   0000017E   0x6800             LDR      R0,[R0, #+0]
   \   00000180   0xF8DF 0x14DC      LDR.W    R1,??ic_isr_0+0x30
   \   00000184   0x6008             STR      R0,[R1, #+0]
     59                old1=Remote_Roll;
   \                     ??ic_isr_15: (+1)
   \   00000186   0xF8DF 0x04D8      LDR.W    R0,??ic_isr_0+0x30
   \   0000018A   0x6800             LDR      R0,[R0, #+0]
   \   0000018C   0xF8DF 0x14D4      LDR.W    R1,??ic_isr_0+0x34
   \   00000190   0x6008             STR      R0,[R1, #+0]
     60                
     61                Remote_Roll -= 700;
   \   00000192   0xF8DF 0x04CC      LDR.W    R0,??ic_isr_0+0x30
   \   00000196   0x6800             LDR      R0,[R0, #+0]
   \   00000198   0xF5B0 0x702F      SUBS     R0,R0,#+700
   \   0000019C   0xF8DF 0x14C0      LDR.W    R1,??ic_isr_0+0x30
   \   000001A0   0x6008             STR      R0,[R1, #+0]
     62                Remote_Roll *= 3.157;
   \   000001A2   0xF8DF 0x04BC      LDR.W    R0,??ic_isr_0+0x30
   \   000001A6   0x6800             LDR      R0,[R0, #+0]
   \   000001A8   0x.... 0x....      BL       __aeabi_i2d
   \   000001AC   0xF8DF 0x249C      LDR.W    R2,??ic_isr_0+0x1C  ;; 0x374bc6a8
   \   000001B0   0xF8DF 0x349C      LDR.W    R3,??ic_isr_0+0x20  ;; 0x40094189
   \   000001B4   0x.... 0x....      BL       __aeabi_dmul
   \   000001B8   0x.... 0x....      BL       __aeabi_d2iz
   \   000001BC   0xF8DF 0x14A0      LDR.W    R1,??ic_isr_0+0x30
   \   000001C0   0x6008             STR      R0,[R1, #+0]
     63              }
     64              FTM_ClearCHnF(FTM0, FTM_Ch1); 	
   \                     ??ic_isr_14: (+1)
   \   000001C2   0x2101             MOVS     R1,#+1
   \   000001C4   0xF8DF 0x0468      LDR.W    R0,??ic_isr_0    ;; 0x40038000
   \   000001C8   0x.... 0x....      BL       FTM_ClearCHnF
   \   000001CC   0xE22E             B.N      ??ic_isr_8
     65            }	
     66             else if(FTM_IsCHnF(FTM0, FTM_Ch2))	
   \                     ??ic_isr_11: (+1)
   \   000001CE   0x2102             MOVS     R1,#+2
   \   000001D0   0xF8DF 0x045C      LDR.W    R0,??ic_isr_0    ;; 0x40038000
   \   000001D4   0x.... 0x....      BL       FTM_IsCHnF
   \   000001D8   0x2800             CMP      R0,#+0
   \   000001DA   0xD001             BEQ.N    ??ic_isr_16
   \   000001DC   0x2001             MOVS     R0,#+1
   \   000001DE   0xE000             B.N      ??ic_isr_17
   \                     ??ic_isr_16: (+1)
   \   000001E0   0x2000             MOVS     R0,#+0
   \                     ??ic_isr_17: (+1)
   \   000001E2   0xB2C0             UXTB     R0,R0            ;; ZeroExt  R0,R0,#+24,#+24
   \   000001E4   0x2800             CMP      R0,#+0
   \   000001E6   0xD04D             BEQ.N    ??ic_isr_18
     67            {	
     68              cnt2=GPIO_Input_b(PTC,3);
   \   000001E8   0x2103             MOVS     R1,#+3
   \   000001EA   0xF8DF 0x0448      LDR.W    R0,??ic_isr_0+0x4  ;; 0x400ff080
   \   000001EE   0x.... 0x....      BL       GPIO_Input_b
   \   000001F2   0xF8DF 0x1474      LDR.W    R1,??ic_isr_0+0x38
   \   000001F6   0x6008             STR      R0,[R1, #+0]
     69              if(cnt2==1)
   \   000001F8   0xF8DF 0x046C      LDR.W    R0,??ic_isr_0+0x38
   \   000001FC   0x6800             LDR      R0,[R0, #+0]
   \   000001FE   0x2801             CMP      R0,#+1
   \   00000200   0xD108             BNE.N    ??ic_isr_19
     70              {
     71                cnt21=FTM_GetChVal(FTM0, FTM_Ch2); 
   \   00000202   0x2102             MOVS     R1,#+2
   \   00000204   0xF8DF 0x0428      LDR.W    R0,??ic_isr_0    ;; 0x40038000
   \   00000208   0x.... 0x....      BL       FTM_GetChVal
   \   0000020C   0xF8DF 0x145C      LDR.W    R1,??ic_isr_0+0x3C
   \   00000210   0x6008             STR      R0,[R1, #+0]
   \   00000212   0xE00C             B.N      ??ic_isr_20
     72              }
     73              else if(cnt2==0)
   \                     ??ic_isr_19: (+1)
   \   00000214   0xF8DF 0x0450      LDR.W    R0,??ic_isr_0+0x38
   \   00000218   0x6800             LDR      R0,[R0, #+0]
   \   0000021A   0x2800             CMP      R0,#+0
   \   0000021C   0xD107             BNE.N    ??ic_isr_20
     74              {
     75                cnt22=FTM_GetChVal(FTM0, FTM_Ch2); 
   \   0000021E   0x2102             MOVS     R1,#+2
   \   00000220   0xF8DF 0x040C      LDR.W    R0,??ic_isr_0    ;; 0x40038000
   \   00000224   0x.... 0x....      BL       FTM_GetChVal
   \   00000228   0xF8DF 0x1444      LDR.W    R1,??ic_isr_0+0x40
   \   0000022C   0x6008             STR      R0,[R1, #+0]
     76              }
     77              if(cnt22>=cnt21)
   \                     ??ic_isr_20: (+1)
   \   0000022E   0xF8DF 0x0440      LDR.W    R0,??ic_isr_0+0x40
   \   00000232   0x6800             LDR      R0,[R0, #+0]
   \   00000234   0xF8DF 0x1434      LDR.W    R1,??ic_isr_0+0x3C
   \   00000238   0x6809             LDR      R1,[R1, #+0]
   \   0000023A   0x4288             CMP      R0,R1
   \   0000023C   0xD31C             BCC.N    ??ic_isr_21
     78              {
     79                accelerator=cnt22-cnt21;
   \   0000023E   0xF8DF 0x0430      LDR.W    R0,??ic_isr_0+0x40
   \   00000242   0x6801             LDR      R1,[R0, #+0]
   \   00000244   0xF8DF 0x0424      LDR.W    R0,??ic_isr_0+0x3C
   \   00000248   0x6800             LDR      R0,[R0, #+0]
   \   0000024A   0x1A09             SUBS     R1,R1,R0
   \   0000024C   0xF8DF 0x0424      LDR.W    R0,??ic_isr_0+0x44
   \   00000250   0x6001             STR      R1,[R0, #+0]
     80                if(accelerator>1000)accelerator=old2;
   \   00000252   0xF8DF 0x0420      LDR.W    R0,??ic_isr_0+0x44
   \   00000256   0x6800             LDR      R0,[R0, #+0]
   \   00000258   0xF240 0x31E9      MOVW     R1,#+1001
   \   0000025C   0x4288             CMP      R0,R1
   \   0000025E   0xDB05             BLT.N    ??ic_isr_22
   \   00000260   0xF8DF 0x0414      LDR.W    R0,??ic_isr_0+0x48
   \   00000264   0x6800             LDR      R0,[R0, #+0]
   \   00000266   0xF8DF 0x140C      LDR.W    R1,??ic_isr_0+0x44
   \   0000026A   0x6008             STR      R0,[R1, #+0]
     81                old2=accelerator;
   \                     ??ic_isr_22: (+1)
   \   0000026C   0xF8DF 0x0404      LDR.W    R0,??ic_isr_0+0x44
   \   00000270   0x6800             LDR      R0,[R0, #+0]
   \   00000272   0xF8DF 0x1404      LDR.W    R1,??ic_isr_0+0x48
   \   00000276   0x6008             STR      R0,[R1, #+0]
     82              }
     83              FTM_ClearCHnF(FTM0, FTM_Ch2); 	
   \                     ??ic_isr_21: (+1)
   \   00000278   0x2102             MOVS     R1,#+2
   \   0000027A   0xF8DF 0x03B4      LDR.W    R0,??ic_isr_0    ;; 0x40038000
   \   0000027E   0x.... 0x....      BL       FTM_ClearCHnF
   \   00000282   0xE1D3             B.N      ??ic_isr_8
     84            }	
     85             else if(FTM_IsCHnF(FTM0, FTM_Ch3))	
   \                     ??ic_isr_18: (+1)
   \   00000284   0x2103             MOVS     R1,#+3
   \   00000286   0xF8DF 0x03A8      LDR.W    R0,??ic_isr_0    ;; 0x40038000
   \   0000028A   0x.... 0x....      BL       FTM_IsCHnF
   \   0000028E   0x2800             CMP      R0,#+0
   \   00000290   0xD001             BEQ.N    ??ic_isr_23
   \   00000292   0x2001             MOVS     R0,#+1
   \   00000294   0xE000             B.N      ??ic_isr_24
   \                     ??ic_isr_23: (+1)
   \   00000296   0x2000             MOVS     R0,#+0
   \                     ??ic_isr_24: (+1)
   \   00000298   0xB2C0             UXTB     R0,R0            ;; ZeroExt  R0,R0,#+24,#+24
   \   0000029A   0x2800             CMP      R0,#+0
   \   0000029C   0xD04D             BEQ.N    ??ic_isr_25
     86            {
     87              cnt3=GPIO_Input_b(PTC,4);
   \   0000029E   0x2104             MOVS     R1,#+4
   \   000002A0   0xF8DF 0x0390      LDR.W    R0,??ic_isr_0+0x4  ;; 0x400ff080
   \   000002A4   0x.... 0x....      BL       GPIO_Input_b
   \   000002A8   0xF8DF 0x13D0      LDR.W    R1,??ic_isr_0+0x4C
   \   000002AC   0x6008             STR      R0,[R1, #+0]
     88              if(cnt3==1)
   \   000002AE   0xF8DF 0x03CC      LDR.W    R0,??ic_isr_0+0x4C
   \   000002B2   0x6800             LDR      R0,[R0, #+0]
   \   000002B4   0x2801             CMP      R0,#+1
   \   000002B6   0xD108             BNE.N    ??ic_isr_26
     89              {
     90                cnt31=FTM_GetChVal(FTM0, FTM_Ch3); 
   \   000002B8   0x2103             MOVS     R1,#+3
   \   000002BA   0xF8DF 0x0374      LDR.W    R0,??ic_isr_0    ;; 0x40038000
   \   000002BE   0x.... 0x....      BL       FTM_GetChVal
   \   000002C2   0xF8DF 0x13BC      LDR.W    R1,??ic_isr_0+0x50
   \   000002C6   0x6008             STR      R0,[R1, #+0]
   \   000002C8   0xE00C             B.N      ??ic_isr_27
     91              }
     92              else if(cnt3==0)
   \                     ??ic_isr_26: (+1)
   \   000002CA   0xF8DF 0x03B0      LDR.W    R0,??ic_isr_0+0x4C
   \   000002CE   0x6800             LDR      R0,[R0, #+0]
   \   000002D0   0x2800             CMP      R0,#+0
   \   000002D2   0xD107             BNE.N    ??ic_isr_27
     93              {
     94                cnt32=FTM_GetChVal(FTM0, FTM_Ch3); 
   \   000002D4   0x2103             MOVS     R1,#+3
   \   000002D6   0xF8DF 0x0358      LDR.W    R0,??ic_isr_0    ;; 0x40038000
   \   000002DA   0x.... 0x....      BL       FTM_GetChVal
   \   000002DE   0xF8DF 0x13A4      LDR.W    R1,??ic_isr_0+0x54
   \   000002E2   0x6008             STR      R0,[R1, #+0]
     95              }
     96              if(cnt32>=cnt31) 
   \                     ??ic_isr_27: (+1)
   \   000002E4   0xF8DF 0x039C      LDR.W    R0,??ic_isr_0+0x54
   \   000002E8   0x6800             LDR      R0,[R0, #+0]
   \   000002EA   0xF8DF 0x1394      LDR.W    R1,??ic_isr_0+0x50
   \   000002EE   0x6809             LDR      R1,[R1, #+0]
   \   000002F0   0x4288             CMP      R0,R1
   \   000002F2   0xD31C             BCC.N    ??ic_isr_28
     97              {
     98                rotate=cnt32-cnt31;
   \   000002F4   0xF8DF 0x038C      LDR.W    R0,??ic_isr_0+0x54
   \   000002F8   0x6801             LDR      R1,[R0, #+0]
   \   000002FA   0xF8DF 0x0384      LDR.W    R0,??ic_isr_0+0x50
   \   000002FE   0x6800             LDR      R0,[R0, #+0]
   \   00000300   0x1A09             SUBS     R1,R1,R0
   \   00000302   0xF8DF 0x0384      LDR.W    R0,??ic_isr_0+0x58
   \   00000306   0x6001             STR      R1,[R0, #+0]
     99                if(rotate>1000)rotate=old3;
   \   00000308   0xF8DF 0x037C      LDR.W    R0,??ic_isr_0+0x58
   \   0000030C   0x6800             LDR      R0,[R0, #+0]
   \   0000030E   0xF240 0x31E9      MOVW     R1,#+1001
   \   00000312   0x4288             CMP      R0,R1
   \   00000314   0xDB05             BLT.N    ??ic_isr_29
   \   00000316   0xF8DF 0x0374      LDR.W    R0,??ic_isr_0+0x5C
   \   0000031A   0x6800             LDR      R0,[R0, #+0]
   \   0000031C   0xF8DF 0x1368      LDR.W    R1,??ic_isr_0+0x58
   \   00000320   0x6008             STR      R0,[R1, #+0]
    100                old3=rotate;
   \                     ??ic_isr_29: (+1)
   \   00000322   0xF8DF 0x0364      LDR.W    R0,??ic_isr_0+0x58
   \   00000326   0x6800             LDR      R0,[R0, #+0]
   \   00000328   0xF8DF 0x1360      LDR.W    R1,??ic_isr_0+0x5C
   \   0000032C   0x6008             STR      R0,[R1, #+0]
    101              }
    102              FTM_ClearCHnF(FTM0, FTM_Ch3); 	
   \                     ??ic_isr_28: (+1)
   \   0000032E   0x2103             MOVS     R1,#+3
   \   00000330   0xF8DF 0x02FC      LDR.W    R0,??ic_isr_0    ;; 0x40038000
   \   00000334   0x.... 0x....      BL       FTM_ClearCHnF
   \   00000338   0xE178             B.N      ??ic_isr_8
    103            }
    104             else if(FTM_IsCHnF(FTM0, FTM_Ch4))	
   \                     ??ic_isr_25: (+1)
   \   0000033A   0x2104             MOVS     R1,#+4
   \   0000033C   0xF8DF 0x02F0      LDR.W    R0,??ic_isr_0    ;; 0x40038000
   \   00000340   0x.... 0x....      BL       FTM_IsCHnF
   \   00000344   0x2800             CMP      R0,#+0
   \   00000346   0xD001             BEQ.N    ??ic_isr_30
   \   00000348   0x2001             MOVS     R0,#+1
   \   0000034A   0xE000             B.N      ??ic_isr_31
   \                     ??ic_isr_30: (+1)
   \   0000034C   0x2000             MOVS     R0,#+0
   \                     ??ic_isr_31: (+1)
   \   0000034E   0xB2C0             UXTB     R0,R0            ;; ZeroExt  R0,R0,#+24,#+24
   \   00000350   0x2800             CMP      R0,#+0
   \   00000352   0xD061             BEQ.N    ??ic_isr_32
    105            {	
    106              cnt4=GPIO_Input_b(PTD,4);
   \   00000354   0x2104             MOVS     R1,#+4
   \   00000356   0xF8DF 0x0338      LDR.W    R0,??ic_isr_0+0x60  ;; 0x400ff0c0
   \   0000035A   0x.... 0x....      BL       GPIO_Input_b
   \   0000035E   0xF8DF 0x1334      LDR.W    R1,??ic_isr_0+0x64
   \   00000362   0x6008             STR      R0,[R1, #+0]
    107              if(cnt4==1)
   \   00000364   0xF8DF 0x032C      LDR.W    R0,??ic_isr_0+0x64
   \   00000368   0x6800             LDR      R0,[R0, #+0]
   \   0000036A   0x2801             CMP      R0,#+1
   \   0000036C   0xD107             BNE.N    ??ic_isr_33
    108              {
    109                cnt41=FTM_GetChVal(FTM0, FTM_Ch4); 
   \   0000036E   0x2104             MOVS     R1,#+4
   \   00000370   0x48AF             LDR.N    R0,??ic_isr_0    ;; 0x40038000
   \   00000372   0x.... 0x....      BL       FTM_GetChVal
   \   00000376   0xF8DF 0x1320      LDR.W    R1,??ic_isr_0+0x68
   \   0000037A   0x6008             STR      R0,[R1, #+0]
   \   0000037C   0xE00B             B.N      ??ic_isr_34
    110              }
    111              else if(cnt4==0)
   \                     ??ic_isr_33: (+1)
   \   0000037E   0xF8DF 0x0314      LDR.W    R0,??ic_isr_0+0x64
   \   00000382   0x6800             LDR      R0,[R0, #+0]
   \   00000384   0x2800             CMP      R0,#+0
   \   00000386   0xD106             BNE.N    ??ic_isr_34
    112              {
    113                cnt42=FTM_GetChVal(FTM0, FTM_Ch4); 
   \   00000388   0x2104             MOVS     R1,#+4
   \   0000038A   0x48A9             LDR.N    R0,??ic_isr_0    ;; 0x40038000
   \   0000038C   0x.... 0x....      BL       FTM_GetChVal
   \   00000390   0xF8DF 0x1308      LDR.W    R1,??ic_isr_0+0x6C
   \   00000394   0x6008             STR      R0,[R1, #+0]
    114              }
    115              if(cnt42>=cnt41) 
   \                     ??ic_isr_34: (+1)
   \   00000396   0xF8DF 0x0304      LDR.W    R0,??ic_isr_0+0x6C
   \   0000039A   0x6800             LDR      R0,[R0, #+0]
   \   0000039C   0xF8DF 0x12F8      LDR.W    R1,??ic_isr_0+0x68
   \   000003A0   0x6809             LDR      R1,[R1, #+0]
   \   000003A2   0x4288             CMP      R0,R1
   \   000003A4   0xD333             BCC.N    ??ic_isr_35
    116              {
    117                Remote_Throttle=cnt42-cnt41;
   \   000003A6   0xF8DF 0x02F4      LDR.W    R0,??ic_isr_0+0x6C
   \   000003AA   0x6801             LDR      R1,[R0, #+0]
   \   000003AC   0xF8DF 0x02E8      LDR.W    R0,??ic_isr_0+0x68
   \   000003B0   0x6800             LDR      R0,[R0, #+0]
   \   000003B2   0x1A09             SUBS     R1,R1,R0
   \   000003B4   0xF8DF 0x02E8      LDR.W    R0,??ic_isr_0+0x70
   \   000003B8   0x6001             STR      R1,[R0, #+0]
    118                if(Remote_Throttle>1000)Remote_Throttle=old4;
   \   000003BA   0xF8DF 0x02E4      LDR.W    R0,??ic_isr_0+0x70
   \   000003BE   0x6800             LDR      R0,[R0, #+0]
   \   000003C0   0xF240 0x31E9      MOVW     R1,#+1001
   \   000003C4   0x4288             CMP      R0,R1
   \   000003C6   0xDB04             BLT.N    ??ic_isr_36
   \   000003C8   0xF8DF 0x02D8      LDR.W    R0,??ic_isr_0+0x74
   \   000003CC   0x6800             LDR      R0,[R0, #+0]
   \   000003CE   0x49B4             LDR.N    R1,??ic_isr_0+0x70
   \   000003D0   0x6008             STR      R0,[R1, #+0]
    119                old4=Remote_Throttle;
   \                     ??ic_isr_36: (+1)
   \   000003D2   0x48B3             LDR.N    R0,??ic_isr_0+0x70
   \   000003D4   0x6800             LDR      R0,[R0, #+0]
   \   000003D6   0x49B3             LDR.N    R1,??ic_isr_0+0x74
   \   000003D8   0x6008             STR      R0,[R1, #+0]
    120                
    121                Remote_Throttle -= 510;
   \   000003DA   0x48B1             LDR.N    R0,??ic_isr_0+0x70
   \   000003DC   0x6800             LDR      R0,[R0, #+0]
   \   000003DE   0xF5B0 0x70FF      SUBS     R0,R0,#+510
   \   000003E2   0x49AF             LDR.N    R1,??ic_isr_0+0x70
   \   000003E4   0x6008             STR      R0,[R1, #+0]
    122                Remote_Throttle *=2.05;
   \   000003E6   0x48AE             LDR.N    R0,??ic_isr_0+0x70
   \   000003E8   0x6800             LDR      R0,[R0, #+0]
   \   000003EA   0x.... 0x....      BL       __aeabi_i2d
   \   000003EE   0xF05F 0x3266      MOVS     R2,#+1717986918
   \   000003F2   0x4BAD             LDR.N    R3,??ic_isr_0+0x78  ;; 0x40006666
   \   000003F4   0x.... 0x....      BL       __aeabi_dmul
   \   000003F8   0x.... 0x....      BL       __aeabi_d2iz
   \   000003FC   0x49A8             LDR.N    R1,??ic_isr_0+0x70
   \   000003FE   0x6008             STR      R0,[R1, #+0]
    123                if(Remote_Throttle < 0) Remote_Throttle = 0;
   \   00000400   0x48A7             LDR.N    R0,??ic_isr_0+0x70
   \   00000402   0x6800             LDR      R0,[R0, #+0]
   \   00000404   0x2800             CMP      R0,#+0
   \   00000406   0xD502             BPL.N    ??ic_isr_35
   \   00000408   0x2000             MOVS     R0,#+0
   \   0000040A   0x49A5             LDR.N    R1,??ic_isr_0+0x70
   \   0000040C   0x6008             STR      R0,[R1, #+0]
    124              }
    125              FTM_ClearCHnF(FTM0, FTM_Ch4); 	
   \                     ??ic_isr_35: (+1)
   \   0000040E   0x2104             MOVS     R1,#+4
   \   00000410   0x4887             LDR.N    R0,??ic_isr_0    ;; 0x40038000
   \   00000412   0x.... 0x....      BL       FTM_ClearCHnF
   \   00000416   0xE109             B.N      ??ic_isr_8
    126            }	
    127             else if(FTM_IsCHnF(FTM0, FTM_Ch5))	
   \                     ??ic_isr_32: (+1)
   \   00000418   0x2105             MOVS     R1,#+5
   \   0000041A   0x4885             LDR.N    R0,??ic_isr_0    ;; 0x40038000
   \   0000041C   0x.... 0x....      BL       FTM_IsCHnF
   \   00000420   0x2800             CMP      R0,#+0
   \   00000422   0xD001             BEQ.N    ??ic_isr_37
   \   00000424   0x2001             MOVS     R0,#+1
   \   00000426   0xE000             B.N      ??ic_isr_38
   \                     ??ic_isr_37: (+1)
   \   00000428   0x2000             MOVS     R0,#+0
   \                     ??ic_isr_38: (+1)
   \   0000042A   0xB2C0             UXTB     R0,R0            ;; ZeroExt  R0,R0,#+24,#+24
   \   0000042C   0x2800             CMP      R0,#+0
   \   0000042E   0xD04C             BEQ.N    ??ic_isr_39
    128            {
    129              cnt5=GPIO_Input_b(PTD,5);
   \   00000430   0x2105             MOVS     R1,#+5
   \   00000432   0x4897             LDR.N    R0,??ic_isr_0+0x60  ;; 0x400ff0c0
   \   00000434   0x.... 0x....      BL       GPIO_Input_b
   \   00000438   0x499C             LDR.N    R1,??ic_isr_0+0x7C
   \   0000043A   0x6008             STR      R0,[R1, #+0]
    130              if(cnt5==1)
   \   0000043C   0x489B             LDR.N    R0,??ic_isr_0+0x7C
   \   0000043E   0x6800             LDR      R0,[R0, #+0]
   \   00000440   0x2801             CMP      R0,#+1
   \   00000442   0xD106             BNE.N    ??ic_isr_40
    131              {
    132                cnt51=FTM_GetChVal(FTM0, FTM_Ch5); 
   \   00000444   0x2105             MOVS     R1,#+5
   \   00000446   0x487A             LDR.N    R0,??ic_isr_0    ;; 0x40038000
   \   00000448   0x.... 0x....      BL       FTM_GetChVal
   \   0000044C   0x4998             LDR.N    R1,??ic_isr_0+0x80
   \   0000044E   0x6008             STR      R0,[R1, #+0]
   \   00000450   0xE009             B.N      ??ic_isr_41
    133              }
    134              else if(cnt5==0)
   \                     ??ic_isr_40: (+1)
   \   00000452   0x4896             LDR.N    R0,??ic_isr_0+0x7C
   \   00000454   0x6800             LDR      R0,[R0, #+0]
   \   00000456   0x2800             CMP      R0,#+0
   \   00000458   0xD105             BNE.N    ??ic_isr_41
    135              {
    136                cnt52=FTM_GetChVal(FTM0, FTM_Ch5); 
   \   0000045A   0x2105             MOVS     R1,#+5
   \   0000045C   0x4874             LDR.N    R0,??ic_isr_0    ;; 0x40038000
   \   0000045E   0x.... 0x....      BL       FTM_GetChVal
   \   00000462   0x4994             LDR.N    R1,??ic_isr_0+0x84
   \   00000464   0x6008             STR      R0,[R1, #+0]
    137              }
    138              if(cnt52>=cnt51)
   \                     ??ic_isr_41: (+1)
   \   00000466   0x4893             LDR.N    R0,??ic_isr_0+0x84
   \   00000468   0x6800             LDR      R0,[R0, #+0]
   \   0000046A   0x4991             LDR.N    R1,??ic_isr_0+0x80
   \   0000046C   0x6809             LDR      R1,[R1, #+0]
   \   0000046E   0x4288             CMP      R0,R1
   \   00000470   0xD326             BCC.N    ??ic_isr_42
    139              {
    140                rotaryknob=cnt52-cnt51;
   \   00000472   0x4890             LDR.N    R0,??ic_isr_0+0x84
   \   00000474   0x6801             LDR      R1,[R0, #+0]
   \   00000476   0x488E             LDR.N    R0,??ic_isr_0+0x80
   \   00000478   0x6800             LDR      R0,[R0, #+0]
   \   0000047A   0x1A09             SUBS     R1,R1,R0
   \   0000047C   0x488E             LDR.N    R0,??ic_isr_0+0x88
   \   0000047E   0x6001             STR      R1,[R0, #+0]
    141                if(rotaryknob>1000)rotaryknob=old5;
   \   00000480   0x488D             LDR.N    R0,??ic_isr_0+0x88
   \   00000482   0x6800             LDR      R0,[R0, #+0]
   \   00000484   0xF240 0x31E9      MOVW     R1,#+1001
   \   00000488   0x4288             CMP      R0,R1
   \   0000048A   0xDB03             BLT.N    ??ic_isr_43
   \   0000048C   0x488B             LDR.N    R0,??ic_isr_0+0x8C
   \   0000048E   0x6800             LDR      R0,[R0, #+0]
   \   00000490   0x4989             LDR.N    R1,??ic_isr_0+0x88
   \   00000492   0x6008             STR      R0,[R1, #+0]
    142                old5=rotaryknob;
   \                     ??ic_isr_43: (+1)
   \   00000494   0x4888             LDR.N    R0,??ic_isr_0+0x88
   \   00000496   0x6800             LDR      R0,[R0, #+0]
   \   00000498   0x4988             LDR.N    R1,??ic_isr_0+0x8C
   \   0000049A   0x6008             STR      R0,[R1, #+0]
    143                
    144                rotaryknob -= 700;
   \   0000049C   0x4886             LDR.N    R0,??ic_isr_0+0x88
   \   0000049E   0x6800             LDR      R0,[R0, #+0]
   \   000004A0   0xF5B0 0x702F      SUBS     R0,R0,#+700
   \   000004A4   0x4984             LDR.N    R1,??ic_isr_0+0x88
   \   000004A6   0x6008             STR      R0,[R1, #+0]
    145                rotaryknob *= 3.157;
   \   000004A8   0x4883             LDR.N    R0,??ic_isr_0+0x88
   \   000004AA   0x6800             LDR      R0,[R0, #+0]
   \   000004AC   0x.... 0x....      BL       __aeabi_i2d
   \   000004B0   0x4A66             LDR.N    R2,??ic_isr_0+0x1C  ;; 0x374bc6a8
   \   000004B2   0x4B67             LDR.N    R3,??ic_isr_0+0x20  ;; 0x40094189
   \   000004B4   0x.... 0x....      BL       __aeabi_dmul
   \   000004B8   0x.... 0x....      BL       __aeabi_d2iz
   \   000004BC   0x497E             LDR.N    R1,??ic_isr_0+0x88
   \   000004BE   0x6008             STR      R0,[R1, #+0]
    146                
    147              }
    148              FTM_ClearCHnF(FTM0, FTM_Ch5); 	
   \                     ??ic_isr_42: (+1)
   \   000004C0   0x2105             MOVS     R1,#+5
   \   000004C2   0x485B             LDR.N    R0,??ic_isr_0    ;; 0x40038000
   \   000004C4   0x.... 0x....      BL       FTM_ClearCHnF
   \   000004C8   0xE0B0             B.N      ??ic_isr_8
    149            }	
    150             else if(FTM_IsCHnF(FTM0, FTM_Ch6))	
   \                     ??ic_isr_39: (+1)
   \   000004CA   0x2106             MOVS     R1,#+6
   \   000004CC   0x4858             LDR.N    R0,??ic_isr_0    ;; 0x40038000
   \   000004CE   0x.... 0x....      BL       FTM_IsCHnF
   \   000004D2   0x2800             CMP      R0,#+0
   \   000004D4   0xD001             BEQ.N    ??ic_isr_44
   \   000004D6   0x2001             MOVS     R0,#+1
   \   000004D8   0xE000             B.N      ??ic_isr_45
   \                     ??ic_isr_44: (+1)
   \   000004DA   0x2000             MOVS     R0,#+0
   \                     ??ic_isr_45: (+1)
   \   000004DC   0xB2C0             UXTB     R0,R0            ;; ZeroExt  R0,R0,#+24,#+24
   \   000004DE   0x2800             CMP      R0,#+0
   \   000004E0   0xD04C             BEQ.N    ??ic_isr_46
    151            {	
    152              cnt6=GPIO_Input_b(PTD,6);
   \   000004E2   0x2106             MOVS     R1,#+6
   \   000004E4   0x486A             LDR.N    R0,??ic_isr_0+0x60  ;; 0x400ff0c0
   \   000004E6   0x.... 0x....      BL       GPIO_Input_b
   \   000004EA   0x4975             LDR.N    R1,??ic_isr_0+0x90
   \   000004EC   0x6008             STR      R0,[R1, #+0]
    153              if(cnt6==1)
   \   000004EE   0x4874             LDR.N    R0,??ic_isr_0+0x90
   \   000004F0   0x6800             LDR      R0,[R0, #+0]
   \   000004F2   0x2801             CMP      R0,#+1
   \   000004F4   0xD106             BNE.N    ??ic_isr_47
    154              {
    155                cnt61=FTM_GetChVal(FTM0, FTM_Ch6); 
   \   000004F6   0x2106             MOVS     R1,#+6
   \   000004F8   0x484D             LDR.N    R0,??ic_isr_0    ;; 0x40038000
   \   000004FA   0x.... 0x....      BL       FTM_GetChVal
   \   000004FE   0x4971             LDR.N    R1,??ic_isr_0+0x94
   \   00000500   0x6008             STR      R0,[R1, #+0]
   \   00000502   0xE009             B.N      ??ic_isr_48
    156              }
    157              else if(cnt6==0)
   \                     ??ic_isr_47: (+1)
   \   00000504   0x486E             LDR.N    R0,??ic_isr_0+0x90
   \   00000506   0x6800             LDR      R0,[R0, #+0]
   \   00000508   0x2800             CMP      R0,#+0
   \   0000050A   0xD105             BNE.N    ??ic_isr_48
    158              {
    159                cnt62=FTM_GetChVal(FTM0, FTM_Ch6); 
   \   0000050C   0x2106             MOVS     R1,#+6
   \   0000050E   0x4848             LDR.N    R0,??ic_isr_0    ;; 0x40038000
   \   00000510   0x.... 0x....      BL       FTM_GetChVal
   \   00000514   0x496C             LDR.N    R1,??ic_isr_0+0x98
   \   00000516   0x6008             STR      R0,[R1, #+0]
    160              }
    161              if(cnt62>=cnt61) 
   \                     ??ic_isr_48: (+1)
   \   00000518   0x486B             LDR.N    R0,??ic_isr_0+0x98
   \   0000051A   0x6800             LDR      R0,[R0, #+0]
   \   0000051C   0x4969             LDR.N    R1,??ic_isr_0+0x94
   \   0000051E   0x6809             LDR      R1,[R1, #+0]
   \   00000520   0x4288             CMP      R0,R1
   \   00000522   0xD326             BCC.N    ??ic_isr_49
    162              {
    163                Remote_Yaw=cnt62-cnt61;
   \   00000524   0x4868             LDR.N    R0,??ic_isr_0+0x98
   \   00000526   0x6801             LDR      R1,[R0, #+0]
   \   00000528   0x4866             LDR.N    R0,??ic_isr_0+0x94
   \   0000052A   0x6800             LDR      R0,[R0, #+0]
   \   0000052C   0x1A09             SUBS     R1,R1,R0
   \   0000052E   0x4867             LDR.N    R0,??ic_isr_0+0x9C
   \   00000530   0x6001             STR      R1,[R0, #+0]
    164                if(Remote_Yaw>1000)Remote_Yaw=old6;
   \   00000532   0x4866             LDR.N    R0,??ic_isr_0+0x9C
   \   00000534   0x6800             LDR      R0,[R0, #+0]
   \   00000536   0xF240 0x31E9      MOVW     R1,#+1001
   \   0000053A   0x4288             CMP      R0,R1
   \   0000053C   0xDB03             BLT.N    ??ic_isr_50
   \   0000053E   0x4864             LDR.N    R0,??ic_isr_0+0xA0
   \   00000540   0x6800             LDR      R0,[R0, #+0]
   \   00000542   0x4962             LDR.N    R1,??ic_isr_0+0x9C
   \   00000544   0x6008             STR      R0,[R1, #+0]
    165                old6=Remote_Yaw;
   \                     ??ic_isr_50: (+1)
   \   00000546   0x4861             LDR.N    R0,??ic_isr_0+0x9C
   \   00000548   0x6800             LDR      R0,[R0, #+0]
   \   0000054A   0x4961             LDR.N    R1,??ic_isr_0+0xA0
   \   0000054C   0x6008             STR      R0,[R1, #+0]
    166                
    167                Remote_Yaw -= 700;
   \   0000054E   0x485F             LDR.N    R0,??ic_isr_0+0x9C
   \   00000550   0x6800             LDR      R0,[R0, #+0]
   \   00000552   0xF5B0 0x702F      SUBS     R0,R0,#+700
   \   00000556   0x495D             LDR.N    R1,??ic_isr_0+0x9C
   \   00000558   0x6008             STR      R0,[R1, #+0]
    168                Remote_Yaw *= 3.157;
   \   0000055A   0x485C             LDR.N    R0,??ic_isr_0+0x9C
   \   0000055C   0x6800             LDR      R0,[R0, #+0]
   \   0000055E   0x.... 0x....      BL       __aeabi_i2d
   \   00000562   0x4A3A             LDR.N    R2,??ic_isr_0+0x1C  ;; 0x374bc6a8
   \   00000564   0x4B3A             LDR.N    R3,??ic_isr_0+0x20  ;; 0x40094189
   \   00000566   0x.... 0x....      BL       __aeabi_dmul
   \   0000056A   0x.... 0x....      BL       __aeabi_d2iz
   \   0000056E   0x4957             LDR.N    R1,??ic_isr_0+0x9C
   \   00000570   0x6008             STR      R0,[R1, #+0]
    169              }
    170              FTM_ClearCHnF(FTM0, FTM_Ch6); 	
   \                     ??ic_isr_49: (+1)
   \   00000572   0x2106             MOVS     R1,#+6
   \   00000574   0x482E             LDR.N    R0,??ic_isr_0    ;; 0x40038000
   \   00000576   0x.... 0x....      BL       FTM_ClearCHnF
   \   0000057A   0xE057             B.N      ??ic_isr_8
    171            }	
    172             else if(FTM_IsCHnF(FTM0, FTM_Ch7))	
   \                     ??ic_isr_46: (+1)
   \   0000057C   0x2107             MOVS     R1,#+7
   \   0000057E   0x482C             LDR.N    R0,??ic_isr_0    ;; 0x40038000
   \   00000580   0x.... 0x....      BL       FTM_IsCHnF
   \   00000584   0x2800             CMP      R0,#+0
   \   00000586   0xD001             BEQ.N    ??ic_isr_51
   \   00000588   0x2001             MOVS     R0,#+1
   \   0000058A   0xE000             B.N      ??ic_isr_52
   \                     ??ic_isr_51: (+1)
   \   0000058C   0x2000             MOVS     R0,#+0
   \                     ??ic_isr_52: (+1)
   \   0000058E   0xB2C0             UXTB     R0,R0            ;; ZeroExt  R0,R0,#+24,#+24
   \   00000590   0x2800             CMP      R0,#+0
   \   00000592   0xD04B             BEQ.N    ??ic_isr_8
    173            {
    174              cnt7=GPIO_Input_b(PTD,7);
   \   00000594   0x2107             MOVS     R1,#+7
   \   00000596   0x483E             LDR.N    R0,??ic_isr_0+0x60  ;; 0x400ff0c0
   \   00000598   0x.... 0x....      BL       GPIO_Input_b
   \   0000059C   0x494D             LDR.N    R1,??ic_isr_0+0xA4
   \   0000059E   0x6008             STR      R0,[R1, #+0]
    175              if(cnt7==1)
   \   000005A0   0x484C             LDR.N    R0,??ic_isr_0+0xA4
   \   000005A2   0x6800             LDR      R0,[R0, #+0]
   \   000005A4   0x2801             CMP      R0,#+1
   \   000005A6   0xD106             BNE.N    ??ic_isr_53
    176              {
    177                cnt71=FTM_GetChVal(FTM0, FTM_Ch7); 
   \   000005A8   0x2107             MOVS     R1,#+7
   \   000005AA   0x4821             LDR.N    R0,??ic_isr_0    ;; 0x40038000
   \   000005AC   0x.... 0x....      BL       FTM_GetChVal
   \   000005B0   0x4949             LDR.N    R1,??ic_isr_0+0xA8
   \   000005B2   0x6008             STR      R0,[R1, #+0]
   \   000005B4   0xE009             B.N      ??ic_isr_54
    178              }
    179              else if(cnt7==0)
   \                     ??ic_isr_53: (+1)
   \   000005B6   0x4847             LDR.N    R0,??ic_isr_0+0xA4
   \   000005B8   0x6800             LDR      R0,[R0, #+0]
   \   000005BA   0x2800             CMP      R0,#+0
   \   000005BC   0xD105             BNE.N    ??ic_isr_54
    180              {
    181                cnt72=FTM_GetChVal(FTM0, FTM_Ch7); 
   \   000005BE   0x2107             MOVS     R1,#+7
   \   000005C0   0x481B             LDR.N    R0,??ic_isr_0    ;; 0x40038000
   \   000005C2   0x.... 0x....      BL       FTM_GetChVal
   \   000005C6   0x4945             LDR.N    R1,??ic_isr_0+0xAC
   \   000005C8   0x6008             STR      R0,[R1, #+0]
    182              }
    183              if(cnt72>=cnt71) 
   \                     ??ic_isr_54: (+1)
   \   000005CA   0x4844             LDR.N    R0,??ic_isr_0+0xAC
   \   000005CC   0x6800             LDR      R0,[R0, #+0]
   \   000005CE   0x4942             LDR.N    R1,??ic_isr_0+0xA8
   \   000005D0   0x6809             LDR      R1,[R1, #+0]
   \   000005D2   0x4288             CMP      R0,R1
   \   000005D4   0xD326             BCC.N    ??ic_isr_55
    184              {
    185                Remote_Pitch=cnt72-cnt71;
   \   000005D6   0x4841             LDR.N    R0,??ic_isr_0+0xAC
   \   000005D8   0x6801             LDR      R1,[R0, #+0]
   \   000005DA   0x483F             LDR.N    R0,??ic_isr_0+0xA8
   \   000005DC   0x6800             LDR      R0,[R0, #+0]
   \   000005DE   0x1A09             SUBS     R1,R1,R0
   \   000005E0   0x483F             LDR.N    R0,??ic_isr_0+0xB0
   \   000005E2   0x6001             STR      R1,[R0, #+0]
    186                if(Remote_Pitch>1000)Remote_Pitch=old7;
   \   000005E4   0x483E             LDR.N    R0,??ic_isr_0+0xB0
   \   000005E6   0x6800             LDR      R0,[R0, #+0]
   \   000005E8   0xF240 0x31E9      MOVW     R1,#+1001
   \   000005EC   0x4288             CMP      R0,R1
   \   000005EE   0xDB03             BLT.N    ??ic_isr_56
   \   000005F0   0x483C             LDR.N    R0,??ic_isr_0+0xB4
   \   000005F2   0x6800             LDR      R0,[R0, #+0]
   \   000005F4   0x493A             LDR.N    R1,??ic_isr_0+0xB0
   \   000005F6   0x6008             STR      R0,[R1, #+0]
    187                old7=Remote_Pitch;
   \                     ??ic_isr_56: (+1)
   \   000005F8   0x4839             LDR.N    R0,??ic_isr_0+0xB0
   \   000005FA   0x6800             LDR      R0,[R0, #+0]
   \   000005FC   0x4939             LDR.N    R1,??ic_isr_0+0xB4
   \   000005FE   0x6008             STR      R0,[R1, #+0]
    188                
    189                Remote_Pitch -= 700;
   \   00000600   0x4837             LDR.N    R0,??ic_isr_0+0xB0
   \   00000602   0x6800             LDR      R0,[R0, #+0]
   \   00000604   0xF5B0 0x702F      SUBS     R0,R0,#+700
   \   00000608   0x4935             LDR.N    R1,??ic_isr_0+0xB0
   \   0000060A   0x6008             STR      R0,[R1, #+0]
    190                Remote_Pitch *= -3.157;
   \   0000060C   0x4834             LDR.N    R0,??ic_isr_0+0xB0
   \   0000060E   0x6800             LDR      R0,[R0, #+0]
   \   00000610   0x.... 0x....      BL       __aeabi_i2d
   \   00000614   0x4A0D             LDR.N    R2,??ic_isr_0+0x1C  ;; 0x374bc6a8
   \   00000616   0x4B34             LDR.N    R3,??ic_isr_0+0xB8  ;; 0xc0094189
   \   00000618   0x.... 0x....      BL       __aeabi_dmul
   \   0000061C   0x.... 0x....      BL       __aeabi_d2iz
   \   00000620   0x492F             LDR.N    R1,??ic_isr_0+0xB0
   \   00000622   0x6008             STR      R0,[R1, #+0]
    191              }
    192              FTM_ClearCHnF(FTM0, FTM_Ch7); 	
   \                     ??ic_isr_55: (+1)
   \   00000624   0x2107             MOVS     R1,#+7
   \   00000626   0x4802             LDR.N    R0,??ic_isr_0    ;; 0x40038000
   \   00000628   0x.... 0x....      BL       FTM_ClearCHnF
    193            }      
    194          //      EVB.Yaw       = Remote_Yaw; 
    195          //      EVB.Roll      = Remote_Roll;
    196          //      EVB.Pitch     = Remote_Pitch;
    197          //      EVB.ConstSpd  = Remote_Throttle;
    198          //      EVB.LeftKnob  = Remote_Leftknob;
    199          }
   \                     ??ic_isr_8: (+1)
   \   0000062C   0xBD01             POP      {R0,PC}          ;; return
   \   0000062E   0xBF00             Nop      
   \                     ??ic_isr_0:
   \   00000630   0x40038000         DC32     0x40038000
   \   00000634   0x400FF080         DC32     0x400ff080
   \   00000638   0x........         DC32     cnt0
   \   0000063C   0x........         DC32     cnt01
   \   00000640   0x........         DC32     cnt02
   \   00000644   0x........         DC32     Remote_Leftknob
   \   00000648   0x........         DC32     old0
   \   0000064C   0x374BC6A8         DC32     0x374bc6a8
   \   00000650   0x40094189         DC32     0x40094189
   \   00000654   0x........         DC32     cnt1
   \   00000658   0x........         DC32     cnt11
   \   0000065C   0x........         DC32     cnt12
   \   00000660   0x........         DC32     Remote_Roll
   \   00000664   0x........         DC32     old1
   \   00000668   0x........         DC32     cnt2
   \   0000066C   0x........         DC32     cnt21
   \   00000670   0x........         DC32     cnt22
   \   00000674   0x........         DC32     accelerator
   \   00000678   0x........         DC32     old2
   \   0000067C   0x........         DC32     cnt3
   \   00000680   0x........         DC32     cnt31
   \   00000684   0x........         DC32     cnt32
   \   00000688   0x........         DC32     rotate
   \   0000068C   0x........         DC32     old3
   \   00000690   0x400FF0C0         DC32     0x400ff0c0
   \   00000694   0x........         DC32     cnt4
   \   00000698   0x........         DC32     cnt41
   \   0000069C   0x........         DC32     cnt42
   \   000006A0   0x........         DC32     Remote_Throttle
   \   000006A4   0x........         DC32     old4
   \   000006A8   0x40006666         DC32     0x40006666
   \   000006AC   0x........         DC32     cnt5
   \   000006B0   0x........         DC32     cnt51
   \   000006B4   0x........         DC32     cnt52
   \   000006B8   0x........         DC32     rotaryknob
   \   000006BC   0x........         DC32     old5
   \   000006C0   0x........         DC32     cnt6
   \   000006C4   0x........         DC32     cnt61
   \   000006C8   0x........         DC32     cnt62
   \   000006CC   0x........         DC32     Remote_Yaw
   \   000006D0   0x........         DC32     old6
   \   000006D4   0x........         DC32     cnt7
   \   000006D8   0x........         DC32     cnt71
   \   000006DC   0x........         DC32     cnt72
   \   000006E0   0x........         DC32     Remote_Pitch
   \   000006E4   0x........         DC32     old7
   \   000006E8   0xC0094189         DC32     0xc0094189
    200          
    201          }
    202          /*
    203          
    204          Line 4LPLD_FTM_IsCHnF()FTM1Ch0FTMx
    205          Line 6Ch0cntC0VCNT
    206          Line 7PWMLPLD_FTM_GetClkDiv()g_bus_clock(g_bus_clock/LPLD_FTM_GetClkDiv(FTM1))CNTcnt
    207          Line 8LPLD_FTM_ClearCounter()CNT0
    208          Line 9LPLD_FTM_ClearCHnF()Ch0
    209          
    210          Line 2FTM1
    211          Line 3128,PWMCNTOSKinetisCNTFTM_CLK_DIV128CNT/128
    212          Line 4FTM
    213          Line 6PWMFTM_Ch0PTB0CAPTURE_RIFTM
    214          Line 7
    215          
    216          */

   Maximum stack usage in bytes:

   .cstack Function
   ------- --------
       0   FTM_ClearCHnF
       0   FTM_GetChVal
       0   FTM_IsCHnF
       0   GPIO_Input_b
       8   ic_isr
         8   -> FTM_ClearCHnF
         8   -> FTM_GetChVal
         8   -> FTM_IsCHnF
         8   -> GPIO_Input_b
         8   -> __aeabi_d2iz
         8   -> __aeabi_dmul
         8   -> __aeabi_i2d


   Section sizes:

   Bytes  Function/Label
   -----  --------------
      22  FTM_ClearCHnF
      12  FTM_GetChVal
      16  FTM_IsCHnF
      10  GPIO_Input_b
       4  Remote_Leftknob
       4  Remote_Pitch
       4  Remote_Roll
       4  Remote_Throttle
       4  Remote_Yaw
       4  accelerator
       4  cnt0
       4  cnt01
       4  cnt02
       4  cnt1
       4  cnt11
       4  cnt12
       4  cnt2
       4  cnt21
       4  cnt22
       4  cnt3
       4  cnt31
       4  cnt32
       4  cnt4
       4  cnt41
       4  cnt42
       4  cnt5
       4  cnt51
       4  cnt52
       4  cnt6
       4  cnt61
       4  cnt62
       4  cnt7
       4  cnt71
       4  cnt72
      28  ftm_init_structure1
    1772  ic_isr
       4  old0
       4  old1
       4  old2
       4  old3
       4  old4
       4  old5
       4  old6
       4  old7
       4  rotaryknob
       4  rotate

 
   188 bytes in section .bss
 1 832 bytes in section .text
 
 1 772 bytes of CODE memory (+ 60 bytes shared)
   188 bytes of DATA memory

Errors: none
Warnings: none
