###############################################################################
#
# IAR ANSI C/C++ Compiler V8.11.2.13589/W32 for ARM       18/Jun/2018  19:48:01
# Copyright 1999-2017 IAR Systems AB.
#
#    Cpu mode     =  thumb
#    Endian       =  little
#    Source file  =  
#        C:\Users\xsk19940910\Desktop\flightController-1\flightController-1\program\app\project.c
#    Command line =  
#        -f C:\Users\XSK199~1\AppData\Local\Temp\EW2982.tmp
#        (C:\Users\xsk19940910\Desktop\flightController-1\flightController-1\program\app\project.c
#        -D K60 -D USE_K60F15 -D ARM_MATH_CM4 -D __FPU_PRESENT=1 -D
#        __FPU_USED=1 -lCN
#        C:\Users\xsk19940910\Desktop\flightController-1\flightController-1\program\iar\RAM\List
#        -lB
#        C:\Users\xsk19940910\Desktop\flightController-1\flightController-1\program\iar\RAM\List
#        -o
#        C:\Users\xsk19940910\Desktop\flightController-1\flightController-1\program\iar\RAM\Obj
#        --no_cse --no_unroll --no_inline --no_code_motion --no_tbaa
#        --no_clustering --no_scheduling --debug --endian=little
#        --cpu=Cortex-M4 -e --fpu=VFPv4_sp --dlib_config
#        D:\iar\arm\INC\c\DLib_Config_Normal.h -I
#        C:\Users\xsk19940910\Desktop\flightController-1\flightController-1\program\iar\..\app\
#        -I
#        C:\Users\xsk19940910\Desktop\flightController-1\flightController-1\program\iar\..\app\Sensor\
#        -I
#        C:\Users\xsk19940910\Desktop\flightController-1\flightController-1\program\iar\..\lib\CPU\
#        -I
#        C:\Users\xsk19940910\Desktop\flightController-1\flightController-1\program\iar\..\lib\common\
#        -I
#        C:\Users\xsk19940910\Desktop\flightController-1\flightController-1\program\iar\..\lib\LPLD\
#        -I
#        C:\Users\xsk19940910\Desktop\flightController-1\flightController-1\program\iar\..\lib\LPLD\HW\
#        -I
#        C:\Users\xsk19940910\Desktop\flightController-1\flightController-1\program\iar\..\lib\LPLD\DEV\
#        -I
#        C:\Users\xsk19940910\Desktop\flightController-1\flightController-1\program\iar\..\lib\LPLD\FUNC\
#        -I
#        C:\Users\xsk19940910\Desktop\flightController-1\flightController-1\program\iar\..\lib\uCOS-II\Ports\
#        -I
#        C:\Users\xsk19940910\Desktop\flightController-1\flightController-1\program\iar\..\lib\uCOS-II\Source\
#        -I
#        C:\Users\xsk19940910\Desktop\flightController-1\flightController-1\program\iar\..\lib\FatFs\
#        -I
#        C:\Users\xsk19940910\Desktop\flightController-1\flightController-1\program\iar\..\lib\FatFs\option\
#        -I
#        C:\Users\xsk19940910\Desktop\flightController-1\flightController-1\program\iar\..\lib\USB\common\
#        -I
#        C:\Users\xsk19940910\Desktop\flightController-1\flightController-1\program\iar\..\lib\USB\driver\
#        -I
#        C:\Users\xsk19940910\Desktop\flightController-1\flightController-1\program\iar\..\lib\USB\descriptor\
#        -I
#        C:\Users\xsk19940910\Desktop\flightController-1\flightController-1\program\iar\..\lib\USB\class\
#        -On --c++ -I D:\iar\arm\CMSIS\Include\ -D ARM_MATH_CM4)
#    Locale       =  C
#    List file    =  
#        C:\Users\xsk19940910\Desktop\flightController-1\flightController-1\program\iar\RAM\List\project.lst
#    Object file  =  
#        C:\Users\xsk19940910\Desktop\flightController-1\flightController-1\program\iar\RAM\Obj\project.o
#
###############################################################################

C:\Users\xsk19940910\Desktop\flightController-1\flightController-1\program\app\project.c
      1          #include <arm_math.h>
      2          #include "common.h"
      3          #include "includes.h"
      4          
      5          

   \                                 In section .bss, align 1
      6          char result, ax, bx, cx; 
   \                     result:
   \   00000000                      DS8 1

   \                                 In section .bss, align 1
   \                     ax:
   \   00000000                      DS8 1

   \                                 In section .bss, align 1
   \                     `bx`:
   \   00000000                      DS8 1

   \                                 In section .bss, align 1
   \                     cx:
   \   00000000                      DS8 1

   \                                 In section .bss, align 8
      7          double a = 0, b = 1.1;
   \                     a:
   \   00000000                      DS8 8

   \                                 In section .data, align 8
   \                     `b`:
   \   00000000   0x9999999A         DC32 9999999AH, 3FF19999H
   \              0x3FF19999   

   \                                 In section .bss, align 4
      8          float A_array[2][2];   
   \                     A_array:
   \   00000000                      DS8 16

   \                                 In section .data, align 4
      9          float Xi_array[2][2]={1,1,2,0};
   \                     Xi_array:
   \   00000000   0x3F800000         DC32 3F800000H, 3F800000H, 40000000H, 0H
   \              0x3F800000   
   \              0x40000000   
   \              0x00000000   
     10          //   CEKF_AHRS EKF_AHRS1;

   \                                 In section .data, align 2
     11          int16 ta1 = 15098;
   \                     ta1:
   \   00000000   0x3AFA             DC16 15098

   \                                 In section .bss, align 1
     12          char ta2, ta3, ta4, ta5;
   \                     ta2:
   \   00000000                      DS8 1

   \                                 In section .bss, align 1
   \                     ta3:
   \   00000000                      DS8 1

   \                                 In section .bss, align 1
   \                     ta4:
   \   00000000                      DS8 1

   \                                 In section .bss, align 1
   \                     ta5:
   \   00000000                      DS8 1

   \                                 In section .bss, align 4
     13          int  ti1, ti2;
   \                     ti1:
   \   00000000                      DS8 4

   \                                 In section .bss, align 4
   \                     ti2:
   \   00000000                      DS8 4

   \                                 In section .bss, align 1
     14          arm_status errStatus1;
   \                     errStatus1:
   \   00000000                      DS8 1

   \                                 In section .text, align 4, keep-with-next
     15          void main(void)
     16          {
   \                     main: (+1)
   \   00000000   0xB500             PUSH     {LR}
   \   00000002   0xB085             SUB      SP,SP,#+20
     17            Init();
   \   00000004   0x.... 0x....      BL       _Z4Initv
     18            //CEKF_AHRS *EKF_AHRS1 = new CEKF_AHRS;
     19            //EKF_AHRS1.Init();
     20            //  CEKF_AHRS EKF_AHRS2;
     21            //  EKF_AHRS1 = EKF_AHRS2;
     22            
     23            arm_matrix_instance_f32 A = {2, 2, (float32_t *)A_array};
   \   00000008   0x4848             LDR.N    R0,??main_0
   \   0000000A   0xE9D0 0x2300      LDRD     R2,R3,[R0, #+0]
   \   0000000E   0xE9CD 0x2300      STRD     R2,R3,[SP, #+0]
   \   00000012   0x4847             LDR.N    R0,??main_0+0x4
   \   00000014   0x9001             STR      R0,[SP, #+4]
     24            A_array[0][0] = 1; A_array[0][1] = 0;
   \   00000016   0x4846             LDR.N    R0,??main_0+0x4
   \   00000018   0xF05F 0x517E      MOVS     R1,#+1065353216
   \   0000001C   0x6001             STR      R1,[R0, #+0]
   \   0000001E   0x4844             LDR.N    R0,??main_0+0x4
   \   00000020   0x2100             MOVS     R1,#+0
   \   00000022   0x6041             STR      R1,[R0, #+4]
     25            A_array[1][0] = 0; A_array[1][1] = 1;
   \   00000024   0x4842             LDR.N    R0,??main_0+0x4
   \   00000026   0x2100             MOVS     R1,#+0
   \   00000028   0x6081             STR      R1,[R0, #+8]
   \   0000002A   0x4841             LDR.N    R0,??main_0+0x4
   \   0000002C   0xF05F 0x517E      MOVS     R1,#+1065353216
   \   00000030   0x60C1             STR      R1,[R0, #+12]
     26            
     27            
     28            arm_matrix_instance_f32 Xi = {2, 2, (float32_t *)Xi_array};
   \   00000032   0x4840             LDR.N    R0,??main_0+0x8
   \   00000034   0xE9D0 0x2300      LDRD     R2,R3,[R0, #+0]
   \   00000038   0xE9CD 0x2302      STRD     R2,R3,[SP, #+8]
   \   0000003C   0x483E             LDR.N    R0,??main_0+0xC
   \   0000003E   0x9003             STR      R0,[SP, #+12]
     29            Xi_array[0][0] = 1; Xi_array[0][1] = 2;
   \   00000040   0x483D             LDR.N    R0,??main_0+0xC
   \   00000042   0xF05F 0x517E      MOVS     R1,#+1065353216
   \   00000046   0x6001             STR      R1,[R0, #+0]
   \   00000048   0x483B             LDR.N    R0,??main_0+0xC
   \   0000004A   0xF05F 0x4180      MOVS     R1,#+1073741824
   \   0000004E   0x6041             STR      R1,[R0, #+4]
     30            Xi_array[1][0] = 3; Xi_array[1][1] = 4;
   \   00000050   0x4839             LDR.N    R0,??main_0+0xC
   \   00000052   0x493A             LDR.N    R1,??main_0+0x10  ;; 0x40400000
   \   00000054   0x6081             STR      R1,[R0, #+8]
   \   00000056   0x4838             LDR.N    R0,??main_0+0xC
   \   00000058   0xF05F 0x4181      MOVS     R1,#+1082130432
   \   0000005C   0x60C1             STR      R1,[R0, #+12]
     31            
     32            errStatus1 = arm_mat_add_f32(&A, &Xi, &A);
   \   0000005E   0x466A             MOV      R2,SP
   \   00000060   0xA902             ADD      R1,SP,#+8
   \   00000062   0x4668             MOV      R0,SP
   \   00000064   0x.... 0x....      BL       arm_mat_add_f32
   \   00000068   0x4935             LDR.N    R1,??main_0+0x14
   \   0000006A   0x7008             STRB     R0,[R1, #+0]
     33            errStatus1 = arm_mat_inverse_f32(&Xi, &A);
   \   0000006C   0x4669             MOV      R1,SP
   \   0000006E   0xA802             ADD      R0,SP,#+8
   \   00000070   0x.... 0x....      BL       arm_mat_inverse_f32
   \   00000074   0x4932             LDR.N    R1,??main_0+0x14
   \   00000076   0x7008             STRB     R0,[R1, #+0]
     34            
     35            
     36            while(1)
     37            {
     38              EVB.send();
   \                     ??main_1: (+1)
   \   00000078   0x4832             LDR.N    R0,??main_0+0x18
   \   0000007A   0x.... 0x....      BL       _ZN4EVB_4sendEv
     39              ta2 = t;
   \   0000007E   0x4832             LDR.N    R0,??main_0+0x1C
   \   00000080   0x6800             LDR      R0,[R0, #+0]
   \   00000082   0x4932             LDR.N    R1,??main_0+0x20
   \   00000084   0x7008             STRB     R0,[R1, #+0]
     40              if(t > tTrans + 100)//为了以1毫秒为单位  
   \   00000086   0x4832             LDR.N    R0,??main_0+0x24
   \   00000088   0x6800             LDR      R0,[R0, #+0]
   \   0000008A   0x3064             ADDS     R0,R0,#+100
   \   0000008C   0x492E             LDR.N    R1,??main_0+0x1C
   \   0000008E   0x6809             LDR      R1,[R1, #+0]
   \   00000090   0x4288             CMP      R0,R1
   \   00000092   0xDA3A             BGE.N    ??main_2
     41              {
     42                MS5611_getTemperature(CMD_CONVERT_D2_OSR4096);
   \   00000094   0x2058             MOVS     R0,#+88
   \   00000096   0x.... 0x....      BL       _Z21MS5611_getTemperatureh
     43                MS5611_getPressure(CMD_CONVERT_D1_OSR4096); 
   \   0000009A   0x2048             MOVS     R0,#+72
   \   0000009C   0x.... 0x....      BL       _Z18MS5611_getPressureh
     44                Baro_hight = get_altitude(); 
   \   000000A0   0x.... 0x....      BL       _Z12get_altitudev
   \   000000A4   0xEE10 0x0A10      VMOV     R0,S0
   \   000000A8   0x.... 0x....      BL       __aeabi_f2d
   \   000000AC   0x4A29             LDR.N    R2,??main_0+0x28
   \   000000AE   0xE9C2 0x0100      STRD     R0,R1,[R2, #+0]
     45                ta2 = ta1>>8;
   \   000000B2   0x4829             LDR.N    R0,??main_0+0x2C
   \   000000B4   0xF9B0 0x0000      LDRSH    R0,[R0, #+0]
   \   000000B8   0x1200             ASRS     R0,R0,#+8
   \   000000BA   0x4924             LDR.N    R1,??main_0+0x20
   \   000000BC   0x7008             STRB     R0,[R1, #+0]
     46                ta3 = ta1;
   \   000000BE   0x4826             LDR.N    R0,??main_0+0x2C
   \   000000C0   0x8800             LDRH     R0,[R0, #+0]
   \   000000C2   0x4926             LDR.N    R1,??main_0+0x30
   \   000000C4   0x7008             STRB     R0,[R1, #+0]
     47                ta4 = (ta1&0xff00)>>8;
   \   000000C6   0x4824             LDR.N    R0,??main_0+0x2C
   \   000000C8   0xF9B0 0x0000      LDRSH    R0,[R0, #+0]
   \   000000CC   0x1200             ASRS     R0,R0,#+8
   \   000000CE   0x4924             LDR.N    R1,??main_0+0x34
   \   000000D0   0x7008             STRB     R0,[R1, #+0]
     48                ta5 = ta1&0&0xff;
   \   000000D2   0x2000             MOVS     R0,#+0
   \   000000D4   0x4923             LDR.N    R1,??main_0+0x38
   \   000000D6   0x7008             STRB     R0,[R1, #+0]
     49          
     50                tTrans = ta1;
   \   000000D8   0x481F             LDR.N    R0,??main_0+0x2C
   \   000000DA   0xF9B0 0x0000      LDRSH    R0,[R0, #+0]
   \   000000DE   0x491C             LDR.N    R1,??main_0+0x24
   \   000000E0   0x6008             STR      R0,[R1, #+0]
     51                tTrans = ta2;
   \   000000E2   0x481A             LDR.N    R0,??main_0+0x20
   \   000000E4   0x7800             LDRB     R0,[R0, #+0]
   \   000000E6   0x491A             LDR.N    R1,??main_0+0x24
   \   000000E8   0x6008             STR      R0,[R1, #+0]
     52                tTrans = ta3;
   \   000000EA   0x481C             LDR.N    R0,??main_0+0x30
   \   000000EC   0x7800             LDRB     R0,[R0, #+0]
   \   000000EE   0x4918             LDR.N    R1,??main_0+0x24
   \   000000F0   0x6008             STR      R0,[R1, #+0]
     53                tTrans = ta4;
   \   000000F2   0x481B             LDR.N    R0,??main_0+0x34
   \   000000F4   0x7800             LDRB     R0,[R0, #+0]
   \   000000F6   0x4916             LDR.N    R1,??main_0+0x24
   \   000000F8   0x6008             STR      R0,[R1, #+0]
     54                tTrans = ta5;
   \   000000FA   0x481A             LDR.N    R0,??main_0+0x38
   \   000000FC   0x7800             LDRB     R0,[R0, #+0]
   \   000000FE   0x4914             LDR.N    R1,??main_0+0x24
   \   00000100   0x6008             STR      R0,[R1, #+0]
     55                tTrans = t; 
   \   00000102   0x4811             LDR.N    R0,??main_0+0x1C
   \   00000104   0x6800             LDR      R0,[R0, #+0]
   \   00000106   0x4912             LDR.N    R1,??main_0+0x24
   \   00000108   0x6008             STR      R0,[R1, #+0]
     56          
     57              }    
     58              if(t % 5000 == 0)
   \                     ??main_2: (+1)
   \   0000010A   0xF241 0x3088      MOVW     R0,#+5000
   \   0000010E   0x490E             LDR.N    R1,??main_0+0x1C
   \   00000110   0x6809             LDR      R1,[R1, #+0]
   \   00000112   0x4A0D             LDR.N    R2,??main_0+0x1C
   \   00000114   0x6812             LDR      R2,[R2, #+0]
   \   00000116   0xFB92 0xF2F0      SDIV     R2,R2,R0
   \   0000011A   0xFB00 0x1012      MLS      R0,R0,R2,R1
   \   0000011E   0x2800             CMP      R0,#+0
   \   00000120   0xD1AA             BNE.N    ??main_1
     59                waterGun->startSpraying();
   \   00000122   0x4811             LDR.N    R0,??main_0+0x3C
   \   00000124   0x6800             LDR      R0,[R0, #+0]
   \   00000126   0x.... 0x....      BL       _ZN9CWaterGun13startSprayingEv
   \   0000012A   0xE7A5             B.N      ??main_1
   \                     ??main_0:
   \   0000012C   0x........         DC32     ?_0
   \   00000130   0x........         DC32     A_array
   \   00000134   0x........         DC32     ?_1
   \   00000138   0x........         DC32     Xi_array
   \   0000013C   0x40400000         DC32     0x40400000
   \   00000140   0x........         DC32     errStatus1
   \   00000144   0x........         DC32     EVB
   \   00000148   0x........         DC32     t
   \   0000014C   0x........         DC32     ta2
   \   00000150   0x........         DC32     tTrans
   \   00000154   0x........         DC32     Baro_hight
   \   00000158   0x........         DC32     ta1
   \   0000015C   0x........         DC32     ta3
   \   00000160   0x........         DC32     ta4
   \   00000164   0x........         DC32     ta5
   \   00000168   0x........         DC32     waterGun
     60              
     61            }
     62          }

   \                                 In section .rodata, align 4
   \                     ?_0:
   \   00000000   0x0002 0x0002      DC16 2, 2
   \   00000004   0x00000000         DC32 0H

   \                                 In section .rodata, align 4
   \                     ?_1:
   \   00000000   0x0002 0x0002      DC16 2, 2
   \   00000004   0x00000000         DC32 0H

   Maximum stack usage in bytes:

   .cstack Function
   ------- --------
      24   main
        24   -> CWaterGun::startSpraying()
        24   -> EVB_::send()
        24   -> Init()
        24   -> MS5611_getPressure(unsigned char)
        24   -> MS5611_getTemperature(unsigned char)
        24   -> __aeabi_f2d
        24   -> arm_mat_add_f32
        24   -> arm_mat_inverse_f32
        24   -> get_altitude()


   Section sizes:

   Bytes  Function/Label
   -----  --------------
       8  ?_0
       8  ?_1
      16  A_array
      16  Xi_array
       8  a
       1  ax
       8  b
       1  bx
       1  cx
       1  errStatus1
     364  main
       1  result
       2  ta1
       1  ta2
       1  ta3
       1  ta4
       1  ta5
       4  ti1
       4  ti2
       8  -- Other

 
   8 bytes in section .ARM.exidx
  41 bytes in section .bss
  26 bytes in section .data
  16 bytes in section .rodata
 364 bytes in section .text
 
 364 bytes of CODE  memory
  24 bytes of CONST memory
  67 bytes of DATA  memory

Errors: none
Warnings: none
