###############################################################################
#
# IAR ANSI C/C++ Compiler V8.11.2.13589/W32 for ARM       18/Jun/2018  19:48:01
# Copyright 1999-2017 IAR Systems AB.
#
#    Cpu mode     =  thumb
#    Endian       =  little
#    Source file  =  
#        C:\Users\xsk19940910\Desktop\flightController-1\flightController-1\program\app\Sensor\RemoteHub.cpp
#    Command line =  
#        -f C:\Users\XSK199~1\AppData\Local\Temp\EW2B87.tmp
#        (C:\Users\xsk19940910\Desktop\flightController-1\flightController-1\program\app\Sensor\RemoteHub.cpp
#        -D K60 -D USE_K60F15 -D ARM_MATH_CM4 -D __FPU_PRESENT=1 -D
#        __FPU_USED=1 -lCN
#        C:\Users\xsk19940910\Desktop\flightController-1\flightController-1\program\iar\RAM\List
#        -lB
#        C:\Users\xsk19940910\Desktop\flightController-1\flightController-1\program\iar\RAM\List
#        -o
#        C:\Users\xsk19940910\Desktop\flightController-1\flightController-1\program\iar\RAM\Obj
#        --no_cse --no_unroll --no_inline --no_code_motion --no_tbaa
#        --no_clustering --no_scheduling --debug --endian=little
#        --cpu=Cortex-M4 -e --fpu=VFPv4_sp --dlib_config
#        D:\iar\arm\INC\c\DLib_Config_Normal.h -I
#        C:\Users\xsk19940910\Desktop\flightController-1\flightController-1\program\iar\..\app\
#        -I
#        C:\Users\xsk19940910\Desktop\flightController-1\flightController-1\program\iar\..\app\Sensor\
#        -I
#        C:\Users\xsk19940910\Desktop\flightController-1\flightController-1\program\iar\..\lib\CPU\
#        -I
#        C:\Users\xsk19940910\Desktop\flightController-1\flightController-1\program\iar\..\lib\common\
#        -I
#        C:\Users\xsk19940910\Desktop\flightController-1\flightController-1\program\iar\..\lib\LPLD\
#        -I
#        C:\Users\xsk19940910\Desktop\flightController-1\flightController-1\program\iar\..\lib\LPLD\HW\
#        -I
#        C:\Users\xsk19940910\Desktop\flightController-1\flightController-1\program\iar\..\lib\LPLD\DEV\
#        -I
#        C:\Users\xsk19940910\Desktop\flightController-1\flightController-1\program\iar\..\lib\LPLD\FUNC\
#        -I
#        C:\Users\xsk19940910\Desktop\flightController-1\flightController-1\program\iar\..\lib\uCOS-II\Ports\
#        -I
#        C:\Users\xsk19940910\Desktop\flightController-1\flightController-1\program\iar\..\lib\uCOS-II\Source\
#        -I
#        C:\Users\xsk19940910\Desktop\flightController-1\flightController-1\program\iar\..\lib\FatFs\
#        -I
#        C:\Users\xsk19940910\Desktop\flightController-1\flightController-1\program\iar\..\lib\FatFs\option\
#        -I
#        C:\Users\xsk19940910\Desktop\flightController-1\flightController-1\program\iar\..\lib\USB\common\
#        -I
#        C:\Users\xsk19940910\Desktop\flightController-1\flightController-1\program\iar\..\lib\USB\driver\
#        -I
#        C:\Users\xsk19940910\Desktop\flightController-1\flightController-1\program\iar\..\lib\USB\descriptor\
#        -I
#        C:\Users\xsk19940910\Desktop\flightController-1\flightController-1\program\iar\..\lib\USB\class\
#        -On --c++ -I D:\iar\arm\CMSIS\Include\ -D ARM_MATH_CM4)
#    Locale       =  C
#    List file    =  
#        C:\Users\xsk19940910\Desktop\flightController-1\flightController-1\program\iar\RAM\List\RemoteHub.lst
#    Object file  =  
#        C:\Users\xsk19940910\Desktop\flightController-1\flightController-1\program\iar\RAM\Obj\RemoteHub.o
#
###############################################################################

C:\Users\xsk19940910\Desktop\flightController-1\flightController-1\program\app\Sensor\RemoteHub.cpp
      1          #include "RemoteHub.h"

   \                                 In section .text, align 4
   \   __interwork __softfp bool DMA_isOccupying(uint8)
   \                     DMA_isOccupying: (+1)
   \   00000000   0x0001             MOVS     R1,R0
   \   00000002   0x4803             LDR.N    R0,??DMA_isOccupying_0  ;; 0x4000800c
   \   00000004   0x6800             LDR      R0,[R0, #+0]
   \   00000006   0x40C8             LSRS     R0,R0,R1
   \   00000008   0xF010 0x0001      ANDS     R0,R0,#0x1
   \   0000000C   0x4770             BX       LR               ;; return
   \   0000000E   0xBF00             Nop      
   \                     ??DMA_isOccupying_0:
   \   00000010   0x4000800C         DC32     0x4000800c
      2          

   \                                 In section .bss, align 4
      3          CRemoteHub *RemoteHub;
   \                     RemoteHub:
   \   00000000                      DS8 4
      4          
      5          

   \                                 In section .text, align 2, keep-with-next
      6          void RemoteHub_Init()
      7          {
   \                     _Z14RemoteHub_Initv: (+1)
   \   00000000   0x....             LDR.N    R0,??DataTable2
   \   00000002   0x7800             LDRB     R0,[R0, #+0]
   \   00000004   0x2800             CMP      R0,#+0
   \   00000006   0xD102             BNE.N    ??RemoteHub_Init_0
      8            static CRemoteHub RemoteHub_0;
   \   00000008   0x2001             MOVS     R0,#+1
   \   0000000A   0x....             LDR.N    R1,??DataTable2
   \   0000000C   0x7008             STRB     R0,[R1, #+0]
      9            RemoteHub = &RemoteHub_0;
   \                     ??RemoteHub_Init_0: (+1)
   \   0000000E   0x....             LDR.N    R0,??DataTable2_1
   \   00000010   0x....             LDR.N    R1,??DataTable2_2
   \   00000012   0x6008             STR      R0,[R1, #+0]
     10            
     11            RemoteHub->DMA_CHn_Rx = DMA_CH8;
   \   00000014   0x2008             MOVS     R0,#+8
   \   00000016   0x....             LDR.N    R1,??DataTable2_2
   \   00000018   0x6809             LDR      R1,[R1, #+0]
   \   0000001A   0x7008             STRB     R0,[R1, #+0]
     12            RemoteHub->DMA_CHn_Tx = DMA_CH9;
   \   0000001C   0x2009             MOVS     R0,#+9
   \   0000001E   0x....             LDR.N    R1,??DataTable2_2
   \   00000020   0x6809             LDR      R1,[R1, #+0]
   \   00000022   0x7048             STRB     R0,[R1, #+1]
     13          }
   \   00000024   0x4770             BX       LR               ;; return

   \                                 In section .bss, align 4
   \                     `RemoteHub_Init()::RemoteHub_0`:
   \   00000000                      DS8 2356
     14          
     15          

   \                                 In section .text, align 2, keep-with-next
     16          void CRemoteHub::updateUart()
     17          {
   \                     _ZN10CRemoteHub10updateUartEv: (+1)
   \   00000000   0xE92D 0x4FFE      PUSH     {R1-R11,LR}
   \   00000004   0x0005             MOVS     R5,R0
     18            bool newPackage = false;
   \   00000006   0x2000             MOVS     R0,#+0
   \   00000008   0xF88D 0x0000      STRB     R0,[SP, #+0]
     19            int i = 0, i0 = 0;
   \   0000000C   0x2100             MOVS     R1,#+0
   \   0000000E   0x2600             MOVS     R6,#+0
     20            int address0 = (DMA0->TCD[DMA_CHn_Rx].DADDR) - (uint32)(&uartData[0]);
   \   00000010   0x....             LDR.N    R0,??DataTable2_3  ;; 0x40009000
   \   00000012   0x782A             LDRB     R2,[R5, #+0]
   \   00000014   0x0152             LSLS     R2,R2,#+5
   \   00000016   0x4410             ADD      R0,R0,R2
   \   00000018   0x6900             LDR      R0,[R0, #+16]
   \   0000001A   0x1CAF             ADDS     R7,R5,#+2
   \   0000001C   0x1BC7             SUBS     R7,R0,R7
     21            int moveLength = 0;
   \   0000001E   0x2200             MOVS     R2,#+0
     22            const int packageLength = 11;
   \   00000020   0x200B             MOVS     R0,#+11
   \   00000022   0x9001             STR      R0,[SP, #+4]
     23            
     24            bool loopFlag = false;
   \   00000024   0x2400             MOVS     R4,#+0
     25            byteInterval = t - byte_lastTime;
   \   00000026   0x....             LDR.N    R0,??DataTable2_4
   \   00000028   0x6803             LDR      R3,[R0, #+0]
   \   0000002A   0xF8D5 0x07D8      LDR      R0,[R5, #+2008]
   \   0000002E   0x1A1B             SUBS     R3,R3,R0
   \   00000030   0xF8C5 0x37D4      STR      R3,[R5, #+2004]
     26            
     27            if(byteInterval > 300)
   \   00000034   0xF8D5 0x07D4      LDR      R0,[R5, #+2004]
   \   00000038   0xF240 0x132D      MOVW     R3,#+301
   \   0000003C   0x4298             CMP      R0,R3
   \   0000003E   0xDB02             BLT.N    ??updateUart_0
     28            {
     29              valid = false;
   \   00000040   0x2000             MOVS     R0,#+0
   \   00000042   0xF885 0x07F4      STRB     R0,[R5, #+2036]
     30            }
     31            
     32            if(byte_lastAddress != address0)
   \                     ??updateUart_0: (+1)
   \   00000046   0xF8D5 0x07DC      LDR      R0,[R5, #+2012]
   \   0000004A   0x42B8             CMP      R0,R7
   \   0000004C   0xD001             BEQ.N    ??updateUart_1
     33            {
     34              byte_lastAddress = address0;
   \   0000004E   0xF8C5 0x77DC      STR      R7,[R5, #+2012]
     35            }
     36            for(; i < address0; i++)
   \                     ??updateUart_1: (+1)
   \   00000052   0x42B9             CMP      R1,R7
   \   00000054   0xF280 0x8087      BGE.W    ??updateUart_2
     37            {
     38              for(; uartData[i] != 'e'; i++)
   \                     ??updateUart_3: (+1)
   \   00000058   0xEB05 0x0001      ADD      R0,R5,R1
   \   0000005C   0x7880             LDRB     R0,[R0, #+2]
   \   0000005E   0x2865             CMP      R0,#+101
   \   00000060   0xD006             BEQ.N    ??updateUart_4
     39              {
     40                if(i >= address0)
   \   00000062   0x42B9             CMP      R1,R7
   \   00000064   0xDB02             BLT.N    ??updateUart_5
     41                {
     42                  loopFlag = true;
   \   00000066   0x2001             MOVS     R0,#+1
   \   00000068   0x0004             MOVS     R4,R0
     43                  break;
   \   0000006A   0xE001             B.N      ??updateUart_4
     44                }
     45              }
   \                     ??updateUart_5: (+1)
   \   0000006C   0x1C49             ADDS     R1,R1,#+1
   \   0000006E   0xE7F3             B.N      ??updateUart_3
     46                
     47              if(loopFlag)
   \                     ??updateUart_4: (+1)
   \   00000070   0xB2E4             UXTB     R4,R4            ;; ZeroExt  R4,R4,#+24,#+24
   \   00000072   0x2C00             CMP      R4,#+0
   \   00000074   0xD177             BNE.N    ??updateUart_2
     48              {
     49                break;
     50              }
     51              if(i - i0 < packageLength - 1)
   \                     ??updateUart_6: (+1)
   \   00000076   0x1B88             SUBS     R0,R1,R6
   \   00000078   0x280A             CMP      R0,#+10
   \   0000007A   0xDB72             BLT.N    ??updateUart_7
     52              {
     53                continue;
     54              }
     55              
     56          //    char checkSum = 0; //注意每个包的checkSum都要清零
     57          //    for(int k = i - (packageLength - 1); k < i - 1; k++)
     58          //    {
     59          //      checkSum += uartData[k];
     60          //    }
     61          //    if(checkSum != uartData[i-1])
     62          //    {
     63          //      continue;
     64          //    }
     65              valid = true;
   \                     ??updateUart_8: (+1)
   \   0000007C   0x2001             MOVS     R0,#+1
   \   0000007E   0xF885 0x07F4      STRB     R0,[R5, #+2036]
     66              byte_lastTime = t;
   \   00000082   0x....             LDR.N    R0,??DataTable2_4
   \   00000084   0x6800             LDR      R0,[R0, #+0]
   \   00000086   0xF8C5 0x07D8      STR      R0,[R5, #+2008]
     67              byte_lastAddress = address0;
   \   0000008A   0xF8C5 0x77DC      STR      R7,[R5, #+2012]
     68              i0 = i;    
   \   0000008E   0x000E             MOVS     R6,R1
     69              
     70              int packageTop = i - packageLength + 1;
   \   00000090   0xF1B1 0x030A      SUBS     R3,R1,#+10
     71              Remote_Throttle = (int16)(uartData[packageTop] << 8 | uartData[packageTop + 1]);
   \   00000094   0xEB05 0x0003      ADD      R0,R5,R3
   \   00000098   0x7880             LDRB     R0,[R0, #+2]
   \   0000009A   0xEB05 0x0C03      ADD      R12,R5,R3
   \   0000009E   0xF89C 0xC003      LDRB     R12,[R12, #+3]
   \   000000A2   0xEA5C 0x2C00      ORRS     R12,R12,R0, LSL #+8
   \   000000A6   0xFA0F 0xFC8C      SXTH     R12,R12          ;; SignExt  R12,R12,#+16,#+16
   \   000000AA   0xF8C5 0xC7E0      STR      R12,[R5, #+2016]
     72              packageTop += 2;
   \   000000AE   0x1C9B             ADDS     R3,R3,#+2
     73              Remote_Yaw = (int16)(uartData[packageTop] << 8 | uartData[packageTop + 1]);
   \   000000B0   0xEB05 0x0003      ADD      R0,R5,R3
   \   000000B4   0x7880             LDRB     R0,[R0, #+2]
   \   000000B6   0xEB05 0x0C03      ADD      R12,R5,R3
   \   000000BA   0xF89C 0xC003      LDRB     R12,[R12, #+3]
   \   000000BE   0xEA5C 0x2C00      ORRS     R12,R12,R0, LSL #+8
   \   000000C2   0xFA0F 0xFC8C      SXTH     R12,R12          ;; SignExt  R12,R12,#+16,#+16
   \   000000C6   0xF8C5 0xC7E4      STR      R12,[R5, #+2020]
     74              packageTop += 2;
   \   000000CA   0x1C9B             ADDS     R3,R3,#+2
     75              Remote_Roll = (int16)(uartData[packageTop] << 8 | uartData[packageTop + 1]);
   \   000000CC   0xEB05 0x0003      ADD      R0,R5,R3
   \   000000D0   0x7880             LDRB     R0,[R0, #+2]
   \   000000D2   0xEB05 0x0C03      ADD      R12,R5,R3
   \   000000D6   0xF89C 0xC003      LDRB     R12,[R12, #+3]
   \   000000DA   0xEA5C 0x2C00      ORRS     R12,R12,R0, LSL #+8
   \   000000DE   0xFA0F 0xFC8C      SXTH     R12,R12          ;; SignExt  R12,R12,#+16,#+16
   \   000000E2   0xF8C5 0xC7E8      STR      R12,[R5, #+2024]
     76              packageTop += 2;
   \   000000E6   0x1C9B             ADDS     R3,R3,#+2
     77              Remote_Pitch = (int16)(uartData[packageTop] << 8 | uartData[packageTop + 1]);
   \   000000E8   0xEB05 0x0003      ADD      R0,R5,R3
   \   000000EC   0x7880             LDRB     R0,[R0, #+2]
   \   000000EE   0xEB05 0x0C03      ADD      R12,R5,R3
   \   000000F2   0xF89C 0xC003      LDRB     R12,[R12, #+3]
   \   000000F6   0xEA5C 0x2C00      ORRS     R12,R12,R0, LSL #+8
   \   000000FA   0xFA0F 0xFC8C      SXTH     R12,R12          ;; SignExt  R12,R12,#+16,#+16
   \   000000FE   0xF8C5 0xC7EC      STR      R12,[R5, #+2028]
     78              packageTop += 2;
   \   00000102   0x1C9B             ADDS     R3,R3,#+2
     79              Remote_Leftknob = (int16)(uartData[packageTop] << 8 | uartData[packageTop + 1]);
   \   00000104   0xEB05 0x0003      ADD      R0,R5,R3
   \   00000108   0x7880             LDRB     R0,[R0, #+2]
   \   0000010A   0xEB05 0x0C03      ADD      R12,R5,R3
   \   0000010E   0xF89C 0xC003      LDRB     R12,[R12, #+3]
   \   00000112   0xEA5C 0x2C00      ORRS     R12,R12,R0, LSL #+8
   \   00000116   0xFA0F 0xFC8C      SXTH     R12,R12          ;; SignExt  R12,R12,#+16,#+16
   \   0000011A   0xF8C5 0xC7F0      STR      R12,[R5, #+2032]
     80              
     81              if(valid)
   \   0000011E   0xF895 0x07F4      LDRB     R0,[R5, #+2036]
   \   00000122   0x2800             CMP      R0,#+0
   \   00000124   0xD01D             BEQ.N    ??updateUart_7
     82              {
     83                EVB.Yaw       = Remote_Yaw; 
   \   00000126   0xF8D5 0x07E4      LDR      R0,[R5, #+2020]
   \   0000012A   0x.... 0x....      LDR.W    R12,??DataTable2_5
   \   0000012E   0xF8CC 0x06F0      STR      R0,[R12, #+1776]
     84                EVB.Roll      = Remote_Roll;
   \   00000132   0xF8D5 0x07E8      LDR      R0,[R5, #+2024]
   \   00000136   0x.... 0x....      LDR.W    R12,??DataTable2_5
   \   0000013A   0xF8CC 0x06F4      STR      R0,[R12, #+1780]
     85                EVB.Pitch     = Remote_Pitch;
   \   0000013E   0xF8D5 0x07EC      LDR      R0,[R5, #+2028]
   \   00000142   0x.... 0x....      LDR.W    R12,??DataTable2_5
   \   00000146   0xF8CC 0x06F8      STR      R0,[R12, #+1784]
     86                EVB.ConstSpd  = Remote_Throttle;
   \   0000014A   0xF8D5 0x07E0      LDR      R0,[R5, #+2016]
   \   0000014E   0x.... 0x....      LDR.W    R12,??DataTable2_5
   \   00000152   0xF8CC 0x06E8      STR      R0,[R12, #+1768]
     87                EVB.LeftKnob  = Remote_Leftknob;
   \   00000156   0xF8D5 0x07F0      LDR      R0,[R5, #+2032]
   \   0000015A   0x.... 0x....      LDR.W    R12,??DataTable2_5
   \   0000015E   0xF8CC 0x06FC      STR      R0,[R12, #+1788]
     88              }
     89              
     90            }
   \                     ??updateUart_7: (+1)
   \   00000162   0x1C49             ADDS     R1,R1,#+1
   \   00000164   0xE775             B.N      ??updateUart_1
     91            if(valid && !validLast)
   \                     ??updateUart_2: (+1)
   \   00000166   0xF895 0x07F4      LDRB     R0,[R5, #+2036]
   \   0000016A   0x2800             CMP      R0,#+0
   \   0000016C   0xD008             BEQ.N    ??updateUart_9
   \   0000016E   0xF895 0x07F5      LDRB     R0,[R5, #+2037]
   \   00000172   0x2800             CMP      R0,#+0
   \   00000174   0xD104             BNE.N    ??updateUart_9
     92            {
     93              validTime = t;
   \   00000176   0x....             LDR.N    R0,??DataTable2_4
   \   00000178   0x6800             LDR      R0,[R0, #+0]
   \   0000017A   0xF8C5 0x07FC      STR      R0,[R5, #+2044]
   \   0000017E   0xE00B             B.N      ??updateUart_10
     94            }
     95            else if(!valid && validLast)
   \                     ??updateUart_9: (+1)
   \   00000180   0xF895 0x07F4      LDRB     R0,[R5, #+2036]
   \   00000184   0x2800             CMP      R0,#+0
   \   00000186   0xD107             BNE.N    ??updateUart_10
   \   00000188   0xF895 0x07F5      LDRB     R0,[R5, #+2037]
   \   0000018C   0x2800             CMP      R0,#+0
   \   0000018E   0xD003             BEQ.N    ??updateUart_10
     96            {
     97              invalidTime = t;
   \   00000190   0x....             LDR.N    R0,??DataTable2_4
   \   00000192   0x6800             LDR      R0,[R0, #+0]
   \   00000194   0xF8C5 0x07F8      STR      R0,[R5, #+2040]
     98            }
     99            validLast = valid;
   \                     ??updateUart_10: (+1)
   \   00000198   0xF895 0x07F4      LDRB     R0,[R5, #+2036]
   \   0000019C   0xF885 0x07F5      STRB     R0,[R5, #+2037]
    100              
    101            moveLength = (DMA0->TCD[DMA_CHn_Rx].DADDR - (uint32)&uartData[0]) - i0;
   \   000001A0   0x....             LDR.N    R0,??DataTable2_3  ;; 0x40009000
   \   000001A2   0x782B             LDRB     R3,[R5, #+0]
   \   000001A4   0x015B             LSLS     R3,R3,#+5
   \   000001A6   0x4418             ADD      R0,R0,R3
   \   000001A8   0x6900             LDR      R0,[R0, #+16]
   \   000001AA   0xF115 0x0802      ADDS     R8,R5,#+2
   \   000001AE   0xEBB0 0x0808      SUBS     R8,R0,R8
   \   000001B2   0xEBB8 0x0806      SUBS     R8,R8,R6
    102            if(moveLength < 0) moveLength = 0;
   \   000001B6   0xF1B8 0x0F00      CMP      R8,#+0
   \   000001BA   0xD501             BPL.N    ??updateUart_11
   \   000001BC   0x2000             MOVS     R0,#+0
   \   000001BE   0x4680             MOV      R8,R0
    103             
    104            DMA_LoadDstAddr(DMA_CHn_Rx, (uint32)&uartData[0] + moveLength);
   \                     ??updateUart_11: (+1)
   \   000001C0   0x1CA8             ADDS     R0,R5,#+2
   \   000001C2   0xEB18 0x0000      ADDS     R0,R8,R0
   \   000001C6   0x....             LDR.N    R2,??DataTable2_3  ;; 0x40009000
   \   000001C8   0x782B             LDRB     R3,[R5, #+0]
   \   000001CA   0x015B             LSLS     R3,R3,#+5
   \   000001CC   0x441A             ADD      R2,R2,R3
   \   000001CE   0x6110             STR      R0,[R2, #+16]
    105            for(i = 0; i < moveLength; i++)
   \   000001D0   0xF05F 0x0900      MOVS     R9,#+0
   \                     ??updateUart_12: (+1)
   \   000001D4   0x45C1             CMP      R9,R8
   \   000001D6   0xDA09             BGE.N    ??updateUart_13
    106            {
    107              uartData[i] = uartData[i0 + i];
   \   000001D8   0xEB19 0x0006      ADDS     R0,R9,R6
   \   000001DC   0x4428             ADD      R0,R5,R0
   \   000001DE   0x7880             LDRB     R0,[R0, #+2]
   \   000001E0   0xEB05 0x0109      ADD      R1,R5,R9
   \   000001E4   0x7088             STRB     R0,[R1, #+2]
    108            }
   \   000001E6   0xF119 0x0901      ADDS     R9,R9,#+1
   \   000001EA   0xE7F3             B.N      ??updateUart_12
    109            memset(uartData + moveLength, 0, 150 * sizeof(char));
   \                     ??updateUart_13: (+1)
   \   000001EC   0x2096             MOVS     R0,#+150
   \   000001EE   0x9002             STR      R0,[SP, #+8]
   \   000001F0   0xF05F 0x0A00      MOVS     R10,#+0
   \   000001F4   0xEB05 0x0008      ADD      R0,R5,R8
   \   000001F8   0xF110 0x0B02      ADDS     R11,R0,#+2
   \   000001FC   0x4652             MOV      R2,R10
   \   000001FE   0x9902             LDR      R1,[SP, #+8]
   \   00000200   0x4658             MOV      R0,R11
   \   00000202   0x.... 0x....      BL       __aeabi_memset
    110            if(address0 > 100)
   \   00000206   0x2F65             CMP      R7,#+101
   \   00000208   0xDB05             BLT.N    ??updateUart_14
    111            {
    112              DMA_LoadDstAddr(DMA_CHn_Rx, (uint32)&uartData[0]);
   \   0000020A   0x1CA8             ADDS     R0,R5,#+2
   \   0000020C   0x....             LDR.N    R1,??DataTable2_3  ;; 0x40009000
   \   0000020E   0x782A             LDRB     R2,[R5, #+0]
   \   00000210   0x0152             LSLS     R2,R2,#+5
   \   00000212   0x4411             ADD      R1,R1,R2
   \   00000214   0x6108             STR      R0,[R1, #+16]
    113            }
    114          }
   \                     ??updateUart_14: (+1)
   \   00000216   0xE8BD 0x8FF7      POP      {R0-R2,R4-R11,PC}  ;; return
    115          
    116          
    117          
    118          

   \                                 In section .text, align 2, keep-with-next
    119          void CRemoteHub::sendPackage()
    120          {
   \                     _ZN10CRemoteHub11sendPackageEv: (+1)
   \   00000000   0xB510             PUSH     {R4,LR}
   \   00000002   0x0004             MOVS     R4,R0
    121            if(!DMA_isOccupying(DMA_CHn_Tx))
   \   00000004   0x7860             LDRB     R0,[R4, #+1]
   \   00000006   0x.... 0x....      BL       DMA_isOccupying
    122            {
    123          //    TX.clear();
    124          //    TX.add(Navigation->angleToScreenValid);
    125          //    TX.startDMA_Transmit();    
    126            }
    127          }
   \   0000000A   0xBD10             POP      {R4,PC}          ;; return
    128          
    129          

   \                                 In section .text, align 2, keep-with-next
    130          void CRemoteHub::TX_::startDMA_Transmit()
    131          { 
    132            //调整源地址
    133            DMA0->TCD[DMA_CH7].SADDR = DMA_SADDR_SADDR(RemoteHub->TX.data);
   \                     _ZN10CRemoteHub3TX_17startDMA_TransmitEv: (+1)
   \   00000000   0x....             LDR.N    R1,??DataTable2_2
   \   00000002   0x6809             LDR      R1,[R1, #+0]
   \   00000004   0xF511 0x6100      ADDS     R1,R1,#+2048
   \   00000008   0x....             LDR.N    R2,??DataTable2_6  ;; 0x400090e0
   \   0000000A   0x6011             STR      R1,[R2, #+0]
    134            
    135            //设置主循环计数器 current major loop count
    136            DMA0->TCD[DMA_CH7].CITER_ELINKNO = DMA_CITER_ELINKNO_CITER(RemoteHub->TX.index);
   \   0000000C   0x....             LDR.N    R1,??DataTable2_2
   \   0000000E   0x6809             LDR      R1,[R1, #+0]
   \   00000010   0xF8D1 0x192C      LDR      R1,[R1, #+2348]
   \   00000014   0x0449             LSLS     R1,R1,#+17       ;; ZeroExtS R1,R1,#+17,#+17
   \   00000016   0x0C49             LSRS     R1,R1,#+17
   \   00000018   0x....             LDR.N    R2,??DataTable2_7  ;; 0x400090f6
   \   0000001A   0x8011             STRH     R1,[R2, #+0]
    137            
    138            //起始循环计数器，当主循环计数器为零的时候，将装载起始循环计数器的值
    139            DMA0->TCD[DMA_CH7].BITER_ELINKNO = DMA_CITER_ELINKNO_CITER(RemoteHub->TX.index);
   \   0000001C   0x....             LDR.N    R1,??DataTable2_2
   \   0000001E   0x6809             LDR      R1,[R1, #+0]
   \   00000020   0xF8D1 0x192C      LDR      R1,[R1, #+2348]
   \   00000024   0x0449             LSLS     R1,R1,#+17       ;; ZeroExtS R1,R1,#+17,#+17
   \   00000026   0x0C49             LSRS     R1,R1,#+17
   \   00000028   0x....             LDR.N    R2,??DataTable2_8  ;; 0x400090fe
   \   0000002A   0x8011             STRH     R1,[R2, #+0]
    140              
    141            DMA_EnableReq(DMA_CH7);
   \   0000002C   0x....             LDR.N    R1,??DataTable2_9  ;; 0x4000800c
   \   0000002E   0x6809             LDR      R1,[R1, #+0]
   \   00000030   0xF051 0x0180      ORRS     R1,R1,#0x80
   \   00000034   0x....             LDR.N    R2,??DataTable2_9  ;; 0x4000800c
   \   00000036   0x6011             STR      R1,[R2, #+0]
    142          }
   \   00000038   0x4770             BX       LR               ;; return

   \                                 In section .text, align 4, keep-with-next
   \                     ??DataTable2:
   \   00000000   0x........         DC32     `RemoteHub_Init()::static guard for RemoteHub_0`

   \                                 In section .text, align 4, keep-with-next
   \                     ??DataTable2_1:
   \   00000000   0x........         DC32     `RemoteHub_Init()::RemoteHub_0`

   \                                 In section .text, align 4, keep-with-next
   \                     ??DataTable2_2:
   \   00000000   0x........         DC32     RemoteHub

   \                                 In section .text, align 4, keep-with-next
   \                     ??DataTable2_3:
   \   00000000   0x40009000         DC32     0x40009000

   \                                 In section .text, align 4, keep-with-next
   \                     ??DataTable2_4:
   \   00000000   0x........         DC32     t

   \                                 In section .text, align 4, keep-with-next
   \                     ??DataTable2_5:
   \   00000000   0x........         DC32     EVB

   \                                 In section .text, align 4, keep-with-next
   \                     ??DataTable2_6:
   \   00000000   0x400090E0         DC32     0x400090e0

   \                                 In section .text, align 4, keep-with-next
   \                     ??DataTable2_7:
   \   00000000   0x400090F6         DC32     0x400090f6

   \                                 In section .text, align 4, keep-with-next
   \                     ??DataTable2_8:
   \   00000000   0x400090FE         DC32     0x400090fe

   \                                 In section .text, align 4, keep-with-next
   \                     ??DataTable2_9:
   \   00000000   0x4000800C         DC32     0x4000800c

   Maximum stack usage in bytes:

   .cstack Function
   ------- --------
       0   CRemoteHub::TX_::startDMA_Transmit()
       8   CRemoteHub::sendPackage()
         8   -> DMA_isOccupying
      48   CRemoteHub::updateUart()
        48   -> __aeabi_memset
       0   DMA_isOccupying
       0   RemoteHub_Init()


   Section sizes:

   Bytes  Function/Label
   -----  --------------
       4  ??DataTable2
       4  ??DataTable2_1
       4  ??DataTable2_2
       4  ??DataTable2_3
       4  ??DataTable2_4
       4  ??DataTable2_5
       4  ??DataTable2_6
       4  ??DataTable2_7
       4  ??DataTable2_8
       4  ??DataTable2_9
      58  CRemoteHub::TX_::startDMA_Transmit()
      12  CRemoteHub::sendPackage()
     538  CRemoteHub::updateUart()
      20  DMA_isOccupying
       4  RemoteHub
    2356  RemoteHub_0
      38  RemoteHub_Init()
       1  -- Other

 
 2 361 bytes in section .bss
   706 bytes in section .text
 
   686 bytes of CODE memory (+ 20 bytes shared)
 2 361 bytes of DATA memory

Errors: none
Warnings: 1
