###############################################################################
#
# IAR ANSI C/C++ Compiler V8.11.2.13589/W32 for ARM       16/May/2018  07:33:07
# Copyright 1999-2017 IAR Systems AB.
#
#    Cpu mode     =  thumb
#    Endian       =  little
#    Source file  =  
#        C:\Users\xsk19940910\Desktop\flightController-1\flightController-1\program\lib\common\uif.c
#    Command line =  
#        -f C:\Users\XSK199~1\AppData\Local\Temp\EW1964.tmp
#        (C:\Users\xsk19940910\Desktop\flightController-1\flightController-1\program\lib\common\uif.c
#        -D K60 -D USE_K60F15 -D ARM_MATH_CM4 -D __FPU_PRESENT=1 -D
#        __FPU_USED=1 -lCN
#        C:\Users\xsk19940910\Desktop\flightController-1\flightController-1\program\iar\RAM\List
#        -lB
#        C:\Users\xsk19940910\Desktop\flightController-1\flightController-1\program\iar\RAM\List
#        -o
#        C:\Users\xsk19940910\Desktop\flightController-1\flightController-1\program\iar\RAM\Obj
#        --no_cse --no_unroll --no_inline --no_code_motion --no_tbaa
#        --no_clustering --no_scheduling --debug --endian=little
#        --cpu=Cortex-M4 -e --fpu=VFPv4_sp --dlib_config
#        D:\iar\arm\INC\c\DLib_Config_Normal.h -I
#        C:\Users\xsk19940910\Desktop\flightController-1\flightController-1\program\iar\..\app\
#        -I
#        C:\Users\xsk19940910\Desktop\flightController-1\flightController-1\program\iar\..\app\Sensor\
#        -I
#        C:\Users\xsk19940910\Desktop\flightController-1\flightController-1\program\iar\..\lib\CPU\
#        -I
#        C:\Users\xsk19940910\Desktop\flightController-1\flightController-1\program\iar\..\lib\common\
#        -I
#        C:\Users\xsk19940910\Desktop\flightController-1\flightController-1\program\iar\..\lib\LPLD\
#        -I
#        C:\Users\xsk19940910\Desktop\flightController-1\flightController-1\program\iar\..\lib\LPLD\HW\
#        -I
#        C:\Users\xsk19940910\Desktop\flightController-1\flightController-1\program\iar\..\lib\LPLD\DEV\
#        -I
#        C:\Users\xsk19940910\Desktop\flightController-1\flightController-1\program\iar\..\lib\LPLD\FUNC\
#        -I
#        C:\Users\xsk19940910\Desktop\flightController-1\flightController-1\program\iar\..\lib\uCOS-II\Ports\
#        -I
#        C:\Users\xsk19940910\Desktop\flightController-1\flightController-1\program\iar\..\lib\uCOS-II\Source\
#        -I
#        C:\Users\xsk19940910\Desktop\flightController-1\flightController-1\program\iar\..\lib\FatFs\
#        -I
#        C:\Users\xsk19940910\Desktop\flightController-1\flightController-1\program\iar\..\lib\FatFs\option\
#        -I
#        C:\Users\xsk19940910\Desktop\flightController-1\flightController-1\program\iar\..\lib\USB\common\
#        -I
#        C:\Users\xsk19940910\Desktop\flightController-1\flightController-1\program\iar\..\lib\USB\driver\
#        -I
#        C:\Users\xsk19940910\Desktop\flightController-1\flightController-1\program\iar\..\lib\USB\descriptor\
#        -I
#        C:\Users\xsk19940910\Desktop\flightController-1\flightController-1\program\iar\..\lib\USB\class\
#        -On --c++ -I D:\iar\arm\CMSIS\Include\ -D ARM_MATH_CM4)
#    Locale       =  C
#    List file    =  
#        C:\Users\xsk19940910\Desktop\flightController-1\flightController-1\program\iar\RAM\List\uif.lst
#    Object file  =  
#        C:\Users\xsk19940910\Desktop\flightController-1\flightController-1\program\iar\RAM\Obj\uif.o
#
###############################################################################

C:\Users\xsk19940910\Desktop\flightController-1\flightController-1\program\lib\common\uif.c
      1          /**
      2           * @file uif.c
      3           * @version 3.0[By LPLD]
      4           * @date 2013-06-18
      5           * @brief 提供简单的交互接口
      6           *
      7           * 更改建议:不建议修改
      8           *
      9           * The commands, set/show parameters, and prompt are configured 
     10           * at the project level
     11           *
     12           * 版权所有:北京拉普兰德电子技术有限公司
     13           * http://www.lpld.cn
     14           * mail:support@lpld.cn
     15           *
     16           * @par
     17           * 本代码由拉普兰德[LPLD]开发并维护，并向所有使用者开放源代码。
     18           * 开发者可以随意修使用或改源代码。但本段及以上注释应予以保留。
     19           * 不得更改或删除原版权所有者姓名，二次开发者可以加注二次版权所有者。
     20           * 但应在遵守此协议的基础上，开放源代码、不得出售代码本身。
     21           * 拉普兰德不负责由于使用本代码所带来的任何事故、法律责任或相关不良影响。
     22           * 拉普兰德无义务解释、说明本代码的具体原理、功能、实现方法。
     23           * 除非拉普兰德[LPLD]授权，开发者不得将本代码用于商业产品。
     24           */
     25          
     26          #include "common.h"
     27          #include "uif.h"
     28          #include <string.h>
     29          #include <stdlib.h>
     30          
     31          /********************************************************************/
     32          /*
     33           * Global messages -- constant strings
     34           */

   \                                 In section .rodata, align 4
     35          const char HELPMSG[] =
   \                     HELPMSG:
   \   00000000   0x45 0x6E          DC8 "Enter 'help' for help.\012"
   \              0x74 0x65    
   \              0x72 0x20    
   \              0x27 0x68    
   \              0x65 0x6C    
   \              0x70 0x27    
   \              0x20 0x66    
   \              0x6F 0x72    
   \              0x20 0x68    
   \              0x65 0x6C    
   \              0x70 0x2E    
   \              0x0A 0x00    
     36              "Enter 'help' for help.\n";
     37          

   \                                 In section .rodata, align 4
     38          const char INVARG[] =
   \                     INVARG:
   \   00000000   0x45 0x72          DC8 "Error: Invalid argument: %s\012"
   \              0x72 0x6F    
   \              0x72 0x3A    
   \              0x20 0x49    
   \              0x6E 0x76    
   \              0x61 0x6C    
   \              0x69 0x64    
   \              0x20 0x61    
   \              0x72 0x67    
   \              0x75 0x6D    
   \              0x65 0x6E    
   \              0x74 0x3A    
   \              0x20 0x25    
   \              0x73 0x0A    
   \              0x00         
   \   0000001D   0x00 0x00          DC8 0, 0, 0
   \              0x00         
     39              "Error: Invalid argument: %s\n";
     40          

   \                                 In section .rodata, align 4
     41          const char INVALUE[] = 
   \                     INVALUE:
   \   00000000   0x45 0x72          DC8 "Error: Invalid value: %s\012"
   \              0x72 0x6F    
   \              0x72 0x3A    
   \              0x20 0x49    
   \              0x6E 0x76    
   \              0x61 0x6C    
   \              0x69 0x64    
   \              0x20 0x76    
   \              0x61 0x6C    
   \              0x75 0x65    
   \              0x3A 0x20    
   \              0x25 0x73    
   \              0x0A 0x00    
   \   0000001A   0x00 0x00          DC8 0, 0
     42              "Error: Invalid value: %s\n";
     43          
     44          /*
     45           * Strings used by this file only
     46           */

   \                                 In section .rodata, align 4
     47          static const char INVCMD[] =
   \                     INVCMD:
   \   00000000   0x45 0x72          DC8 "Error: No such command: %s\012"
   \              0x72 0x6F    
   \              0x72 0x3A    
   \              0x20 0x4E    
   \              0x6F 0x20    
   \              0x73 0x75    
   \              0x63 0x68    
   \              0x20 0x63    
   \              0x6F 0x6D    
   \              0x6D 0x61    
   \              0x6E 0x64    
   \              0x3A 0x20    
   \              0x25 0x73    
   \              0x0A 0x00    
     48              "Error: No such command: %s\n";
     49          

   \                                 In section .rodata, align 4
     50          static const char HELPFORMAT[] = 
   \                     HELPFORMAT:
   \   00000000   0x25 0x38          DC8 "%8s  %-25s %s %s\012"
   \              0x73 0x20    
   \              0x20 0x25    
   \              0x2D 0x32    
   \              0x35 0x73    
   \              0x20 0x25    
   \              0x73 0x20    
   \              0x25 0x73    
   \              0x0A 0x00    
   \   00000012   0x00 0x00          DC8 0, 0
     51              "%8s  %-25s %s %s\n";
     52          

   \                                 In section .rodata, align 4
     53          static const char SYNTAX[] = 
   \                     SYNTAX:
   \   00000000   0x45 0x72          DC8 "Error: Invalid syntax for: %s\012"
   \              0x72 0x6F    
   \              0x72 0x3A    
   \              0x20 0x49    
   \              0x6E 0x76    
   \              0x61 0x6C    
   \              0x69 0x64    
   \              0x20 0x73    
   \              0x79 0x6E    
   \              0x74 0x61    
   \              0x78 0x20    
   \              0x66 0x6F    
   \              0x72 0x3A    
   \              0x20 0x25    
   \              0x73 0x0A    
   \              0x00         
   \   0000001F   0x00               DC8 0
     54              "Error: Invalid syntax for: %s\n";
     55          

   \                                 In section .rodata, align 4
     56          static const char INVOPT[] = 
   \                     INVOPT:
   \   00000000   0x45 0x72          DC8 "Error:  Invalid set/show option: %s\012"
   \              0x72 0x6F    
   \              0x72 0x3A    
   \              0x20 0x20    
   \              0x49 0x6E    
   \              0x76 0x61    
   \              0x6C 0x69    
   \              0x64 0x20    
   \              0x73 0x65    
   \              0x74 0x2F    
   \              0x73 0x68    
   \              0x6F 0x77    
   \              0x20 0x6F    
   \              0x70 0x74    
   \              0x69 0x6F    
   \              0x6E 0x3A    
   \              0x20 0x25    
   \              0x73 0x0A    
   \              0x00         
   \   00000025   0x00 0x00          DC8 0, 0, 0
   \              0x00         
     57              "Error:  Invalid set/show option: %s\n";
     58          

   \                                 In section .rodata, align 4
     59          static const char OPTFMT[] = 
   \                     OPTFMT:
   \   00000000   0x25 0x31          DC8 "%12s: "
   \              0x32 0x73    
   \              0x3A 0x20    
   \              0x00         
   \   00000007   0x00               DC8 0
     60              "%12s: ";
     61          

   \                                 In section .bss, align 4
     62          static char cmdline1 [UIF_MAX_LINE];
   \                     cmdline1:
   \   00000000                      DS8 80

   \                                 In section .bss, align 4
     63          static char cmdline2 [UIF_MAX_LINE];
   \                     cmdline2:
   \   00000000                      DS8 80
     64          
     65          /********************************************************************/

   \                                 In section .text, align 2, keep-with-next
     66          char *get_line (char *line)
     67          {
   \                     get_line: (+1)
   \   00000000   0xB570             PUSH     {R4-R6,LR}
   \   00000002   0x0004             MOVS     R4,R0
     68              int32 pos;
     69              int32 ch;
     70          
     71              pos = 0;
   \   00000004   0x2500             MOVS     R5,#+0
     72              ch = (int32)in_char();
   \   00000006   0x.... 0x....      BL       in_char
   \   0000000A   0x0006             MOVS     R6,R0
     73              while ( (ch != 0x0D /* CR */) &&
     74                      (ch != 0x0A /* LF/NL */) &&
     75                      (pos < UIF_MAX_LINE))
   \                     ??get_line_0: (+1)
   \   0000000C   0x2E0D             CMP      R6,#+13
   \   0000000E   0xD026             BEQ.N    ??get_line_1
   \   00000010   0x2E0A             CMP      R6,#+10
   \   00000012   0xD024             BEQ.N    ??get_line_1
   \   00000014   0x2D50             CMP      R5,#+80
   \   00000016   0xDA22             BGE.N    ??get_line_1
     76              {
     77                  switch (ch)
   \   00000018   0x0030             MOVS     R0,R6
   \   0000001A   0x2808             CMP      R0,#+8
   \   0000001C   0xD001             BEQ.N    ??get_line_2
   \   0000001E   0x287F             CMP      R0,#+127
   \   00000020   0xD10C             BNE.N    ??get_line_3
     78                  {
     79                      case 0x08:      /* Backspace */
     80                      case 0x7F:      /* Delete */
     81                          if (pos > 0)
   \                     ??get_line_2: (+1)
   \   00000022   0x2D01             CMP      R5,#+1
   \   00000024   0xDB09             BLT.N    ??get_line_4
     82                          {
     83                              pos -= 1;
   \   00000026   0x1E6D             SUBS     R5,R5,#+1
     84                              out_char(0x08);    /* backspace */
   \   00000028   0x2008             MOVS     R0,#+8
   \   0000002A   0x.... 0x....      BL       out_char
     85                              out_char(' ');
   \   0000002E   0x2020             MOVS     R0,#+32
   \   00000030   0x.... 0x....      BL       out_char
     86                              out_char(0x08);    /* backspace */
   \   00000034   0x2008             MOVS     R0,#+8
   \   00000036   0x.... 0x....      BL       out_char
     87                          }
     88                          break;
   \                     ??get_line_4: (+1)
   \   0000003A   0xE00C             B.N      ??get_line_5
     89                      default:
     90                          if ((pos+1) < UIF_MAX_LINE)
   \                     ??get_line_3: (+1)
   \   0000003C   0x1C68             ADDS     R0,R5,#+1
   \   0000003E   0x2850             CMP      R0,#+80
   \   00000040   0xDA09             BGE.N    ??get_line_6
     91                          {
     92                              if ((ch > 0x1f) && (ch < 0x80))
   \   00000042   0x2E20             CMP      R6,#+32
   \   00000044   0xDB07             BLT.N    ??get_line_6
   \   00000046   0x2E80             CMP      R6,#+128
   \   00000048   0xDA05             BGE.N    ??get_line_6
     93                              {
     94                                  line[pos++] = (char)ch;
   \   0000004A   0x5566             STRB     R6,[R4, R5]
   \   0000004C   0x1C6D             ADDS     R5,R5,#+1
     95                                  out_char((char)ch);
   \   0000004E   0x0030             MOVS     R0,R6
   \   00000050   0xB2C0             UXTB     R0,R0            ;; ZeroExt  R0,R0,#+24,#+24
   \   00000052   0x.... 0x....      BL       out_char
     96                              }
     97                          }
     98                          break;
     99                  }
    100                  ch = (int32)in_char();
   \                     ??get_line_6: (+1)
   \                     ??get_line_5: (+1)
   \   00000056   0x.... 0x....      BL       in_char
   \   0000005A   0x0006             MOVS     R6,R0
   \   0000005C   0xE7D6             B.N      ??get_line_0
    101              }
    102              line[pos] = '\0';
   \                     ??get_line_1: (+1)
   \   0000005E   0x2000             MOVS     R0,#+0
   \   00000060   0x5560             STRB     R0,[R4, R5]
    103              out_char(0x0D);    /* CR */
   \   00000062   0x200D             MOVS     R0,#+13
   \   00000064   0x.... 0x....      BL       out_char
    104              out_char(0x0A);    /* LF */
   \   00000068   0x200A             MOVS     R0,#+10
   \   0000006A   0x.... 0x....      BL       out_char
    105          
    106              return line;
   \   0000006E   0x0020             MOVS     R0,R4
   \                     ??get_line_7: (+1)
   \   00000070   0xBD70             POP      {R4-R6,PC}       ;; return
    107          }
    108          
    109          /********************************************************************/

   \                                 In section .text, align 2, keep-with-next
    110          int32 make_argv (char *cmdline, char *argv[])
    111          {
   \                     make_argv: (+1)
   \   00000000   0xB430             PUSH     {R4,R5}
   \   00000002   0x0004             MOVS     R4,R0
    112              int32 argc, i, in_text;
    113          
    114              /* 
    115               * Break cmdline into strings and argv
    116               * It is permissible for argv to be NULL, in which case
    117               * the purpose of this routine becomes to count args
    118               */
    119              argc = 0;
   \   00000004   0x2300             MOVS     R3,#+0
    120              i = 0;
   \   00000006   0x2500             MOVS     R5,#+0
    121              in_text = FALSE;
   \   00000008   0x2200             MOVS     R2,#+0
    122              while (cmdline[i] != '\0')  /* getline() must place 0x00 on end */
   \                     ??make_argv_0: (+1)
   \   0000000A   0x5D60             LDRB     R0,[R4, R5]
   \   0000000C   0x2800             CMP      R0,#+0
   \   0000000E   0xD01D             BEQ.N    ??make_argv_1
    123              {
    124                  if (((cmdline[i] == ' ')   ||
    125                       (cmdline[i] == '\t')) )
   \   00000010   0x5D60             LDRB     R0,[R4, R5]
   \   00000012   0x2820             CMP      R0,#+32
   \   00000014   0xD002             BEQ.N    ??make_argv_2
   \   00000016   0x5D60             LDRB     R0,[R4, R5]
   \   00000018   0x2809             CMP      R0,#+9
   \   0000001A   0xD106             BNE.N    ??make_argv_3
    126                  {
    127                      if (in_text)
   \                     ??make_argv_2: (+1)
   \   0000001C   0x2A00             CMP      R2,#+0
   \   0000001E   0xD013             BEQ.N    ??make_argv_4
    128                      {
    129                          /* end of command line argument */
    130                          cmdline[i] = '\0';
   \   00000020   0x2000             MOVS     R0,#+0
   \   00000022   0x5560             STRB     R0,[R4, R5]
    131                          in_text = FALSE;
   \   00000024   0x2000             MOVS     R0,#+0
   \   00000026   0x0002             MOVS     R2,R0
   \   00000028   0xE00E             B.N      ??make_argv_4
    132                      }
    133                      else
    134                      {
    135                          /* still looking for next argument */
    136                          
    137                      }
    138                  }
    139                  else
    140                  {
    141                      /* got non-whitespace character */
    142                      if (in_text)
   \                     ??make_argv_3: (+1)
   \   0000002A   0x2A00             CMP      R2,#+0
   \   0000002C   0xD10C             BNE.N    ??make_argv_4
    143                      {
    144                      }
    145                      else
    146                      {
    147                          /* start of an argument */
    148                          in_text = TRUE;
   \   0000002E   0x2001             MOVS     R0,#+1
   \   00000030   0x0002             MOVS     R2,R0
    149                          if (argc < UIF_MAX_ARGS)
   \   00000032   0x2B0A             CMP      R3,#+10
   \   00000034   0xDA07             BGE.N    ??make_argv_5
    150                          {
    151                              if (argv != NULL)
   \   00000036   0x2900             CMP      R1,#+0
   \   00000038   0xD003             BEQ.N    ??make_argv_6
    152                                  argv[argc] = &cmdline[i];
   \   0000003A   0xEB04 0x0005      ADD      R0,R4,R5
   \   0000003E   0xF841 0x0023      STR      R0,[R1, R3, LSL #+2]
    153                              argc++;
   \                     ??make_argv_6: (+1)
   \   00000042   0x1C5B             ADDS     R3,R3,#+1
   \   00000044   0xE000             B.N      ??make_argv_4
    154                          }
    155                          else
    156                              /*return argc;*/
    157                              break;
   \                     ??make_argv_5: (+1)
   \   00000046   0xE001             B.N      ??make_argv_1
    158                      }
    159          
    160                  }
    161                  i++;    /* proceed to next character */
   \                     ??make_argv_4: (+1)
   \   00000048   0x1C6D             ADDS     R5,R5,#+1
   \   0000004A   0xE7DE             B.N      ??make_argv_0
    162              }
    163              if (argv != NULL)
   \                     ??make_argv_1: (+1)
   \   0000004C   0x2900             CMP      R1,#+0
   \   0000004E   0xD002             BEQ.N    ??make_argv_7
    164                  argv[argc] = NULL;
   \   00000050   0x2000             MOVS     R0,#+0
   \   00000052   0xF841 0x0023      STR      R0,[R1, R3, LSL #+2]
    165              return argc;
   \                     ??make_argv_7: (+1)
   \   00000056   0x0018             MOVS     R0,R3
   \   00000058   0xBC30             POP      {R4,R5}
   \   0000005A   0x4770             BX       LR               ;; return
    166          }
    167          
    168          /********************************************************************/

   \                                 In section .text, align 2, keep-with-next
    169          void run_cmd (void)
    170          {
   \                     run_cmd: (+1)
   \   00000000   0xB530             PUSH     {R4,R5,LR}
   \   00000002   0xB08B             SUB      SP,SP,#+44
    171              /*
    172               * Global array of pointers to emulate C argc,argv interface
    173               */
    174              int32 argc;
    175              char *argv[UIF_MAX_ARGS + 1];   /* one extra for null terminator */
    176          
    177              get_line(cmdline1);
   \   00000004   0x....             LDR.N    R0,??DataTable4_3
   \   00000006   0x.... 0x....      BL       get_line
    178          
    179              if (!(argc = make_argv(cmdline1,argv)))
   \   0000000A   0x4669             MOV      R1,SP
   \   0000000C   0x....             LDR.N    R0,??DataTable4_3
   \   0000000E   0x.... 0x....      BL       make_argv
   \   00000012   0x0004             MOVS     R4,R0
   \   00000014   0x2C00             CMP      R4,#+0
   \   00000016   0xD101             BNE.N    ??run_cmd_0
   \   00000018   0x2001             MOVS     R0,#+1
   \   0000001A   0xE000             B.N      ??run_cmd_1
   \                     ??run_cmd_0: (+1)
   \   0000001C   0x2000             MOVS     R0,#+0
   \                     ??run_cmd_1: (+1)
   \   0000001E   0xB2C0             UXTB     R0,R0            ;; ZeroExt  R0,R0,#+24,#+24
   \   00000020   0x2800             CMP      R0,#+0
   \   00000022   0xD007             BEQ.N    ??run_cmd_2
    180              {
    181                  /* no command entered, just a blank line */
    182                  strcpy(cmdline1,cmdline2);
   \   00000024   0x....             LDR.N    R1,??DataTable4_4
   \   00000026   0x....             LDR.N    R0,??DataTable4_3
   \   00000028   0x.... 0x....      BL       strcpy
    183                  argc = make_argv(cmdline1,argv);
   \   0000002C   0x4669             MOV      R1,SP
   \   0000002E   0x.... 0x....      BL       make_argv
   \   00000032   0x0004             MOVS     R4,R0
    184              }
    185              cmdline2[0] = '\0';
   \                     ??run_cmd_2: (+1)
   \   00000034   0x2000             MOVS     R0,#+0
   \   00000036   0x....             LDR.N    R1,??DataTable4_4
   \   00000038   0x7008             STRB     R0,[R1, #+0]
    186          
    187              if (argc)
   \   0000003A   0x2C00             CMP      R4,#+0
   \   0000003C   0xD044             BEQ.N    ??run_cmd_3
    188              {
    189                  int32 i;
    190                  for (i = 0; i < UIF_NUM_CMD; i++)
   \   0000003E   0x2500             MOVS     R5,#+0
   \                     ??run_cmd_4: (+1)
   \   00000040   0x....             LDR.N    R0,??DataTable4_5
   \   00000042   0x6800             LDR      R0,[R0, #+0]
   \   00000044   0x4285             CMP      R5,R0
   \   00000046   0xDA38             BGE.N    ??run_cmd_5
    191                  {
    192                      if (strcasecmp(UIF_CMDTAB[i].cmd,argv[0]) == 0)
   \   00000048   0x9900             LDR      R1,[SP, #+0]
   \   0000004A   0x....             LDR.N    R0,??DataTable4_6
   \   0000004C   0x221C             MOVS     R2,#+28
   \   0000004E   0xFB02 0xF205      MUL      R2,R2,R5
   \   00000052   0x5880             LDR      R0,[R0, R2]
   \   00000054   0x.... 0x....      BL       strcasecmp
   \   00000058   0x2800             CMP      R0,#+0
   \   0000005A   0xD12C             BNE.N    ??run_cmd_6
    193                      {
    194                          if (((argc-1) >= UIF_CMDTAB[i].min_args) &&
    195                              ((argc-1) <= UIF_CMDTAB[i].max_args))
   \   0000005C   0x1E60             SUBS     R0,R4,#+1
   \   0000005E   0x....             LDR.N    R1,??DataTable4_6
   \   00000060   0x221C             MOVS     R2,#+28
   \   00000062   0xFB02 0xF205      MUL      R2,R2,R5
   \   00000066   0x4411             ADD      R1,R1,R2
   \   00000068   0x6849             LDR      R1,[R1, #+4]
   \   0000006A   0x4288             CMP      R0,R1
   \   0000006C   0xDB1E             BLT.N    ??run_cmd_7
   \   0000006E   0x....             LDR.N    R0,??DataTable4_6
   \   00000070   0x211C             MOVS     R1,#+28
   \   00000072   0xFB01 0xF105      MUL      R1,R1,R5
   \   00000076   0x4408             ADD      R0,R0,R1
   \   00000078   0x6880             LDR      R0,[R0, #+8]
   \   0000007A   0x1E61             SUBS     R1,R4,#+1
   \   0000007C   0x4288             CMP      R0,R1
   \   0000007E   0xDB15             BLT.N    ??run_cmd_7
    196                          {
    197                              if (UIF_CMDTAB[i].flags & UIF_CMD_FLAG_REPEAT)
   \   00000080   0x....             LDR.N    R0,??DataTable4_6
   \   00000082   0x211C             MOVS     R1,#+28
   \   00000084   0xFB01 0xF105      MUL      R1,R1,R5
   \   00000088   0x4408             ADD      R0,R0,R1
   \   0000008A   0x7B00             LDRB     R0,[R0, #+12]
   \   0000008C   0x07C0             LSLS     R0,R0,#+31
   \   0000008E   0xD503             BPL.N    ??run_cmd_8
    198                              {
    199                                  strcpy(cmdline2,argv[0]);
   \   00000090   0x9900             LDR      R1,[SP, #+0]
   \   00000092   0x....             LDR.N    R0,??DataTable4_4
   \   00000094   0x.... 0x....      BL       strcpy
    200                              }
    201                              UIF_CMDTAB[i].func(argc,argv);
   \                     ??run_cmd_8: (+1)
   \   00000098   0x4669             MOV      R1,SP
   \   0000009A   0x0020             MOVS     R0,R4
   \   0000009C   0x....             LDR.N    R2,??DataTable4_6
   \   0000009E   0x231C             MOVS     R3,#+28
   \   000000A0   0xFB03 0xF305      MUL      R3,R3,R5
   \   000000A4   0x441A             ADD      R2,R2,R3
   \   000000A6   0x6912             LDR      R2,[R2, #+16]
   \   000000A8   0x4790             BLX      R2
    202                              return;
   \   000000AA   0xE00D             B.N      ??run_cmd_9
    203                          }
    204                          else
    205                          {
    206                              printf(SYNTAX,argv[0]);
   \                     ??run_cmd_7: (+1)
   \   000000AC   0x9900             LDR      R1,[SP, #+0]
   \   000000AE   0x....             LDR.N    R0,??DataTable4_7
   \   000000B0   0x.... 0x....      BL       printf
    207                              return;
   \   000000B4   0xE008             B.N      ??run_cmd_9
    208                          }
    209                      }
    210                  }
   \                     ??run_cmd_6: (+1)
   \   000000B6   0x1C6D             ADDS     R5,R5,#+1
   \   000000B8   0xE7C2             B.N      ??run_cmd_4
    211                  printf(INVCMD,argv[0]);
   \                     ??run_cmd_5: (+1)
   \   000000BA   0x9900             LDR      R1,[SP, #+0]
   \   000000BC   0x....             LDR.N    R0,??DataTable4_8
   \   000000BE   0x.... 0x....      BL       printf
    212                  printf(HELPMSG);
   \   000000C2   0x....             LDR.N    R0,??DataTable4_9
   \   000000C4   0x.... 0x....      BL       printf
    213              }
    214          }
   \                     ??run_cmd_3: (+1)
   \                     ??run_cmd_9: (+1)
   \   000000C8   0xB00B             ADD      SP,SP,#+44
   \   000000CA   0xBD30             POP      {R4,R5,PC}       ;; return
    215          /********************************************************************/

   \                                 In section .text, align 2, keep-with-next
    216          uint32 get_value (char *s, int32 *success, int32 base)
    217          {
   \                     get_value: (+1)
   \   00000000   0xB570             PUSH     {R4-R6,LR}
   \   00000002   0xB082             SUB      SP,SP,#+8
   \   00000004   0x0004             MOVS     R4,R0
   \   00000006   0x000D             MOVS     R5,R1
   \   00000008   0x0016             MOVS     R6,R2
    218              uint32 value;
    219              char *p;
    220          
    221              value = strtoul(s,&p,base);
   \   0000000A   0x0032             MOVS     R2,R6
   \   0000000C   0x4669             MOV      R1,SP
   \   0000000E   0x0020             MOVS     R0,R4
   \   00000010   0x.... 0x....      BL       strtoul
   \   00000014   0x0001             MOVS     R1,R0
    222              if ((value == 0) && (p == s))
   \   00000016   0x2900             CMP      R1,#+0
   \   00000018   0xD106             BNE.N    ??get_value_0
   \   0000001A   0x9800             LDR      R0,[SP, #+0]
   \   0000001C   0x42A0             CMP      R0,R4
   \   0000001E   0xD103             BNE.N    ??get_value_0
    223              {
    224                  *success = FALSE;
   \   00000020   0x2000             MOVS     R0,#+0
   \   00000022   0x6028             STR      R0,[R5, #+0]
    225                  return 0;
   \   00000024   0x2000             MOVS     R0,#+0
   \   00000026   0xE002             B.N      ??get_value_1
    226              }
    227              else
    228              {
    229                  *success = TRUE;
   \                     ??get_value_0: (+1)
   \   00000028   0x2001             MOVS     R0,#+1
   \   0000002A   0x6028             STR      R0,[R5, #+0]
    230                  return value;
   \   0000002C   0x0008             MOVS     R0,R1
   \                     ??get_value_1: (+1)
   \   0000002E   0xBD76             POP      {R1,R2,R4-R6,PC}  ;; return
    231              }
    232          }
    233          /********************************************************************/

   \                                 In section .text, align 2, keep-with-next
    234          void uif_cmd_help (int32 argc, char **argv)
    235          {
   \                     uif_cmd_help: (+1)
   \   00000000   0xB570             PUSH     {R4-R6,LR}
   \   00000002   0xB082             SUB      SP,SP,#+8
   \   00000004   0x0004             MOVS     R4,R0
   \   00000006   0x000D             MOVS     R5,R1
    236              int32 index;
    237              
    238              (void)argc;
    239              (void)argv;
    240              
    241              printf("\n");
   \   00000008   0x....             ADR.N    R0,??DataTable4  ;; "\n"
   \   0000000A   0x.... 0x....      BL       printf
    242              for (index = 0; index < UIF_NUM_CMD; index++)
   \   0000000E   0x2600             MOVS     R6,#+0
   \                     ??uif_cmd_help_0: (+1)
   \   00000010   0x....             LDR.N    R0,??DataTable4_5
   \   00000012   0x6800             LDR      R0,[R0, #+0]
   \   00000014   0x4286             CMP      R6,R0
   \   00000016   0xDA1B             BGE.N    ??uif_cmd_help_1
    243              {
    244                  printf(HELPFORMAT,
    245                      UIF_CMDTAB[index].cmd,
    246                      UIF_CMDTAB[index].description,
    247                      UIF_CMDTAB[index].cmd,
    248                      UIF_CMDTAB[index].syntax);
   \   00000018   0x....             LDR.N    R0,??DataTable4_6
   \   0000001A   0x211C             MOVS     R1,#+28
   \   0000001C   0xFB01 0xF106      MUL      R1,R1,R6
   \   00000020   0x4408             ADD      R0,R0,R1
   \   00000022   0x6980             LDR      R0,[R0, #+24]
   \   00000024   0x9000             STR      R0,[SP, #+0]
   \   00000026   0x....             LDR.N    R0,??DataTable4_6
   \   00000028   0x211C             MOVS     R1,#+28
   \   0000002A   0xFB01 0xF106      MUL      R1,R1,R6
   \   0000002E   0x5843             LDR      R3,[R0, R1]
   \   00000030   0x....             LDR.N    R0,??DataTable4_6
   \   00000032   0x211C             MOVS     R1,#+28
   \   00000034   0xFB01 0xF106      MUL      R1,R1,R6
   \   00000038   0x4408             ADD      R0,R0,R1
   \   0000003A   0x6942             LDR      R2,[R0, #+20]
   \   0000003C   0x....             LDR.N    R0,??DataTable4_6
   \   0000003E   0x211C             MOVS     R1,#+28
   \   00000040   0xFB01 0xF106      MUL      R1,R1,R6
   \   00000044   0x5841             LDR      R1,[R0, R1]
   \   00000046   0x....             LDR.N    R0,??DataTable4_10
   \   00000048   0x.... 0x....      BL       printf
    249              }
   \   0000004C   0x1C76             ADDS     R6,R6,#+1
   \   0000004E   0xE7DF             B.N      ??uif_cmd_help_0
    250              printf("\n");
   \                     ??uif_cmd_help_1: (+1)
   \   00000050   0x....             ADR.N    R0,??DataTable4  ;; "\n"
   \   00000052   0x.... 0x....      BL       printf
    251          }
   \                     ??uif_cmd_help_2: (+1)
   \   00000056   0xBD73             POP      {R0,R1,R4-R6,PC}  ;; return
    252          /********************************************************************/

   \                                 In section .text, align 2, keep-with-next
    253          void uif_cmd_set (int32 argc, char **argv)
    254          {
   \                     uif_cmd_set: (+1)
   \   00000000   0xB570             PUSH     {R4-R6,LR}
   \   00000002   0x0004             MOVS     R4,R0
   \   00000004   0x000D             MOVS     R5,R1
    255              int32 index;
    256          
    257              printf("\n");
   \   00000006   0x....             ADR.N    R0,??DataTable4  ;; "\n"
   \   00000008   0x.... 0x....      BL       printf
    258              if (argc == 1)
   \   0000000C   0x2C01             CMP      R4,#+1
   \   0000000E   0xD11E             BNE.N    ??uif_cmd_set_0
    259              {
    260                  printf("Valid 'set' options:\n");
   \   00000010   0x....             LDR.N    R0,??DataTable4_11
   \   00000012   0x.... 0x....      BL       printf
    261                  for (index = 0; index < UIF_NUM_SETCMD; ++index)
   \   00000016   0x2600             MOVS     R6,#+0
   \                     ??uif_cmd_set_1: (+1)
   \   00000018   0x....             LDR.N    R0,??DataTable4_12
   \   0000001A   0x6800             LDR      R0,[R0, #+0]
   \   0000001C   0x4286             CMP      R6,R0
   \   0000001E   0xDA12             BGE.N    ??uif_cmd_set_2
    262                  {
    263                      printf(OPTFMT,UIF_SETCMDTAB[index].option);
   \   00000020   0x....             LDR.N    R0,??DataTable4_13
   \   00000022   0x2114             MOVS     R1,#+20
   \   00000024   0xFB01 0xF106      MUL      R1,R1,R6
   \   00000028   0x5841             LDR      R1,[R0, R1]
   \   0000002A   0x....             LDR.N    R0,??DataTable4_14
   \   0000002C   0x.... 0x....      BL       printf
    264                      printf("%s\n",UIF_SETCMDTAB[index].syntax);
   \   00000030   0x....             LDR.N    R0,??DataTable4_13
   \   00000032   0x2114             MOVS     R1,#+20
   \   00000034   0xFB01 0xF106      MUL      R1,R1,R6
   \   00000038   0x4408             ADD      R0,R0,R1
   \   0000003A   0x6901             LDR      R1,[R0, #+16]
   \   0000003C   0x....             ADR.N    R0,??DataTable4_1  ;; "%s\n"
   \   0000003E   0x.... 0x....      BL       printf
    265                  }
   \   00000042   0x1C76             ADDS     R6,R6,#+1
   \   00000044   0xE7E8             B.N      ??uif_cmd_set_1
    266                  printf("\n");
   \                     ??uif_cmd_set_2: (+1)
   \   00000046   0x....             ADR.N    R0,??DataTable4  ;; "\n"
   \   00000048   0x.... 0x....      BL       printf
    267                  return;
   \   0000004C   0xE03B             B.N      ??uif_cmd_set_3
    268              }
    269          
    270              if (argc != 3)
   \                     ??uif_cmd_set_0: (+1)
   \   0000004E   0x2C03             CMP      R4,#+3
   \   00000050   0xD003             BEQ.N    ??uif_cmd_set_4
    271              {
    272                  printf("Error: Invalid argument list\n");
   \   00000052   0x....             LDR.N    R0,??DataTable4_15
   \   00000054   0x.... 0x....      BL       printf
    273                  return;
   \   00000058   0xE035             B.N      ??uif_cmd_set_3
    274              }
    275          
    276              for (index = 0; index < UIF_NUM_SETCMD; index++)
   \                     ??uif_cmd_set_4: (+1)
   \   0000005A   0x2600             MOVS     R6,#+0
   \                     ??uif_cmd_set_5: (+1)
   \   0000005C   0x....             LDR.N    R0,??DataTable4_12
   \   0000005E   0x6800             LDR      R0,[R0, #+0]
   \   00000060   0x4286             CMP      R6,R0
   \   00000062   0xDA2C             BGE.N    ??uif_cmd_set_6
    277              {
    278                  if (strcasecmp(UIF_SETCMDTAB[index].option,argv[1]) == 0)
   \   00000064   0x6869             LDR      R1,[R5, #+4]
   \   00000066   0x....             LDR.N    R0,??DataTable4_13
   \   00000068   0x2214             MOVS     R2,#+20
   \   0000006A   0xFB02 0xF206      MUL      R2,R2,R6
   \   0000006E   0x5880             LDR      R0,[R0, R2]
   \   00000070   0x.... 0x....      BL       strcasecmp
   \   00000074   0x2800             CMP      R0,#+0
   \   00000076   0xD120             BNE.N    ??uif_cmd_set_7
    279                  {
    280                      if (((argc-1-1) >= UIF_SETCMDTAB[index].min_args) &&
    281                          ((argc-1-1) <= UIF_SETCMDTAB[index].max_args))
   \   00000078   0x1EA0             SUBS     R0,R4,#+2
   \   0000007A   0x....             LDR.N    R1,??DataTable4_13
   \   0000007C   0x2214             MOVS     R2,#+20
   \   0000007E   0xFB02 0xF206      MUL      R2,R2,R6
   \   00000082   0x4411             ADD      R1,R1,R2
   \   00000084   0x6849             LDR      R1,[R1, #+4]
   \   00000086   0x4288             CMP      R0,R1
   \   00000088   0xDB12             BLT.N    ??uif_cmd_set_8
   \   0000008A   0x....             LDR.N    R0,??DataTable4_13
   \   0000008C   0x2114             MOVS     R1,#+20
   \   0000008E   0xFB01 0xF106      MUL      R1,R1,R6
   \   00000092   0x4408             ADD      R0,R0,R1
   \   00000094   0x6880             LDR      R0,[R0, #+8]
   \   00000096   0x1EA1             SUBS     R1,R4,#+2
   \   00000098   0x4288             CMP      R0,R1
   \   0000009A   0xDB09             BLT.N    ??uif_cmd_set_8
    282                      {
    283                          UIF_SETCMDTAB[index].func(argc,argv);
   \   0000009C   0x0029             MOVS     R1,R5
   \   0000009E   0x0020             MOVS     R0,R4
   \   000000A0   0x....             LDR.N    R2,??DataTable4_13
   \   000000A2   0x2314             MOVS     R3,#+20
   \   000000A4   0xFB03 0xF306      MUL      R3,R3,R6
   \   000000A8   0x441A             ADD      R2,R2,R3
   \   000000AA   0x68D2             LDR      R2,[R2, #+12]
   \   000000AC   0x4790             BLX      R2
    284                          return;
   \   000000AE   0xE00A             B.N      ??uif_cmd_set_3
    285                      }
    286                      else
    287                      {
    288                          printf(INVARG,argv[1]);
   \                     ??uif_cmd_set_8: (+1)
   \   000000B0   0x6869             LDR      R1,[R5, #+4]
   \   000000B2   0x....             LDR.N    R0,??DataTable4_16
   \   000000B4   0x.... 0x....      BL       printf
    289                          return;
   \   000000B8   0xE005             B.N      ??uif_cmd_set_3
    290                      }
    291                  }
    292              }
   \                     ??uif_cmd_set_7: (+1)
   \   000000BA   0x1C76             ADDS     R6,R6,#+1
   \   000000BC   0xE7CE             B.N      ??uif_cmd_set_5
    293              printf(INVOPT,argv[1]);
   \                     ??uif_cmd_set_6: (+1)
   \   000000BE   0x6869             LDR      R1,[R5, #+4]
   \   000000C0   0x....             LDR.N    R0,??DataTable4_17
   \   000000C2   0x.... 0x....      BL       printf
    294          }
   \                     ??uif_cmd_set_3: (+1)
   \   000000C6   0xBD70             POP      {R4-R6,PC}       ;; return
    295          
    296          /********************************************************************/

   \                                 In section .text, align 2, keep-with-next
    297          void uif_cmd_show (int32 argc, char **argv)
    298          {
   \                     uif_cmd_show: (+1)
   \   00000000   0xB5F8             PUSH     {R3-R7,LR}
   \   00000002   0x0007             MOVS     R7,R0
   \   00000004   0x000C             MOVS     R4,R1
    299              int32 index;
    300          
    301              printf("\n");
   \   00000006   0x....             ADR.N    R0,??DataTable4  ;; "\n"
   \   00000008   0x.... 0x....      BL       printf
    302              if (argc == 1)
   \   0000000C   0x2F01             CMP      R7,#+1
   \   0000000E   0xD121             BNE.N    ??uif_cmd_show_0
    303              {
    304                  /*
    305                   * Show all Option settings
    306                   */
    307                  argc = 2;
   \   00000010   0x2502             MOVS     R5,#+2
    308                  argv[2] = NULL;
   \   00000012   0x2000             MOVS     R0,#+0
   \   00000014   0x60A0             STR      R0,[R4, #+8]
    309                  for (index = 0; index < UIF_NUM_SETCMD; index++)
   \   00000016   0x2600             MOVS     R6,#+0
   \                     ??uif_cmd_show_1: (+1)
   \   00000018   0x....             LDR.N    R0,??DataTable4_12
   \   0000001A   0x6800             LDR      R0,[R0, #+0]
   \   0000001C   0x4286             CMP      R6,R0
   \   0000001E   0xDA15             BGE.N    ??uif_cmd_show_2
    310                  {
    311                      printf(OPTFMT,UIF_SETCMDTAB[index].option);
   \   00000020   0x....             LDR.N    R0,??DataTable4_13
   \   00000022   0x2114             MOVS     R1,#+20
   \   00000024   0xFB01 0xF106      MUL      R1,R1,R6
   \   00000028   0x5841             LDR      R1,[R0, R1]
   \   0000002A   0x....             LDR.N    R0,??DataTable4_14
   \   0000002C   0x.... 0x....      BL       printf
    312                      UIF_SETCMDTAB[index].func(argc,argv);
   \   00000030   0x0021             MOVS     R1,R4
   \   00000032   0x0028             MOVS     R0,R5
   \   00000034   0x....             LDR.N    R2,??DataTable4_13
   \   00000036   0x2314             MOVS     R3,#+20
   \   00000038   0xFB03 0xF306      MUL      R3,R3,R6
   \   0000003C   0x441A             ADD      R2,R2,R3
   \   0000003E   0x68D2             LDR      R2,[R2, #+12]
   \   00000040   0x4790             BLX      R2
    313                      printf("\n");
   \   00000042   0x....             ADR.N    R0,??DataTable4  ;; "\n"
   \   00000044   0x.... 0x....      BL       printf
    314                  }
   \   00000048   0x1C76             ADDS     R6,R6,#+1
   \   0000004A   0xE7E5             B.N      ??uif_cmd_show_1
    315                  printf("\n");
   \                     ??uif_cmd_show_2: (+1)
   \   0000004C   0x....             ADR.N    R0,??DataTable4  ;; "\n"
   \   0000004E   0x.... 0x....      BL       printf
    316                  return;
   \   00000052   0xE040             B.N      ??uif_cmd_show_3
    317              }
    318          
    319              for (index = 0; index < UIF_NUM_SETCMD; index++)
   \                     ??uif_cmd_show_0: (+1)
   \   00000054   0x2500             MOVS     R5,#+0
   \                     ??uif_cmd_show_4: (+1)
   \   00000056   0x....             LDR.N    R0,??DataTable4_12
   \   00000058   0x6800             LDR      R0,[R0, #+0]
   \   0000005A   0x4285             CMP      R5,R0
   \   0000005C   0xDA37             BGE.N    ??uif_cmd_show_5
    320              {
    321                  if (strcasecmp(UIF_SETCMDTAB[index].option,argv[1]) == 0)
   \   0000005E   0x6861             LDR      R1,[R4, #+4]
   \   00000060   0x....             LDR.N    R0,??DataTable4_13
   \   00000062   0x2214             MOVS     R2,#+20
   \   00000064   0xFB02 0xF205      MUL      R2,R2,R5
   \   00000068   0x5880             LDR      R0,[R0, R2]
   \   0000006A   0x.... 0x....      BL       strcasecmp
   \   0000006E   0x2800             CMP      R0,#+0
   \   00000070   0xD12B             BNE.N    ??uif_cmd_show_6
    322                  {
    323                      if (((argc-1-1) >= UIF_SETCMDTAB[index].min_args) &&
    324                          ((argc-1-1) <= UIF_SETCMDTAB[index].max_args))
   \   00000072   0x1EB8             SUBS     R0,R7,#+2
   \   00000074   0x....             LDR.N    R1,??DataTable4_13
   \   00000076   0x2214             MOVS     R2,#+20
   \   00000078   0xFB02 0xF205      MUL      R2,R2,R5
   \   0000007C   0x4411             ADD      R1,R1,R2
   \   0000007E   0x6849             LDR      R1,[R1, #+4]
   \   00000080   0x4288             CMP      R0,R1
   \   00000082   0xDB1D             BLT.N    ??uif_cmd_show_7
   \   00000084   0x....             LDR.N    R0,??DataTable4_13
   \   00000086   0x2114             MOVS     R1,#+20
   \   00000088   0xFB01 0xF105      MUL      R1,R1,R5
   \   0000008C   0x4408             ADD      R0,R0,R1
   \   0000008E   0x6880             LDR      R0,[R0, #+8]
   \   00000090   0x1EB9             SUBS     R1,R7,#+2
   \   00000092   0x4288             CMP      R0,R1
   \   00000094   0xDB14             BLT.N    ??uif_cmd_show_7
    325                      {
    326                          printf(OPTFMT,UIF_SETCMDTAB[index].option);
   \   00000096   0x....             LDR.N    R0,??DataTable4_13
   \   00000098   0x2114             MOVS     R1,#+20
   \   0000009A   0xFB01 0xF105      MUL      R1,R1,R5
   \   0000009E   0x5841             LDR      R1,[R0, R1]
   \   000000A0   0x....             LDR.N    R0,??DataTable4_14
   \   000000A2   0x.... 0x....      BL       printf
    327                          UIF_SETCMDTAB[index].func(argc,argv);
   \   000000A6   0x0021             MOVS     R1,R4
   \   000000A8   0x0038             MOVS     R0,R7
   \   000000AA   0x....             LDR.N    R2,??DataTable4_13
   \   000000AC   0x2314             MOVS     R3,#+20
   \   000000AE   0xFB03 0xF305      MUL      R3,R3,R5
   \   000000B2   0x441A             ADD      R2,R2,R3
   \   000000B4   0x68D2             LDR      R2,[R2, #+12]
   \   000000B6   0x4790             BLX      R2
    328                          printf("\n\n");
   \   000000B8   0x....             ADR.N    R0,??DataTable4_2  ;; 0x0A, 0x0A, 0x00, 0x00
   \   000000BA   0x.... 0x....      BL       printf
    329                          return;
   \   000000BE   0xE00A             B.N      ??uif_cmd_show_3
    330                      }
    331                      else
    332                      {
    333                          printf(INVARG,argv[1]);
   \                     ??uif_cmd_show_7: (+1)
   \   000000C0   0x6861             LDR      R1,[R4, #+4]
   \   000000C2   0x....             LDR.N    R0,??DataTable4_16
   \   000000C4   0x.... 0x....      BL       printf
    334                          return;
   \   000000C8   0xE005             B.N      ??uif_cmd_show_3
    335                      }
    336                  }
    337              }
   \                     ??uif_cmd_show_6: (+1)
   \   000000CA   0x1C6D             ADDS     R5,R5,#+1
   \   000000CC   0xE7C3             B.N      ??uif_cmd_show_4
    338              printf(INVOPT,argv[1]);
   \                     ??uif_cmd_show_5: (+1)
   \   000000CE   0x6861             LDR      R1,[R4, #+4]
   \   000000D0   0x....             LDR.N    R0,??DataTable4_17
   \   000000D2   0x.... 0x....      BL       printf
    339          }
   \                     ??uif_cmd_show_3: (+1)
   \   000000D6   0xBDF1             POP      {R0,R4-R7,PC}    ;; return

   \                                 In section .text, align 4, keep-with-next
   \                     ??DataTable4:
   \   00000000   0x0A 0x00          DC8      "\n",0x0,0x0
   \              0x00 0x00    

   \                                 In section .text, align 4, keep-with-next
   \                     ??DataTable4_1:
   \   00000000   0x25 0x73          DC8      "%s\n"
   \              0x0A 0x00    

   \                                 In section .text, align 4, keep-with-next
   \                     ??DataTable4_2:
   \   00000000   0x0A 0x0A          DC8      0x0A, 0x0A, 0x00, 0x00
   \              0x00 0x00    

   \                                 In section .text, align 4, keep-with-next
   \                     ??DataTable4_3:
   \   00000000   0x........         DC32     cmdline1

   \                                 In section .text, align 4, keep-with-next
   \                     ??DataTable4_4:
   \   00000000   0x........         DC32     cmdline2

   \                                 In section .text, align 4, keep-with-next
   \                     ??DataTable4_5:
   \   00000000   0x........         DC32     UIF_NUM_CMD

   \                                 In section .text, align 4, keep-with-next
   \                     ??DataTable4_6:
   \   00000000   0x........         DC32     UIF_CMDTAB

   \                                 In section .text, align 4, keep-with-next
   \                     ??DataTable4_7:
   \   00000000   0x........         DC32     SYNTAX

   \                                 In section .text, align 4, keep-with-next
   \                     ??DataTable4_8:
   \   00000000   0x........         DC32     INVCMD

   \                                 In section .text, align 4, keep-with-next
   \                     ??DataTable4_9:
   \   00000000   0x........         DC32     HELPMSG

   \                                 In section .text, align 4, keep-with-next
   \                     ??DataTable4_10:
   \   00000000   0x........         DC32     HELPFORMAT

   \                                 In section .text, align 4, keep-with-next
   \                     ??DataTable4_11:
   \   00000000   0x........         DC32     ?_1

   \                                 In section .text, align 4, keep-with-next
   \                     ??DataTable4_12:
   \   00000000   0x........         DC32     UIF_NUM_SETCMD

   \                                 In section .text, align 4, keep-with-next
   \                     ??DataTable4_13:
   \   00000000   0x........         DC32     UIF_SETCMDTAB

   \                                 In section .text, align 4, keep-with-next
   \                     ??DataTable4_14:
   \   00000000   0x........         DC32     OPTFMT

   \                                 In section .text, align 4, keep-with-next
   \                     ??DataTable4_15:
   \   00000000   0x........         DC32     ?_3

   \                                 In section .text, align 4, keep-with-next
   \                     ??DataTable4_16:
   \   00000000   0x........         DC32     INVARG

   \                                 In section .text, align 4, keep-with-next
   \                     ??DataTable4_17:
   \   00000000   0x........         DC32     INVOPT

   \                                 In section .rodata, align 2
   \   00000000   0x0A 0x00          DC8 "\012"

   \                                 In section .rodata, align 4
   \                     ?_1:
   \   00000000   0x56 0x61          DC8 "Valid 'set' options:\012"
   \              0x6C 0x69    
   \              0x64 0x20    
   \              0x27 0x73    
   \              0x65 0x74    
   \              0x27 0x20    
   \              0x6F 0x70    
   \              0x74 0x69    
   \              0x6F 0x6E    
   \              0x73 0x3A    
   \              0x0A 0x00    
   \   00000016   0x00 0x00          DC8 0, 0

   \                                 In section .rodata, align 4
   \   00000000   0x25 0x73          DC8 "%s\012"
   \              0x0A 0x00    

   \                                 In section .rodata, align 4
   \                     ?_3:
   \   00000000   0x45 0x72          DC8 "Error: Invalid argument list\012"
   \              0x72 0x6F    
   \              0x72 0x3A    
   \              0x20 0x49    
   \              0x6E 0x76    
   \              0x61 0x6C    
   \              0x69 0x64    
   \              0x20 0x61    
   \              0x72 0x67    
   \              0x75 0x6D    
   \              0x65 0x6E    
   \              0x74 0x20    
   \              0x6C 0x69    
   \              0x73 0x74    
   \              0x0A 0x00    
   \   0000001E   0x00 0x00          DC8 0, 0

   \                                 In section .rodata, align 4
   \   00000000   0x0A 0x0A          DC8 "\012\012"
   \              0x00         
   \   00000003   0x00               DC8 0
    340          
    341          /********************************************************************/

   Maximum stack usage in bytes:

   .cstack Function
   ------- --------
      16   get_line
        16   -> in_char
        16   -> out_char
      24   get_value
        24   -> strtoul
       8   make_argv
      56   run_cmd
        56   -- Indirect call
        56   -> get_line
        56   -> make_argv
        56   -> printf
        56   -> strcasecmp
        56   -> strcpy
      24   uif_cmd_help
        24   -> printf
      16   uif_cmd_set
        16   -- Indirect call
        16   -> printf
        16   -> strcasecmp
      24   uif_cmd_show
        24   -- Indirect call
        24   -> printf
        24   -> strcasecmp


   Section sizes:

   Bytes  Function/Label
   -----  --------------
       4  ??DataTable4
       4  ??DataTable4_1
       4  ??DataTable4_10
       4  ??DataTable4_11
       4  ??DataTable4_12
       4  ??DataTable4_13
       4  ??DataTable4_14
       4  ??DataTable4_15
       4  ??DataTable4_16
       4  ??DataTable4_17
       4  ??DataTable4_2
       4  ??DataTable4_3
       4  ??DataTable4_4
       4  ??DataTable4_5
       4  ??DataTable4_6
       4  ??DataTable4_7
       4  ??DataTable4_8
       4  ??DataTable4_9
       2  ?_0
      24  ?_1
       4  ?_2
      32  ?_3
       4  ?_4
      20  HELPFORMAT
      24  HELPMSG
      28  INVALUE
      32  INVARG
      28  INVCMD
      40  INVOPT
       8  OPTFMT
      32  SYNTAX
      80  cmdline1
      80  cmdline2
     114  get_line
      48  get_value
      92  make_argv
     204  run_cmd
      88  uif_cmd_help
     200  uif_cmd_set
     216  uif_cmd_show
      40  -- Other

 
    40 bytes in section .ARM.exidx
   160 bytes in section .bss
   278 bytes in section .rodata
 1 034 bytes in section .text
 
 1 034 bytes of CODE  memory
   318 bytes of CONST memory
   160 bytes of DATA  memory

Errors: none
Warnings: none
