###############################################################################
#
# IAR ANSI C/C++ Compiler V8.11.2.13589/W32 for ARM       18/Jun/2018  19:48:03
# Copyright 1999-2017 IAR Systems AB.
#
#    Cpu mode     =  thumb
#    Endian       =  little
#    Source file  =  
#        C:\Users\xsk19940910\Desktop\flightController-1\flightController-1\program\app\Sensor\Ultrasound.cpp
#    Command line =  
#        -f C:\Users\XSK199~1\AppData\Local\Temp\EW31F5.tmp
#        (C:\Users\xsk19940910\Desktop\flightController-1\flightController-1\program\app\Sensor\Ultrasound.cpp
#        -D K60 -D USE_K60F15 -D ARM_MATH_CM4 -D __FPU_PRESENT=1 -D
#        __FPU_USED=1 -lCN
#        C:\Users\xsk19940910\Desktop\flightController-1\flightController-1\program\iar\RAM\List
#        -lB
#        C:\Users\xsk19940910\Desktop\flightController-1\flightController-1\program\iar\RAM\List
#        -o
#        C:\Users\xsk19940910\Desktop\flightController-1\flightController-1\program\iar\RAM\Obj
#        --no_cse --no_unroll --no_inline --no_code_motion --no_tbaa
#        --no_clustering --no_scheduling --debug --endian=little
#        --cpu=Cortex-M4 -e --fpu=VFPv4_sp --dlib_config
#        D:\iar\arm\INC\c\DLib_Config_Normal.h -I
#        C:\Users\xsk19940910\Desktop\flightController-1\flightController-1\program\iar\..\app\
#        -I
#        C:\Users\xsk19940910\Desktop\flightController-1\flightController-1\program\iar\..\app\Sensor\
#        -I
#        C:\Users\xsk19940910\Desktop\flightController-1\flightController-1\program\iar\..\lib\CPU\
#        -I
#        C:\Users\xsk19940910\Desktop\flightController-1\flightController-1\program\iar\..\lib\common\
#        -I
#        C:\Users\xsk19940910\Desktop\flightController-1\flightController-1\program\iar\..\lib\LPLD\
#        -I
#        C:\Users\xsk19940910\Desktop\flightController-1\flightController-1\program\iar\..\lib\LPLD\HW\
#        -I
#        C:\Users\xsk19940910\Desktop\flightController-1\flightController-1\program\iar\..\lib\LPLD\DEV\
#        -I
#        C:\Users\xsk19940910\Desktop\flightController-1\flightController-1\program\iar\..\lib\LPLD\FUNC\
#        -I
#        C:\Users\xsk19940910\Desktop\flightController-1\flightController-1\program\iar\..\lib\uCOS-II\Ports\
#        -I
#        C:\Users\xsk19940910\Desktop\flightController-1\flightController-1\program\iar\..\lib\uCOS-II\Source\
#        -I
#        C:\Users\xsk19940910\Desktop\flightController-1\flightController-1\program\iar\..\lib\FatFs\
#        -I
#        C:\Users\xsk19940910\Desktop\flightController-1\flightController-1\program\iar\..\lib\FatFs\option\
#        -I
#        C:\Users\xsk19940910\Desktop\flightController-1\flightController-1\program\iar\..\lib\USB\common\
#        -I
#        C:\Users\xsk19940910\Desktop\flightController-1\flightController-1\program\iar\..\lib\USB\driver\
#        -I
#        C:\Users\xsk19940910\Desktop\flightController-1\flightController-1\program\iar\..\lib\USB\descriptor\
#        -I
#        C:\Users\xsk19940910\Desktop\flightController-1\flightController-1\program\iar\..\lib\USB\class\
#        -On --c++ -I D:\iar\arm\CMSIS\Include\ -D ARM_MATH_CM4)
#    Locale       =  C
#    List file    =  
#        C:\Users\xsk19940910\Desktop\flightController-1\flightController-1\program\iar\RAM\List\Ultrasound.lst
#    Object file  =  
#        C:\Users\xsk19940910\Desktop\flightController-1\flightController-1\program\iar\RAM\Obj\Ultrasound.o
#
###############################################################################

C:\Users\xsk19940910\Desktop\flightController-1\flightController-1\program\app\Sensor\Ultrasound.cpp
      1          #include  "Ultrasound.h"

   \                                 In section .text, align 2
   \   __interwork __softfp void GPIO_Output_b(GPIO_Type *, uint32, uint8)
   \                     GPIO_Output_b: (+1)
   \   00000000   0xB410             PUSH     {R4}
   \   00000002   0x6804             LDR      R4,[R0, #+0]
   \   00000004   0x2301             MOVS     R3,#+1
   \   00000006   0x408B             LSLS     R3,R3,R1
   \   00000008   0x439C             BICS     R4,R4,R3
   \   0000000A   0xB2D2             UXTB     R2,R2            ;; ZeroExt  R2,R2,#+24,#+24
   \   0000000C   0xFA12 0xF301      LSLS     R3,R2,R1
   \   00000010   0x431C             ORRS     R4,R3,R4
   \   00000012   0x6004             STR      R4,[R0, #+0]
   \   00000014   0xBC10             POP      {R4}
   \   00000016   0x4770             BX       LR               ;; return

   \                                 In section .text, align 2
   \   __interwork __softfp boolean FTM_IsCHnF(FTM_Type *, FtmChnEnum)
   \                     FTM_IsCHnF: (+1)
   \   00000000   0xB2C9             UXTB     R1,R1            ;; ZeroExt  R1,R1,#+24,#+24
   \   00000002   0xEB00 0x00C1      ADD      R0,R0,R1, LSL #+3
   \   00000006   0x68C0             LDR      R0,[R0, #+12]
   \   00000008   0xF3C0 0x10C0      UBFX     R0,R0,#+7,#+1
   \   0000000C   0xB2C0             UXTB     R0,R0            ;; ZeroExt  R0,R0,#+24,#+24
   \   0000000E   0x4770             BX       LR               ;; return

   \                                 In section .text, align 2
   \   __interwork __softfp void FTM_ClearCHnF(FTM_Type *, FtmChnEnum)
   \                     FTM_ClearCHnF: (+1)
   \   00000000   0xB2C9             UXTB     R1,R1            ;; ZeroExt  R1,R1,#+24,#+24
   \   00000002   0xEB00 0x02C1      ADD      R2,R0,R1, LSL #+3
   \   00000006   0x68D2             LDR      R2,[R2, #+12]
   \   00000008   0xF032 0x0280      BICS     R2,R2,#0x80
   \   0000000C   0xB2C9             UXTB     R1,R1            ;; ZeroExt  R1,R1,#+24,#+24
   \   0000000E   0xEB00 0x03C1      ADD      R3,R0,R1, LSL #+3
   \   00000012   0x60DA             STR      R2,[R3, #+12]
   \   00000014   0x4770             BX       LR               ;; return

   \                                 In section .text, align 2
   \   __interwork __softfp void FTM_ClearCounter(FTM_Type *)
   \                     FTM_ClearCounter: (+1)
   \   00000000   0x2100             MOVS     R1,#+0
   \   00000002   0x6041             STR      R1,[R0, #+4]
   \   00000004   0x4770             BX       LR               ;; return

   \                                 In section .text, align 4
   \   __code __interwork __softfp CJumpFilter::CJumpFilter()
   \                     _ZN11CJumpFilterC1Ev: (+1)
   \   00000000   0x4904             LDR.N    R1,??CJumpFilter_0  ;; 0x42c80000
   \   00000002   0x6081             STR      R1,[R0, #+8]
   \   00000004   0xF44F 0x7196      MOV      R1,#+300
   \   00000008   0x6281             STR      R1,[R0, #+40]
   \   0000000A   0xF05F 0x517E      MOVS     R1,#+1065353216
   \   0000000E   0x62C1             STR      R1,[R0, #+44]
   \   00000010   0x4770             BX       LR               ;; return
   \   00000012   0xBF00             Nop      
   \                     ??CJumpFilter_0:
   \   00000014   0x42C80000         DC32     0x42c80000

   \                                 In section .text, align 4
   \   __code __interwork __softfp Ultrasound__::Ultrasound__()
   \                     _ZN12Ultrasound__C1Ev: (+1)
   \   00000000   0xB510             PUSH     {R4,LR}
   \   00000002   0x0004             MOVS     R4,R0
   \   00000004   0x4806             LDR.N    R0,??Ultrasound___0+0x4  ;; 0x3e99999a
   \   00000006   0x6320             STR      R0,[R4, #+48]
   \   00000008   0xF44F 0x71FA      MOV      R1,#+500
   \   0000000C   0xED9F 0x0A03      VLDR.W   S0,??Ultrasound___0  ;; 0x3f4ccccd
   \   00000010   0x4804             LDR.N    R0,??Ultrasound___0+0x8
   \   00000012   0x.... 0x....      BL       _ZN11CJumpFilter12setParameterEfi
   \   00000016   0x0020             MOVS     R0,R4
   \                     ??Ultrasound___1: (+1)
   \   00000018   0xBD10             POP      {R4,PC}          ;; return
   \   0000001A   0xBF00             Nop      
   \                     ??Ultrasound___0:
   \   0000001C   0x3F4CCCCD         DC32     0x3f4ccccd
   \   00000020   0x3E99999A         DC32     0x3e99999a
   \   00000024   0x........         DC32     _ZN12Ultrasound__6filterE
      2          

   \                                 In section .bss, align 4
      3          Ultrasound__ *Ultrasound;
   \                     Ultrasound:
   \   00000000                      DS8 4
      4          
      5          

   \                                 In section .text, align 2, keep-with-next
      6          void Ultrasound_Init()
      7          {
   \                     _Z15Ultrasound_Initv: (+1)
   \   00000000   0xB580             PUSH     {R7,LR}
   \   00000002   0x....             LDR.N    R0,??DataTable4_2
   \   00000004   0x7800             LDRB     R0,[R0, #+0]
   \   00000006   0x2800             CMP      R0,#+0
   \   00000008   0xD105             BNE.N    ??Ultrasound_Init_0
      8            static Ultrasound__ Ultrasound0;
   \   0000000A   0x....             LDR.N    R0,??DataTable4_3
   \   0000000C   0x.... 0x....      BL       _ZN12Ultrasound__C1Ev
   \   00000010   0x2001             MOVS     R0,#+1
   \   00000012   0x....             LDR.N    R1,??DataTable4_2
   \   00000014   0x7008             STRB     R0,[R1, #+0]
      9            Ultrasound = &Ultrasound0;
   \                     ??Ultrasound_Init_0: (+1)
   \   00000016   0x....             LDR.N    R0,??DataTable4_3
   \   00000018   0x....             LDR.N    R1,??DataTable4_4
   \   0000001A   0x6008             STR      R0,[R1, #+0]
     10          }
   \                     ??Ultrasound_Init_1: (+1)
   \   0000001C   0xBD01             POP      {R0,PC}          ;; return

   \                                 In section .bss, align 4
   \                     `Ultrasound_Init()::Ultrasound0`:
   \   00000000                      DS8 52
     11          
     12          /*静态成员一定要初始化 否则链接错*/

   \                                 In section .bss, align 4
     13          int Ultrasound__::send = 0, Ultrasound__::rece = 0, Ultrasound__:: PIT_Period = 0;
   \                     _ZN12Ultrasound__4sendE:
   \   00000000                      DS8 4

   \                                 In section .bss, align 4
   \                     _ZN12Ultrasound__4receE:
   \   00000000                      DS8 4

   \                                 In section .bss, align 4
   \                     _ZN12Ultrasound__10PIT_PeriodE:
   \   00000000                      DS8 4

   \                                 In section .bss, align 4
     14          int Ultrasound__::flag = 0, Ultrasound__:: count = 0;
   \                     _ZN12Ultrasound__4flagE:
   \   00000000                      DS8 4

   \                                 In section .bss, align 4
   \                     _ZN12Ultrasound__5countE:
   \   00000000                      DS8 4

   \                                 In section .bss, align 4
     15          float Ultrasound__::test = 0;
   \                     _ZN12Ultrasound__4testE:
   \   00000000                      DS8 4

   \                                 In section .bss, align 4
     16          float Ultrasound__::time = 0, Ultrasound__::dis = 0, Ultrasound__::dis0 = 0;
   \                     _ZN12Ultrasound__4timeE:
   \   00000000                      DS8 4

   \                                 In section .bss, align 4
   \                     _ZN12Ultrasound__3disE:
   \   00000000                      DS8 4

   \                                 In section .bss, align 4
   \                     _ZN12Ultrasound__4dis0E:
   \   00000000                      DS8 4

   \                                 In section .bss, align 1
     17          bool Ultrasound__::error = false;
   \                     _ZN12Ultrasound__5errorE:
   \   00000000                      DS8 1

   \                                 In section .text, align 2, keep-with-next
   \   static __intrinsic __interwork __softfp void __sti__routine()
   \                     __sti__routine: (+1)
   \   00000000   0xB580             PUSH     {R7,LR}
     18          CJumpFilter Ultrasound__::filter;
   \   00000002   0x....             LDR.N    R0,??DataTable4_1
   \   00000004   0x.... 0x....      BL       _ZN11CJumpFilterC1Ev
   \   00000008   0xBD01             POP      {R0,PC}          ;; return

   \                                 In section .bss, align 4
   \                     _ZN12Ultrasound__6filterE:
   \   00000000                      DS8 56
     19          

   \                                 In section .text, align 4, keep-with-next
     20          void Ultrasound__::calculateD_partial(float newValue)
     21          {
   \                     _ZN12Ultrasound__18calculateD_partialEf: (+1)
   \   00000000   0xB510             PUSH     {R4,LR}
   \   00000002   0xED2D 0x8B02      VPUSH    {D8}
   \   00000006   0x0004             MOVS     R4,R0
   \   00000008   0xEEB0 0x8A40      VMOV.F32 S16,S0
     22            for(int i=0; i<9; i++)
   \   0000000C   0x2000             MOVS     R0,#+0
   \                     ??calculateD_partial_0: (+1)
   \   0000000E   0x2809             CMP      R0,#+9
   \   00000010   0xDA07             BGE.N    ??calculateD_partial_1
     23            {
     24              P_old[i] = P_old[i+1];
   \   00000012   0xEB04 0x0180      ADD      R1,R4,R0, LSL #+2
   \   00000016   0xEB04 0x0280      ADD      R2,R4,R0, LSL #+2
   \   0000001A   0x6892             LDR      R2,[R2, #+8]
   \   0000001C   0x604A             STR      R2,[R1, #+4]
     25            }
   \   0000001E   0x1C40             ADDS     R0,R0,#+1
   \   00000020   0xE7F5             B.N      ??calculateD_partial_0
     26              
     27             P_old[9] = newValue;
   \                     ??calculateD_partial_1: (+1)
   \   00000022   0xED84 0x8A0A      VSTR     S16,[R4, #+40]
     28             D = D * D_smoother + (newValue - P_old[8]) / (t - filter.getNewDataTime()) * 1000 * (1 - D_smoother); 
   \   00000026   0x....             LDR.N    R0,??DataTable4_1
   \   00000028   0x.... 0x....      BL       _ZN11CJumpFilter14getNewDataTimeEv
   \   0000002C   0xED94 0x0A0B      VLDR     S0,[R4, #+44]
   \   00000030   0xEDD4 0x0A0C      VLDR     S1,[R4, #+48]
   \   00000034   0xEE20 0x0A20      VMUL.F32 S0,S0,S1
   \   00000038   0xEDD4 0x0A09      VLDR     S1,[R4, #+36]
   \   0000003C   0xEE78 0x0A60      VSUB.F32 S1,S16,S1
   \   00000040   0x....             LDR.N    R1,??DataTable4_5
   \   00000042   0x6809             LDR      R1,[R1, #+0]
   \   00000044   0x1A08             SUBS     R0,R1,R0
   \   00000046   0xEE01 0x0A10      VMOV     S2,R0
   \   0000004A   0xEEB8 0x1AC1      VCVT.F32.S32 S2,S2
   \   0000004E   0xEEC0 0x0A81      VDIV.F32 S1,S1,S2
   \   00000052   0xED9F 0x....      VLDR.W   S2,??DataTable3  ;; 0x447a0000
   \   00000056   0xEE60 0x0A81      VMUL.F32 S1,S1,S2
   \   0000005A   0xEEB7 0x1A00      VMOV.F32 S2,#1.0
   \   0000005E   0xEDD4 0x1A0C      VLDR     S3,[R4, #+48]
   \   00000062   0xEE31 0x1A61      VSUB.F32 S2,S2,S3
   \   00000066   0xEE00 0x0A81      VMLA.F32 S0,S1,S2
   \   0000006A   0xED84 0x0A0B      VSTR     S0,[R4, #+44]
     29             
     30             if(D > 2000) 
   \   0000006E   0xED94 0x0A0B      VLDR     S0,[R4, #+44]
   \   00000072   0xEDDF 0x....      VLDR.W   S1,??DataTable3_1  ;; 0x44fa0001
   \   00000076   0xEEB4 0x0A60      VCMP.F32 S0,S1
   \   0000007A   0xEEF1 0xFA10      FMSTAT   
   \   0000007E   0xDB02             BLT.N    ??calculateD_partial_2
     31             {
     32               D = 2000;
   \   00000080   0x....             LDR.N    R0,??DataTable4_6  ;; 0x44fa0000
   \   00000082   0x62E0             STR      R0,[R4, #+44]
   \   00000084   0xE00A             B.N      ??calculateD_partial_3
     33             }
     34             else if(D < -2000) 
   \                     ??calculateD_partial_2: (+1)
   \   00000086   0xED94 0x0A0B      VLDR     S0,[R4, #+44]
   \   0000008A   0xEDDF 0x....      VLDR.W   S1,??DataTable4  ;; 0xc4fa0000
   \   0000008E   0xEEB4 0x0A60      VCMP.F32 S0,S1
   \   00000092   0xEEF1 0xFA10      FMSTAT   
   \   00000096   0xD501             BPL.N    ??calculateD_partial_3
     35             {
     36               D = -2000;
   \   00000098   0x....             LDR.N    R0,??DataTable4  ;; 0xc4fa0000
   \   0000009A   0x62E0             STR      R0,[R4, #+44]
     37             }
     38          }
   \                     ??calculateD_partial_3: (+1)
   \                     ??calculateD_partial_4: (+1)
   \   0000009C   0xECBD 0x8B02      VPOP     {D8}
   \   000000A0   0xBD10             POP      {R4,PC}          ;; return
     39          

   \                                 In section .text, align 2, keep-with-next
     40          void Ultrasound__::IC_isr(void)
     41          {
   \                     _ZN12Ultrasound__6IC_isrEv: (+1)
   \   00000000   0xB5F8             PUSH     {R3-R7,LR}
     42            if(FTM_IsCHnF(FTM0, FTM_Ch6))                 //0通道
   \   00000002   0x2106             MOVS     R1,#+6
   \   00000004   0x....             LDR.N    R0,??DataTable4_7  ;; 0x40038000
   \   00000006   0x.... 0x....      BL       FTM_IsCHnF
   \   0000000A   0x2800             CMP      R0,#+0
   \   0000000C   0xD001             BEQ.N    ??IC_isr_0
   \   0000000E   0x2001             MOVS     R0,#+1
   \   00000010   0xE000             B.N      ??IC_isr_1
   \                     ??IC_isr_0: (+1)
   \   00000012   0x2000             MOVS     R0,#+0
   \                     ??IC_isr_1: (+1)
   \   00000014   0xB2C0             UXTB     R0,R0            ;; ZeroExt  R0,R0,#+24,#+24
   \   00000016   0x2800             CMP      R0,#+0
   \   00000018   0xF000 0x809B      BEQ.W    ??IC_isr_2
     43            {
     44              if(flag==0)
   \   0000001C   0x....             LDR.N    R0,??DataTable4_8
   \   0000001E   0x6800             LDR      R0,[R0, #+0]
   \   00000020   0x2800             CMP      R0,#+0
   \   00000022   0xD10B             BNE.N    ??IC_isr_3
     45              {
     46                rece = PIT->CHANNEL[PIT0].CVAL;//记录寄存器起始计时
   \   00000024   0x....             LDR.N    R0,??DataTable4_9  ;; 0x40037104
   \   00000026   0x6800             LDR      R0,[R0, #+0]
   \   00000028   0x....             LDR.N    R1,??DataTable4_10
   \   0000002A   0x6008             STR      R0,[R1, #+0]
     47                PIT_Period = PIT->CHANNEL[PIT0].LDVAL;
   \   0000002C   0x....             LDR.N    R0,??DataTable4_11  ;; 0x40037100
   \   0000002E   0x6800             LDR      R0,[R0, #+0]
   \   00000030   0x....             LDR.N    R1,??DataTable4_12
   \   00000032   0x6008             STR      R0,[R1, #+0]
     48                flag  = 1;
   \   00000034   0x2001             MOVS     R0,#+1
   \   00000036   0x....             LDR.N    R1,??DataTable4_8
   \   00000038   0x6008             STR      R0,[R1, #+0]
   \   0000003A   0xE005             B.N      ??IC_isr_4
     49              }
     50              else
     51              {
     52                flag  = 1;
   \                     ??IC_isr_3: (+1)
   \   0000003C   0x2001             MOVS     R0,#+1
   \   0000003E   0x....             LDR.N    R1,??DataTable4_8
   \   00000040   0x6008             STR      R0,[R1, #+0]
     53                error = 1;
   \   00000042   0x2001             MOVS     R0,#+1
   \   00000044   0x....             LDR.N    R1,??DataTable4_13
   \   00000046   0x7008             STRB     R0,[R1, #+0]
     54              }
     55                
     56              if(error==0)
   \                     ??IC_isr_4: (+1)
   \   00000048   0x....             LDR.N    R0,??DataTable4_13
   \   0000004A   0x7800             LDRB     R0,[R0, #+0]
   \   0000004C   0x2800             CMP      R0,#+0
   \   0000004E   0xD15A             BNE.N    ??IC_isr_5
     57              {
     58                test = 2.0*(send - rece)/PIT_Period;
   \   00000050   0x....             LDR.N    R0,??DataTable4_14
   \   00000052   0x6800             LDR      R0,[R0, #+0]
   \   00000054   0x....             LDR.N    R1,??DataTable4_10
   \   00000056   0x6809             LDR      R1,[R1, #+0]
   \   00000058   0x1A40             SUBS     R0,R0,R1
   \   0000005A   0x.... 0x....      BL       __aeabi_i2d
   \   0000005E   0x2200             MOVS     R2,#+0
   \   00000060   0xF05F 0x4380      MOVS     R3,#+1073741824
   \   00000064   0x.... 0x....      BL       __aeabi_dmul
   \   00000068   0x0004             MOVS     R4,R0
   \   0000006A   0x000D             MOVS     R5,R1
   \   0000006C   0x....             LDR.N    R0,??DataTable4_12
   \   0000006E   0x6800             LDR      R0,[R0, #+0]
   \   00000070   0x.... 0x....      BL       __aeabi_i2d
   \   00000074   0x0002             MOVS     R2,R0
   \   00000076   0x000B             MOVS     R3,R1
   \   00000078   0x0020             MOVS     R0,R4
   \   0000007A   0x0029             MOVS     R1,R5
   \   0000007C   0x.... 0x....      BL       __aeabi_ddiv
   \   00000080   0x.... 0x....      BL       __aeabi_d2f
   \   00000084   0x....             LDR.N    R1,??DataTable4_15
   \   00000086   0x6008             STR      R0,[R1, #+0]
     59                time  = 2.0 * count + 2.0 * (send - rece)/PIT_Period;
   \   00000088   0x....             LDR.N    R0,??DataTable4_16
   \   0000008A   0x6800             LDR      R0,[R0, #+0]
   \   0000008C   0x.... 0x....      BL       __aeabi_i2d
   \   00000090   0x2200             MOVS     R2,#+0
   \   00000092   0xF05F 0x4380      MOVS     R3,#+1073741824
   \   00000096   0x.... 0x....      BL       __aeabi_dmul
   \   0000009A   0x0006             MOVS     R6,R0
   \   0000009C   0x000F             MOVS     R7,R1
   \   0000009E   0x....             LDR.N    R0,??DataTable4_14
   \   000000A0   0x6800             LDR      R0,[R0, #+0]
   \   000000A2   0x....             LDR.N    R1,??DataTable4_10
   \   000000A4   0x6809             LDR      R1,[R1, #+0]
   \   000000A6   0x1A40             SUBS     R0,R0,R1
   \   000000A8   0x.... 0x....      BL       __aeabi_i2d
   \   000000AC   0x2200             MOVS     R2,#+0
   \   000000AE   0xF05F 0x4380      MOVS     R3,#+1073741824
   \   000000B2   0x.... 0x....      BL       __aeabi_dmul
   \   000000B6   0x0004             MOVS     R4,R0
   \   000000B8   0x000D             MOVS     R5,R1
   \   000000BA   0x....             LDR.N    R0,??DataTable4_12
   \   000000BC   0x6800             LDR      R0,[R0, #+0]
   \   000000BE   0x.... 0x....      BL       __aeabi_i2d
   \   000000C2   0x0002             MOVS     R2,R0
   \   000000C4   0x000B             MOVS     R3,R1
   \   000000C6   0x0020             MOVS     R0,R4
   \   000000C8   0x0029             MOVS     R1,R5
   \   000000CA   0x.... 0x....      BL       __aeabi_ddiv
   \   000000CE   0x0032             MOVS     R2,R6
   \   000000D0   0x003B             MOVS     R3,R7
   \   000000D2   0x.... 0x....      BL       __aeabi_dadd
   \   000000D6   0x.... 0x....      BL       __aeabi_d2f
   \   000000DA   0x....             LDR.N    R1,??DataTable4_17
   \   000000DC   0x6008             STR      R0,[R1, #+0]
     60                dis   = (time-2.6) * 340/2000;
   \   000000DE   0x....             LDR.N    R0,??DataTable4_17
   \   000000E0   0x6800             LDR      R0,[R0, #+0]
   \   000000E2   0x.... 0x....      BL       __aeabi_f2d
   \   000000E6   0x....             LDR.N    R2,??DataTable4_18  ;; 0xcccccccd
   \   000000E8   0x....             LDR.N    R3,??DataTable4_19  ;; 0xc004cccc
   \   000000EA   0x.... 0x....      BL       __aeabi_dadd
   \   000000EE   0x2200             MOVS     R2,#+0
   \   000000F0   0x....             LDR.N    R3,??DataTable4_20  ;; 0x40754000
   \   000000F2   0x.... 0x....      BL       __aeabi_dmul
   \   000000F6   0x2200             MOVS     R2,#+0
   \   000000F8   0x....             LDR.N    R3,??DataTable4_21  ;; 0x409f4000
   \   000000FA   0x.... 0x....      BL       __aeabi_ddiv
   \   000000FE   0x.... 0x....      BL       __aeabi_d2f
   \   00000102   0x....             LDR.N    R1,??DataTable4_22
   \   00000104   0x6008             STR      R0,[R1, #+0]
     61              }
     62              dis0 = dis;
   \                     ??IC_isr_5: (+1)
   \   00000106   0x....             LDR.N    R0,??DataTable4_23
   \   00000108   0x....             LDR.N    R1,??DataTable4_22
   \   0000010A   0x6809             LDR      R1,[R1, #+0]
   \   0000010C   0x6001             STR      R1,[R0, #+0]
     63              dis = filter.newData(dis, Ultrasound->vel_CF, t);
   \   0000010E   0x....             LDR.N    R0,??DataTable4_5
   \   00000110   0x6801             LDR      R1,[R0, #+0]
   \   00000112   0x....             LDR.N    R0,??DataTable4_4
   \   00000114   0x6800             LDR      R0,[R0, #+0]
   \   00000116   0xEDD0 0x0A00      VLDR     S1,[R0, #0]
   \   0000011A   0x....             LDR.N    R0,??DataTable4_22
   \   0000011C   0xED90 0x0A00      VLDR     S0,[R0, #0]
   \   00000120   0x....             LDR.N    R0,??DataTable4_1
   \   00000122   0x.... 0x....      BL       _ZN11CJumpFilter7newDataEffi
   \   00000126   0x....             LDR.N    R0,??DataTable4_22
   \   00000128   0xED80 0x0A00      VSTR     S0,[R0, #0]
     64              Ultrasound->calculateD_partial(Ultrasound->dis);
   \   0000012C   0x....             LDR.N    R0,??DataTable4_22
   \   0000012E   0xED90 0x0A00      VLDR     S0,[R0, #0]
   \   00000132   0x....             LDR.N    R0,??DataTable4_4
   \   00000134   0x6800             LDR      R0,[R0, #+0]
   \   00000136   0x.... 0x....      BL       _ZN12Ultrasound__18calculateD_partialEf
     65              Ultrasound->filter.setNewDataTime(t); //一定要放在 计算D 后面
   \   0000013A   0x....             LDR.N    R0,??DataTable4_5
   \   0000013C   0x6801             LDR      R1,[R0, #+0]
   \   0000013E   0x....             LDR.N    R0,??DataTable4_1
   \   00000140   0x.... 0x....      BL       _ZN11CJumpFilter14setNewDataTimeEi
     66                
     67              FTM_ClearCounter(FTM0);     //清零
   \   00000144   0x....             LDR.N    R0,??DataTable4_7  ;; 0x40038000
   \   00000146   0x.... 0x....      BL       FTM_ClearCounter
     68              FTM_ClearCHnF(FTM0, FTM_Ch6);       //清除中断标志    
   \   0000014A   0x2106             MOVS     R1,#+6
   \   0000014C   0x....             LDR.N    R0,??DataTable4_7  ;; 0x40038000
   \   0000014E   0x.... 0x....      BL       FTM_ClearCHnF
     69            }
     70          }
   \                     ??IC_isr_2: (+1)
   \                     ??IC_isr_6: (+1)
   \   00000152   0xBDF1             POP      {R0,R4-R7,PC}    ;; return
     71          
     72          

   \                                 In section .text, align 2, keep-with-next
     73          void Ultrasound__::PIT_isr()
     74          {
   \                     _ZN12Ultrasound__7PIT_isrEv: (+1)
   \   00000000   0xB510             PUSH     {R4,LR}
   \   00000002   0x0004             MOVS     R4,R0
     75              if(t%50==0 && flag==1)//上次测距成功 开始计数 100ms一次
   \   00000004   0x2032             MOVS     R0,#+50
   \   00000006   0x....             LDR.N    R1,??DataTable4_5
   \   00000008   0x6809             LDR      R1,[R1, #+0]
   \   0000000A   0x....             LDR.N    R2,??DataTable4_5
   \   0000000C   0x6812             LDR      R2,[R2, #+0]
   \   0000000E   0xFB92 0xF2F0      SDIV     R2,R2,R0
   \   00000012   0xFB00 0x1012      MLS      R0,R0,R2,R1
   \   00000016   0x2800             CMP      R0,#+0
   \   00000018   0xD116             BNE.N    ??PIT_isr_0
   \   0000001A   0x....             LDR.N    R0,??DataTable4_8
   \   0000001C   0x6800             LDR      R0,[R0, #+0]
   \   0000001E   0x2801             CMP      R0,#+1
   \   00000020   0xD112             BNE.N    ??PIT_isr_0
     76              {
     77                send = PIT->CHANNEL[PIT0].CVAL;//记录寄存器起始值
   \   00000022   0x....             LDR.N    R0,??DataTable4_9  ;; 0x40037104
   \   00000024   0x6800             LDR      R0,[R0, #+0]
   \   00000026   0x....             LDR.N    R1,??DataTable4_14
   \   00000028   0x6008             STR      R0,[R1, #+0]
     78                GPIO_Output_b(PTD,7,1);
   \   0000002A   0x2201             MOVS     R2,#+1
   \   0000002C   0x2107             MOVS     R1,#+7
   \   0000002E   0x....             LDR.N    R0,??DataTable4_24  ;; 0x400ff0c0
   \   00000030   0x.... 0x....      BL       GPIO_Output_b
     79                count  = 0;
   \   00000034   0x2000             MOVS     R0,#+0
   \   00000036   0x....             LDR.N    R1,??DataTable4_16
   \   00000038   0x6008             STR      R0,[R1, #+0]
     80                error  = 0;
   \   0000003A   0x2000             MOVS     R0,#+0
   \   0000003C   0x....             LDR.N    R1,??DataTable4_13
   \   0000003E   0x7008             STRB     R0,[R1, #+0]
     81                flag   = 0;
   \   00000040   0x2000             MOVS     R0,#+0
   \   00000042   0x....             LDR.N    R1,??DataTable4_8
   \   00000044   0x6008             STR      R0,[R1, #+0]
   \   00000046   0xE020             B.N      ??PIT_isr_1
     82              }
     83              else if(count>48)//本场末未收到 超时 丢失
   \                     ??PIT_isr_0: (+1)
   \   00000048   0x....             LDR.N    R0,??DataTable4_16
   \   0000004A   0x6800             LDR      R0,[R0, #+0]
   \   0000004C   0x2831             CMP      R0,#+49
   \   0000004E   0xDB06             BLT.N    ??PIT_isr_2
     84              {
     85                error = 1;
   \   00000050   0x2001             MOVS     R0,#+1
   \   00000052   0x....             LDR.N    R1,??DataTable4_13
   \   00000054   0x7008             STRB     R0,[R1, #+0]
     86                flag  = 1;
   \   00000056   0x2001             MOVS     R0,#+1
   \   00000058   0x....             LDR.N    R1,??DataTable4_8
   \   0000005A   0x6008             STR      R0,[R1, #+0]
   \   0000005C   0xE015             B.N      ??PIT_isr_1
     87              }
     88          
     89              else if(flag==0)//未收到下降沿 计数中
   \                     ??PIT_isr_2: (+1)
   \   0000005E   0x....             LDR.N    R0,??DataTable4_8
   \   00000060   0x6800             LDR      R0,[R0, #+0]
   \   00000062   0x2800             CMP      R0,#+0
   \   00000064   0xD10A             BNE.N    ??PIT_isr_3
     90              {
     91                GPIO_Output_b(PTD,7,0);
   \   00000066   0x2200             MOVS     R2,#+0
   \   00000068   0x2107             MOVS     R1,#+7
   \   0000006A   0x....             LDR.N    R0,??DataTable4_24  ;; 0x400ff0c0
   \   0000006C   0x.... 0x....      BL       GPIO_Output_b
     92                count++;
   \   00000070   0x....             LDR.N    R0,??DataTable4_16
   \   00000072   0x6800             LDR      R0,[R0, #+0]
   \   00000074   0x1C40             ADDS     R0,R0,#+1
   \   00000076   0x....             LDR.N    R1,??DataTable4_16
   \   00000078   0x6008             STR      R0,[R1, #+0]
   \   0000007A   0xE006             B.N      ??PIT_isr_1
     93              }
     94              else if(flag==1)                //已收到，不作变化
   \                     ??PIT_isr_3: (+1)
   \   0000007C   0x....             LDR.N    R0,??DataTable4_8
   \   0000007E   0x6800             LDR      R0,[R0, #+0]
   \   00000080   0x2801             CMP      R0,#+1
   \   00000082   0xD002             BEQ.N    ??PIT_isr_1
     95              {
     96              }        
     97              else
     98              {
     99                error = 1;
   \   00000084   0x2001             MOVS     R0,#+1
   \   00000086   0x....             LDR.N    R1,??DataTable4_13
   \   00000088   0x7008             STRB     R0,[R1, #+0]
    100              }
    101              this->filter.checkIsNewData(t);
   \                     ??PIT_isr_1: (+1)
   \   0000008A   0x....             LDR.N    R0,??DataTable4_5
   \   0000008C   0x6801             LDR      R1,[R0, #+0]
   \   0000008E   0x....             LDR.N    R0,??DataTable4_1
   \   00000090   0x.... 0x....      BL       _ZN11CJumpFilter14checkIsNewDataEi
    102          }
   \                     ??PIT_isr_4: (+1)
   \   00000094   0xBD10             POP      {R4,PC}          ;; return

   \                                 In section .text, align 4, keep-with-next
   \                     ??DataTable3:
   \   00000000   0x447A0000         DC32     0x447a0000

   \                                 In section .text, align 4, keep-with-next
   \                     ??DataTable3_1:
   \   00000000   0x44FA0001         DC32     0x44fa0001

   \                                 In section .text, align 4, keep-with-next
   \                     ??DataTable4:
   \   00000000   0xC4FA0000         DC32     0xc4fa0000

   \                                 In section .text, align 4, keep-with-next
   \                     ??DataTable4_1:
   \   00000000   0x........         DC32     _ZN12Ultrasound__6filterE

   \                                 In section .text, align 4, keep-with-next
   \                     ??DataTable4_2:
   \   00000000   0x........         DC32     `Ultrasound_Init()::static guard for Ultrasound0`

   \                                 In section .text, align 4, keep-with-next
   \                     ??DataTable4_3:
   \   00000000   0x........         DC32     `Ultrasound_Init()::Ultrasound0`

   \                                 In section .text, align 4, keep-with-next
   \                     ??DataTable4_4:
   \   00000000   0x........         DC32     Ultrasound

   \                                 In section .text, align 4, keep-with-next
   \                     ??DataTable4_5:
   \   00000000   0x........         DC32     t

   \                                 In section .text, align 4, keep-with-next
   \                     ??DataTable4_6:
   \   00000000   0x44FA0000         DC32     0x44fa0000

   \                                 In section .text, align 4, keep-with-next
   \                     ??DataTable4_7:
   \   00000000   0x40038000         DC32     0x40038000

   \                                 In section .text, align 4, keep-with-next
   \                     ??DataTable4_8:
   \   00000000   0x........         DC32     _ZN12Ultrasound__4flagE

   \                                 In section .text, align 4, keep-with-next
   \                     ??DataTable4_9:
   \   00000000   0x40037104         DC32     0x40037104

   \                                 In section .text, align 4, keep-with-next
   \                     ??DataTable4_10:
   \   00000000   0x........         DC32     _ZN12Ultrasound__4receE

   \                                 In section .text, align 4, keep-with-next
   \                     ??DataTable4_11:
   \   00000000   0x40037100         DC32     0x40037100

   \                                 In section .text, align 4, keep-with-next
   \                     ??DataTable4_12:
   \   00000000   0x........         DC32     _ZN12Ultrasound__10PIT_PeriodE

   \                                 In section .text, align 4, keep-with-next
   \                     ??DataTable4_13:
   \   00000000   0x........         DC32     _ZN12Ultrasound__5errorE

   \                                 In section .text, align 4, keep-with-next
   \                     ??DataTable4_14:
   \   00000000   0x........         DC32     _ZN12Ultrasound__4sendE

   \                                 In section .text, align 4, keep-with-next
   \                     ??DataTable4_15:
   \   00000000   0x........         DC32     _ZN12Ultrasound__4testE

   \                                 In section .text, align 4, keep-with-next
   \                     ??DataTable4_16:
   \   00000000   0x........         DC32     _ZN12Ultrasound__5countE

   \                                 In section .text, align 4, keep-with-next
   \                     ??DataTable4_17:
   \   00000000   0x........         DC32     _ZN12Ultrasound__4timeE

   \                                 In section .text, align 4, keep-with-next
   \                     ??DataTable4_18:
   \   00000000   0xCCCCCCCD         DC32     0xcccccccd

   \                                 In section .text, align 4, keep-with-next
   \                     ??DataTable4_19:
   \   00000000   0xC004CCCC         DC32     0xc004cccc

   \                                 In section .text, align 4, keep-with-next
   \                     ??DataTable4_20:
   \   00000000   0x40754000         DC32     0x40754000

   \                                 In section .text, align 4, keep-with-next
   \                     ??DataTable4_21:
   \   00000000   0x409F4000         DC32     0x409f4000

   \                                 In section .text, align 4, keep-with-next
   \                     ??DataTable4_22:
   \   00000000   0x........         DC32     _ZN12Ultrasound__3disE

   \                                 In section .text, align 4, keep-with-next
   \                     ??DataTable4_23:
   \   00000000   0x........         DC32     _ZN12Ultrasound__4dis0E

   \                                 In section .text, align 4, keep-with-next
   \                     ??DataTable4_24:
   \   00000000   0x400FF0C0         DC32     0x400ff0c0

   Maximum stack usage in bytes:

   .cstack Function
   ------- --------
       0   CJumpFilter::CJumpFilter()
       0   FTM_ClearCHnF
       0   FTM_ClearCounter
       0   FTM_IsCHnF
       4   GPIO_Output_b
       8   Ultrasound_Init()
         8   -> Ultrasound__::Ultrasound__()
      24   Ultrasound__::IC_isr()
        24   -> CJumpFilter::newData(float, float, int)
        24   -> CJumpFilter::setNewDataTime(int)
        24   -> FTM_ClearCHnF
        24   -> FTM_ClearCounter
        24   -> FTM_IsCHnF
        24   -> Ultrasound__::calculateD_partial(float)
        24   -> __aeabi_d2f
        24   -> __aeabi_dadd
        24   -> __aeabi_ddiv
        24   -> __aeabi_dmul
        24   -> __aeabi_f2d
        24   -> __aeabi_i2d
       8   Ultrasound__::PIT_isr()
         8   -> CJumpFilter::checkIsNewData(int)
         8   -> GPIO_Output_b
       8   Ultrasound__::Ultrasound__()
         8   -> CJumpFilter::setParameter(float, int)
      16   Ultrasound__::calculateD_partial(float)
        16   -> CJumpFilter::getNewDataTime()
       8   __sti__routine()
         8   -> CJumpFilter::CJumpFilter()


   Section sizes:

   Bytes  Function/Label
   -----  --------------
       4  ??DataTable3
       4  ??DataTable3_1
       4  ??DataTable4
       4  ??DataTable4_1
       4  ??DataTable4_10
       4  ??DataTable4_11
       4  ??DataTable4_12
       4  ??DataTable4_13
       4  ??DataTable4_14
       4  ??DataTable4_15
       4  ??DataTable4_16
       4  ??DataTable4_17
       4  ??DataTable4_18
       4  ??DataTable4_19
       4  ??DataTable4_2
       4  ??DataTable4_20
       4  ??DataTable4_21
       4  ??DataTable4_22
       4  ??DataTable4_23
       4  ??DataTable4_24
       4  ??DataTable4_3
       4  ??DataTable4_4
       4  ??DataTable4_5
       4  ??DataTable4_6
       4  ??DataTable4_7
       4  ??DataTable4_8
       4  ??DataTable4_9
      24  CJumpFilter::CJumpFilter()
      22  FTM_ClearCHnF
       6  FTM_ClearCounter
      16  FTM_IsCHnF
      24  GPIO_Output_b
       4  Ultrasound
      52  Ultrasound0
      30  Ultrasound_Init()
     340  Ultrasound__::IC_isr()
       4  Ultrasound__::PIT_Period
     150  Ultrasound__::PIT_isr()
      40  Ultrasound__::Ultrasound__()
     162  Ultrasound__::calculateD_partial(float)
       4  Ultrasound__::count
       4  Ultrasound__::dis
       4  Ultrasound__::dis0
       1  Ultrasound__::error
      56  Ultrasound__::filter
       4  Ultrasound__::flag
       4  Ultrasound__::rece
       4  Ultrasound__::send
       4  Ultrasound__::test
       4  Ultrasound__::time
      10  __sti__routine()
      45  -- Other

 
  40 bytes in section .ARM.exidx
 150 bytes in section .bss
   4 bytes in section .init_array
 932 bytes in section .text
 
 804 bytes of CODE  memory (+ 132 bytes shared)
  40 bytes of CONST memory
 150 bytes of DATA  memory

Errors: none
Warnings: none
