###############################################################################
#
# IAR ANSI C/C++ Compiler V8.11.2.13589/W32 for ARM       18/Jun/2018  19:48:03
# Copyright 1999-2017 IAR Systems AB.
#
#    Cpu mode     =  thumb
#    Endian       =  little
#    Source file  =  
#        C:\Users\xsk19940910\Desktop\flightController-1\flightController-1\program\app\Ultrasound(UART).cpp
#    Command line =  
#        -f C:\Users\XSK199~1\AppData\Local\Temp\EW30BB.tmp
#        ("C:\Users\xsk19940910\Desktop\flightController-1\flightController-1\program\app\Ultrasound(UART).cpp"
#        -D K60 -D USE_K60F15 -D ARM_MATH_CM4 -D __FPU_PRESENT=1 -D
#        __FPU_USED=1 -lCN
#        C:\Users\xsk19940910\Desktop\flightController-1\flightController-1\program\iar\RAM\List
#        -lB
#        C:\Users\xsk19940910\Desktop\flightController-1\flightController-1\program\iar\RAM\List
#        -o
#        C:\Users\xsk19940910\Desktop\flightController-1\flightController-1\program\iar\RAM\Obj
#        --no_cse --no_unroll --no_inline --no_code_motion --no_tbaa
#        --no_clustering --no_scheduling --debug --endian=little
#        --cpu=Cortex-M4 -e --fpu=VFPv4_sp --dlib_config
#        D:\iar\arm\INC\c\DLib_Config_Normal.h -I
#        C:\Users\xsk19940910\Desktop\flightController-1\flightController-1\program\iar\..\app\
#        -I
#        C:\Users\xsk19940910\Desktop\flightController-1\flightController-1\program\iar\..\app\Sensor\
#        -I
#        C:\Users\xsk19940910\Desktop\flightController-1\flightController-1\program\iar\..\lib\CPU\
#        -I
#        C:\Users\xsk19940910\Desktop\flightController-1\flightController-1\program\iar\..\lib\common\
#        -I
#        C:\Users\xsk19940910\Desktop\flightController-1\flightController-1\program\iar\..\lib\LPLD\
#        -I
#        C:\Users\xsk19940910\Desktop\flightController-1\flightController-1\program\iar\..\lib\LPLD\HW\
#        -I
#        C:\Users\xsk19940910\Desktop\flightController-1\flightController-1\program\iar\..\lib\LPLD\DEV\
#        -I
#        C:\Users\xsk19940910\Desktop\flightController-1\flightController-1\program\iar\..\lib\LPLD\FUNC\
#        -I
#        C:\Users\xsk19940910\Desktop\flightController-1\flightController-1\program\iar\..\lib\uCOS-II\Ports\
#        -I
#        C:\Users\xsk19940910\Desktop\flightController-1\flightController-1\program\iar\..\lib\uCOS-II\Source\
#        -I
#        C:\Users\xsk19940910\Desktop\flightController-1\flightController-1\program\iar\..\lib\FatFs\
#        -I
#        C:\Users\xsk19940910\Desktop\flightController-1\flightController-1\program\iar\..\lib\FatFs\option\
#        -I
#        C:\Users\xsk19940910\Desktop\flightController-1\flightController-1\program\iar\..\lib\USB\common\
#        -I
#        C:\Users\xsk19940910\Desktop\flightController-1\flightController-1\program\iar\..\lib\USB\driver\
#        -I
#        C:\Users\xsk19940910\Desktop\flightController-1\flightController-1\program\iar\..\lib\USB\descriptor\
#        -I
#        C:\Users\xsk19940910\Desktop\flightController-1\flightController-1\program\iar\..\lib\USB\class\
#        -On --c++ -I D:\iar\arm\CMSIS\Include\ -D ARM_MATH_CM4)
#    Locale       =  C
#    List file    =  
#        C:\Users\xsk19940910\Desktop\flightController-1\flightController-1\program\iar\RAM\List\Ultrasound(UART).lst
#    Object file  =  
#        C:\Users\xsk19940910\Desktop\flightController-1\flightController-1\program\iar\RAM\Obj\Ultrasound(UART).o
#
###############################################################################

C:\Users\xsk19940910\Desktop\flightController-1\flightController-1\program\app\Ultrasound(UART).cpp
      1          #include "Ultrasound(UART).h"

   \                                 In section .text, align 4
   \   __code __interwork __softfp CJumpFilter::CJumpFilter()
   \                     _ZN11CJumpFilterC1Ev: (+1)
   \   00000000   0x4904             LDR.N    R1,??CJumpFilter_0  ;; 0x42c80000
   \   00000002   0x6081             STR      R1,[R0, #+8]
   \   00000004   0xF44F 0x7196      MOV      R1,#+300
   \   00000008   0x6281             STR      R1,[R0, #+40]
   \   0000000A   0xF05F 0x517E      MOVS     R1,#+1065353216
   \   0000000E   0x62C1             STR      R1,[R0, #+44]
   \   00000010   0x4770             BX       LR               ;; return
   \   00000012   0xBF00             Nop      
   \                     ??CJumpFilter_0:
   \   00000014   0x42C80000         DC32     0x42c80000

   \                                 In section .text, align 4
   \   __code __interwork __softfp CoordinateElement::CoordinateElement()
   \                     _ZN17CoordinateElementC1Ev: (+1)
   \   00000000   0x4903             LDR.N    R1,??CoordinateElement_0  ;; 0x3f4ccccd
   \   00000002   0x6101             STR      R1,[R0, #+16]
   \   00000004   0x4903             LDR.N    R1,??CoordinateElement_0+0x4  ;; 0x461c4000
   \   00000006   0x6141             STR      R1,[R0, #+20]
   \   00000008   0x4903             LDR.N    R1,??CoordinateElement_0+0x8  ;; 0xc61c4000
   \   0000000A   0x6181             STR      R1,[R0, #+24]
   \   0000000C   0x4770             BX       LR               ;; return
   \   0000000E   0xBF00             Nop      
   \                     ??CoordinateElement_0:
   \   00000010   0x3F4CCCCD         DC32     0x3f4ccccd
   \   00000014   0x461C4000         DC32     0x461c4000
   \   00000018   0xC61C4000         DC32     0xc61c4000

   \                                 In section .text, align 2
   \   __code __interwork __softfp Coordinate::Coordinate()
   \                     _ZN10CoordinateC1Ev: (+1)
   \   00000000   0xB510             PUSH     {R4,LR}
   \   00000002   0x0004             MOVS     R4,R0
   \   00000004   0x0020             MOVS     R0,R4
   \   00000006   0x.... 0x....      BL       _ZN17CoordinateElementC1Ev
   \   0000000A   0xF114 0x001C      ADDS     R0,R4,#+28
   \   0000000E   0x.... 0x....      BL       _ZN17CoordinateElementC1Ev
   \   00000012   0xF114 0x0038      ADDS     R0,R4,#+56
   \   00000016   0x.... 0x....      BL       _ZN17CoordinateElementC1Ev
   \   0000001A   0x0020             MOVS     R0,R4
   \   0000001C   0xBD10             POP      {R4,PC}          ;; return

   \                                 In section .text, align 4
   \   __code __interwork __softfp CUltrasoundUART::CUltrasoundUART()
   \                     _ZN15CUltrasoundUARTC1Ev: (+1)
   \   00000000   0xB510             PUSH     {R4,LR}
   \   00000002   0x0004             MOVS     R4,R0
   \   00000004   0xF604 0x30C8      ADDW     R0,R4,#+3016
   \   00000008   0x.... 0x....      BL       _ZN17CoordinateElementC1Ev
   \   0000000C   0xF604 0x30E4      ADDW     R0,R4,#+3044
   \   00000010   0x.... 0x....      BL       _ZN17CoordinateElementC1Ev
   \   00000014   0xF514 0x6040      ADDS     R0,R4,#+3072
   \   00000018   0x.... 0x....      BL       _ZN17CoordinateElementC1Ev
   \   0000001C   0xF604 0x401C      ADDW     R0,R4,#+3100
   \   00000020   0x.... 0x....      BL       _ZN17CoordinateElementC1Ev
   \   00000024   0xF604 0x4038      ADDW     R0,R4,#+3128
   \   00000028   0x.... 0x....      BL       _ZN17CoordinateElementC1Ev
   \   0000002C   0xF604 0x4054      ADDW     R0,R4,#+3156
   \   00000030   0x.... 0x....      BL       _ZN17CoordinateElementC1Ev
   \   00000034   0xF514 0x6047      ADDS     R0,R4,#+3184
   \   00000038   0x.... 0x....      BL       _ZN11CJumpFilterC1Ev
   \   0000003C   0xF604 0x40A8      ADDW     R0,R4,#+3240
   \   00000040   0x.... 0x....      BL       _ZN11CJumpFilterC1Ev
   \   00000044   0xF514 0x604E      ADDS     R0,R4,#+3296
   \   00000048   0x.... 0x....      BL       _ZN11CJumpFilterC1Ev
   \   0000004C   0xF604 0x5024      ADDW     R0,R4,#+3364
   \   00000050   0x.... 0x....      BL       _ZN10CoordinateC1Ev
   \   00000054   0xF604 0x5078      ADDW     R0,R4,#+3448
   \   00000058   0x.... 0x....      BL       _ZN10CoordinateC1Ev
   \   0000005C   0x2000             MOVS     R0,#+0
   \   0000005E   0xF884 0x0DCC      STRB     R0,[R4, #+3532]
   \   00000062   0xEEF3 0x0A04      VMOV.F32 S1,#20.0
   \   00000066   0x2164             MOVS     R1,#+100
   \   00000068   0xED9F 0x0A03      VLDR.W   S0,??CUltrasoundUART_0  ;; 0x3e19999a
   \   0000006C   0xF514 0x6047      ADDS     R0,R4,#+3184
   \   00000070   0x.... 0x....      BL       _ZN11CJumpFilter12setParameterEfif
   \   00000074   0x0020             MOVS     R0,R4
   \                     ??CUltrasoundUART_1: (+1)
   \   00000076   0xBD10             POP      {R4,PC}          ;; return
   \                     ??CUltrasoundUART_0:
   \   00000078   0x3E19999A         DC32     0x3e19999a
      2          

   \                                 In section .bss, align 4
      3          CUltrasoundUART *UltrasoundUART;
   \                     UltrasoundUART:
   \   00000000                      DS8 4
      4          

   \                                 In section .text, align 4, keep-with-next
      5          void UltrasoundUART_Init()
      6          {
   \                     _Z19UltrasoundUART_Initv: (+1)
   \   00000000   0xB580             PUSH     {R7,LR}
   \   00000002   0x.... 0x....      LDR.W    R0,??DataTable1_1
   \   00000006   0x7800             LDRB     R0,[R0, #+0]
   \   00000008   0x2800             CMP      R0,#+0
   \   0000000A   0xD107             BNE.N    ??UltrasoundUART_Init_0
      7            static CUltrasoundUART UltrasoundUART_static;
   \   0000000C   0x.... 0x....      LDR.W    R0,??DataTable1_2
   \   00000010   0x.... 0x....      BL       _ZN15CUltrasoundUARTC1Ev
   \   00000014   0x2001             MOVS     R0,#+1
   \   00000016   0x.... 0x....      LDR.W    R1,??DataTable1_1
   \   0000001A   0x7008             STRB     R0,[R1, #+0]
      8            UltrasoundUART = &UltrasoundUART_static;
   \                     ??UltrasoundUART_Init_0: (+1)
   \   0000001C   0x.... 0x....      LDR.W    R0,??DataTable1_2
   \   00000020   0x.... 0x....      LDR.W    R1,??DataTable1_3
   \   00000024   0x6008             STR      R0,[R1, #+0]
      9            UltrasoundUART->DMA_CHn_Rx = DMA_CH0;
   \   00000026   0x2000             MOVS     R0,#+0
   \   00000028   0x.... 0x....      LDR.W    R1,??DataTable1_3
   \   0000002C   0x6809             LDR      R1,[R1, #+0]
   \   0000002E   0x7008             STRB     R0,[R1, #+0]
     10            UltrasoundUART->DMA_CHn_Tx = DMA_CH3;
   \   00000030   0x2003             MOVS     R0,#+3
   \   00000032   0x.... 0x....      LDR.W    R1,??DataTable1_3
   \   00000036   0x6809             LDR      R1,[R1, #+0]
   \   00000038   0x7048             STRB     R0,[R1, #+1]
     11            
     12            UltrasoundUART->distanceFilter1.setParameter(0.15, 100);
   \   0000003A   0x2164             MOVS     R1,#+100
   \   0000003C   0xED9F 0x....      VLDR.W   S0,??DataTable0  ;; 0x3e19999a
   \   00000040   0x.... 0x....      LDR.W    R0,??DataTable1_3
   \   00000044   0x6800             LDR      R0,[R0, #+0]
   \   00000046   0xF510 0x6047      ADDS     R0,R0,#+3184
   \   0000004A   0x.... 0x....      BL       _ZN11CJumpFilter12setParameterEfi
     13            UltrasoundUART->distanceFilter1.setParameter(0.15, 100);
   \   0000004E   0x2164             MOVS     R1,#+100
   \   00000050   0xED9F 0x....      VLDR.W   S0,??DataTable0  ;; 0x3e19999a
   \   00000054   0x.... 0x....      LDR.W    R0,??DataTable1_3
   \   00000058   0x6800             LDR      R0,[R0, #+0]
   \   0000005A   0xF510 0x6047      ADDS     R0,R0,#+3184
   \   0000005E   0x.... 0x....      BL       _ZN11CJumpFilter12setParameterEfi
     14            UltrasoundUART->distanceFilter1.maxValue = 4;
   \   00000062   0x.... 0x....      LDR.W    R0,??DataTable1_3
   \   00000066   0x6800             LDR      R0,[R0, #+0]
   \   00000068   0xF05F 0x4181      MOVS     R1,#+1082130432
   \   0000006C   0xF8C0 0x1C7C      STR      R1,[R0, #+3196]
     15          
     16            UltrasoundUART->distanceFilter2.setParameter(0.1, 100);
   \   00000070   0x2164             MOVS     R1,#+100
   \   00000072   0xED9F 0x....      VLDR.W   S0,??DataTable0_1  ;; 0x3dcccccd
   \   00000076   0x.... 0x....      LDR.W    R0,??DataTable1_3
   \   0000007A   0x6800             LDR      R0,[R0, #+0]
   \   0000007C   0xF600 0x40A8      ADDW     R0,R0,#+3240
   \   00000080   0x.... 0x....      BL       _ZN11CJumpFilter12setParameterEfi
     17            UltrasoundUART->distanceFilter2.setParameter(0.1, 100);
   \   00000084   0x2164             MOVS     R1,#+100
   \   00000086   0xED9F 0x....      VLDR.W   S0,??DataTable0_1  ;; 0x3dcccccd
   \   0000008A   0x.... 0x....      LDR.W    R0,??DataTable1_3
   \   0000008E   0x6800             LDR      R0,[R0, #+0]
   \   00000090   0xF600 0x40A8      ADDW     R0,R0,#+3240
   \   00000094   0x.... 0x....      BL       _ZN11CJumpFilter12setParameterEfi
     18            UltrasoundUART->distanceFilter2.maxValue = 4;
   \   00000098   0x.... 0x....      LDR.W    R0,??DataTable1_3
   \   0000009C   0x6800             LDR      R0,[R0, #+0]
   \   0000009E   0xF05F 0x4181      MOVS     R1,#+1082130432
   \   000000A2   0xF8C0 0x1CB4      STR      R1,[R0, #+3252]
     19            
     20            UltrasoundUART->distanceFilter3.setParameter(0.1, 100);
   \   000000A6   0x2164             MOVS     R1,#+100
   \   000000A8   0xED9F 0x....      VLDR.W   S0,??DataTable0_1  ;; 0x3dcccccd
   \   000000AC   0x.... 0x....      LDR.W    R0,??DataTable1_3
   \   000000B0   0x6800             LDR      R0,[R0, #+0]
   \   000000B2   0xF510 0x604E      ADDS     R0,R0,#+3296
   \   000000B6   0x.... 0x....      BL       _ZN11CJumpFilter12setParameterEfi
     21            UltrasoundUART->distanceFilter3.setParameter(0.1, 100);
   \   000000BA   0x2164             MOVS     R1,#+100
   \   000000BC   0xED9F 0x....      VLDR.W   S0,??DataTable0_1  ;; 0x3dcccccd
   \   000000C0   0x.... 0x....      LDR.W    R0,??DataTable1_3
   \   000000C4   0x6800             LDR      R0,[R0, #+0]
   \   000000C6   0xF510 0x604E      ADDS     R0,R0,#+3296
   \   000000CA   0x.... 0x....      BL       _ZN11CJumpFilter12setParameterEfi
     22            UltrasoundUART->distanceFilter3.maxValue = 4;
   \   000000CE   0x.... 0x....      LDR.W    R0,??DataTable1_3
   \   000000D2   0x6800             LDR      R0,[R0, #+0]
   \   000000D4   0xF05F 0x4181      MOVS     R1,#+1082130432
   \   000000D8   0xF8C0 0x1CEC      STR      R1,[R0, #+3308]
     23          }
   \                     ??UltrasoundUART_Init_1: (+1)
   \   000000DC   0xBD01             POP      {R0,PC}          ;; return

   \                                 In section .bss, align 4
   \                     `UltrasoundUART_Init()::UltrasoundUART_static`:
   \   00000000                      DS8 3560
     24          
     25          

   \                                 In section .bss, align 1
     26          bool stopFlag;
   \                     stopFlag:
   \   00000000                      DS8 1

   \                                 In section .text, align 4, keep-with-next
     27          void CUltrasoundUART::update()
     28          {
   \                     _ZN15CUltrasoundUART6updateEv: (+1)
   \   00000000   0xE92D 0x4FF8      PUSH     {R3-R11,LR}
   \   00000004   0xED2D 0x8B02      VPUSH    {D8}
   \   00000008   0xB086             SUB      SP,SP,#+24
   \   0000000A   0x0004             MOVS     R4,R0
     29            distanceFilter1.checkIsNewData(t);
   \   0000000C   0x.... 0x....      LDR.W    R0,??DataTable1_4
   \   00000010   0x6801             LDR      R1,[R0, #+0]
   \   00000012   0xF514 0x6047      ADDS     R0,R4,#+3184
   \   00000016   0x.... 0x....      BL       _ZN11CJumpFilter14checkIsNewDataEi
     30            distanceFilter2.checkIsNewData(t);
   \   0000001A   0x.... 0x....      LDR.W    R0,??DataTable1_4
   \   0000001E   0x6801             LDR      R1,[R0, #+0]
   \   00000020   0xF604 0x40A8      ADDW     R0,R4,#+3240
   \   00000024   0x.... 0x....      BL       _ZN11CJumpFilter14checkIsNewDataEi
     31            distanceFilter3.checkIsNewData(t);
   \   00000028   0x.... 0x....      LDR.W    R0,??DataTable1_4
   \   0000002C   0x6801             LDR      R1,[R0, #+0]
   \   0000002E   0xF514 0x604E      ADDS     R0,R4,#+3296
   \   00000032   0x.... 0x....      BL       _ZN11CJumpFilter14checkIsNewDataEi
     32            //distanceFilter.accumulate(IMU_acc_E.x * 0.002);
     33            bool newPackage = false;
   \   00000036   0x2000             MOVS     R0,#+0
   \   00000038   0xF88D 0x0001      STRB     R0,[SP, #+1]
     34            int i = 0, i0 = 0;
   \   0000003C   0x2600             MOVS     R6,#+0
   \   0000003E   0xF05F 0x0800      MOVS     R8,#+0
     35            int address0 = (DMA0->TCD[DMA_CHn_Rx].DADDR) - (uint32)(&uartData[0]);
   \   00000042   0x.... 0x....      LDR.W    R0,??DataTable1_5  ;; 0x40009000
   \   00000046   0x7821             LDRB     R1,[R4, #+0]
   \   00000048   0x0149             LSLS     R1,R1,#+5
   \   0000004A   0x4408             ADD      R0,R0,R1
   \   0000004C   0x6900             LDR      R0,[R0, #+16]
   \   0000004E   0x1CA5             ADDS     R5,R4,#+2
   \   00000050   0x1B45             SUBS     R5,R0,R5
     36            int moveLength = 0;
   \   00000052   0xF05F 0x0900      MOVS     R9,#+0
     37            const int packageLength = 4;
   \   00000056   0x2004             MOVS     R0,#+4
   \   00000058   0x9001             STR      R0,[SP, #+4]
     38            bool loopFlag = false;
   \   0000005A   0x2000             MOVS     R0,#+0
   \   0000005C   0xF88D 0x0000      STRB     R0,[SP, #+0]
     39            
     40            byteInterval = t - byte_lastTime;
   \   00000060   0x.... 0x....      LDR.W    R0,??DataTable1_4
   \   00000064   0x6801             LDR      R1,[R0, #+0]
   \   00000066   0xF8D4 0x0BC0      LDR      R0,[R4, #+3008]
   \   0000006A   0x1A09             SUBS     R1,R1,R0
   \   0000006C   0xF8C4 0x1BBC      STR      R1,[R4, #+3004]
     41          
     42          //  if(byte_lastAddress != address0)
     43          //  {
     44          //    byte_lastTime = t;
     45          //    byte_lastAddress = address0;
     46          //  }
     47          //  if(byteInterval > 800)
     48          //  {
     49          //    DMA_EnableReq(DMA_CHn_Rx);
     50          //  }
     51            for(; i < address0; i++)
   \                     ??update_0: (+1)
   \   00000070   0x42AE             CMP      R6,R5
   \   00000072   0xF280 0x819F      BGE.W    ??update_1
     52            {
     53              for(; uartData[i] != 'e'; i++)
   \                     ??update_2: (+1)
   \   00000076   0xEB04 0x0006      ADD      R0,R4,R6
   \   0000007A   0x7880             LDRB     R0,[R0, #+2]
   \   0000007C   0x2865             CMP      R0,#+101
   \   0000007E   0xD007             BEQ.N    ??update_3
     54              {
     55                if(i >= address0)
   \   00000080   0x42AE             CMP      R6,R5
   \   00000082   0xDB03             BLT.N    ??update_4
     56                {
     57                  loopFlag = true;
   \   00000084   0x2001             MOVS     R0,#+1
   \   00000086   0xF88D 0x0000      STRB     R0,[SP, #+0]
     58                  break;
   \   0000008A   0xE001             B.N      ??update_3
     59                }
     60              }
   \                     ??update_4: (+1)
   \   0000008C   0x1C76             ADDS     R6,R6,#+1
   \   0000008E   0xE7F2             B.N      ??update_2
     61                
     62              if(loopFlag)
   \                     ??update_3: (+1)
   \   00000090   0xF89D 0x0000      LDRB     R0,[SP, #+0]
   \   00000094   0x2800             CMP      R0,#+0
   \   00000096   0xF040 0x818D      BNE.W    ??update_1
     63              {
     64                break;
     65              }
     66              if(i - i0 < packageLength - 2)
   \                     ??update_5: (+1)
   \   0000009A   0xEBB6 0x0008      SUBS     R0,R6,R8
   \   0000009E   0x2802             CMP      R0,#+2
   \   000000A0   0xF2C0 0x8186      BLT.W    ??update_6
     67              {
     68                continue;
     69              }
     70              byte_lastTime = t;
   \                     ??update_7: (+1)
   \   000000A4   0x.... 0x....      LDR.W    R0,??DataTable1_4
   \   000000A8   0x6800             LDR      R0,[R0, #+0]
   \   000000AA   0xF8C4 0x0BC0      STR      R0,[R4, #+3008]
     71          //    char checkSum = 0; //注意每个包的checkSum都要清零
     72          //    for(int k = i - (packageLength - 1); k < i - 1; k++)
     73          //    {
     74          //      checkSum += uartData[k];
     75          //    }
     76          //    if(checkSum != uartData[i-1])
     77          //    {
     78          //      continue;
     79          //    }
     80              i0 = i + 1;    
   \   000000AE   0x1C70             ADDS     R0,R6,#+1
   \   000000B0   0x4680             MOV      R8,R0
     81              int packageTop = i - packageLength + 1;
   \   000000B2   0x1EF7             SUBS     R7,R6,#+3
     82              if(uartData[packageTop] == 0)
   \   000000B4   0xEB04 0x0007      ADD      R0,R4,R7
   \   000000B8   0x7880             LDRB     R0,[R0, #+2]
   \   000000BA   0x2800             CMP      R0,#+0
   \   000000BC   0xD170             BNE.N    ??update_8
     83              {
     84                distanceRaw1 = (uartData[packageTop + 1] * 256 + uartData[packageTop + 2]) / 1000.0f;
   \   000000BE   0xEB04 0x0007      ADD      R0,R4,R7
   \   000000C2   0x78C1             LDRB     R1,[R0, #+3]
   \   000000C4   0xF44F 0x7280      MOV      R2,#+256
   \   000000C8   0xEB04 0x0007      ADD      R0,R4,R7
   \   000000CC   0x7900             LDRB     R0,[R0, #+4]
   \   000000CE   0xFB02 0x0101      MLA      R1,R2,R1,R0
   \   000000D2   0xEE00 0x1A10      VMOV     S0,R1
   \   000000D6   0xEEB8 0x0AC0      VCVT.F32.S32 S0,S0
   \   000000DA   0xEDDF 0x0AD4      VLDR.W   S1,??update_9    ;; 0x447a0000
   \   000000DE   0xEE80 0x0A20      VDIV.F32 S0,S0,S1
   \   000000E2   0xF604 0x30C8      ADDW     R0,R4,#+3016
   \   000000E6   0x.... 0x....      BL       _ZN17CoordinateElementaSEf
     85                
     86                float epsilon = (t - distanceFilter1.invalidTime) / 1000 * 0.5 + 0.2; //每秒误差累计 0.5米
   \   000000EA   0x....             LDR.N    R0,??DataTable1_4
   \   000000EC   0x6801             LDR      R1,[R0, #+0]
   \   000000EE   0xF8D4 0x0C84      LDR      R0,[R4, #+3204]
   \   000000F2   0x1A09             SUBS     R1,R1,R0
   \   000000F4   0xF44F 0x707A      MOV      R0,#+1000
   \   000000F8   0xFB91 0xF0F0      SDIV     R0,R1,R0
   \   000000FC   0x.... 0x....      BL       __aeabi_i2d
   \   00000100   0x2200             MOVS     R2,#+0
   \   00000102   0x....             LDR.N    R3,??DataTable1_6  ;; 0x3fe00000
   \   00000104   0x.... 0x....      BL       __aeabi_dmul
   \   00000108   0x....             LDR.N    R2,??DataTable1_7  ;; 0x9999999a
   \   0000010A   0x....             LDR.N    R3,??DataTable1_8  ;; 0x3fc99999
   \   0000010C   0x.... 0x....      BL       __aeabi_dadd
   \   00000110   0x.... 0x....      BL       __aeabi_d2f
   \   00000114   0xEE08 0x0A10      VMOV     S16,R0
     87                distanceFilter1.maxValue = EKF_AHRS->fusion.position.z + epsilon;
   \   00000118   0x....             LDR.N    R0,??DataTable1_9
   \   0000011A   0x6800             LDR      R0,[R0, #+0]
   \   0000011C   0x30DC             ADDS     R0,R0,#+220
   \   0000011E   0x.... 0x....      BL       _ZN17CoordinateElementcvfEv
   \   00000122   0xEE30 0x0A08      VADD.F32 S0,S0,S16
   \   00000126   0xF604 0x407C      ADDW     R0,R4,#+3196
   \   0000012A   0xED80 0x0A00      VSTR     S0,[R0, #0]
     88                distanceFilter1.minValue = EKF_AHRS->fusion.position.z - epsilon;
   \   0000012E   0x....             LDR.N    R0,??DataTable1_9
   \   00000130   0x6800             LDR      R0,[R0, #+0]
   \   00000132   0x30DC             ADDS     R0,R0,#+220
   \   00000134   0x.... 0x....      BL       _ZN17CoordinateElementcvfEv
   \   00000138   0xEE30 0x0A48      VSUB.F32 S0,S0,S16
   \   0000013C   0xF604 0x4080      ADDW     R0,R4,#+3200
   \   00000140   0xED80 0x0A00      VSTR     S0,[R0, #0]
     89                if(distanceFilter1.maxValue > 4)
   \   00000144   0xF8D4 0x0C7C      LDR      R0,[R4, #+3196]
   \   00000148   0xEE00 0x0A10      VMOV     S0,R0
   \   0000014C   0xEDDF 0x....      VLDR.W   S1,??DataTable1  ;; 0x40800001
   \   00000150   0xEEB4 0x0A60      VCMP.F32 S0,S1
   \   00000154   0xEEF1 0xFA10      FMSTAT   
   \   00000158   0xDB03             BLT.N    ??update_10
     90                {
     91                  distanceFilter1.maxValue = 4;
   \   0000015A   0xF05F 0x4081      MOVS     R0,#+1082130432
   \   0000015E   0xF8C4 0x0C7C      STR      R0,[R4, #+3196]
     92                }
     93                if(distanceFilter1.minValue < 0)
   \                     ??update_10: (+1)
   \   00000162   0xF8D4 0x0C80      LDR      R0,[R4, #+3200]
   \   00000166   0xEE00 0x0A10      VMOV     S0,R0
   \   0000016A   0xEEB5 0x0A40      VCMP.F32 S0,#0.0
   \   0000016E   0xEEF1 0xFA10      FMSTAT   
   \   00000172   0xD502             BPL.N    ??update_11
     94                {
     95                  distanceFilter1.minValue = 0;
   \   00000174   0x2000             MOVS     R0,#+0
   \   00000176   0xF8C4 0x0C80      STR      R0,[R4, #+3200]
     96                }
     97                distance1 = distanceFilter1.newData3(distanceRaw1, t);
   \                     ??update_11: (+1)
   \   0000017A   0xF604 0x30C8      ADDW     R0,R4,#+3016
   \   0000017E   0x.... 0x....      BL       _ZN17CoordinateElementcvfEv
   \   00000182   0x....             LDR.N    R0,??DataTable1_4
   \   00000184   0x6801             LDR      R1,[R0, #+0]
   \   00000186   0xF514 0x6047      ADDS     R0,R4,#+3184
   \   0000018A   0x.... 0x....      BL       _ZN11CJumpFilter8newData3Efi
   \   0000018E   0xF604 0x401C      ADDW     R0,R4,#+3100
   \   00000192   0x.... 0x....      BL       _ZN17CoordinateElementaSEf
     98                lastValidTime1 = t;
   \   00000196   0x....             LDR.N    R0,??DataTable1_4
   \   00000198   0x6800             LDR      R0,[R0, #+0]
   \   0000019A   0xF8C4 0x0D18      STR      R0,[R4, #+3352]
   \   0000019E   0xE107             B.N      ??update_6
     99              }
    100              else if(uartData[packageTop] == 1)
   \                     ??update_8: (+1)
   \   000001A0   0xEB04 0x0007      ADD      R0,R4,R7
   \   000001A4   0x7880             LDRB     R0,[R0, #+2]
   \   000001A6   0x2801             CMP      R0,#+1
   \   000001A8   0xF040 0x807F      BNE.W    ??update_12
    101              {
    102                distanceRaw2 = (uartData[packageTop + 1] * 256 + uartData[packageTop + 2]) / 1000.0f;
   \   000001AC   0xEB04 0x0007      ADD      R0,R4,R7
   \   000001B0   0x78C1             LDRB     R1,[R0, #+3]
   \   000001B2   0xF44F 0x7280      MOV      R2,#+256
   \   000001B6   0xEB04 0x0007      ADD      R0,R4,R7
   \   000001BA   0x7900             LDRB     R0,[R0, #+4]
   \   000001BC   0xFB02 0x0101      MLA      R1,R2,R1,R0
   \   000001C0   0xEE00 0x1A10      VMOV     S0,R1
   \   000001C4   0xEEB8 0x0AC0      VCVT.F32.S32 S0,S0
   \   000001C8   0xEDDF 0x0A98      VLDR.W   S1,??update_9    ;; 0x447a0000
   \   000001CC   0xEE80 0x0A20      VDIV.F32 S0,S0,S1
   \   000001D0   0xF604 0x30E4      ADDW     R0,R4,#+3044
   \   000001D4   0x.... 0x....      BL       _ZN17CoordinateElementaSEf
    103                
    104                float epsilon = (t - distanceFilter2.invalidTime) / 1000 * 0.5 + 0.2; //每秒误差累计 0.5米
   \   000001D8   0x....             LDR.N    R0,??DataTable1_4
   \   000001DA   0x6801             LDR      R1,[R0, #+0]
   \   000001DC   0xF8D4 0x0CBC      LDR      R0,[R4, #+3260]
   \   000001E0   0x1A09             SUBS     R1,R1,R0
   \   000001E2   0xF44F 0x707A      MOV      R0,#+1000
   \   000001E6   0xFB91 0xF0F0      SDIV     R0,R1,R0
   \   000001EA   0x.... 0x....      BL       __aeabi_i2d
   \   000001EE   0x2200             MOVS     R2,#+0
   \   000001F0   0x....             LDR.N    R3,??DataTable1_6  ;; 0x3fe00000
   \   000001F2   0x.... 0x....      BL       __aeabi_dmul
   \   000001F6   0x....             LDR.N    R2,??DataTable1_7  ;; 0x9999999a
   \   000001F8   0x....             LDR.N    R3,??DataTable1_8  ;; 0x3fc99999
   \   000001FA   0x.... 0x....      BL       __aeabi_dadd
   \   000001FE   0x.... 0x....      BL       __aeabi_d2f
   \   00000202   0xEE08 0x0A10      VMOV     S16,R0
    105                distanceFilter2.maxValue = Navigation->DesiredDistanceToScreen - UltrasoundUART->position.x + epsilon;
   \   00000206   0x....             LDR.N    R0,??DataTable1_3
   \   00000208   0x6800             LDR      R0,[R0, #+0]
   \   0000020A   0xF600 0x5024      ADDW     R0,R0,#+3364
   \   0000020E   0x.... 0x....      BL       _ZN17CoordinateElementcvfEv
   \   00000212   0x....             LDR.N    R0,??DataTable1_10
   \   00000214   0x6800             LDR      R0,[R0, #+0]
   \   00000216   0xEDD0 0x0A2A      VLDR     S1,[R0, #+168]
   \   0000021A   0xEE30 0x0AC0      VSUB.F32 S0,S1,S0
   \   0000021E   0xEE30 0x0A08      VADD.F32 S0,S0,S16
   \   00000222   0xF604 0x40B4      ADDW     R0,R4,#+3252
   \   00000226   0xED80 0x0A00      VSTR     S0,[R0, #0]
    106                distanceFilter2.minValue = Navigation->DesiredDistanceToScreen - UltrasoundUART->position.x - epsilon;
   \   0000022A   0x....             LDR.N    R0,??DataTable1_3
   \   0000022C   0x6800             LDR      R0,[R0, #+0]
   \   0000022E   0xF600 0x5024      ADDW     R0,R0,#+3364
   \   00000232   0x.... 0x....      BL       _ZN17CoordinateElementcvfEv
   \   00000236   0x....             LDR.N    R0,??DataTable1_10
   \   00000238   0x6800             LDR      R0,[R0, #+0]
   \   0000023A   0xEDD0 0x0A2A      VLDR     S1,[R0, #+168]
   \   0000023E   0xEE30 0x0AC0      VSUB.F32 S0,S1,S0
   \   00000242   0xEE30 0x0A48      VSUB.F32 S0,S0,S16
   \   00000246   0xF604 0x40B8      ADDW     R0,R4,#+3256
   \   0000024A   0xED80 0x0A00      VSTR     S0,[R0, #0]
    107                
    108                if(distanceFilter2.maxValue > 4)
   \   0000024E   0xF8D4 0x0CB4      LDR      R0,[R4, #+3252]
   \   00000252   0xEE00 0x0A10      VMOV     S0,R0
   \   00000256   0xEDDF 0x....      VLDR.W   S1,??DataTable1  ;; 0x40800001
   \   0000025A   0xEEB4 0x0A60      VCMP.F32 S0,S1
   \   0000025E   0xEEF1 0xFA10      FMSTAT   
   \   00000262   0xDB03             BLT.N    ??update_13
    109                {
    110                  distanceFilter2.maxValue = 4;
   \   00000264   0xF05F 0x4081      MOVS     R0,#+1082130432
   \   00000268   0xF8C4 0x0CB4      STR      R0,[R4, #+3252]
    111                }
    112                if(distanceFilter2.minValue < 0)
   \                     ??update_13: (+1)
   \   0000026C   0xF8D4 0x0CB8      LDR      R0,[R4, #+3256]
   \   00000270   0xEE00 0x0A10      VMOV     S0,R0
   \   00000274   0xEEB5 0x0A40      VCMP.F32 S0,#0.0
   \   00000278   0xEEF1 0xFA10      FMSTAT   
   \   0000027C   0xD502             BPL.N    ??update_14
    113                {
    114                  distanceFilter2.minValue = 0;
   \   0000027E   0x2000             MOVS     R0,#+0
   \   00000280   0xF8C4 0x0CB8      STR      R0,[R4, #+3256]
    115                }
    116                
    117                distance2 = distanceFilter2.newData3(distanceRaw2, t);
   \                     ??update_14: (+1)
   \   00000284   0xF604 0x30E4      ADDW     R0,R4,#+3044
   \   00000288   0x.... 0x....      BL       _ZN17CoordinateElementcvfEv
   \   0000028C   0x....             LDR.N    R0,??DataTable1_4
   \   0000028E   0x6801             LDR      R1,[R0, #+0]
   \   00000290   0xF604 0x40A8      ADDW     R0,R4,#+3240
   \   00000294   0x.... 0x....      BL       _ZN11CJumpFilter8newData3Efi
   \   00000298   0xF604 0x4038      ADDW     R0,R4,#+3128
   \   0000029C   0x.... 0x....      BL       _ZN17CoordinateElementaSEf
    118                lastValidTime2 = t;
   \   000002A0   0x....             LDR.N    R0,??DataTable1_4
   \   000002A2   0x6800             LDR      R0,[R0, #+0]
   \   000002A4   0xF8C4 0x0D1C      STR      R0,[R4, #+3356]
   \   000002A8   0xE082             B.N      ??update_6
    119              }
    120              else if(uartData[packageTop] == 2)
   \                     ??update_12: (+1)
   \   000002AA   0xEB04 0x0007      ADD      R0,R4,R7
   \   000002AE   0x7880             LDRB     R0,[R0, #+2]
   \   000002B0   0x2802             CMP      R0,#+2
   \   000002B2   0xD17D             BNE.N    ??update_6
    121              {
    122                distanceRaw3 = (uartData[packageTop + 1] * 256 + uartData[packageTop + 2]) / 1000.0f;
   \   000002B4   0xEB04 0x0007      ADD      R0,R4,R7
   \   000002B8   0x78C1             LDRB     R1,[R0, #+3]
   \   000002BA   0xF44F 0x7280      MOV      R2,#+256
   \   000002BE   0xEB04 0x0007      ADD      R0,R4,R7
   \   000002C2   0x7900             LDRB     R0,[R0, #+4]
   \   000002C4   0xFB02 0x0101      MLA      R1,R2,R1,R0
   \   000002C8   0xEE00 0x1A10      VMOV     S0,R1
   \   000002CC   0xEEB8 0x0AC0      VCVT.F32.S32 S0,S0
   \   000002D0   0xEDDF 0x0A56      VLDR.W   S1,??update_9    ;; 0x447a0000
   \   000002D4   0xEE80 0x0A20      VDIV.F32 S0,S0,S1
   \   000002D8   0xF514 0x6040      ADDS     R0,R4,#+3072
   \   000002DC   0x.... 0x....      BL       _ZN17CoordinateElementaSEf
    123                
    124                float epsilon = (t - distanceFilter3.invalidTime) / 1000 * 0.5 + 0.2; //每秒误差累计 0.5米
   \   000002E0   0x....             LDR.N    R0,??DataTable1_4
   \   000002E2   0x6801             LDR      R1,[R0, #+0]
   \   000002E4   0xF8D4 0x0CF4      LDR      R0,[R4, #+3316]
   \   000002E8   0x1A09             SUBS     R1,R1,R0
   \   000002EA   0xF44F 0x707A      MOV      R0,#+1000
   \   000002EE   0xFB91 0xF0F0      SDIV     R0,R1,R0
   \   000002F2   0x.... 0x....      BL       __aeabi_i2d
   \   000002F6   0x2200             MOVS     R2,#+0
   \   000002F8   0x....             LDR.N    R3,??DataTable1_6  ;; 0x3fe00000
   \   000002FA   0x.... 0x....      BL       __aeabi_dmul
   \   000002FE   0x....             LDR.N    R2,??DataTable1_7  ;; 0x9999999a
   \   00000300   0x....             LDR.N    R3,??DataTable1_8  ;; 0x3fc99999
   \   00000302   0x.... 0x....      BL       __aeabi_dadd
   \   00000306   0x.... 0x....      BL       __aeabi_d2f
   \   0000030A   0xEE08 0x0A10      VMOV     S16,R0
    125                distanceFilter3.maxValue = Navigation->DesiredDistanceToScreen - UltrasoundUART->position.x + epsilon;
   \   0000030E   0x....             LDR.N    R0,??DataTable1_3
   \   00000310   0x6800             LDR      R0,[R0, #+0]
   \   00000312   0xF600 0x5024      ADDW     R0,R0,#+3364
   \   00000316   0x.... 0x....      BL       _ZN17CoordinateElementcvfEv
   \   0000031A   0x....             LDR.N    R0,??DataTable1_10
   \   0000031C   0x6800             LDR      R0,[R0, #+0]
   \   0000031E   0xEDD0 0x0A2A      VLDR     S1,[R0, #+168]
   \   00000322   0xEE30 0x0AC0      VSUB.F32 S0,S1,S0
   \   00000326   0xEE30 0x0A08      VADD.F32 S0,S0,S16
   \   0000032A   0xF604 0x40EC      ADDW     R0,R4,#+3308
   \   0000032E   0xED80 0x0A00      VSTR     S0,[R0, #0]
    126                distanceFilter3.minValue = Navigation->DesiredDistanceToScreen - UltrasoundUART->position.x - epsilon;
   \   00000332   0x....             LDR.N    R0,??DataTable1_3
   \   00000334   0x6800             LDR      R0,[R0, #+0]
   \   00000336   0xF600 0x5024      ADDW     R0,R0,#+3364
   \   0000033A   0x.... 0x....      BL       _ZN17CoordinateElementcvfEv
   \   0000033E   0x....             LDR.N    R0,??DataTable1_10
   \   00000340   0x6800             LDR      R0,[R0, #+0]
   \   00000342   0xEDD0 0x0A2A      VLDR     S1,[R0, #+168]
   \   00000346   0xEE30 0x0AC0      VSUB.F32 S0,S1,S0
   \   0000034A   0xEE30 0x0A48      VSUB.F32 S0,S0,S16
   \   0000034E   0xF604 0x40F0      ADDW     R0,R4,#+3312
   \   00000352   0xED80 0x0A00      VSTR     S0,[R0, #0]
    127                
    128                if(distanceFilter3.maxValue > 4)
   \   00000356   0xF8D4 0x0CEC      LDR      R0,[R4, #+3308]
   \   0000035A   0xEE00 0x0A10      VMOV     S0,R0
   \   0000035E   0xEDDF 0x....      VLDR.W   S1,??DataTable1  ;; 0x40800001
   \   00000362   0xEEB4 0x0A60      VCMP.F32 S0,S1
   \   00000366   0xEEF1 0xFA10      FMSTAT   
   \   0000036A   0xDB03             BLT.N    ??update_15
    129                {
    130                  distanceFilter3.maxValue = 4;
   \   0000036C   0xF05F 0x4081      MOVS     R0,#+1082130432
   \   00000370   0xF8C4 0x0CEC      STR      R0,[R4, #+3308]
    131                }
    132                if(distanceFilter3.minValue < 0)
   \                     ??update_15: (+1)
   \   00000374   0xF8D4 0x0CF0      LDR      R0,[R4, #+3312]
   \   00000378   0xEE00 0x0A10      VMOV     S0,R0
   \   0000037C   0xEEB5 0x0A40      VCMP.F32 S0,#0.0
   \   00000380   0xEEF1 0xFA10      FMSTAT   
   \   00000384   0xD502             BPL.N    ??update_16
    133                {
    134                  distanceFilter3.minValue = 0;
   \   00000386   0x2000             MOVS     R0,#+0
   \   00000388   0xF8C4 0x0CF0      STR      R0,[R4, #+3312]
    135                }
    136                
    137                distance3 = distanceFilter3.newData3(distanceRaw3, t);
   \                     ??update_16: (+1)
   \   0000038C   0xF514 0x6040      ADDS     R0,R4,#+3072
   \   00000390   0x.... 0x....      BL       _ZN17CoordinateElementcvfEv
   \   00000394   0x....             LDR.N    R0,??DataTable1_4
   \   00000396   0x6801             LDR      R1,[R0, #+0]
   \   00000398   0xF514 0x604E      ADDS     R0,R4,#+3296
   \   0000039C   0x.... 0x....      BL       _ZN11CJumpFilter8newData3Efi
   \   000003A0   0xF604 0x4054      ADDW     R0,R4,#+3156
   \   000003A4   0x.... 0x....      BL       _ZN17CoordinateElementaSEf
    138                lastValidTime3 = t;
   \   000003A8   0x....             LDR.N    R0,??DataTable1_4
   \   000003AA   0x6800             LDR      R0,[R0, #+0]
   \   000003AC   0xF8C4 0x0D20      STR      R0,[R4, #+3360]
    139              }
    140            }
   \                     ??update_6: (+1)
   \   000003B0   0x1C76             ADDS     R6,R6,#+1
   \   000003B2   0xE65D             B.N      ??update_0
    141            
    142            moveLength = (DMA0->TCD[DMA_CHn_Rx].DADDR - (uint32)&uartData[0]) - i0;
   \                     ??update_1: (+1)
   \   000003B4   0x....             LDR.N    R0,??DataTable1_5  ;; 0x40009000
   \   000003B6   0x7821             LDRB     R1,[R4, #+0]
   \   000003B8   0x0149             LSLS     R1,R1,#+5
   \   000003BA   0x4408             ADD      R0,R0,R1
   \   000003BC   0x6900             LDR      R0,[R0, #+16]
   \   000003BE   0x1CA7             ADDS     R7,R4,#+2
   \   000003C0   0x1BC7             SUBS     R7,R0,R7
   \   000003C2   0xEBB7 0x0708      SUBS     R7,R7,R8
    143            if(moveLength < 0) moveLength = 0;
   \   000003C6   0x2F00             CMP      R7,#+0
   \   000003C8   0xD501             BPL.N    ??update_17
   \   000003CA   0x2000             MOVS     R0,#+0
   \   000003CC   0x0007             MOVS     R7,R0
    144             
    145            DMA_LoadDstAddr(DMA_CHn_Rx, (uint32)&uartData[0] + moveLength);
   \                     ??update_17: (+1)
   \   000003CE   0x1CA0             ADDS     R0,R4,#+2
   \   000003D0   0x1838             ADDS     R0,R7,R0
   \   000003D2   0x....             LDR.N    R1,??DataTable1_5  ;; 0x40009000
   \   000003D4   0x7822             LDRB     R2,[R4, #+0]
   \   000003D6   0x0152             LSLS     R2,R2,#+5
   \   000003D8   0x4411             ADD      R1,R1,R2
   \   000003DA   0x6108             STR      R0,[R1, #+16]
    146            for(i = 0; i < moveLength; i++)
   \   000003DC   0xF05F 0x0900      MOVS     R9,#+0
   \                     ??update_18: (+1)
   \   000003E0   0x45B9             CMP      R9,R7
   \   000003E2   0xDA09             BGE.N    ??update_19
    147            {
    148              uartData[i] = uartData[i0 + i];
   \   000003E4   0xEB19 0x0008      ADDS     R0,R9,R8
   \   000003E8   0x4420             ADD      R0,R4,R0
   \   000003EA   0x7880             LDRB     R0,[R0, #+2]
   \   000003EC   0xEB04 0x0109      ADD      R1,R4,R9
   \   000003F0   0x7088             STRB     R0,[R1, #+2]
    149            }
   \   000003F2   0xF119 0x0901      ADDS     R9,R9,#+1
   \   000003F6   0xE7F3             B.N      ??update_18
    150            memset(uartData + moveLength, 0, 150 * sizeof(char));
   \                     ??update_19: (+1)
   \   000003F8   0x2696             MOVS     R6,#+150
   \   000003FA   0xF05F 0x0A00      MOVS     R10,#+0
   \   000003FE   0xEB04 0x0007      ADD      R0,R4,R7
   \   00000402   0xF110 0x0B02      ADDS     R11,R0,#+2
   \   00000406   0x4652             MOV      R2,R10
   \   00000408   0x0031             MOVS     R1,R6
   \   0000040A   0x4658             MOV      R0,R11
   \   0000040C   0x.... 0x....      BL       __aeabi_memset
    151            if(address0 > 100)
   \   00000410   0x2D65             CMP      R5,#+101
   \   00000412   0xDB05             BLT.N    ??update_20
    152            {
    153              DMA_LoadDstAddr(DMA_CHn_Rx, (uint32)&uartData[0]);
   \   00000414   0x1CA0             ADDS     R0,R4,#+2
   \   00000416   0x....             LDR.N    R1,??DataTable1_5  ;; 0x40009000
   \   00000418   0x7822             LDRB     R2,[R4, #+0]
   \   0000041A   0x0152             LSLS     R2,R2,#+5
   \   0000041C   0x4411             ADD      R1,R1,R2
   \   0000041E   0x6108             STR      R0,[R1, #+16]
    154            }
    155            
    156          }
   \                     ??update_20: (+1)
   \                     ??update_21: (+1)
   \   00000420   0xB006             ADD      SP,SP,#+24
   \   00000422   0xECBD 0x8B02      VPOP     {D8}
   \   00000426   0xE8BD 0x8FF1      POP      {R0,R4-R11,PC}   ;; return
   \   0000042A   0xBF00             Nop      
   \                     ??update_9:
   \   0000042C   0x447A0000         DC32     0x447a0000
    157          
    158          //void CUltrasoundUART::sendMeasureRequest()
    159          //{
    160          //  if(!DMA_isOccupying(DMA_CHn_Tx))
    161          //  {
    162          //    TX.clear();
    163          //    TX.add(0x55);
    164          //    TX.startDMA_Transmit(this);    
    165          //  }
    166          //}
    167          
    168          

   \                                 In section .text, align 2, keep-with-next
    169          void CUltrasoundUART::setNewPackageFlag(bool flag)
    170          {
    171            newPackageFlag = flag;
   \                     _ZN15CUltrasoundUART17setNewPackageFlagEb: (+1)
   \   00000000   0xF880 0x1DCC      STRB     R1,[R0, #+3532]
    172          }
   \   00000004   0x4770             BX       LR               ;; return

   \                                 In section .text, align 4, keep-with-next
   \                     ??DataTable0:
   \   00000000   0x3E19999A         DC32     0x3e19999a

   \                                 In section .text, align 4, keep-with-next
   \                     ??DataTable0_1:
   \   00000000   0x3DCCCCCD         DC32     0x3dcccccd

   \                                 In section .text, align 4, keep-with-next
   \                     ??DataTable1:
   \   00000000   0x40800001         DC32     0x40800001

   \                                 In section .text, align 4, keep-with-next
   \                     ??DataTable1_1:
   \   00000000   0x........         DC32     `UltrasoundUART_Init()::static guard for UltrasoundUART_static`

   \                                 In section .text, align 4, keep-with-next
   \                     ??DataTable1_2:
   \   00000000   0x........         DC32     `UltrasoundUART_Init()::UltrasoundUART_static`

   \                                 In section .text, align 4, keep-with-next
   \                     ??DataTable1_3:
   \   00000000   0x........         DC32     UltrasoundUART

   \                                 In section .text, align 4, keep-with-next
   \                     ??DataTable1_4:
   \   00000000   0x........         DC32     t

   \                                 In section .text, align 4, keep-with-next
   \                     ??DataTable1_5:
   \   00000000   0x40009000         DC32     0x40009000

   \                                 In section .text, align 4, keep-with-next
   \                     ??DataTable1_6:
   \   00000000   0x3FE00000         DC32     0x3fe00000

   \                                 In section .text, align 4, keep-with-next
   \                     ??DataTable1_7:
   \   00000000   0x9999999A         DC32     0x9999999a

   \                                 In section .text, align 4, keep-with-next
   \                     ??DataTable1_8:
   \   00000000   0x3FC99999         DC32     0x3fc99999

   \                                 In section .text, align 4, keep-with-next
   \                     ??DataTable1_9:
   \   00000000   0x........         DC32     EKF_AHRS

   \                                 In section .text, align 4, keep-with-next
   \                     ??DataTable1_10:
   \   00000000   0x........         DC32     Navigation
    173          
    174          //void CUltrasoundUART::TX_::startDMA_Transmit(CUltrasoundUART *tmp)
    175          //{
    176          //  //DMA_changeLength(tmp->DMA_CHn_Tx, tmp->TX.index);    
    177          //  DMA0->TCD[tmp->DMA_CHn_Tx].SADDR = DMA_SADDR_SADDR(tmp->TX.data);
    178          //   //设置主循环计数器 current major loop count
    179          //  DMA0->TCD[tmp->DMA_CHn_Tx].CITER_ELINKNO = DMA_CITER_ELINKNO_CITER(tmp->TX.index);
    180          //  //起始循环计数器，当主循环计数器为零的时候，将装载起始循环计数器的值
    181          //  DMA0->TCD[tmp->DMA_CHn_Tx].BITER_ELINKNO = DMA_CITER_ELINKNO_CITER(tmp->TX.index);
    182          //  
    183          //  DMA_EnableReq(tmp->DMA_CHn_Tx);
    184          //}

   Maximum stack usage in bytes:

   .cstack Function
   ------- --------
       0   CJumpFilter::CJumpFilter()
       8   CUltrasoundUART::CUltrasoundUART()
         8   -> CJumpFilter::CJumpFilter()
         8   -> CJumpFilter::setParameter(float, int, float)
         8   -> Coordinate::Coordinate()
         8   -> CoordinateElement::CoordinateElement()
       0   CUltrasoundUART::setNewPackageFlag(bool)
      72   CUltrasoundUART::update()
        72   -> CJumpFilter::checkIsNewData(int)
        72   -> CJumpFilter::newData3(float, int)
        72   -> CoordinateElement::operator float()
        72   -> CoordinateElement::operator=(float)
        72   -> __aeabi_d2f
        72   -> __aeabi_dadd
        72   -> __aeabi_dmul
        72   -> __aeabi_i2d
        72   -> __aeabi_memset
       8   Coordinate::Coordinate()
         8   -> CoordinateElement::CoordinateElement()
       0   CoordinateElement::CoordinateElement()
       8   UltrasoundUART_Init()
         8   -> CJumpFilter::setParameter(float, int)
         8   -> CUltrasoundUART::CUltrasoundUART()


   Section sizes:

   Bytes  Function/Label
   -----  --------------
       4  ??DataTable0
       4  ??DataTable0_1
       4  ??DataTable1
       4  ??DataTable1_1
       4  ??DataTable1_10
       4  ??DataTable1_2
       4  ??DataTable1_3
       4  ??DataTable1_4
       4  ??DataTable1_5
       4  ??DataTable1_6
       4  ??DataTable1_7
       4  ??DataTable1_8
       4  ??DataTable1_9
      24  CJumpFilter::CJumpFilter()
     124  CUltrasoundUART::CUltrasoundUART()
       6  CUltrasoundUART::setNewPackageFlag(bool)
    1072  CUltrasoundUART::update()
      30  Coordinate::Coordinate()
      28  CoordinateElement::CoordinateElement()
       4  UltrasoundUART
     222  UltrasoundUART_Init()
    3560  UltrasoundUART_static
       1  stopFlag
      37  -- Other

 
    24 bytes in section .ARM.exidx
    12 bytes in section .ARM.extab
 3 566 bytes in section .bss
 1 558 bytes in section .text
 
 1 352 bytes of CODE  memory (+ 206 bytes shared)
    36 bytes of CONST memory
 3 566 bytes of DATA  memory

Errors: none
Warnings: 1
