###############################################################################
#
# IAR ANSI C/C++ Compiler V8.11.2.13589/W32 for ARM       18/Jun/2018  19:48:03
# Copyright 1999-2017 IAR Systems AB.
#
#    Cpu mode     =  thumb
#    Endian       =  little
#    Source file  =  
#        C:\Users\xsk19940910\Desktop\flightController-1\flightController-1\program\app\Sensor\UWB
#        decode.cpp
#    Command line =  
#        -f C:\Users\XSK199~1\AppData\Local\Temp\EW33AB.tmp
#        ("C:\Users\xsk19940910\Desktop\flightController-1\flightController-1\program\app\Sensor\UWB
#        decode.cpp" -D K60 -D USE_K60F15 -D ARM_MATH_CM4 -D __FPU_PRESENT=1 -D
#        __FPU_USED=1 -lCN
#        C:\Users\xsk19940910\Desktop\flightController-1\flightController-1\program\iar\RAM\List
#        -lB
#        C:\Users\xsk19940910\Desktop\flightController-1\flightController-1\program\iar\RAM\List
#        -o
#        C:\Users\xsk19940910\Desktop\flightController-1\flightController-1\program\iar\RAM\Obj
#        --no_cse --no_unroll --no_inline --no_code_motion --no_tbaa
#        --no_clustering --no_scheduling --debug --endian=little
#        --cpu=Cortex-M4 -e --fpu=VFPv4_sp --dlib_config
#        D:\iar\arm\INC\c\DLib_Config_Normal.h -I
#        C:\Users\xsk19940910\Desktop\flightController-1\flightController-1\program\iar\..\app\
#        -I
#        C:\Users\xsk19940910\Desktop\flightController-1\flightController-1\program\iar\..\app\Sensor\
#        -I
#        C:\Users\xsk19940910\Desktop\flightController-1\flightController-1\program\iar\..\lib\CPU\
#        -I
#        C:\Users\xsk19940910\Desktop\flightController-1\flightController-1\program\iar\..\lib\common\
#        -I
#        C:\Users\xsk19940910\Desktop\flightController-1\flightController-1\program\iar\..\lib\LPLD\
#        -I
#        C:\Users\xsk19940910\Desktop\flightController-1\flightController-1\program\iar\..\lib\LPLD\HW\
#        -I
#        C:\Users\xsk19940910\Desktop\flightController-1\flightController-1\program\iar\..\lib\LPLD\DEV\
#        -I
#        C:\Users\xsk19940910\Desktop\flightController-1\flightController-1\program\iar\..\lib\LPLD\FUNC\
#        -I
#        C:\Users\xsk19940910\Desktop\flightController-1\flightController-1\program\iar\..\lib\uCOS-II\Ports\
#        -I
#        C:\Users\xsk19940910\Desktop\flightController-1\flightController-1\program\iar\..\lib\uCOS-II\Source\
#        -I
#        C:\Users\xsk19940910\Desktop\flightController-1\flightController-1\program\iar\..\lib\FatFs\
#        -I
#        C:\Users\xsk19940910\Desktop\flightController-1\flightController-1\program\iar\..\lib\FatFs\option\
#        -I
#        C:\Users\xsk19940910\Desktop\flightController-1\flightController-1\program\iar\..\lib\USB\common\
#        -I
#        C:\Users\xsk19940910\Desktop\flightController-1\flightController-1\program\iar\..\lib\USB\driver\
#        -I
#        C:\Users\xsk19940910\Desktop\flightController-1\flightController-1\program\iar\..\lib\USB\descriptor\
#        -I
#        C:\Users\xsk19940910\Desktop\flightController-1\flightController-1\program\iar\..\lib\USB\class\
#        -On --c++ -I D:\iar\arm\CMSIS\Include\ -D ARM_MATH_CM4)
#    Locale       =  C
#    List file    =  
#        C:\Users\xsk19940910\Desktop\flightController-1\flightController-1\program\iar\RAM\List\UWB
#        decode.lst
#    Object file  =  
#        C:\Users\xsk19940910\Desktop\flightController-1\flightController-1\program\iar\RAM\Obj\UWB
#        decode.o
#
###############################################################################

C:\Users\xsk19940910\Desktop\flightController-1\flightController-1\program\app\Sensor\UWB decode.cpp
      1          #include "UWB decode.h"

   \                                 In section .text, align 4
   \   __code __interwork __softfp CJumpFilter::CJumpFilter()
   \                     _ZN11CJumpFilterC1Ev: (+1)
   \   00000000   0x4904             LDR.N    R1,??CJumpFilter_0  ;; 0x42c80000
   \   00000002   0x6081             STR      R1,[R0, #+8]
   \   00000004   0xF44F 0x7196      MOV      R1,#+300
   \   00000008   0x6281             STR      R1,[R0, #+40]
   \   0000000A   0xF05F 0x517E      MOVS     R1,#+1065353216
   \   0000000E   0x62C1             STR      R1,[R0, #+44]
   \   00000010   0x4770             BX       LR               ;; return
   \   00000012   0xBF00             Nop      
   \                     ??CJumpFilter_0:
   \   00000014   0x42C80000         DC32     0x42c80000

   \                                 In section .text, align 4
   \   __code __interwork __softfp CoordinateElement::CoordinateElement()
   \                     _ZN17CoordinateElementC1Ev: (+1)
   \   00000000   0x4903             LDR.N    R1,??CoordinateElement_0  ;; 0x3f4ccccd
   \   00000002   0x6101             STR      R1,[R0, #+16]
   \   00000004   0x4903             LDR.N    R1,??CoordinateElement_0+0x4  ;; 0x461c4000
   \   00000006   0x6141             STR      R1,[R0, #+20]
   \   00000008   0x4903             LDR.N    R1,??CoordinateElement_0+0x8  ;; 0xc61c4000
   \   0000000A   0x6181             STR      R1,[R0, #+24]
   \   0000000C   0x4770             BX       LR               ;; return
   \   0000000E   0xBF00             Nop      
   \                     ??CoordinateElement_0:
   \   00000010   0x3F4CCCCD         DC32     0x3f4ccccd
   \   00000014   0x461C4000         DC32     0x461c4000
   \   00000018   0xC61C4000         DC32     0xc61c4000

   \                                 In section .text, align 2
   \   __code __interwork __softfp Coordinate::Coordinate()
   \                     _ZN10CoordinateC1Ev: (+1)
   \   00000000   0xB510             PUSH     {R4,LR}
   \   00000002   0x0004             MOVS     R4,R0
   \   00000004   0x0020             MOVS     R0,R4
   \   00000006   0x.... 0x....      BL       _ZN17CoordinateElementC1Ev
   \   0000000A   0xF114 0x001C      ADDS     R0,R4,#+28
   \   0000000E   0x.... 0x....      BL       _ZN17CoordinateElementC1Ev
   \   00000012   0xF114 0x0038      ADDS     R0,R4,#+56
   \   00000016   0x.... 0x....      BL       _ZN17CoordinateElementC1Ev
   \   0000001A   0x0020             MOVS     R0,R4
   \   0000001C   0xBD10             POP      {R4,PC}          ;; return

   \                                 In section .text, align 4, keep-with-next
   \   static __interwork __vfp arm_status arm_sqrt_f32(float, float *)
   \                     _ZN36_INTERNAL_14_UWB_decode_cpp_a64c46b612arm_sqrt_f32EfPf: (+1)
   \   00000000   0x0001             MOVS     R1,R0
   \   00000002   0xEEB5 0x0A40      VCMP.F32 S0,#0.0
   \   00000006   0xEEF1 0xFA10      FMSTAT   
   \   0000000A   0xDB05             BLT.N    ??arm_sqrt_f32_0
   \   0000000C   0xEEF1 0x0AC0      VSQRT.F32 S1,S0
   \   00000010   0xEDC1 0x0A00      VSTR     S1,[R1, #0]
   \   00000014   0x2000             MOVS     R0,#+0
   \   00000016   0xE003             B.N      ??arm_sqrt_f32_1
   \                     ??arm_sqrt_f32_0: (+1)
   \   00000018   0x2000             MOVS     R0,#+0
   \   0000001A   0x6008             STR      R0,[R1, #+0]
   \   0000001C   0xF05F 0x30FF      MOVS     R0,#-1
   \                     ??arm_sqrt_f32_1: (+1)
   \   00000020   0x4770             BX       LR               ;; return

   \                                 In section .text, align 2
   \   __code __interwork __softfp CUWB::CUWB()
   \                     _ZN4CUWBC1Ev: (+1)
   \   00000000   0xB510             PUSH     {R4,LR}
   \   00000002   0x0004             MOVS     R4,R0
   \   00000004   0xF514 0x704B      ADDS     R0,R4,#+812
   \   00000008   0x.... 0x....      BL       _ZN11CJumpFilterC1Ev
   \   0000000C   0xF514 0x7059      ADDS     R0,R4,#+868
   \   00000010   0x.... 0x....      BL       _ZN11CJumpFilterC1Ev
   \   00000014   0xF514 0x7067      ADDS     R0,R4,#+924
   \   00000018   0x.... 0x....      BL       _ZN11CJumpFilterC1Ev
   \   0000001C   0xF514 0x7075      ADDS     R0,R4,#+980
   \   00000020   0x.... 0x....      BL       _ZN11CJumpFilterC1Ev
   \   00000024   0x2080             MOVS     R0,#+128
   \   00000026   0xF8C4 0x040C      STR      R0,[R4, #+1036]
   \   0000002A   0xF514 0x6082      ADDS     R0,R4,#+1040
   \   0000002E   0x.... 0x....      BL       _ZN10CoordinateC1Ev
   \   00000032   0xF204 0x4064      ADDW     R0,R4,#+1124
   \   00000036   0x.... 0x....      BL       _ZN10CoordinateC1Ev
   \   0000003A   0xF514 0x6097      ADDS     R0,R4,#+1208
   \   0000003E   0x.... 0x....      BL       _ZN10CoordinateC1Ev
   \   00000042   0xF204 0x500C      ADDW     R0,R4,#+1292
   \   00000046   0x.... 0x....      BL       _ZN10CoordinateC1Ev
   \   0000004A   0xF514 0x60AC      ADDS     R0,R4,#+1376
   \   0000004E   0x.... 0x....      BL       _ZN10CoordinateC1Ev
   \   00000052   0xF204 0x50B4      ADDW     R0,R4,#+1460
   \   00000056   0x.... 0x....      BL       _ZN10CoordinateC1Ev
   \   0000005A   0xF514 0x60C1      ADDS     R0,R4,#+1544
   \   0000005E   0x.... 0x....      BL       _ZN10CoordinateC1Ev
   \   00000062   0xF204 0x605C      ADDW     R0,R4,#+1628
   \   00000066   0x.... 0x....      BL       _ZN10CoordinateC1Ev
   \   0000006A   0xF514 0x60D6      ADDS     R0,R4,#+1712
   \   0000006E   0x.... 0x....      BL       _ZN10CoordinateC1Ev
   \   00000072   0x0020             MOVS     R0,R4
   \   00000074   0xBD10             POP      {R4,PC}          ;; return
      2          

   \                                 In section .bss, align 4
      3          CUWB *UWB;
   \                     UWB:
   \   00000000                      DS8 4
      4          

   \                                 In section .text, align 4, keep-with-next
      5          void UWB_Init()
      6          {
   \                     _Z8UWB_Initv: (+1)
   \   00000000   0xB580             PUSH     {R7,LR}
   \   00000002   0x.... 0x....      LDR.W    R0,??DataTable4
   \   00000006   0x7800             LDRB     R0,[R0, #+0]
   \   00000008   0x2800             CMP      R0,#+0
   \   0000000A   0xD107             BNE.N    ??UWB_Init_0
      7            static CUWB UWB_0;
   \   0000000C   0x.... 0x....      LDR.W    R0,??DataTable4_1
   \   00000010   0x.... 0x....      BL       _ZN4CUWBC1Ev
   \   00000014   0x2001             MOVS     R0,#+1
   \   00000016   0x.... 0x....      LDR.W    R1,??DataTable4
   \   0000001A   0x7008             STRB     R0,[R1, #+0]
      8            UWB = &UWB_0;
   \                     ??UWB_Init_0: (+1)
   \   0000001C   0x.... 0x....      LDR.W    R0,??DataTable4_1
   \   00000020   0x.... 0x....      LDR.W    R1,??DataTable4_2
   \   00000024   0x6008             STR      R0,[R1, #+0]
      9            UWB->velFilter_x.setParameter(0.15, 100, 20);
   \   00000026   0xEEF3 0x0A04      VMOV.F32 S1,#20.0
   \   0000002A   0x2164             MOVS     R1,#+100
   \   0000002C   0xED9F 0x....      VLDR.W   S0,??DataTable2  ;; 0x3e19999a
   \   00000030   0x.... 0x....      LDR.W    R0,??DataTable4_2
   \   00000034   0x6800             LDR      R0,[R0, #+0]
   \   00000036   0xF510 0x704B      ADDS     R0,R0,#+812
   \   0000003A   0x.... 0x....      BL       _ZN11CJumpFilter12setParameterEfif
     10            UWB->velFilter_y.setParameter(0.15, 100, 20);
   \   0000003E   0xEEF3 0x0A04      VMOV.F32 S1,#20.0
   \   00000042   0x2164             MOVS     R1,#+100
   \   00000044   0xED9F 0x....      VLDR.W   S0,??DataTable2  ;; 0x3e19999a
   \   00000048   0x.... 0x....      LDR.W    R0,??DataTable4_2
   \   0000004C   0x6800             LDR      R0,[R0, #+0]
   \   0000004E   0xF510 0x7059      ADDS     R0,R0,#+868
   \   00000052   0x.... 0x....      BL       _ZN11CJumpFilter12setParameterEfif
     11            
     12            UWB->positionFilter_x.setParameter(0.25, 80);
   \   00000056   0x2150             MOVS     R1,#+80
   \   00000058   0xEEB5 0x0A00      VMOV.F32 S0,#0.25
   \   0000005C   0x.... 0x....      LDR.W    R0,??DataTable4_2
   \   00000060   0x6800             LDR      R0,[R0, #+0]
   \   00000062   0xF510 0x7067      ADDS     R0,R0,#+924
   \   00000066   0x.... 0x....      BL       _ZN11CJumpFilter12setParameterEfi
     13            UWB->positionFilter_y.setParameter(0.25, 80);
   \   0000006A   0x2150             MOVS     R1,#+80
   \   0000006C   0xEEB5 0x0A00      VMOV.F32 S0,#0.25
   \   00000070   0x.... 0x....      LDR.W    R0,??DataTable4_2
   \   00000074   0x6800             LDR      R0,[R0, #+0]
   \   00000076   0xF510 0x7075      ADDS     R0,R0,#+980
   \   0000007A   0x.... 0x....      BL       _ZN11CJumpFilter12setParameterEfi
     14              
     15          }
   \                     ??UWB_Init_1: (+1)
   \   0000007E   0xBD01             POP      {R0,PC}          ;; return

   \                                 In section .bss, align 4
   \                     `UWB_Init()::UWB_0`:
   \   00000000                      DS8 1928
     16          
     17          

   \                                 In section .text, align 2, keep-with-next
     18          void CUWB::update()
     19          {
   \                     _ZN4CUWB6updateEv: (+1)
   \   00000000   0xE92D 0x47F0      PUSH     {R4-R10,LR}
   \   00000004   0xB084             SUB      SP,SP,#+16
   \   00000006   0x0005             MOVS     R5,R0
     20            velFilter_x.checkIsNewData(t);
   \   00000008   0x.... 0x....      LDR.W    R0,??DataTable4_3
   \   0000000C   0x6801             LDR      R1,[R0, #+0]
   \   0000000E   0xF515 0x704B      ADDS     R0,R5,#+812
   \   00000012   0x.... 0x....      BL       _ZN11CJumpFilter14checkIsNewDataEi
     21            velFilter_y.checkIsNewData(t);
   \   00000016   0x.... 0x....      LDR.W    R0,??DataTable4_3
   \   0000001A   0x6801             LDR      R1,[R0, #+0]
   \   0000001C   0xF515 0x7059      ADDS     R0,R5,#+868
   \   00000020   0x.... 0x....      BL       _ZN11CJumpFilter14checkIsNewDataEi
     22          //  velFilter_x.accumulate(IMU_acc_E.x * 0.002);
     23          //  velFilter_y.accumulate(IMU_acc_E.y * 0.002);
     24            positionFilter_x.checkIsNewData(t);
   \   00000024   0x.... 0x....      LDR.W    R0,??DataTable4_3
   \   00000028   0x6801             LDR      R1,[R0, #+0]
   \   0000002A   0xF515 0x7067      ADDS     R0,R5,#+924
   \   0000002E   0x.... 0x....      BL       _ZN11CJumpFilter14checkIsNewDataEi
     25            positionFilter_y.checkIsNewData(t);
   \   00000032   0x.... 0x....      LDR.W    R0,??DataTable4_3
   \   00000036   0x6801             LDR      R1,[R0, #+0]
   \   00000038   0xF515 0x7075      ADDS     R0,R5,#+980
   \   0000003C   0x.... 0x....      BL       _ZN11CJumpFilter14checkIsNewDataEi
     26            
     27            bool newPackage = false;
   \   00000040   0x2600             MOVS     R6,#+0
     28            bool loopFlag = false;
   \   00000042   0x2400             MOVS     R4,#+0
     29            int i = 0;
   \   00000044   0xF05F 0x0900      MOVS     R9,#+0
     30            int address0 = (DMA0->TCD[DMA_CH4].DADDR) - (uint32)(&Data[0]);
   \   00000048   0x.... 0x....      LDR.W    R0,??DataTable4_4  ;; 0x40009090
   \   0000004C   0x6807             LDR      R7,[R0, #+0]
   \   0000004E   0x1B7F             SUBS     R7,R7,R5
     31            int moveLength = 0;
   \   00000050   0xF05F 0x0800      MOVS     R8,#+0
     32          
     33            
     34          
     35            byteInterval = t - byte_lastTime;
   \   00000054   0x.... 0x....      LDR.W    R0,??DataTable4_3
   \   00000058   0x6801             LDR      R1,[R0, #+0]
   \   0000005A   0xF8D5 0x0324      LDR      R0,[R5, #+804]
   \   0000005E   0x1A09             SUBS     R1,R1,R0
   \   00000060   0xF8C5 0x1320      STR      R1,[R5, #+800]
     36            if(byte_lastAddress != address0)
   \   00000064   0xF8D5 0x0328      LDR      R0,[R5, #+808]
   \   00000068   0x42B8             CMP      R0,R7
   \   0000006A   0xD006             BEQ.N    ??update_0
     37            {
     38              byte_lastTime = t;
   \   0000006C   0x.... 0x....      LDR.W    R0,??DataTable4_3
   \   00000070   0x6800             LDR      R0,[R0, #+0]
   \   00000072   0xF8C5 0x0324      STR      R0,[R5, #+804]
     39              byte_lastAddress = address0;
   \   00000076   0xF8C5 0x7328      STR      R7,[R5, #+808]
     40            }
     41            for(; i + packageLength <= address0; i++)
   \                     ??update_0: (+1)
   \   0000007A   0xF8D5 0x040C      LDR      R0,[R5, #+1036]
   \   0000007E   0xEB10 0x0009      ADDS     R0,R0,R9
   \   00000082   0x4287             CMP      R7,R0
   \   00000084   0xDB46             BLT.N    ??update_1
     42            {
     43              for(; (Data[i] != 0x55 || Data[i+1] != 0x01); i++)
   \                     ??update_2: (+1)
   \   00000086   0xF815 0x0009      LDRB     R0,[R5, R9]
   \   0000008A   0x2855             CMP      R0,#+85
   \   0000008C   0xD104             BNE.N    ??update_3
   \   0000008E   0xEB05 0x0009      ADD      R0,R5,R9
   \   00000092   0x7840             LDRB     R0,[R0, #+1]
   \   00000094   0x2801             CMP      R0,#+1
   \   00000096   0xD00B             BEQ.N    ??update_4
     44              {
     45                if(i + packageLength >= address0)
   \                     ??update_3: (+1)
   \   00000098   0xF8D5 0x040C      LDR      R0,[R5, #+1036]
   \   0000009C   0xEB10 0x0009      ADDS     R0,R0,R9
   \   000000A0   0x42B8             CMP      R0,R7
   \   000000A2   0xDB02             BLT.N    ??update_5
     46                {
     47                  loopFlag = true;
   \   000000A4   0x2001             MOVS     R0,#+1
   \   000000A6   0x0004             MOVS     R4,R0
     48                  break;
   \   000000A8   0xE002             B.N      ??update_4
     49                }
     50              }
   \                     ??update_5: (+1)
   \   000000AA   0xF119 0x0901      ADDS     R9,R9,#+1
   \   000000AE   0xE7EA             B.N      ??update_2
     51              if(loopFlag)
   \                     ??update_4: (+1)
   \   000000B0   0xB2E4             UXTB     R4,R4            ;; ZeroExt  R4,R4,#+24,#+24
   \   000000B2   0x2C00             CMP      R4,#+0
   \   000000B4   0xD12E             BNE.N    ??update_1
     52              {
     53                break;
     54              }
     55              char checkSum = 0; //注意每个包的checkSum都要清零
   \                     ??update_6: (+1)
   \   000000B6   0xF05F 0x0A00      MOVS     R10,#+0
     56              for(int k = i; k < i + packageLength - 1; k++)
   \   000000BA   0x4649             MOV      R1,R9
   \                     ??update_7: (+1)
   \   000000BC   0xF8D5 0x040C      LDR      R0,[R5, #+1036]
   \   000000C0   0xEB10 0x0009      ADDS     R0,R0,R9
   \   000000C4   0x1E40             SUBS     R0,R0,#+1
   \   000000C6   0x4281             CMP      R1,R0
   \   000000C8   0xDA04             BGE.N    ??update_8
     57              {
     58                checkSum += Data[k];
   \   000000CA   0x5C68             LDRB     R0,[R5, R1]
   \   000000CC   0xEB10 0x0A0A      ADDS     R10,R0,R10
     59              }
   \   000000D0   0x1C49             ADDS     R1,R1,#+1
   \   000000D2   0xE7F3             B.N      ??update_7
     60              if(checkSum != Data[i+packageLength-1])
   \                     ??update_8: (+1)
   \   000000D4   0x4650             MOV      R0,R10
   \   000000D6   0xF8D5 0x140C      LDR      R1,[R5, #+1036]
   \   000000DA   0xEB11 0x0109      ADDS     R1,R1,R9
   \   000000DE   0x4429             ADD      R1,R5,R1
   \   000000E0   0xF811 0x1C01      LDRB     R1,[R1, #-1]
   \   000000E4   0xB2C0             UXTB     R0,R0            ;; ZeroExt  R0,R0,#+24,#+24
   \   000000E6   0x4288             CMP      R0,R1
   \   000000E8   0xD111             BNE.N    ??update_9
     61              {
     62                continue;
     63              }
     64              byte_lastTime = t;
   \                     ??update_10: (+1)
   \   000000EA   0x.... 0x....      LDR.W    R0,??DataTable4_3
   \   000000EE   0x6800             LDR      R0,[R0, #+0]
   \   000000F0   0xF8C5 0x0324      STR      R0,[R5, #+804]
     65              byte_lastAddress = address0;   
   \   000000F4   0xF8C5 0x7328      STR      R7,[R5, #+808]
     66              
     67              decode(i);
   \   000000F8   0x4649             MOV      R1,R9
   \   000000FA   0x0028             MOVS     R0,R5
   \   000000FC   0x.... 0x....      BL       _ZN4CUWB6decodeEi
     68              i += packageLength - 1; //-1因为循环的i++
   \   00000100   0xF8D5 0x040C      LDR      R0,[R5, #+1036]
   \   00000104   0x1E40             SUBS     R0,R0,#+1
   \   00000106   0xEB10 0x0909      ADDS     R9,R0,R9
     69              newPackage = true;
   \   0000010A   0x2001             MOVS     R0,#+1
   \   0000010C   0x0006             MOVS     R6,R0
     70            }
   \                     ??update_9: (+1)
   \   0000010E   0xF119 0x0901      ADDS     R9,R9,#+1
   \   00000112   0xE7B2             B.N      ??update_0
     71            
     72            if(newPackage)
     73            {
     74          //    velFilter_x.setNewDataTime(t);    
     75          //    velFilter_y.setNewDataTime(t);   
     76          //    position.x.calculateD(t);
     77          //    position.y.calculateD(t);
     78          //    positionFilter_x.setNewDataTime(t); 
     79          //    positionFilter_y.setNewDataTime(t); 
     80          //      
     81          //    positionFilter_x.setValid(true);
     82          //    positionFilter_y.setValid(true);
     83            }
     84            newPackage = false;
   \                     ??update_1: (+1)
   \   00000114   0x2000             MOVS     R0,#+0
     85            
     86            moveLength = (DMA0->TCD[DMA_CH4].DADDR - (uint32)&Data[0]) - i;
   \   00000116   0x.... 0x....      LDR.W    R1,??DataTable4_4  ;; 0x40009090
   \   0000011A   0x6809             LDR      R1,[R1, #+0]
   \   0000011C   0x1B49             SUBS     R1,R1,R5
   \   0000011E   0xEBB1 0x0109      SUBS     R1,R1,R9
     87            if(moveLength < 0) moveLength = 0;
   \   00000122   0x2900             CMP      R1,#+0
   \   00000124   0xD501             BPL.N    ??update_11
   \   00000126   0x2200             MOVS     R2,#+0
   \   00000128   0x0011             MOVS     R1,R2
     88             
     89            DMA_LoadDstAddr(DMA_CH4, (uint32)&Data[0] + moveLength);
   \                     ??update_11: (+1)
   \   0000012A   0x194A             ADDS     R2,R1,R5
   \   0000012C   0x.... 0x....      LDR.W    R3,??DataTable4_4  ;; 0x40009090
   \   00000130   0x601A             STR      R2,[R3, #+0]
     90            for(int k = 0; k < moveLength; k++)
   \   00000132   0x2200             MOVS     R2,#+0
   \                     ??update_12: (+1)
   \   00000134   0x428A             CMP      R2,R1
   \   00000136   0xDA05             BGE.N    ??update_13
     91            {
     92              Data[k] = Data[i + k];
   \   00000138   0xEB12 0x0309      ADDS     R3,R2,R9
   \   0000013C   0x5CEB             LDRB     R3,[R5, R3]
   \   0000013E   0x54AB             STRB     R3,[R5, R2]
     93            }
   \   00000140   0x1C52             ADDS     R2,R2,#+1
   \   00000142   0xE7F7             B.N      ??update_12
     94          //  memset(Data + moveLength, 0, 150 * sizeof(char));
     95            if(address0 > 500)
   \                     ??update_13: (+1)
   \   00000144   0xF240 0x12F5      MOVW     R2,#+501
   \   00000148   0x4297             CMP      R7,R2
   \   0000014A   0xDB02             BLT.N    ??update_14
     96            {
     97              DMA_LoadDstAddr(DMA_CH4, (uint32)&Data[0]);
   \   0000014C   0x.... 0x....      LDR.W    R2,??DataTable4_4  ;; 0x40009090
   \   00000150   0x6015             STR      R5,[R2, #+0]
     98            }
     99          }
   \                     ??update_14: (+1)
   \                     ??update_15: (+1)
   \   00000152   0xE8BD 0x87FF      POP      {R0-R10,PC}      ;; return
    100          

   \                                 In section .text, align 4, keep-with-next
    101          void CUWB::decode(int i)
    102          {
   \                     _ZN4CUWB6decodeEi: (+1)
   \   00000000   0xB5F8             PUSH     {R3-R7,LR}
   \   00000002   0xED2D 0x8B06      VPUSH    {D8-D10}
   \   00000006   0xB084             SUB      SP,SP,#+16
   \   00000008   0x0006             MOVS     R6,R0
   \   0000000A   0x000F             MOVS     R7,R1
    103            i += 4;
   \   0000000C   0x1D3F             ADDS     R7,R7,#+4
    104            positionRaw.x = (int)(Data[i+2] << 24 | Data[i + 1] << 16 | Data[i] << 8) / 1000.0f / 256.0f;
   \   0000000E   0xEB06 0x0007      ADD      R0,R6,R7
   \   00000012   0x7880             LDRB     R0,[R0, #+2]
   \   00000014   0xEB06 0x0107      ADD      R1,R6,R7
   \   00000018   0x7849             LDRB     R1,[R1, #+1]
   \   0000001A   0x0409             LSLS     R1,R1,#+16
   \   0000001C   0xEA51 0x6100      ORRS     R1,R1,R0, LSL #+24
   \   00000020   0x5DF0             LDRB     R0,[R6, R7]
   \   00000022   0xEA51 0x2100      ORRS     R1,R1,R0, LSL #+8
   \   00000026   0xEE00 0x1A10      VMOV     S0,R1
   \   0000002A   0xEEB8 0x0AC0      VCVT.F32.S32 S0,S0
   \   0000002E   0xEDDF 0x....      VLDR.W   S1,??DataTable3  ;; 0x447a0000
   \   00000032   0xEE80 0x0A20      VDIV.F32 S0,S0,S1
   \   00000036   0xEDDF 0x....      VLDR.W   S1,??DataTable3_1  ;; 0x43800000
   \   0000003A   0xEE80 0x0A20      VDIV.F32 S0,S0,S1
   \   0000003E   0xF206 0x500C      ADDW     R0,R6,#+1292
   \   00000042   0x.... 0x....      BL       _ZN17CoordinateElementaSEf
    105            i += 3;
   \   00000046   0x1CFF             ADDS     R7,R7,#+3
    106            positionRaw.y = (int)(Data[i+2] << 24 | Data[i + 1] << 16 | Data[i] << 8) / 1000.0f / 256.0f;
   \   00000048   0xEB06 0x0007      ADD      R0,R6,R7
   \   0000004C   0x7880             LDRB     R0,[R0, #+2]
   \   0000004E   0xEB06 0x0107      ADD      R1,R6,R7
   \   00000052   0x7849             LDRB     R1,[R1, #+1]
   \   00000054   0x0409             LSLS     R1,R1,#+16
   \   00000056   0xEA51 0x6100      ORRS     R1,R1,R0, LSL #+24
   \   0000005A   0x5DF0             LDRB     R0,[R6, R7]
   \   0000005C   0xEA51 0x2100      ORRS     R1,R1,R0, LSL #+8
   \   00000060   0xEE00 0x1A10      VMOV     S0,R1
   \   00000064   0xEEB8 0x0AC0      VCVT.F32.S32 S0,S0
   \   00000068   0xEDDF 0x....      VLDR.W   S1,??DataTable3  ;; 0x447a0000
   \   0000006C   0xEE80 0x0A20      VDIV.F32 S0,S0,S1
   \   00000070   0xEDDF 0x....      VLDR.W   S1,??DataTable3_1  ;; 0x43800000
   \   00000074   0xEE80 0x0A20      VDIV.F32 S0,S0,S1
   \   00000078   0xF516 0x60A5      ADDS     R0,R6,#+1320
   \   0000007C   0x.... 0x....      BL       _ZN17CoordinateElementaSEf
    107            i += 3;
   \   00000080   0x1CFF             ADDS     R7,R7,#+3
    108            positionRaw.z = (int)(Data[i+2] << 24 | Data[i + 1] << 16 | Data[i] << 8) / 1000.0f / 256.0f;
   \   00000082   0xEB06 0x0007      ADD      R0,R6,R7
   \   00000086   0x7880             LDRB     R0,[R0, #+2]
   \   00000088   0xEB06 0x0107      ADD      R1,R6,R7
   \   0000008C   0x7849             LDRB     R1,[R1, #+1]
   \   0000008E   0x0409             LSLS     R1,R1,#+16
   \   00000090   0xEA51 0x6100      ORRS     R1,R1,R0, LSL #+24
   \   00000094   0x5DF0             LDRB     R0,[R6, R7]
   \   00000096   0xEA51 0x2100      ORRS     R1,R1,R0, LSL #+8
   \   0000009A   0xEE00 0x1A10      VMOV     S0,R1
   \   0000009E   0xEEB8 0x0AC0      VCVT.F32.S32 S0,S0
   \   000000A2   0xEDDF 0x....      VLDR.W   S1,??DataTable3  ;; 0x447a0000
   \   000000A6   0xEE80 0x0A20      VDIV.F32 S0,S0,S1
   \   000000AA   0xEDDF 0x....      VLDR.W   S1,??DataTable3_1  ;; 0x43800000
   \   000000AE   0xEE80 0x0A20      VDIV.F32 S0,S0,S1
   \   000000B2   0xF206 0x5044      ADDW     R0,R6,#+1348
   \   000000B6   0x.... 0x....      BL       _ZN17CoordinateElementaSEf
    109            i += 3;
   \   000000BA   0x1CFF             ADDS     R7,R7,#+3
    110            velRaw.x = (int)(Data[i+2] << 24 | Data[i + 1] << 16 | Data[i] << 8) / 1000.0f / 256.0f;
   \   000000BC   0xEB06 0x0007      ADD      R0,R6,R7
   \   000000C0   0x7880             LDRB     R0,[R0, #+2]
   \   000000C2   0xEB06 0x0107      ADD      R1,R6,R7
   \   000000C6   0x7849             LDRB     R1,[R1, #+1]
   \   000000C8   0x0409             LSLS     R1,R1,#+16
   \   000000CA   0xEA51 0x6100      ORRS     R1,R1,R0, LSL #+24
   \   000000CE   0x5DF0             LDRB     R0,[R6, R7]
   \   000000D0   0xEA51 0x2100      ORRS     R1,R1,R0, LSL #+8
   \   000000D4   0xEE00 0x1A10      VMOV     S0,R1
   \   000000D8   0xEEB8 0x0AC0      VCVT.F32.S32 S0,S0
   \   000000DC   0xEDDF 0x....      VLDR.W   S1,??DataTable3  ;; 0x447a0000
   \   000000E0   0xEE80 0x0A20      VDIV.F32 S0,S0,S1
   \   000000E4   0xEDDF 0x....      VLDR.W   S1,??DataTable3_1  ;; 0x43800000
   \   000000E8   0xEE80 0x0A20      VDIV.F32 S0,S0,S1
   \   000000EC   0xF516 0x60AC      ADDS     R0,R6,#+1376
   \   000000F0   0x.... 0x....      BL       _ZN17CoordinateElementaSEf
    111            i += 3;
   \   000000F4   0x1CFF             ADDS     R7,R7,#+3
    112            velRaw.y = (int)(Data[i+2] << 24 | Data[i + 1] << 16 | Data[i] << 8) / 1000.0f / 256.0f;
   \   000000F6   0xEB06 0x0007      ADD      R0,R6,R7
   \   000000FA   0x7880             LDRB     R0,[R0, #+2]
   \   000000FC   0xEB06 0x0107      ADD      R1,R6,R7
   \   00000100   0x7849             LDRB     R1,[R1, #+1]
   \   00000102   0x0409             LSLS     R1,R1,#+16
   \   00000104   0xEA51 0x6100      ORRS     R1,R1,R0, LSL #+24
   \   00000108   0x5DF0             LDRB     R0,[R6, R7]
   \   0000010A   0xEA51 0x2100      ORRS     R1,R1,R0, LSL #+8
   \   0000010E   0xEE00 0x1A10      VMOV     S0,R1
   \   00000112   0xEEB8 0x0AC0      VCVT.F32.S32 S0,S0
   \   00000116   0xEDDF 0x....      VLDR.W   S1,??DataTable3  ;; 0x447a0000
   \   0000011A   0xEE80 0x0A20      VDIV.F32 S0,S0,S1
   \   0000011E   0xEDDF 0x....      VLDR.W   S1,??DataTable3_1  ;; 0x43800000
   \   00000122   0xEE80 0x0A20      VDIV.F32 S0,S0,S1
   \   00000126   0xF206 0x507C      ADDW     R0,R6,#+1404
   \   0000012A   0x.... 0x....      BL       _ZN17CoordinateElementaSEf
    113            i += 3;
   \   0000012E   0x1CFF             ADDS     R7,R7,#+3
    114            velRaw.z = (int)(Data[i+2] << 24 | Data[i + 1] << 16 | Data[i] << 8) / 1000.0f / 256.0f;
   \   00000130   0xEB06 0x0007      ADD      R0,R6,R7
   \   00000134   0x7880             LDRB     R0,[R0, #+2]
   \   00000136   0xEB06 0x0107      ADD      R1,R6,R7
   \   0000013A   0x7849             LDRB     R1,[R1, #+1]
   \   0000013C   0x0409             LSLS     R1,R1,#+16
   \   0000013E   0xEA51 0x6100      ORRS     R1,R1,R0, LSL #+24
   \   00000142   0x5DF0             LDRB     R0,[R6, R7]
   \   00000144   0xEA51 0x2100      ORRS     R1,R1,R0, LSL #+8
   \   00000148   0xEE00 0x1A10      VMOV     S0,R1
   \   0000014C   0xEEB8 0x0AC0      VCVT.F32.S32 S0,S0
   \   00000150   0xEDDF 0x....      VLDR.W   S1,??DataTable3  ;; 0x447a0000
   \   00000154   0xEE80 0x0A20      VDIV.F32 S0,S0,S1
   \   00000158   0xEDDF 0x....      VLDR.W   S1,??DataTable3_1  ;; 0x43800000
   \   0000015C   0xEE80 0x0A20      VDIV.F32 S0,S0,S1
   \   00000160   0xF516 0x60B3      ADDS     R0,R6,#+1432
   \   00000164   0x.... 0x....      BL       _ZN17CoordinateElementaSEf
    115            i += 3;
   \   00000168   0x1CFF             ADDS     R7,R7,#+3
    116            dis[0] =  (int)(Data[i+2] << 24 | Data[i + 1] << 16 | Data[i] << 8) / 1000.0f / 256.0f;
   \   0000016A   0xEB06 0x0007      ADD      R0,R6,R7
   \   0000016E   0x7880             LDRB     R0,[R0, #+2]
   \   00000170   0xEB06 0x0107      ADD      R1,R6,R7
   \   00000174   0x7849             LDRB     R1,[R1, #+1]
   \   00000176   0x0409             LSLS     R1,R1,#+16
   \   00000178   0xEA51 0x6100      ORRS     R1,R1,R0, LSL #+24
   \   0000017C   0x5DF0             LDRB     R0,[R6, R7]
   \   0000017E   0xEA51 0x2100      ORRS     R1,R1,R0, LSL #+8
   \   00000182   0xEE00 0x1A10      VMOV     S0,R1
   \   00000186   0xEEB8 0x0AC0      VCVT.F32.S32 S0,S0
   \   0000018A   0xEDDF 0x....      VLDR.W   S1,??DataTable3  ;; 0x447a0000
   \   0000018E   0xEE80 0x0A20      VDIV.F32 S0,S0,S1
   \   00000192   0xEDDF 0x....      VLDR.W   S1,??DataTable3_1  ;; 0x43800000
   \   00000196   0xEE80 0x0A20      VDIV.F32 S0,S0,S1
   \   0000019A   0xF206 0x700C      ADDW     R0,R6,#+1804
   \   0000019E   0xED80 0x0A00      VSTR     S0,[R0, #0]
    117            i += 3;
   \   000001A2   0x1CFF             ADDS     R7,R7,#+3
    118            dis[1] =  (int)(Data[i+2] << 24 | Data[i + 1] << 16 | Data[i] << 8) / 1000.0f / 256.0f;
   \   000001A4   0xEB06 0x0007      ADD      R0,R6,R7
   \   000001A8   0x7880             LDRB     R0,[R0, #+2]
   \   000001AA   0xEB06 0x0107      ADD      R1,R6,R7
   \   000001AE   0x7849             LDRB     R1,[R1, #+1]
   \   000001B0   0x0409             LSLS     R1,R1,#+16
   \   000001B2   0xEA51 0x6100      ORRS     R1,R1,R0, LSL #+24
   \   000001B6   0x5DF0             LDRB     R0,[R6, R7]
   \   000001B8   0xEA51 0x2100      ORRS     R1,R1,R0, LSL #+8
   \   000001BC   0xEE00 0x1A10      VMOV     S0,R1
   \   000001C0   0xEEB8 0x0AC0      VCVT.F32.S32 S0,S0
   \   000001C4   0xEDDF 0x....      VLDR.W   S1,??DataTable3  ;; 0x447a0000
   \   000001C8   0xEE80 0x0A20      VDIV.F32 S0,S0,S1
   \   000001CC   0xEDDF 0x....      VLDR.W   S1,??DataTable3_1  ;; 0x43800000
   \   000001D0   0xEE80 0x0A20      VDIV.F32 S0,S0,S1
   \   000001D4   0xF206 0x7010      ADDW     R0,R6,#+1808
   \   000001D8   0xED80 0x0A00      VSTR     S0,[R0, #0]
    119            i += 3;
   \   000001DC   0x1CFF             ADDS     R7,R7,#+3
    120            dis[2] =  (int)(Data[i+2] << 24 | Data[i + 1] << 16 | Data[i] << 8) / 1000.0f / 256.0f;
   \   000001DE   0xEB06 0x0007      ADD      R0,R6,R7
   \   000001E2   0x7880             LDRB     R0,[R0, #+2]
   \   000001E4   0xEB06 0x0107      ADD      R1,R6,R7
   \   000001E8   0x7849             LDRB     R1,[R1, #+1]
   \   000001EA   0x0409             LSLS     R1,R1,#+16
   \   000001EC   0xEA51 0x6100      ORRS     R1,R1,R0, LSL #+24
   \   000001F0   0x5DF0             LDRB     R0,[R6, R7]
   \   000001F2   0xEA51 0x2100      ORRS     R1,R1,R0, LSL #+8
   \   000001F6   0xEE00 0x1A10      VMOV     S0,R1
   \   000001FA   0xEEB8 0x0AC0      VCVT.F32.S32 S0,S0
   \   000001FE   0xEDDF 0x....      VLDR.W   S1,??DataTable3  ;; 0x447a0000
   \   00000202   0xEE80 0x0A20      VDIV.F32 S0,S0,S1
   \   00000206   0xEDDF 0x....      VLDR.W   S1,??DataTable3_1  ;; 0x43800000
   \   0000020A   0xEE80 0x0A20      VDIV.F32 S0,S0,S1
   \   0000020E   0xF206 0x7014      ADDW     R0,R6,#+1812
   \   00000212   0xED80 0x0A00      VSTR     S0,[R0, #0]
    121            i += 3;
   \   00000216   0x1CFF             ADDS     R7,R7,#+3
    122            dis[3] =  (int)(Data[i+2] << 24 | Data[i + 1] << 16 | Data[i] << 8) / 1000.0f / 256.0f;
   \   00000218   0xEB06 0x0007      ADD      R0,R6,R7
   \   0000021C   0x7880             LDRB     R0,[R0, #+2]
   \   0000021E   0xEB06 0x0107      ADD      R1,R6,R7
   \   00000222   0x7849             LDRB     R1,[R1, #+1]
   \   00000224   0x0409             LSLS     R1,R1,#+16
   \   00000226   0xEA51 0x6100      ORRS     R1,R1,R0, LSL #+24
   \   0000022A   0x5DF0             LDRB     R0,[R6, R7]
   \   0000022C   0xEA51 0x2100      ORRS     R1,R1,R0, LSL #+8
   \   00000230   0xEE00 0x1A10      VMOV     S0,R1
   \   00000234   0xEEB8 0x0AC0      VCVT.F32.S32 S0,S0
   \   00000238   0xEDDF 0x....      VLDR.W   S1,??DataTable3  ;; 0x447a0000
   \   0000023C   0xEE80 0x0A20      VDIV.F32 S0,S0,S1
   \   00000240   0xEDDF 0x....      VLDR.W   S1,??DataTable3_1  ;; 0x43800000
   \   00000244   0xEE80 0x0A20      VDIV.F32 S0,S0,S1
   \   00000248   0xF206 0x7018      ADDW     R0,R6,#+1816
   \   0000024C   0xED80 0x0A00      VSTR     S0,[R0, #0]
    123            
    124            float norm;
    125            float Py = positionFilter_y.newData(dis[0], t); 
   \   00000250   0x....             LDR.N    R0,??DataTable4_3
   \   00000252   0x6801             LDR      R1,[R0, #+0]
   \   00000254   0xF8D6 0x070C      LDR      R0,[R6, #+1804]
   \   00000258   0xEE00 0x0A10      VMOV     S0,R0
   \   0000025C   0xF516 0x7075      ADDS     R0,R6,#+980
   \   00000260   0x.... 0x....      BL       _ZN11CJumpFilter7newDataEfi
   \   00000264   0xEEB0 0x9A40      VMOV.F32 S18,S0
    126            double distanceZsqr = (1.4 - EKF_AHRS->fusion.position.z) * (1.4 - EKF_AHRS->fusion.position.z);
   \   00000268   0x....             LDR.N    R0,??DataTable4_5
   \   0000026A   0x6800             LDR      R0,[R0, #+0]
   \   0000026C   0x30DC             ADDS     R0,R0,#+220
   \   0000026E   0x.... 0x....      BL       _ZN17CoordinateElementcvfEv
   \   00000272   0xEEB0 0x8A40      VMOV.F32 S16,S0
   \   00000276   0x....             LDR.N    R0,??DataTable4_5
   \   00000278   0x6800             LDR      R0,[R0, #+0]
   \   0000027A   0x30DC             ADDS     R0,R0,#+220
   \   0000027C   0x.... 0x....      BL       _ZN17CoordinateElementcvfEv
   \   00000280   0xEEF0 0x8A40      VMOV.F32 S17,S0
   \   00000284   0xEE18 0x0A10      VMOV     R0,S16
   \   00000288   0x.... 0x....      BL       __aeabi_f2d
   \   0000028C   0x0002             MOVS     R2,R0
   \   0000028E   0x000B             MOVS     R3,R1
   \   00000290   0xF05F 0x3066      MOVS     R0,#+1717986918
   \   00000294   0x....             LDR.N    R1,??DataTable4_6  ;; 0x3ff66666
   \   00000296   0x.... 0x....      BL       __aeabi_dsub
   \   0000029A   0x0004             MOVS     R4,R0
   \   0000029C   0x000D             MOVS     R5,R1
   \   0000029E   0xEE18 0x0A90      VMOV     R0,S17
   \   000002A2   0x.... 0x....      BL       __aeabi_f2d
   \   000002A6   0x0002             MOVS     R2,R0
   \   000002A8   0x000B             MOVS     R3,R1
   \   000002AA   0xF05F 0x3066      MOVS     R0,#+1717986918
   \   000002AE   0x....             LDR.N    R1,??DataTable4_6  ;; 0x3ff66666
   \   000002B0   0x.... 0x....      BL       __aeabi_dsub
   \   000002B4   0x0022             MOVS     R2,R4
   \   000002B6   0x002B             MOVS     R3,R5
   \   000002B8   0x.... 0x....      BL       __aeabi_dmul
   \   000002BC   0xEC41 0x0B18      VMOV     D8,R0,R1
    127            double distanceXsqr = (EKF_AHRS->fusion.position.x - Navigation->DesiredDistanceToScreen / 2.0f)  * //距超宽带X方向距离
    128                                    (EKF_AHRS->fusion.position.x - Navigation->DesiredDistanceToScreen / 2.0f); 
   \   000002C0   0x....             LDR.N    R0,??DataTable4_5
   \   000002C2   0x6800             LDR      R0,[R0, #+0]
   \   000002C4   0x30A4             ADDS     R0,R0,#+164
   \   000002C6   0x.... 0x....      BL       _ZN17CoordinateElementcvfEv
   \   000002CA   0xEEF0 0x9A40      VMOV.F32 S19,S0
   \   000002CE   0x....             LDR.N    R0,??DataTable4_5
   \   000002D0   0x6800             LDR      R0,[R0, #+0]
   \   000002D2   0x30A4             ADDS     R0,R0,#+164
   \   000002D4   0x.... 0x....      BL       _ZN17CoordinateElementcvfEv
   \   000002D8   0x....             LDR.N    R0,??DataTable4_7
   \   000002DA   0x6800             LDR      R0,[R0, #+0]
   \   000002DC   0xEDD0 0x0A2A      VLDR     S1,[R0, #+168]
   \   000002E0   0xEEB0 0x1A00      VMOV.F32 S2,#2.0
   \   000002E4   0xEEC0 0x0A81      VDIV.F32 S1,S1,S2
   \   000002E8   0xEE79 0x0AE0      VSUB.F32 S1,S19,S1
   \   000002EC   0x....             LDR.N    R0,??DataTable4_7
   \   000002EE   0x6800             LDR      R0,[R0, #+0]
   \   000002F0   0xED90 0x1A2A      VLDR     S2,[R0, #+168]
   \   000002F4   0xEEF0 0x1A00      VMOV.F32 S3,#2.0
   \   000002F8   0xEE81 0x1A21      VDIV.F32 S2,S2,S3
   \   000002FC   0xEE30 0x0A41      VSUB.F32 S0,S0,S2
   \   00000300   0xEE20 0x0A80      VMUL.F32 S0,S1,S0
   \   00000304   0xEE10 0x0A10      VMOV     R0,S0
   \   00000308   0x.... 0x....      BL       __aeabi_f2d
   \   0000030C   0xEC41 0x0B1A      VMOV     D10,R0,R1
    129            arm_sqrt_f32(Py * Py - distanceZsqr - distanceXsqr, &norm); //计算水平距离
   \   00000310   0x4668             MOV      R0,SP
   \   00000312   0x0004             MOVS     R4,R0
   \   00000314   0xEE29 0x0A09      VMUL.F32 S0,S18,S18
   \   00000318   0xEE10 0x0A10      VMOV     R0,S0
   \   0000031C   0x.... 0x....      BL       __aeabi_f2d
   \   00000320   0xEC53 0x2B18      VMOV     R2,R3,D8
   \   00000324   0x.... 0x....      BL       __aeabi_dsub
   \   00000328   0xEC53 0x2B1A      VMOV     R2,R3,D10
   \   0000032C   0x.... 0x....      BL       __aeabi_dsub
   \   00000330   0x.... 0x....      BL       __aeabi_d2f
   \   00000334   0xEE00 0x0A10      VMOV     S0,R0
   \   00000338   0x0020             MOVS     R0,R4
   \   0000033A   0x.... 0x....      BL       _ZN36_INTERNAL_14_UWB_decode_cpp_a64c46b612arm_sqrt_f32EfPf
    130            positionF.y = 7.4 - norm; //7.4是自定义的原点位置
   \   0000033E   0x9800             LDR      R0,[SP, #+0]
   \   00000340   0x.... 0x....      BL       __aeabi_f2d
   \   00000344   0x0002             MOVS     R2,R0
   \   00000346   0x000B             MOVS     R3,R1
   \   00000348   0x....             LDR.N    R0,??DataTable4_8  ;; 0x9999999a
   \   0000034A   0x....             LDR.N    R1,??DataTable4_9  ;; 0x401d9999
   \   0000034C   0x.... 0x....      BL       __aeabi_dsub
   \   00000350   0x.... 0x....      BL       __aeabi_d2f
   \   00000354   0xEE00 0x0A10      VMOV     S0,R0
   \   00000358   0xF516 0x60CF      ADDS     R0,R6,#+1656
   \   0000035C   0x.... 0x....      BL       _ZN17CoordinateElementaSEf
    131            positionF.x = positionFilter_x.newData(positionRaw.y, t); //x y轴换一下
   \   00000360   0xF516 0x60A5      ADDS     R0,R6,#+1320
   \   00000364   0x.... 0x....      BL       _ZN17CoordinateElementcvfEv
   \   00000368   0x....             LDR.N    R0,??DataTable4_3
   \   0000036A   0x6801             LDR      R1,[R0, #+0]
   \   0000036C   0xF516 0x7067      ADDS     R0,R6,#+924
   \   00000370   0x.... 0x....      BL       _ZN11CJumpFilter7newDataEfi
   \   00000374   0xF206 0x605C      ADDW     R0,R6,#+1628
   \   00000378   0x.... 0x....      BL       _ZN17CoordinateElementaSEf
    132          }
   \                     ??decode_0: (+1)
   \   0000037C   0xB004             ADD      SP,SP,#+16
   \   0000037E   0xECBD 0x8B06      VPOP     {D8-D10}
   \   00000382   0xBDF1             POP      {R0,R4-R7,PC}    ;; return
    133          
    134          

   \                                 In section .text, align 2, keep-with-next
    135          void CUWB::TX_::startDMA_Transmit()
    136          { 
    137            //调整源地址
    138            DMA0->TCD[DMA_CH5].SADDR = DMA_SADDR_SADDR(UWB->TX.data);
   \                     _ZN4CUWB3TX_17startDMA_TransmitEv: (+1)
   \   00000000   0x....             LDR.N    R1,??DataTable4_2
   \   00000002   0x6809             LDR      R1,[R1, #+0]
   \   00000004   0xF201 0x711C      ADDW     R1,R1,#+1820
   \   00000008   0x....             LDR.N    R2,??DataTable4_10  ;; 0x400090a0
   \   0000000A   0x6011             STR      R1,[R2, #+0]
    139            
    140            //设置主循环计数器 current major loop count
    141            DMA0->TCD[DMA_CH5].CITER_ELINKNO = DMA_CITER_ELINKNO_CITER(UWB->TX.index);
   \   0000000C   0x....             LDR.N    R1,??DataTable4_2
   \   0000000E   0x6809             LDR      R1,[R1, #+0]
   \   00000010   0xF8D1 0x1780      LDR      R1,[R1, #+1920]
   \   00000014   0x0449             LSLS     R1,R1,#+17       ;; ZeroExtS R1,R1,#+17,#+17
   \   00000016   0x0C49             LSRS     R1,R1,#+17
   \   00000018   0x....             LDR.N    R2,??DataTable4_11  ;; 0x400090b6
   \   0000001A   0x8011             STRH     R1,[R2, #+0]
    142            
    143            //起始循环计数器，当主循环计数器为零的时候，将装载起始循环计数器的值
    144            DMA0->TCD[DMA_CH5].BITER_ELINKNO = DMA_CITER_ELINKNO_CITER(UWB->TX.index);
   \   0000001C   0x....             LDR.N    R1,??DataTable4_2
   \   0000001E   0x6809             LDR      R1,[R1, #+0]
   \   00000020   0xF8D1 0x1780      LDR      R1,[R1, #+1920]
   \   00000024   0x0449             LSLS     R1,R1,#+17       ;; ZeroExtS R1,R1,#+17,#+17
   \   00000026   0x0C49             LSRS     R1,R1,#+17
   \   00000028   0x....             LDR.N    R2,??DataTable4_12  ;; 0x400090be
   \   0000002A   0x8011             STRH     R1,[R2, #+0]
    145              
    146            DMA_EnableReq(DMA_CH5);
   \   0000002C   0x....             LDR.N    R1,??DataTable4_13  ;; 0x4000800c
   \   0000002E   0x6809             LDR      R1,[R1, #+0]
   \   00000030   0xF051 0x0120      ORRS     R1,R1,#0x20
   \   00000034   0x....             LDR.N    R2,??DataTable4_13  ;; 0x4000800c
   \   00000036   0x6011             STR      R1,[R2, #+0]
    147          }
   \   00000038   0x4770             BX       LR               ;; return

   \                                 In section .text, align 4, keep-with-next
   \                     ??DataTable2:
   \   00000000   0x3E19999A         DC32     0x3e19999a

   \                                 In section .text, align 4, keep-with-next
   \                     ??DataTable3:
   \   00000000   0x447A0000         DC32     0x447a0000

   \                                 In section .text, align 4, keep-with-next
   \                     ??DataTable3_1:
   \   00000000   0x43800000         DC32     0x43800000

   \                                 In section .text, align 4, keep-with-next
   \                     ??DataTable4:
   \   00000000   0x........         DC32     `UWB_Init()::static guard for UWB_0`

   \                                 In section .text, align 4, keep-with-next
   \                     ??DataTable4_1:
   \   00000000   0x........         DC32     `UWB_Init()::UWB_0`

   \                                 In section .text, align 4, keep-with-next
   \                     ??DataTable4_2:
   \   00000000   0x........         DC32     UWB

   \                                 In section .text, align 4, keep-with-next
   \                     ??DataTable4_3:
   \   00000000   0x........         DC32     t

   \                                 In section .text, align 4, keep-with-next
   \                     ??DataTable4_4:
   \   00000000   0x40009090         DC32     0x40009090

   \                                 In section .text, align 4, keep-with-next
   \                     ??DataTable4_5:
   \   00000000   0x........         DC32     EKF_AHRS

   \                                 In section .text, align 4, keep-with-next
   \                     ??DataTable4_6:
   \   00000000   0x3FF66666         DC32     0x3ff66666

   \                                 In section .text, align 4, keep-with-next
   \                     ??DataTable4_7:
   \   00000000   0x........         DC32     Navigation

   \                                 In section .text, align 4, keep-with-next
   \                     ??DataTable4_8:
   \   00000000   0x9999999A         DC32     0x9999999a

   \                                 In section .text, align 4, keep-with-next
   \                     ??DataTable4_9:
   \   00000000   0x401D9999         DC32     0x401d9999

   \                                 In section .text, align 4, keep-with-next
   \                     ??DataTable4_10:
   \   00000000   0x400090A0         DC32     0x400090a0

   \                                 In section .text, align 4, keep-with-next
   \                     ??DataTable4_11:
   \   00000000   0x400090B6         DC32     0x400090b6

   \                                 In section .text, align 4, keep-with-next
   \                     ??DataTable4_12:
   \   00000000   0x400090BE         DC32     0x400090be

   \                                 In section .text, align 4, keep-with-next
   \                     ??DataTable4_13:
   \   00000000   0x4000800C         DC32     0x4000800c

   Maximum stack usage in bytes:

   .cstack Function
   ------- --------
       0   CJumpFilter::CJumpFilter()
       8   CUWB::CUWB()
         8   -> CJumpFilter::CJumpFilter()
         8   -> Coordinate::Coordinate()
       0   CUWB::TX_::startDMA_Transmit()
      64   CUWB::decode(int)
        64   -> CJumpFilter::newData(float, int)
        64   -> CoordinateElement::operator float()
        64   -> CoordinateElement::operator=(float)
        64   -> __aeabi_d2f
        64   -> __aeabi_dmul
        64   -> __aeabi_dsub
        64   -> __aeabi_f2d
        64   -> arm_sqrt_f32(float, float *)
      48   CUWB::update()
        48   -> CJumpFilter::checkIsNewData(int)
        48   -> CUWB::decode(int)
       8   Coordinate::Coordinate()
         8   -> CoordinateElement::CoordinateElement()
       0   CoordinateElement::CoordinateElement()
       8   UWB_Init()
         8   -> CJumpFilter::setParameter(float, int)
         8   -> CJumpFilter::setParameter(float, int, float)
         8   -> CUWB::CUWB()
       0   arm_sqrt_f32(float, float *)


   Section sizes:

   Bytes  Function/Label
   -----  --------------
       4  ??DataTable2
       4  ??DataTable3
       4  ??DataTable3_1
       4  ??DataTable4
       4  ??DataTable4_1
       4  ??DataTable4_10
       4  ??DataTable4_11
       4  ??DataTable4_12
       4  ??DataTable4_13
       4  ??DataTable4_2
       4  ??DataTable4_3
       4  ??DataTable4_4
       4  ??DataTable4_5
       4  ??DataTable4_6
       4  ??DataTable4_7
       4  ??DataTable4_8
       4  ??DataTable4_9
      24  CJumpFilter::CJumpFilter()
     118  CUWB::CUWB()
      58  CUWB::TX_::startDMA_Transmit()
     900  CUWB::decode(int)
     342  CUWB::update()
      30  Coordinate::Coordinate()
      28  CoordinateElement::CoordinateElement()
       4  UWB
    1928  UWB_0
     128  UWB_Init()
      34  arm_sqrt_f32(float, float *)
      37  -- Other

 
    24 bytes in section .ARM.exidx
    12 bytes in section .ARM.extab
 1 933 bytes in section .bss
 1 730 bytes in section .text
 
 1 530 bytes of CODE  memory (+ 200 bytes shared)
    36 bytes of CONST memory
 1 933 bytes of DATA  memory

Errors: none
Warnings: none
