###############################################################################
#
# IAR ANSI C/C++ Compiler V8.11.2.13589/W32 for ARM       18/Jun/2018  19:48:05
# Copyright 1999-2017 IAR Systems AB.
#
#    Cpu mode     =  thumb
#    Endian       =  little
#    Source file  =  
#        C:\Users\xsk19940910\Desktop\flightController-1\flightController-1\program\app\Sensor\VideoStation.cpp
#    Command line =  
#        -f C:\Users\XSK199~1\AppData\Local\Temp\EW37A6.tmp
#        (C:\Users\xsk19940910\Desktop\flightController-1\flightController-1\program\app\Sensor\VideoStation.cpp
#        -D K60 -D USE_K60F15 -D ARM_MATH_CM4 -D __FPU_PRESENT=1 -D
#        __FPU_USED=1 -lCN
#        C:\Users\xsk19940910\Desktop\flightController-1\flightController-1\program\iar\RAM\List
#        -lB
#        C:\Users\xsk19940910\Desktop\flightController-1\flightController-1\program\iar\RAM\List
#        -o
#        C:\Users\xsk19940910\Desktop\flightController-1\flightController-1\program\iar\RAM\Obj
#        --no_cse --no_unroll --no_inline --no_code_motion --no_tbaa
#        --no_clustering --no_scheduling --debug --endian=little
#        --cpu=Cortex-M4 -e --fpu=VFPv4_sp --dlib_config
#        D:\iar\arm\INC\c\DLib_Config_Normal.h -I
#        C:\Users\xsk19940910\Desktop\flightController-1\flightController-1\program\iar\..\app\
#        -I
#        C:\Users\xsk19940910\Desktop\flightController-1\flightController-1\program\iar\..\app\Sensor\
#        -I
#        C:\Users\xsk19940910\Desktop\flightController-1\flightController-1\program\iar\..\lib\CPU\
#        -I
#        C:\Users\xsk19940910\Desktop\flightController-1\flightController-1\program\iar\..\lib\common\
#        -I
#        C:\Users\xsk19940910\Desktop\flightController-1\flightController-1\program\iar\..\lib\LPLD\
#        -I
#        C:\Users\xsk19940910\Desktop\flightController-1\flightController-1\program\iar\..\lib\LPLD\HW\
#        -I
#        C:\Users\xsk19940910\Desktop\flightController-1\flightController-1\program\iar\..\lib\LPLD\DEV\
#        -I
#        C:\Users\xsk19940910\Desktop\flightController-1\flightController-1\program\iar\..\lib\LPLD\FUNC\
#        -I
#        C:\Users\xsk19940910\Desktop\flightController-1\flightController-1\program\iar\..\lib\uCOS-II\Ports\
#        -I
#        C:\Users\xsk19940910\Desktop\flightController-1\flightController-1\program\iar\..\lib\uCOS-II\Source\
#        -I
#        C:\Users\xsk19940910\Desktop\flightController-1\flightController-1\program\iar\..\lib\FatFs\
#        -I
#        C:\Users\xsk19940910\Desktop\flightController-1\flightController-1\program\iar\..\lib\FatFs\option\
#        -I
#        C:\Users\xsk19940910\Desktop\flightController-1\flightController-1\program\iar\..\lib\USB\common\
#        -I
#        C:\Users\xsk19940910\Desktop\flightController-1\flightController-1\program\iar\..\lib\USB\driver\
#        -I
#        C:\Users\xsk19940910\Desktop\flightController-1\flightController-1\program\iar\..\lib\USB\descriptor\
#        -I
#        C:\Users\xsk19940910\Desktop\flightController-1\flightController-1\program\iar\..\lib\USB\class\
#        -On --c++ -I D:\iar\arm\CMSIS\Include\ -D ARM_MATH_CM4)
#    Locale       =  C
#    List file    =  
#        C:\Users\xsk19940910\Desktop\flightController-1\flightController-1\program\iar\RAM\List\VideoStation.lst
#    Object file  =  
#        C:\Users\xsk19940910\Desktop\flightController-1\flightController-1\program\iar\RAM\Obj\VideoStation.o
#
###############################################################################

C:\Users\xsk19940910\Desktop\flightController-1\flightController-1\program\app\Sensor\VideoStation.cpp
      1          #include "VideoStation.h"

   \                                 In section .text, align 4
   \   __interwork __softfp bool DMA_isOccupying(uint8)
   \                     DMA_isOccupying: (+1)
   \   00000000   0x0001             MOVS     R1,R0
   \   00000002   0x4803             LDR.N    R0,??DMA_isOccupying_0  ;; 0x4000800c
   \   00000004   0x6800             LDR      R0,[R0, #+0]
   \   00000006   0x40C8             LSRS     R0,R0,R1
   \   00000008   0xF010 0x0001      ANDS     R0,R0,#0x1
   \   0000000C   0x4770             BX       LR               ;; return
   \   0000000E   0xBF00             Nop      
   \                     ??DMA_isOccupying_0:
   \   00000010   0x4000800C         DC32     0x4000800c

   \                                 In section .text, align 4
   \   __code __interwork __softfp CJumpFilter::CJumpFilter()
   \                     _ZN11CJumpFilterC1Ev: (+1)
   \   00000000   0x4904             LDR.N    R1,??CJumpFilter_0  ;; 0x42c80000
   \   00000002   0x6081             STR      R1,[R0, #+8]
   \   00000004   0xF44F 0x7196      MOV      R1,#+300
   \   00000008   0x6281             STR      R1,[R0, #+40]
   \   0000000A   0xF05F 0x517E      MOVS     R1,#+1065353216
   \   0000000E   0x62C1             STR      R1,[R0, #+44]
   \   00000010   0x4770             BX       LR               ;; return
   \   00000012   0xBF00             Nop      
   \                     ??CJumpFilter_0:
   \   00000014   0x42C80000         DC32     0x42c80000

   \                                 In section .text, align 4
   \   __code __interwork __softfp CoordinateElement::CoordinateElement()
   \                     _ZN17CoordinateElementC1Ev: (+1)
   \   00000000   0x4903             LDR.N    R1,??CoordinateElement_0  ;; 0x3f4ccccd
   \   00000002   0x6101             STR      R1,[R0, #+16]
   \   00000004   0x4903             LDR.N    R1,??CoordinateElement_0+0x4  ;; 0x461c4000
   \   00000006   0x6141             STR      R1,[R0, #+20]
   \   00000008   0x4903             LDR.N    R1,??CoordinateElement_0+0x8  ;; 0xc61c4000
   \   0000000A   0x6181             STR      R1,[R0, #+24]
   \   0000000C   0x4770             BX       LR               ;; return
   \   0000000E   0xBF00             Nop      
   \                     ??CoordinateElement_0:
   \   00000010   0x3F4CCCCD         DC32     0x3f4ccccd
   \   00000014   0x461C4000         DC32     0x461c4000
   \   00000018   0xC61C4000         DC32     0xc61c4000

   \                                 In section .text, align 2
   \   __code __interwork __softfp Coordinate::Coordinate()
   \                     _ZN10CoordinateC1Ev: (+1)
   \   00000000   0xB510             PUSH     {R4,LR}
   \   00000002   0x0004             MOVS     R4,R0
   \   00000004   0x0020             MOVS     R0,R4
   \   00000006   0x.... 0x....      BL       _ZN17CoordinateElementC1Ev
   \   0000000A   0xF114 0x001C      ADDS     R0,R4,#+28
   \   0000000E   0x.... 0x....      BL       _ZN17CoordinateElementC1Ev
   \   00000012   0xF114 0x0038      ADDS     R0,R4,#+56
   \   00000016   0x.... 0x....      BL       _ZN17CoordinateElementC1Ev
   \   0000001A   0x0020             MOVS     R0,R4
   \   0000001C   0xBD10             POP      {R4,PC}          ;; return

   \                                 In section .text, align 2
   \   __interwork __softfp void CVideoStation::TX_::add(char)
   \                     _ZN13CVideoStation3TX_3addEc: (+1)
   \   00000000   0xF8D0 0x212C      LDR      R2,[R0, #+300]
   \   00000004   0x1C53             ADDS     R3,R2,#+1
   \   00000006   0xF8C0 0x312C      STR      R3,[R0, #+300]
   \   0000000A   0x5481             STRB     R1,[R0, R2]
   \   0000000C   0x4770             BX       LR               ;; return

   \                                 In section .text, align 2
   \   __interwork __softfp void CVideoStation::TX_::clear()
   \                     _ZN13CVideoStation3TX_5clearEv: (+1)
   \   00000000   0xB570             PUSH     {R4-R6,LR}
   \   00000002   0x0004             MOVS     R4,R0
   \   00000004   0xF44F 0x7596      MOV      R5,#+300
   \   00000008   0x2600             MOVS     R6,#+0
   \   0000000A   0x0032             MOVS     R2,R6
   \   0000000C   0x0029             MOVS     R1,R5
   \   0000000E   0x0020             MOVS     R0,R4
   \   00000010   0x.... 0x....      BL       __aeabi_memset
   \   00000014   0x2000             MOVS     R0,#+0
   \   00000016   0xF8C4 0x012C      STR      R0,[R4, #+300]
   \   0000001A   0xBD70             POP      {R4-R6,PC}       ;; return

   \                                 In section .text, align 4
   \   __code __interwork __softfp CVideoStation::CVideoStation()
   \                     _ZN13CVideoStationC1Ev: (+1)
   \   00000000   0xB510             PUSH     {R4,LR}
   \   00000002   0x0004             MOVS     R4,R0
   \   00000004   0xF204 0x70F4      ADDW     R0,R4,#+2036
   \   00000008   0x.... 0x....      BL       _ZN11CJumpFilterC1Ev
   \   0000000C   0xF604 0x002C      ADDW     R0,R4,#+2092
   \   00000010   0x.... 0x....      BL       _ZN11CJumpFilterC1Ev
   \   00000014   0xF604 0x0064      ADDW     R0,R4,#+2148
   \   00000018   0x.... 0x....      BL       _ZN11CJumpFilterC1Ev
   \   0000001C   0xF604 0x009C      ADDW     R0,R4,#+2204
   \   00000020   0x.... 0x....      BL       _ZN11CJumpFilterC1Ev
   \   00000024   0xF604 0x00E4      ADDW     R0,R4,#+2276
   \   00000028   0x.... 0x....      BL       _ZN10CoordinateC1Ev
   \   0000002C   0xF604 0x1038      ADDW     R0,R4,#+2360
   \   00000030   0x.... 0x....      BL       _ZN10CoordinateC1Ev
   \   00000034   0xF604 0x108C      ADDW     R0,R4,#+2444
   \   00000038   0x.... 0x....      BL       _ZN10CoordinateC1Ev
   \   0000003C   0xEEF3 0x0A04      VMOV.F32 S1,#20.0
   \   00000040   0x2164             MOVS     R1,#+100
   \   00000042   0xED9F 0x0A08      VLDR.W   S0,??CVideoStation_0  ;; 0x3e19999a
   \   00000046   0xF204 0x70F4      ADDW     R0,R4,#+2036
   \   0000004A   0x.... 0x....      BL       _ZN11CJumpFilter12setParameterEfif
   \   0000004E   0xEEF3 0x0A04      VMOV.F32 S1,#20.0
   \   00000052   0x2164             MOVS     R1,#+100
   \   00000054   0xED9F 0x0A03      VLDR.W   S0,??CVideoStation_0  ;; 0x3e19999a
   \   00000058   0xF604 0x002C      ADDW     R0,R4,#+2092
   \   0000005C   0x.... 0x....      BL       _ZN11CJumpFilter12setParameterEfif
   \   00000060   0x0020             MOVS     R0,R4
   \                     ??CVideoStation_1: (+1)
   \   00000062   0xBD10             POP      {R4,PC}          ;; return
   \                     ??CVideoStation_0:
   \   00000064   0x3E19999A         DC32     0x3e19999a
      2          

   \                                 In section .bss, align 4
      3          CVideoStation *videoStation;
   \                     videoStation:
   \   00000000                      DS8 4
      4          
      5          

   \                                 In section .text, align 4, keep-with-next
      6          void VideoStation_Init()
      7          {
   \                     _Z17VideoStation_Initv: (+1)
   \   00000000   0xB580             PUSH     {R7,LR}
   \   00000002   0x.... 0x....      LDR.W    R0,??DataTable4_4
   \   00000006   0x7800             LDRB     R0,[R0, #+0]
   \   00000008   0x2800             CMP      R0,#+0
   \   0000000A   0xD107             BNE.N    ??VideoStation_Init_0
      8            static CVideoStation videoStation_0;
   \   0000000C   0x.... 0x....      LDR.W    R0,??DataTable4_5
   \   00000010   0x.... 0x....      BL       _ZN13CVideoStationC1Ev
   \   00000014   0x2001             MOVS     R0,#+1
   \   00000016   0x.... 0x....      LDR.W    R1,??DataTable4_4
   \   0000001A   0x7008             STRB     R0,[R1, #+0]
      9            videoStation = &videoStation_0;
   \                     ??VideoStation_Init_0: (+1)
   \   0000001C   0x.... 0x....      LDR.W    R0,??DataTable4_5
   \   00000020   0x.... 0x....      LDR.W    R1,??DataTable4_6
   \   00000024   0x6008             STR      R0,[R1, #+0]
     10            
     11            videoStation->DMA_CHn_Rx = DMA_CH6;
   \   00000026   0x2006             MOVS     R0,#+6
   \   00000028   0x.... 0x....      LDR.W    R1,??DataTable4_6
   \   0000002C   0x6809             LDR      R1,[R1, #+0]
   \   0000002E   0x7008             STRB     R0,[R1, #+0]
     12            videoStation->DMA_CHn_Tx = DMA_CH7;
   \   00000030   0x2007             MOVS     R0,#+7
   \   00000032   0x.... 0x....      LDR.W    R1,??DataTable4_6
   \   00000036   0x6809             LDR      R1,[R1, #+0]
   \   00000038   0x7048             STRB     R0,[R1, #+1]
     13            
     14            videoStation->positionFilterX.setParameter(100, 100);
   \   0000003A   0x2164             MOVS     R1,#+100
   \   0000003C   0xED9F 0x....      VLDR.W   S0,??DataTable0  ;; 0x42c80000
   \   00000040   0x.... 0x....      LDR.W    R0,??DataTable4_6
   \   00000044   0x6800             LDR      R0,[R0, #+0]
   \   00000046   0xF600 0x0064      ADDW     R0,R0,#+2148
   \   0000004A   0x.... 0x....      BL       _ZN11CJumpFilter12setParameterEfi
     15            videoStation->positionFilterX.maxValue = 240;
   \   0000004E   0x.... 0x....      LDR.W    R0,??DataTable4_6
   \   00000052   0x6800             LDR      R0,[R0, #+0]
   \   00000054   0x.... 0x....      LDR.W    R1,??DataTable4_7  ;; 0x43700000
   \   00000058   0xF8C0 0x1870      STR      R1,[R0, #+2160]
     16            videoStation->positionFilterX.minValue = 0;
   \   0000005C   0x.... 0x....      LDR.W    R0,??DataTable4_6
   \   00000060   0x6800             LDR      R0,[R0, #+0]
   \   00000062   0x2100             MOVS     R1,#+0
   \   00000064   0xF8C0 0x1874      STR      R1,[R0, #+2164]
     17            
     18            
     19            videoStation->positionFilterY.setParameter(100, 100);
   \   00000068   0x2164             MOVS     R1,#+100
   \   0000006A   0xED9F 0x....      VLDR.W   S0,??DataTable0  ;; 0x42c80000
   \   0000006E   0x.... 0x....      LDR.W    R0,??DataTable4_6
   \   00000072   0x6800             LDR      R0,[R0, #+0]
   \   00000074   0xF600 0x009C      ADDW     R0,R0,#+2204
   \   00000078   0x.... 0x....      BL       _ZN11CJumpFilter12setParameterEfi
     20            videoStation->positionFilterY.maxValue = 320;
   \   0000007C   0x.... 0x....      LDR.W    R0,??DataTable4_6
   \   00000080   0x6800             LDR      R0,[R0, #+0]
   \   00000082   0x.... 0x....      LDR.W    R1,??DataTable4_8  ;; 0x43a00000
   \   00000086   0xF8C0 0x18A8      STR      R1,[R0, #+2216]
     21            videoStation->positionFilterY.minValue = 0;
   \   0000008A   0x.... 0x....      LDR.W    R0,??DataTable4_6
   \   0000008E   0x6800             LDR      R0,[R0, #+0]
   \   00000090   0x2100             MOVS     R1,#+0
   \   00000092   0xF8C0 0x18AC      STR      R1,[R0, #+2220]
     22          }
   \                     ??VideoStation_Init_1: (+1)
   \   00000096   0xBD01             POP      {R0,PC}          ;; return

   \                                 In section .bss, align 4
   \                     `VideoStation_Init()::videoStation_0`:
   \   00000000                      DS8 2856
     23          
     24          

   \                                 In section .text, align 4, keep-with-next
     25          void CVideoStation::updateUart()
     26          {
   \                     _ZN13CVideoStation10updateUartEv: (+1)
   \   00000000   0xE92D 0x4FF8      PUSH     {R3-R11,LR}
   \   00000004   0xED2D 0x8B02      VPUSH    {D8}
   \   00000008   0xB084             SUB      SP,SP,#+16
   \   0000000A   0x0005             MOVS     R5,R0
     27            bool newPackage = false;
   \   0000000C   0x2000             MOVS     R0,#+0
   \   0000000E   0xF88D 0x0000      STRB     R0,[SP, #+0]
     28            int i = 0, i0 = 0;
   \   00000012   0xF05F 0x0900      MOVS     R9,#+0
   \   00000016   0x2600             MOVS     R6,#+0
     29            int address0 = (DMA0->TCD[DMA_CHn_Rx].DADDR) - (uint32)(&uartData[0]);
   \   00000018   0x.... 0x....      LDR.W    R0,??DataTable4_9  ;; 0x40009000
   \   0000001C   0x7829             LDRB     R1,[R5, #+0]
   \   0000001E   0x0149             LSLS     R1,R1,#+5
   \   00000020   0x4408             ADD      R0,R0,R1
   \   00000022   0x6900             LDR      R0,[R0, #+16]
   \   00000024   0x1CAF             ADDS     R7,R5,#+2
   \   00000026   0x1BC7             SUBS     R7,R0,R7
     30            int moveLength = 0;
   \   00000028   0xF05F 0x0800      MOVS     R8,#+0
     31            const int packageLength = 6;
   \   0000002C   0x2006             MOVS     R0,#+6
   \   0000002E   0x9001             STR      R0,[SP, #+4]
     32            
     33            bool loopFlag = false;
   \   00000030   0x2400             MOVS     R4,#+0
     34            byteInterval = t - byte_lastTime;
   \   00000032   0x.... 0x....      LDR.W    R0,??DataTable4_10
   \   00000036   0x6801             LDR      R1,[R0, #+0]
   \   00000038   0xF8D5 0x07D8      LDR      R0,[R5, #+2008]
   \   0000003C   0x1A09             SUBS     R1,R1,R0
   \   0000003E   0xF8C5 0x17D4      STR      R1,[R5, #+2004]
     35            
     36            if(byteInterval > 300 || !positionFilterX.valid || !positionFilterY.valid)
   \   00000042   0xF8D5 0x07D4      LDR      R0,[R5, #+2004]
   \   00000046   0xF240 0x112D      MOVW     R1,#+301
   \   0000004A   0x4288             CMP      R0,R1
   \   0000004C   0xDA07             BGE.N    ??updateUart_0
   \   0000004E   0xF895 0x0898      LDRB     R0,[R5, #+2200]
   \   00000052   0x2800             CMP      R0,#+0
   \   00000054   0xD003             BEQ.N    ??updateUart_0
   \   00000056   0xF895 0x08D0      LDRB     R0,[R5, #+2256]
   \   0000005A   0x2800             CMP      R0,#+0
   \   0000005C   0xD102             BNE.N    ??updateUart_1
     37            {
     38              valid = false;
   \                     ??updateUart_0: (+1)
   \   0000005E   0x2000             MOVS     R0,#+0
   \   00000060   0xF885 0x09E0      STRB     R0,[R5, #+2528]
     39            }
     40            
     41            if(byte_lastAddress != address0)
   \                     ??updateUart_1: (+1)
   \   00000064   0xF8D5 0x07DC      LDR      R0,[R5, #+2012]
   \   00000068   0x42B8             CMP      R0,R7
   \   0000006A   0xD001             BEQ.N    ??updateUart_2
     42            {
     43              byte_lastAddress = address0;
   \   0000006C   0xF8C5 0x77DC      STR      R7,[R5, #+2012]
     44            }
     45            for(; i < address0; i++)
   \                     ??updateUart_2: (+1)
   \   00000070   0x45B9             CMP      R9,R7
   \   00000072   0xF280 0x80C7      BGE.W    ??updateUart_3
     46            {
     47              for(; uartData[i] != 'e'; i++)
   \                     ??updateUart_4: (+1)
   \   00000076   0xEB05 0x0009      ADD      R0,R5,R9
   \   0000007A   0x7880             LDRB     R0,[R0, #+2]
   \   0000007C   0x2865             CMP      R0,#+101
   \   0000007E   0xD007             BEQ.N    ??updateUart_5
     48              {
     49                if(i >= address0)
   \   00000080   0x45B9             CMP      R9,R7
   \   00000082   0xDB02             BLT.N    ??updateUart_6
     50                {
     51                  loopFlag = true;
   \   00000084   0x2001             MOVS     R0,#+1
   \   00000086   0x0004             MOVS     R4,R0
     52                  break;
   \   00000088   0xE002             B.N      ??updateUart_5
     53                }
     54              }
   \                     ??updateUart_6: (+1)
   \   0000008A   0xF119 0x0901      ADDS     R9,R9,#+1
   \   0000008E   0xE7F2             B.N      ??updateUart_4
     55                
     56              if(loopFlag)
   \                     ??updateUart_5: (+1)
   \   00000090   0xB2E4             UXTB     R4,R4            ;; ZeroExt  R4,R4,#+24,#+24
   \   00000092   0x2C00             CMP      R4,#+0
   \   00000094   0xF040 0x80B6      BNE.W    ??updateUart_3
     57              {
     58                break;
     59              }
     60              if(i - i0 < packageLength - 1)
   \                     ??updateUart_7: (+1)
   \   00000098   0xEBB9 0x0006      SUBS     R0,R9,R6
   \   0000009C   0x2805             CMP      R0,#+5
   \   0000009E   0xF2C0 0x80AE      BLT.W    ??updateUart_8
     61              {
     62                continue;
     63              }
     64              
     65          //    char checkSum = 0; //注意每个包的checkSum都要清零
     66          //    for(int k = i - (packageLength - 1); k < i - 1; k++)
     67          //    {
     68          //      checkSum += uartData[k];
     69          //    }
     70          //    if(checkSum != uartData[i-1])
     71          //    {
     72          //      continue;
     73          //    }
     74              byte_lastTime = t;
   \                     ??updateUart_9: (+1)
   \   000000A2   0x.... 0x....      LDR.W    R0,??DataTable4_10
   \   000000A6   0x6800             LDR      R0,[R0, #+0]
   \   000000A8   0xF8C5 0x07D8      STR      R0,[R5, #+2008]
     75              byte_lastAddress = address0;
   \   000000AC   0xF8C5 0x77DC      STR      R7,[R5, #+2012]
     76              i0 = i;    
   \   000000B0   0x464E             MOV      R6,R9
     77              
     78              int packageTop = i - packageLength + 1;
   \   000000B2   0xF1B9 0x0A05      SUBS     R10,R9,#+5
     79              valid = (bool)(uartData[packageTop] - '0');
   \   000000B6   0xEB05 0x000A      ADD      R0,R5,R10
   \   000000BA   0x7880             LDRB     R0,[R0, #+2]
   \   000000BC   0x3830             SUBS     R0,R0,#+48
   \   000000BE   0x2800             CMP      R0,#+0
   \   000000C0   0xD001             BEQ.N    ??updateUart_10
   \   000000C2   0x2001             MOVS     R0,#+1
   \   000000C4   0xE000             B.N      ??updateUart_11
   \                     ??updateUart_10: (+1)
   \   000000C6   0x2000             MOVS     R0,#+0
   \                     ??updateUart_11: (+1)
   \   000000C8   0xF885 0x09E0      STRB     R0,[R5, #+2528]
     80              packageTop += 1;
   \   000000CC   0xF11A 0x0A01      ADDS     R10,R10,#+1
     81              
     82              switch(uartData[packageTop] - '0')
   \   000000D0   0xEB05 0x000A      ADD      R0,R5,R10
   \   000000D4   0x7880             LDRB     R0,[R0, #+2]
   \   000000D6   0x3830             SUBS     R0,R0,#+48
   \   000000D8   0x2800             CMP      R0,#+0
   \   000000DA   0xD005             BEQ.N    ??updateUart_12
   \   000000DC   0x2802             CMP      R0,#+2
   \   000000DE   0xD00B             BEQ.N    ??updateUart_13
   \   000000E0   0xD306             BCC.N    ??updateUart_14
   \   000000E2   0x2803             CMP      R0,#+3
   \   000000E4   0xD00C             BEQ.N    ??updateUart_15
   \   000000E6   0xE00E             B.N      ??updateUart_16
     83              {
     84              case 0:
     85                remoteState = searchScreen;
   \                     ??updateUart_12: (+1)
   \   000000E8   0x2000             MOVS     R0,#+0
   \   000000EA   0xF885 0x09ED      STRB     R0,[R5, #+2541]
     86                break;
   \   000000EE   0xE00A             B.N      ??updateUart_16
     87              case 1:
     88                remoteState = searchTarget;
   \                     ??updateUart_14: (+1)
   \   000000F0   0x2001             MOVS     R0,#+1
   \   000000F2   0xF885 0x09ED      STRB     R0,[R5, #+2541]
     89                break;
   \   000000F6   0xE006             B.N      ??updateUart_16
     90              case 2:
     91                remoteState = foundTarget;
   \                     ??updateUart_13: (+1)
   \   000000F8   0x2002             MOVS     R0,#+2
   \   000000FA   0xF885 0x09ED      STRB     R0,[R5, #+2541]
     92                break;
   \   000000FE   0xE002             B.N      ??updateUart_16
     93              case 3:
     94                remoteState = idel;
   \                     ??updateUart_15: (+1)
   \   00000100   0x2003             MOVS     R0,#+3
   \   00000102   0xF885 0x09ED      STRB     R0,[R5, #+2541]
     95                break;
     96              }
     97              if(myState == searchScreen  && (t - idelTime > 1000))
   \                     ??updateUart_16: (+1)
   \   00000106   0xF895 0x09EC      LDRB     R0,[R5, #+2540]
   \   0000010A   0x2800             CMP      R0,#+0
   \   0000010C   0xD10B             BNE.N    ??updateUart_17
   \   0000010E   0x....             LDR.N    R0,??DataTable4_10
   \   00000110   0x6801             LDR      R1,[R0, #+0]
   \   00000112   0xF8D5 0x09F0      LDR      R0,[R5, #+2544]
   \   00000116   0x1A09             SUBS     R1,R1,R0
   \   00000118   0xF240 0x30E9      MOVW     R0,#+1001
   \   0000011C   0x4281             CMP      R1,R0
   \   0000011E   0xDB02             BLT.N    ??updateUart_17
     98              {
     99                myState = searchTarget;
   \   00000120   0x2001             MOVS     R0,#+1
   \   00000122   0xF885 0x09EC      STRB     R0,[R5, #+2540]
    100              }
    101              
    102              if(valid)
   \                     ??updateUart_17: (+1)
   \   00000126   0xF895 0x09E0      LDRB     R0,[R5, #+2528]
   \   0000012A   0x2800             CMP      R0,#+0
   \   0000012C   0xD067             BEQ.N    ??updateUart_8
    103              {
    104                float distanceCmaera = 1.54;//Navigation->DesiredDistanceToScreen - EKF_AHRS->fusion.position.x + 0.1; //0.1是相机离超声波的距离
   \   0000012E   0xED9F 0x....      VLDR.W   S16,??DataTable3  ;; 0x3fc51eb8
    105                
    106                packageTop += 1;
   \   00000132   0xF11A 0x0A01      ADDS     R10,R10,#+1
    107                positionX_raw = (int16)(uartData[packageTop + 1] << 8 | uartData[packageTop]); //x坐标 单位像素
   \   00000136   0xEB05 0x000A      ADD      R0,R5,R10
   \   0000013A   0x78C0             LDRB     R0,[R0, #+3]
   \   0000013C   0xEB05 0x010A      ADD      R1,R5,R10
   \   00000140   0x7889             LDRB     R1,[R1, #+2]
   \   00000142   0xEA51 0x2100      ORRS     R1,R1,R0, LSL #+8
   \   00000146   0xB209             SXTH     R1,R1            ;; SignExt  R1,R1,#+16,#+16
   \   00000148   0xEE00 0x1A10      VMOV     S0,R1
   \   0000014C   0xEEB8 0x0AC0      VCVT.F32.S32 S0,S0
   \   00000150   0xF205 0x70E4      ADDW     R0,R5,#+2020
   \   00000154   0xED80 0x0A00      VSTR     S0,[R0, #0]
    108                positionX_F = positionFilterX.newData3(positionX_raw, t);
   \   00000158   0x....             LDR.N    R0,??DataTable4_10
   \   0000015A   0x6801             LDR      R1,[R0, #+0]
   \   0000015C   0xF8D5 0x07E4      LDR      R0,[R5, #+2020]
   \   00000160   0xEE00 0x0A10      VMOV     S0,R0
   \   00000164   0xF605 0x0064      ADDW     R0,R5,#+2148
   \   00000168   0x.... 0x....      BL       _ZN11CJumpFilter8newData3Efi
   \   0000016C   0xF605 0x00D4      ADDW     R0,R5,#+2260
   \   00000170   0xED80 0x0A00      VSTR     S0,[R0, #0]
    109                positionX_A = (positionX_F - 120) * distanceCmaera / 192;
   \   00000174   0xF8D5 0x08D4      LDR      R0,[R5, #+2260]
   \   00000178   0xEE00 0x0A10      VMOV     S0,R0
   \   0000017C   0xEDDF 0x....      VLDR.W   S1,??DataTable4  ;; 0xc2f00000
   \   00000180   0xEE30 0x0A20      VADD.F32 S0,S0,S1
   \   00000184   0xEE20 0x0A08      VMUL.F32 S0,S0,S16
   \   00000188   0xEDDF 0x....      VLDR.W   S1,??DataTable4_1  ;; 0x43400000
   \   0000018C   0xEE80 0x0A20      VDIV.F32 S0,S0,S1
   \   00000190   0xF605 0x00DC      ADDW     R0,R5,#+2268
   \   00000194   0xED80 0x0A00      VSTR     S0,[R0, #0]
    110                
    111                packageTop += 2;
   \   00000198   0xF11A 0x0A02      ADDS     R10,R10,#+2
    112                positionY_raw = (int16)(uartData[packageTop + 1] << 8 | uartData[packageTop]); //y坐标
   \   0000019C   0xEB05 0x000A      ADD      R0,R5,R10
   \   000001A0   0x78C0             LDRB     R0,[R0, #+3]
   \   000001A2   0xEB05 0x010A      ADD      R1,R5,R10
   \   000001A6   0x7889             LDRB     R1,[R1, #+2]
   \   000001A8   0xEA51 0x2100      ORRS     R1,R1,R0, LSL #+8
   \   000001AC   0xB209             SXTH     R1,R1            ;; SignExt  R1,R1,#+16,#+16
   \   000001AE   0xEE00 0x1A10      VMOV     S0,R1
   \   000001B2   0xEEB8 0x0AC0      VCVT.F32.S32 S0,S0
   \   000001B6   0xF205 0x70E8      ADDW     R0,R5,#+2024
   \   000001BA   0xED80 0x0A00      VSTR     S0,[R0, #0]
    113                positionY_F = positionFilterY.newData3(positionY_raw, t);
   \   000001BE   0x....             LDR.N    R0,??DataTable4_10
   \   000001C0   0x6801             LDR      R1,[R0, #+0]
   \   000001C2   0xF8D5 0x07E8      LDR      R0,[R5, #+2024]
   \   000001C6   0xEE00 0x0A10      VMOV     S0,R0
   \   000001CA   0xF605 0x009C      ADDW     R0,R5,#+2204
   \   000001CE   0x.... 0x....      BL       _ZN11CJumpFilter8newData3Efi
   \   000001D2   0xF605 0x00D8      ADDW     R0,R5,#+2264
   \   000001D6   0xED80 0x0A00      VSTR     S0,[R0, #0]
    114                positionY_A = (positionY_F - 160) * distanceCmaera / 192;
   \   000001DA   0xF8D5 0x08D8      LDR      R0,[R5, #+2264]
   \   000001DE   0xEE00 0x0A10      VMOV     S0,R0
   \   000001E2   0xEDDF 0x....      VLDR.W   S1,??DataTable4_2  ;; 0xc3200000
   \   000001E6   0xEE30 0x0A20      VADD.F32 S0,S0,S1
   \   000001EA   0xEE20 0x0A08      VMUL.F32 S0,S0,S16
   \   000001EE   0xEDDF 0x....      VLDR.W   S1,??DataTable4_1  ;; 0x43400000
   \   000001F2   0xEE80 0x0A20      VDIV.F32 S0,S0,S1
   \   000001F6   0xF605 0x00E0      ADDW     R0,R5,#+2272
   \   000001FA   0xED80 0x0A00      VSTR     S0,[R0, #0]
    115              }
    116            }
   \                     ??updateUart_8: (+1)
   \   000001FE   0xF119 0x0901      ADDS     R9,R9,#+1
   \   00000202   0xE735             B.N      ??updateUart_2
    117            if(valid && !validLast)
   \                     ??updateUart_3: (+1)
   \   00000204   0xF895 0x09E0      LDRB     R0,[R5, #+2528]
   \   00000208   0x2800             CMP      R0,#+0
   \   0000020A   0xD008             BEQ.N    ??updateUart_18
   \   0000020C   0xF895 0x09E1      LDRB     R0,[R5, #+2529]
   \   00000210   0x2800             CMP      R0,#+0
   \   00000212   0xD104             BNE.N    ??updateUart_18
    118            {
    119              validTime = t;
   \   00000214   0x....             LDR.N    R0,??DataTable4_10
   \   00000216   0x6800             LDR      R0,[R0, #+0]
   \   00000218   0xF8C5 0x09E8      STR      R0,[R5, #+2536]
   \   0000021C   0xE00B             B.N      ??updateUart_19
    120            }
    121            else if(!valid && validLast)
   \                     ??updateUart_18: (+1)
   \   0000021E   0xF895 0x09E0      LDRB     R0,[R5, #+2528]
   \   00000222   0x2800             CMP      R0,#+0
   \   00000224   0xD107             BNE.N    ??updateUart_19
   \   00000226   0xF895 0x09E1      LDRB     R0,[R5, #+2529]
   \   0000022A   0x2800             CMP      R0,#+0
   \   0000022C   0xD003             BEQ.N    ??updateUart_19
    122            {
    123              invalidTime = t;
   \   0000022E   0x....             LDR.N    R0,??DataTable4_10
   \   00000230   0x6800             LDR      R0,[R0, #+0]
   \   00000232   0xF8C5 0x09E4      STR      R0,[R5, #+2532]
    124            }
    125            validLast = valid;
   \                     ??updateUart_19: (+1)
   \   00000236   0xF895 0x09E0      LDRB     R0,[R5, #+2528]
   \   0000023A   0xF885 0x09E1      STRB     R0,[R5, #+2529]
    126              
    127            moveLength = (DMA0->TCD[DMA_CHn_Rx].DADDR - (uint32)&uartData[0]) - i0;
   \   0000023E   0x....             LDR.N    R0,??DataTable4_9  ;; 0x40009000
   \   00000240   0x7829             LDRB     R1,[R5, #+0]
   \   00000242   0x0149             LSLS     R1,R1,#+5
   \   00000244   0x4408             ADD      R0,R0,R1
   \   00000246   0x6900             LDR      R0,[R0, #+16]
   \   00000248   0xF115 0x0A02      ADDS     R10,R5,#+2
   \   0000024C   0xEBB0 0x0A0A      SUBS     R10,R0,R10
   \   00000250   0xEBBA 0x0A06      SUBS     R10,R10,R6
    128            if(moveLength < 0) moveLength = 0;
   \   00000254   0xF1BA 0x0F00      CMP      R10,#+0
   \   00000258   0xD501             BPL.N    ??updateUart_20
   \   0000025A   0x2000             MOVS     R0,#+0
   \   0000025C   0x4682             MOV      R10,R0
    129             
    130            DMA_LoadDstAddr(DMA_CHn_Rx, (uint32)&uartData[0] + moveLength);
   \                     ??updateUart_20: (+1)
   \   0000025E   0x1CA8             ADDS     R0,R5,#+2
   \   00000260   0xEB1A 0x0000      ADDS     R0,R10,R0
   \   00000264   0x....             LDR.N    R1,??DataTable4_9  ;; 0x40009000
   \   00000266   0x782A             LDRB     R2,[R5, #+0]
   \   00000268   0x0152             LSLS     R2,R2,#+5
   \   0000026A   0x4411             ADD      R1,R1,R2
   \   0000026C   0x6108             STR      R0,[R1, #+16]
    131            for(i = 0; i < moveLength; i++)
   \   0000026E   0xF05F 0x0800      MOVS     R8,#+0
   \                     ??updateUart_21: (+1)
   \   00000272   0x45D0             CMP      R8,R10
   \   00000274   0xDA09             BGE.N    ??updateUart_22
    132            {
    133              uartData[i] = uartData[i0 + i];
   \   00000276   0xEB18 0x0006      ADDS     R0,R8,R6
   \   0000027A   0x4428             ADD      R0,R5,R0
   \   0000027C   0x7880             LDRB     R0,[R0, #+2]
   \   0000027E   0xEB05 0x0108      ADD      R1,R5,R8
   \   00000282   0x7088             STRB     R0,[R1, #+2]
    134            }
   \   00000284   0xF118 0x0801      ADDS     R8,R8,#+1
   \   00000288   0xE7F3             B.N      ??updateUart_21
    135            memset(uartData + moveLength, 0, 150 * sizeof(char));
   \                     ??updateUart_22: (+1)
   \   0000028A   0x2096             MOVS     R0,#+150
   \   0000028C   0x9002             STR      R0,[SP, #+8]
   \   0000028E   0xF05F 0x0900      MOVS     R9,#+0
   \   00000292   0xEB05 0x000A      ADD      R0,R5,R10
   \   00000296   0xF110 0x0B02      ADDS     R11,R0,#+2
   \   0000029A   0x464A             MOV      R2,R9
   \   0000029C   0x9902             LDR      R1,[SP, #+8]
   \   0000029E   0x4658             MOV      R0,R11
   \   000002A0   0x.... 0x....      BL       __aeabi_memset
    136            if(address0 > 100)
   \   000002A4   0x2F65             CMP      R7,#+101
   \   000002A6   0xDB05             BLT.N    ??updateUart_23
    137            {
    138              DMA_LoadDstAddr(DMA_CHn_Rx, (uint32)&uartData[0]);
   \   000002A8   0x1CA8             ADDS     R0,R5,#+2
   \   000002AA   0x....             LDR.N    R1,??DataTable4_9  ;; 0x40009000
   \   000002AC   0x782A             LDRB     R2,[R5, #+0]
   \   000002AE   0x0152             LSLS     R2,R2,#+5
   \   000002B0   0x4411             ADD      R1,R1,R2
   \   000002B2   0x6108             STR      R0,[R1, #+16]
    139            }
    140          }
   \                     ??updateUart_23: (+1)
   \                     ??updateUart_24: (+1)
   \   000002B4   0xB004             ADD      SP,SP,#+16
   \   000002B6   0xECBD 0x8B02      VPOP     {D8}
   \   000002BA   0xE8BD 0x8FF1      POP      {R0,R4-R11,PC}   ;; return
    141          
    142          

   \                                 In section .text, align 2, keep-with-next
    143          void CVideoStation::PIT_isr()
    144          {
   \                     _ZN13CVideoStation7PIT_isrEv: (+1)
   \   00000000   0xB510             PUSH     {R4,LR}
   \   00000002   0x0004             MOVS     R4,R0
    145            this->velFilter_x.checkIsNewData(t);
   \   00000004   0x....             LDR.N    R0,??DataTable4_10
   \   00000006   0x6801             LDR      R1,[R0, #+0]
   \   00000008   0xF204 0x70F4      ADDW     R0,R4,#+2036
   \   0000000C   0x.... 0x....      BL       _ZN11CJumpFilter14checkIsNewDataEi
    146            this->velFilter_y.checkIsNewData(t);
   \   00000010   0x....             LDR.N    R0,??DataTable4_10
   \   00000012   0x6801             LDR      R1,[R0, #+0]
   \   00000014   0xF604 0x002C      ADDW     R0,R4,#+2092
   \   00000018   0x.... 0x....      BL       _ZN11CJumpFilter14checkIsNewDataEi
    147            velFilter_x.accumulate(IMU_acc_E.x * 0.002);
   \   0000001C   0x....             LDR.N    R0,??DataTable4_11
   \   0000001E   0x.... 0x....      BL       _ZN17CoordinateElementcvfEv
   \   00000022   0xEE10 0x0A10      VMOV     R0,S0
   \   00000026   0x.... 0x....      BL       __aeabi_f2d
   \   0000002A   0x....             LDR.N    R2,??DataTable4_12  ;; 0xd2f1a9fc
   \   0000002C   0x....             LDR.N    R3,??DataTable4_13  ;; 0x3f60624d
   \   0000002E   0x.... 0x....      BL       __aeabi_dmul
   \   00000032   0x.... 0x....      BL       __aeabi_d2f
   \   00000036   0xEE00 0x0A10      VMOV     S0,R0
   \   0000003A   0xF204 0x70F4      ADDW     R0,R4,#+2036
   \   0000003E   0x.... 0x....      BL       _ZN11CJumpFilter10accumulateEf
    148            velFilter_y.accumulate(IMU_acc_E.y * 0.002);
   \   00000042   0x....             LDR.N    R0,??DataTable4_14
   \   00000044   0x.... 0x....      BL       _ZN17CoordinateElementcvfEv
   \   00000048   0xEE10 0x0A10      VMOV     R0,S0
   \   0000004C   0x.... 0x....      BL       __aeabi_f2d
   \   00000050   0x....             LDR.N    R2,??DataTable4_12  ;; 0xd2f1a9fc
   \   00000052   0x....             LDR.N    R3,??DataTable4_13  ;; 0x3f60624d
   \   00000054   0x.... 0x....      BL       __aeabi_dmul
   \   00000058   0x.... 0x....      BL       __aeabi_d2f
   \   0000005C   0xEE00 0x0A10      VMOV     S0,R0
   \   00000060   0xF604 0x002C      ADDW     R0,R4,#+2092
   \   00000064   0x.... 0x....      BL       _ZN11CJumpFilter10accumulateEf
    149          }
   \                     ??PIT_isr_0: (+1)
   \   00000068   0xBD10             POP      {R4,PC}          ;; return
    150          
    151          
    152          

   \                                 In section .text, align 4, keep-with-next
    153          void CVideoStation::sendPackage()
    154          {
   \                     _ZN13CVideoStation11sendPackageEv: (+1)
   \   00000000   0xB510             PUSH     {R4,LR}
   \   00000002   0xED2D 0x8B02      VPUSH    {D8}
   \   00000006   0x0004             MOVS     R4,R0
    155            if(!DMA_isOccupying(DMA_CHn_Tx))
   \   00000008   0x7860             LDRB     R0,[R4, #+1]
   \   0000000A   0x.... 0x....      BL       DMA_isOccupying
   \   0000000E   0x2800             CMP      R0,#+0
   \   00000010   0xD143             BNE.N    ??sendPackage_0
    156            {
    157              TX.clear();
   \   00000012   0xF604 0x10F4      ADDW     R0,R4,#+2548
   \   00000016   0x.... 0x....      BL       _ZN13CVideoStation3TX_5clearEv
    158              TX.add(Navigation->angleToScreenValid);
   \   0000001A   0x....             LDR.N    R0,??DataTable4_15
   \   0000001C   0x6800             LDR      R0,[R0, #+0]
   \   0000001E   0xF890 0x109A      LDRB     R1,[R0, #+154]
   \   00000022   0xF604 0x10F4      ADDW     R0,R4,#+2548
   \   00000026   0x.... 0x....      BL       _ZN13CVideoStation3TX_3addEc
    159              int distance = (int)((Navigation->DesiredDistanceToScreen - UltrasoundUART->position.x) * 1000);
   \   0000002A   0x....             LDR.N    R0,??DataTable4_16
   \   0000002C   0x6800             LDR      R0,[R0, #+0]
   \   0000002E   0xF600 0x5024      ADDW     R0,R0,#+3364
   \   00000032   0x.... 0x....      BL       _ZN17CoordinateElementcvfEv
   \   00000036   0x....             LDR.N    R0,??DataTable4_15
   \   00000038   0x6800             LDR      R0,[R0, #+0]
   \   0000003A   0xEDD0 0x0A2A      VLDR     S1,[R0, #+168]
   \   0000003E   0xEE30 0x0AC0      VSUB.F32 S0,S1,S0
   \   00000042   0xEDDF 0x....      VLDR.W   S1,??DataTable4_3  ;; 0x447a0000
   \   00000046   0xEE20 0x0A20      VMUL.F32 S0,S0,S1
   \   0000004A   0xEEBD 0x8AC0      VCVT.S32.F32 S16,S0
    160              TX.add((int16)distance >> 8);
   \   0000004E   0xEE18 0x0A10      VMOV     R0,S16
   \   00000052   0xB200             SXTH     R0,R0            ;; SignExt  R0,R0,#+16,#+16
   \   00000054   0x1200             ASRS     R0,R0,#+8
   \   00000056   0x0001             MOVS     R1,R0
   \   00000058   0xB2C9             UXTB     R1,R1            ;; ZeroExt  R1,R1,#+24,#+24
   \   0000005A   0xF604 0x10F4      ADDW     R0,R4,#+2548
   \   0000005E   0x.... 0x....      BL       _ZN13CVideoStation3TX_3addEc
    161              TX.add((int16)distance);
   \   00000062   0xEE18 0x0A10      VMOV     R0,S16
   \   00000066   0x0001             MOVS     R1,R0
   \   00000068   0xB2C9             UXTB     R1,R1            ;; ZeroExt  R1,R1,#+24,#+24
   \   0000006A   0xF604 0x10F4      ADDW     R0,R4,#+2548
   \   0000006E   0x.... 0x....      BL       _ZN13CVideoStation3TX_3addEc
    162              TX.add(myState);
   \   00000072   0xF894 0x19EC      LDRB     R1,[R4, #+2540]
   \   00000076   0xF604 0x10F4      ADDW     R0,R4,#+2548
   \   0000007A   0x.... 0x....      BL       _ZN13CVideoStation3TX_3addEc
    163              TX.add('\r');
   \   0000007E   0x210D             MOVS     R1,#+13
   \   00000080   0xF604 0x10F4      ADDW     R0,R4,#+2548
   \   00000084   0x.... 0x....      BL       _ZN13CVideoStation3TX_3addEc
    164              TX.add('\n');
   \   00000088   0x210A             MOVS     R1,#+10
   \   0000008A   0xF604 0x10F4      ADDW     R0,R4,#+2548
   \   0000008E   0x.... 0x....      BL       _ZN13CVideoStation3TX_3addEc
    165              TX.startDMA_Transmit();    
   \   00000092   0xF604 0x10F4      ADDW     R0,R4,#+2548
   \   00000096   0x.... 0x....      BL       _ZN13CVideoStation3TX_17startDMA_TransmitEv
    166            }
    167          }
   \                     ??sendPackage_0: (+1)
   \                     ??sendPackage_1: (+1)
   \   0000009A   0xECBD 0x8B02      VPOP     {D8}
   \   0000009E   0xBD10             POP      {R4,PC}          ;; return
    168          
    169          

   \                                 In section .text, align 2, keep-with-next
    170          void CVideoStation::TX_::startDMA_Transmit()
    171          { 
    172            //调整源地址
    173            DMA0->TCD[DMA_CH7].SADDR = DMA_SADDR_SADDR(videoStation->TX.data);
   \                     _ZN13CVideoStation3TX_17startDMA_TransmitEv: (+1)
   \   00000000   0x....             LDR.N    R1,??DataTable4_6
   \   00000002   0x6809             LDR      R1,[R1, #+0]
   \   00000004   0xF601 0x11F4      ADDW     R1,R1,#+2548
   \   00000008   0x....             LDR.N    R2,??DataTable4_17  ;; 0x400090e0
   \   0000000A   0x6011             STR      R1,[R2, #+0]
    174            
    175            //设置主循环计数器 current major loop count
    176            DMA0->TCD[DMA_CH7].CITER_ELINKNO = DMA_CITER_ELINKNO_CITER(videoStation->TX.index);
   \   0000000C   0x....             LDR.N    R1,??DataTable4_6
   \   0000000E   0x6809             LDR      R1,[R1, #+0]
   \   00000010   0xF8D1 0x1B20      LDR      R1,[R1, #+2848]
   \   00000014   0x0449             LSLS     R1,R1,#+17       ;; ZeroExtS R1,R1,#+17,#+17
   \   00000016   0x0C49             LSRS     R1,R1,#+17
   \   00000018   0x....             LDR.N    R2,??DataTable4_18  ;; 0x400090f6
   \   0000001A   0x8011             STRH     R1,[R2, #+0]
    177            
    178            //起始循环计数器，当主循环计数器为零的时候，将装载起始循环计数器的值
    179            DMA0->TCD[DMA_CH7].BITER_ELINKNO = DMA_CITER_ELINKNO_CITER(videoStation->TX.index);
   \   0000001C   0x....             LDR.N    R1,??DataTable4_6
   \   0000001E   0x6809             LDR      R1,[R1, #+0]
   \   00000020   0xF8D1 0x1B20      LDR      R1,[R1, #+2848]
   \   00000024   0x0449             LSLS     R1,R1,#+17       ;; ZeroExtS R1,R1,#+17,#+17
   \   00000026   0x0C49             LSRS     R1,R1,#+17
   \   00000028   0x....             LDR.N    R2,??DataTable4_19  ;; 0x400090fe
   \   0000002A   0x8011             STRH     R1,[R2, #+0]
    180              
    181            DMA_EnableReq(DMA_CH7);
   \   0000002C   0x....             LDR.N    R1,??DataTable4_20  ;; 0x4000800c
   \   0000002E   0x6809             LDR      R1,[R1, #+0]
   \   00000030   0xF051 0x0180      ORRS     R1,R1,#0x80
   \   00000034   0x....             LDR.N    R2,??DataTable4_20  ;; 0x4000800c
   \   00000036   0x6011             STR      R1,[R2, #+0]
    182          }
   \   00000038   0x4770             BX       LR               ;; return

   \                                 In section .text, align 4, keep-with-next
   \                     ??DataTable0:
   \   00000000   0x42C80000         DC32     0x42c80000

   \                                 In section .text, align 4, keep-with-next
   \                     ??DataTable3:
   \   00000000   0x3FC51EB8         DC32     0x3fc51eb8

   \                                 In section .text, align 4, keep-with-next
   \                     ??DataTable4:
   \   00000000   0xC2F00000         DC32     0xc2f00000

   \                                 In section .text, align 4, keep-with-next
   \                     ??DataTable4_1:
   \   00000000   0x43400000         DC32     0x43400000

   \                                 In section .text, align 4, keep-with-next
   \                     ??DataTable4_2:
   \   00000000   0xC3200000         DC32     0xc3200000

   \                                 In section .text, align 4, keep-with-next
   \                     ??DataTable4_3:
   \   00000000   0x447A0000         DC32     0x447a0000

   \                                 In section .text, align 4, keep-with-next
   \                     ??DataTable4_4:
   \   00000000   0x........         DC32     `VideoStation_Init()::static guard for videoStation_0`

   \                                 In section .text, align 4, keep-with-next
   \                     ??DataTable4_5:
   \   00000000   0x........         DC32     `VideoStation_Init()::videoStation_0`

   \                                 In section .text, align 4, keep-with-next
   \                     ??DataTable4_6:
   \   00000000   0x........         DC32     videoStation

   \                                 In section .text, align 4, keep-with-next
   \                     ??DataTable4_7:
   \   00000000   0x43700000         DC32     0x43700000

   \                                 In section .text, align 4, keep-with-next
   \                     ??DataTable4_8:
   \   00000000   0x43A00000         DC32     0x43a00000

   \                                 In section .text, align 4, keep-with-next
   \                     ??DataTable4_9:
   \   00000000   0x40009000         DC32     0x40009000

   \                                 In section .text, align 4, keep-with-next
   \                     ??DataTable4_10:
   \   00000000   0x........         DC32     t

   \                                 In section .text, align 4, keep-with-next
   \                     ??DataTable4_11:
   \   00000000   0x........         DC32     IMU_acc_E

   \                                 In section .text, align 4, keep-with-next
   \                     ??DataTable4_12:
   \   00000000   0xD2F1A9FC         DC32     0xd2f1a9fc

   \                                 In section .text, align 4, keep-with-next
   \                     ??DataTable4_13:
   \   00000000   0x3F60624D         DC32     0x3f60624d

   \                                 In section .text, align 4, keep-with-next
   \                     ??DataTable4_14:
   \   00000000   0x........         DC32     IMU_acc_E+0x1C

   \                                 In section .text, align 4, keep-with-next
   \                     ??DataTable4_15:
   \   00000000   0x........         DC32     Navigation

   \                                 In section .text, align 4, keep-with-next
   \                     ??DataTable4_16:
   \   00000000   0x........         DC32     UltrasoundUART

   \                                 In section .text, align 4, keep-with-next
   \                     ??DataTable4_17:
   \   00000000   0x400090E0         DC32     0x400090e0

   \                                 In section .text, align 4, keep-with-next
   \                     ??DataTable4_18:
   \   00000000   0x400090F6         DC32     0x400090f6

   \                                 In section .text, align 4, keep-with-next
   \                     ??DataTable4_19:
   \   00000000   0x400090FE         DC32     0x400090fe

   \                                 In section .text, align 4, keep-with-next
   \                     ??DataTable4_20:
   \   00000000   0x4000800C         DC32     0x4000800c

   Maximum stack usage in bytes:

   .cstack Function
   ------- --------
       0   CJumpFilter::CJumpFilter()
       8   CVideoStation::CVideoStation()
         8   -> CJumpFilter::CJumpFilter()
         8   -> CJumpFilter::setParameter(float, int, float)
         8   -> Coordinate::Coordinate()
       8   CVideoStation::PIT_isr()
         8   -> CJumpFilter::accumulate(float)
         8   -> CJumpFilter::checkIsNewData(int)
         8   -> CoordinateElement::operator float()
         8   -> __aeabi_d2f
         8   -> __aeabi_dmul
         8   -> __aeabi_f2d
       0   CVideoStation::TX_::add(char)
      16   CVideoStation::TX_::clear()
        16   -> __aeabi_memset
       0   CVideoStation::TX_::startDMA_Transmit()
      16   CVideoStation::sendPackage()
        16   -> CVideoStation::TX_::add(char)
        16   -> CVideoStation::TX_::clear()
        16   -> CVideoStation::TX_::startDMA_Transmit()
        16   -> CoordinateElement::operator float()
        16   -> DMA_isOccupying
      64   CVideoStation::updateUart()
        64   -> CJumpFilter::newData3(float, int)
        64   -> __aeabi_memset
       8   Coordinate::Coordinate()
         8   -> CoordinateElement::CoordinateElement()
       0   CoordinateElement::CoordinateElement()
       0   DMA_isOccupying
       8   VideoStation_Init()
         8   -> CJumpFilter::setParameter(float, int)
         8   -> CVideoStation::CVideoStation()


   Section sizes:

   Bytes  Function/Label
   -----  --------------
       4  ??DataTable0
       4  ??DataTable3
       4  ??DataTable4
       4  ??DataTable4_1
       4  ??DataTable4_10
       4  ??DataTable4_11
       4  ??DataTable4_12
       4  ??DataTable4_13
       4  ??DataTable4_14
       4  ??DataTable4_15
       4  ??DataTable4_16
       4  ??DataTable4_17
       4  ??DataTable4_18
       4  ??DataTable4_19
       4  ??DataTable4_2
       4  ??DataTable4_20
       4  ??DataTable4_3
       4  ??DataTable4_4
       4  ??DataTable4_5
       4  ??DataTable4_6
       4  ??DataTable4_7
       4  ??DataTable4_8
       4  ??DataTable4_9
      24  CJumpFilter::CJumpFilter()
     104  CVideoStation::CVideoStation()
     106  CVideoStation::PIT_isr()
      14  CVideoStation::TX_::add(char)
      28  CVideoStation::TX_::clear()
      58  CVideoStation::TX_::startDMA_Transmit()
     160  CVideoStation::sendPackage()
     702  CVideoStation::updateUart()
      30  Coordinate::Coordinate()
      28  CoordinateElement::CoordinateElement()
      20  DMA_isOccupying
     152  VideoStation_Init()
       4  videoStation
    2856  videoStation_0
      53  -- Other

 
    40 bytes in section .ARM.exidx
    12 bytes in section .ARM.extab
 2 861 bytes in section .bss
 1 518 bytes in section .text
 
 1 270 bytes of CODE  memory (+ 248 bytes shared)
    52 bytes of CONST memory
 2 861 bytes of DATA  memory

Errors: none
Warnings: 1
